-t ffff
AX=3000 BX=0000 CX=1455 DX=0000 SP=0800 BP=0000 SI=0000 DI=0000
DS=0DF6 ES=0DF6 SS=0F4C CS=0E06 IP=0034 NV UP EI PL ZR NA PE NC
0E06:0034 CD21              INT     21
AX=0005 BX=FF00 CX=0000 DX=0000 SP=0800 BP=0000 SI=0000 DI=0000
DS=0DF6 ES=0DF6 SS=0F4C CS=0E06 IP=0036 NV UP EI PL ZR NA PE NC
0E06:0036 3C02              CMP     AL,02
AX=0005 BX=FF00 CX=0000 DX=0000 SP=0800 BP=0000 SI=0000 DI=0000
DS=0DF6 ES=0DF6 SS=0F4C CS=0E06 IP=0038 NV UP EI PL NZ NA PE NC
0E06:0038 7305              JAE     003F
AX=0005 BX=FF00 CX=0000 DX=0000 SP=0800 BP=0000 SI=0000 DI=0000
DS=0DF6 ES=0DF6 SS=0F4C CS=0E06 IP=003F NV UP EI PL NZ NA PE NC
0E06:003F BF180F            MOV     DI,0F18
AX=0005 BX=FF00 CX=0000 DX=0000 SP=0800 BP=0000 SI=0000 DI=0F18
DS=0DF6 ES=0DF6 SS=0F4C CS=0E06 IP=0042 NV UP EI PL NZ NA PE NC
0E06:0042 8B360200          MOV     SI,[0002]                      DS:0002=9FFF
AX=0005 BX=FF00 CX=0000 DX=0000 SP=0800 BP=0000 SI=9FFF DI=0F18
DS=0DF6 ES=0DF6 SS=0F4C CS=0E06 IP=0046 NV UP EI PL NZ NA PE NC
0E06:0046 2BF7              SUB     SI,DI
AX=0005 BX=FF00 CX=0000 DX=0000 SP=0800 BP=0000 SI=90E7 DI=0F18
DS=0DF6 ES=0DF6 SS=0F4C CS=0E06 IP=0048 NV UP EI NG NZ NA PE NC
0E06:0048 81FE0010          CMP     SI,1000
AX=0005 BX=FF00 CX=0000 DX=0000 SP=0800 BP=0000 SI=90E7 DI=0F18
DS=0DF6 ES=0DF6 SS=0F4C CS=0E06 IP=004C NV UP EI NG NZ NA PE NC
0E06:004C 7203              JB      0051
AX=0005 BX=FF00 CX=0000 DX=0000 SP=0800 BP=0000 SI=90E7 DI=0F18
DS=0DF6 ES=0DF6 SS=0F4C CS=0E06 IP=004E NV UP EI NG NZ NA PE NC
0E06:004E BE0010            MOV     SI,1000
AX=0005 BX=FF00 CX=0000 DX=0000 SP=0800 BP=0000 SI=1000 DI=0F18
DS=0DF6 ES=0DF6 SS=0F4C CS=0E06 IP=0051 NV UP EI NG NZ NA PE NC
0E06:0051 FA                CLI
AX=0005 BX=FF00 CX=0000 DX=0000 SP=0800 BP=0000 SI=1000 DI=0F18
DS=0DF6 ES=0DF6 SS=0F4C CS=0E06 IP=0052 NV UP DI NG NZ NA PE NC
0E06:0052 8ED7              MOV     SS,DI
0E06:0054 81C43E03          ADD     SP,033E
AX=0005 BX=FF00 CX=0000 DX=0000 SP=0B3E BP=0000 SI=1000 DI=0F18
DS=0DF6 ES=0DF6 SS=0F18 CS=0E06 IP=0058 NV UP DI PL NZ NA PO NC
0E06:0058 FB                STI
0E06:0059 7310              JAE     006B
AX=0005 BX=FF00 CX=0000 DX=0000 SP=0B3E BP=0000 SI=1000 DI=0F18
DS=0DF6 ES=0DF6 SS=0F18 CS=0E06 IP=0059 NV UP EI PL NZ NA PO NC
0E06:0059 7310              JAE     006B
AX=0005 BX=FF00 CX=0000 DX=0000 SP=0B3E BP=0000 SI=1000 DI=0F18
DS=0DF6 ES=0DF6 SS=0F18 CS=0E06 IP=006B NV UP EI PL NZ NA PO NC
0E06:006B 36A39600          MOV     SS:[0096],AX                   SS:0096=0000
AX=0005 BX=FF00 CX=0000 DX=0000 SP=0B3E BP=0000 SI=1000 DI=0F18
DS=0DF6 ES=0DF6 SS=0F18 CS=0E06 IP=006F NV UP EI PL NZ NA PO NC
0E06:006F 86E0              XCHG    AH,AL
AX=0500 BX=FF00 CX=0000 DX=0000 SP=0B3E BP=0000 SI=1000 DI=0F18
DS=0DF6 ES=0DF6 SS=0F18 CS=0E06 IP=0071 NV UP EI PL NZ NA PO NC
0E06:0071 36A39400          MOV     SS:[0094],AX                   SS:0094=0000
AX=0500 BX=FF00 CX=0000 DX=0000 SP=0B3E BP=0000 SI=1000 DI=0F18
DS=0DF6 ES=0DF6 SS=0F18 CS=0E06 IP=0075 NV UP EI PL NZ NA PO NC
0E06:0075 8BC6              MOV     AX,SI
AX=1000 BX=FF00 CX=0000 DX=0000 SP=0B3E BP=0000 SI=1000 DI=0F18
DS=0DF6 ES=0DF6 SS=0F18 CS=0E06 IP=0077 NV UP EI PL NZ NA PO NC
0E06:0077 B104              MOV     CL,04
AX=1000 BX=FF00 CX=0004 DX=0000 SP=0B3E BP=0000 SI=1000 DI=0F18
DS=0DF6 ES=0DF6 SS=0F18 CS=0E06 IP=0079 NV UP EI PL NZ NA PO NC
0E06:0079 D3E0              SHL     AX,CL
AX=0000 BX=FF00 CX=0004 DX=0000 SP=0B3E BP=0000 SI=1000 DI=0F18
DS=0DF6 ES=0DF6 SS=0F18 CS=0E06 IP=007B OV UP EI PL ZR AC PE CY
0E06:007B 48                DEC     AX
AX=FFFF BX=FF00 CX=0004 DX=0000 SP=0B3E BP=0000 SI=1000 DI=0F18
DS=0DF6 ES=0DF6 SS=0F18 CS=0E06 IP=007C NV UP EI NG NZ AC PE CY
0E06:007C 36A35400          MOV     SS:[0054],AX                   SS:0054=0000
AX=FFFF BX=FF00 CX=0004 DX=0000 SP=0B3E BP=0000 SI=1000 DI=0F18
DS=0DF6 ES=0DF6 SS=0F18 CS=0E06 IP=0080 NV UP EI NG NZ AC PE CY
0E06:0080 BB5600            MOV     BX,0056
AX=FFFF BX=0056 CX=0004 DX=0000 SP=0B3E BP=0000 SI=1000 DI=0F18
DS=0DF6 ES=0DF6 SS=0F18 CS=0E06 IP=0083 NV UP EI NG NZ AC PE CY
0E06:0083 368C17            MOV     WORD PTR SS:[BX],SS            SS:0056=0000
AX=FFFF BX=0056 CX=0004 DX=0000 SP=0B3E BP=0000 SI=1000 DI=0F18
DS=0DF6 ES=0DF6 SS=0F18 CS=0E06 IP=0086 NV UP EI NG NZ AC PE CY
0E06:0086 83E4FE            AND     SP,-02
AX=FFFF BX=0056 CX=0004 DX=0000 SP=0B3E BP=0000 SI=1000 DI=0F18
DS=0DF6 ES=0DF6 SS=0F18 CS=0E06 IP=0089 NV UP EI PL NZ NA PO NC
0E06:0089 36896704          MOV     SS:[BX+04],SP                  SS:005A=0000
AX=FFFF BX=0056 CX=0004 DX=0000 SP=0B3E BP=0000 SI=1000 DI=0F18
DS=0DF6 ES=0DF6 SS=0F18 CS=0E06 IP=008D NV UP EI PL NZ NA PO NC
0E06:008D B8FEFF            MOV     AX,FFFE
AX=FFFE BX=0056 CX=0004 DX=0000 SP=0B3E BP=0000 SI=1000 DI=0F18
DS=0DF6 ES=0DF6 SS=0F18 CS=0E06 IP=0090 NV UP EI PL NZ NA PO NC
0E06:0090 50                PUSH    AX
AX=FFFE BX=0056 CX=0004 DX=0000 SP=0B3C BP=0000 SI=1000 DI=0F18
DS=0DF6 ES=0DF6 SS=0F18 CS=0E06 IP=0091 NV UP EI PL NZ NA PO NC
0E06:0091 3689670A          MOV     SS:[BX+0A],SP                  SS:0060=0000
AX=FFFE BX=0056 CX=0004 DX=0000 SP=0B3C BP=0000 SI=1000 DI=0F18
DS=0DF6 ES=0DF6 SS=0F18 CS=0E06 IP=0095 NV UP EI PL NZ NA PO NC
0E06:0095 F7D0              NOT     AX
AX=0001 BX=0056 CX=0004 DX=0000 SP=0B3C BP=0000 SI=1000 DI=0F18
DS=0DF6 ES=0DF6 SS=0F18 CS=0E06 IP=0097 NV UP EI PL NZ NA PO NC
0E06:0097 50                PUSH    AX
AX=0001 BX=0056 CX=0004 DX=0000 SP=0B3A BP=0000 SI=1000 DI=0F18
DS=0DF6 ES=0DF6 SS=0F18 CS=0E06 IP=0098 NV UP EI PL NZ NA PO NC
0E06:0098 36896706          MOV     SS:[BX+06],SP                  SS:005C=0000
AX=0001 BX=0056 CX=0004 DX=0000 SP=0B3A BP=0000 SI=1000 DI=0F18
DS=0DF6 ES=0DF6 SS=0F18 CS=0E06 IP=009C NV UP EI PL NZ NA PO NC
0E06:009C 36896708          MOV     SS:[BX+08],SP                  SS:005E=0000
AX=0001 BX=0056 CX=0004 DX=0000 SP=0B3A BP=0000 SI=1000 DI=0F18
DS=0DF6 ES=0DF6 SS=0F18 CS=0E06 IP=00A0 NV UP EI PL NZ NA PO NC
0E06:00A0 3689265000        MOV     SS:[0050],SP                   SS:0050=0000
AX=0001 BX=0056 CX=0004 DX=0000 SP=0B3A BP=0000 SI=1000 DI=0F18
DS=0DF6 ES=0DF6 SS=0F18 CS=0E06 IP=00A5 NV UP EI PL NZ NA PO NC
0E06:00A5 03F7              ADD     SI,DI
AX=0001 BX=0056 CX=0004 DX=0000 SP=0B3A BP=0000 SI=1F18 DI=0F18
DS=0DF6 ES=0DF6 SS=0F18 CS=0E06 IP=00A7 NV UP EI PL NZ NA PE NC
0E06:00A7 89360200          MOV     [0002],SI                      DS:0002=9FFF
AX=0001 BX=0056 CX=0004 DX=0000 SP=0B3A BP=0000 SI=1F18 DI=0F18
DS=0DF6 ES=0DF6 SS=0F18 CS=0E06 IP=00AB NV UP EI PL NZ NA PE NC
0E06:00AB 8CC3              MOV     BX,ES
AX=0001 BX=0DF6 CX=0004 DX=0000 SP=0B3A BP=0000 SI=1F18 DI=0F18
DS=0DF6 ES=0DF6 SS=0F18 CS=0E06 IP=00AD NV UP EI PL NZ NA PE NC
0E06:00AD 2BDE              SUB     BX,SI
AX=0001 BX=EEDE CX=0004 DX=0000 SP=0B3A BP=0000 SI=1F18 DI=0F18
DS=0DF6 ES=0DF6 SS=0F18 CS=0E06 IP=00AF NV UP EI NG NZ AC PE CY
0E06:00AF F7DB              NEG     BX
AX=0001 BX=1122 CX=0004 DX=0000 SP=0B3A BP=0000 SI=1F18 DI=0F18
DS=0DF6 ES=0DF6 SS=0F18 CS=0E06 IP=00B1 NV UP EI PL NZ AC PE CY
0E06:00B1 B44A              MOV     AH,4A
AX=4A01 BX=1122 CX=0004 DX=0000 SP=0B3A BP=0000 SI=1F18 DI=0F18
DS=0DF6 ES=0DF6 SS=0F18 CS=0E06 IP=00B3 NV UP EI PL NZ AC PE CY
0E06:00B3 CD21              INT     21
AX=0DF6 BX=1122 CX=0004 DX=0000 SP=0B3A BP=0000 SI=1F18 DI=0F18
DS=0DF6 ES=0DF6 SS=0F18 CS=0E06 IP=00B5 NV UP EI PL NZ AC PE NC
0E06:00B5 368C1E9200        MOV     WORD PTR SS:[0092],DS          SS:0092=0000
AX=0DF6 BX=1122 CX=0004 DX=0000 SP=0B3A BP=0000 SI=1F18 DI=0F18
DS=0DF6 ES=0DF6 SS=0F18 CS=0E06 IP=00BA NV UP EI PL NZ AC PE NC
0E06:00BA 16                PUSH    SS
AX=0DF6 BX=1122 CX=0004 DX=0000 SP=0B38 BP=0000 SI=1F18 DI=0F18
DS=0DF6 ES=0DF6 SS=0F18 CS=0E06 IP=00BB NV UP EI PL NZ AC PE NC
0E06:00BB 07                POP     ES
AX=0DF6 BX=1122 CX=0004 DX=0000 SP=0B3A BP=0000 SI=1F18 DI=0F18
DS=0DF6 ES=0F18 SS=0F18 CS=0E06 IP=00BC NV UP EI PL NZ AC PE NC
0E06:00BC FC                CLD
AX=0DF6 BX=1122 CX=0004 DX=0000 SP=0B3A BP=0000 SI=1F18 DI=0F18
DS=0DF6 ES=0F18 SS=0F18 CS=0E06 IP=00BD NV UP EI PL NZ AC PE NC
0E06:00BD BF3603            MOV     DI,0336
AX=0DF6 BX=1122 CX=0004 DX=0000 SP=0B3A BP=0000 SI=1F18 DI=0336
DS=0DF6 ES=0F18 SS=0F18 CS=0E06 IP=00C0 NV UP EI PL NZ AC PE NC
0E06:00C0 B94003            MOV     CX,0340
AX=0DF6 BX=1122 CX=0340 DX=0000 SP=0B3A BP=0000 SI=1F18 DI=0336
DS=0DF6 ES=0F18 SS=0F18 CS=0E06 IP=00C3 NV UP EI PL NZ AC PE NC
0E06:00C3 2BCF              SUB     CX,DI
AX=0DF6 BX=1122 CX=000A DX=0000 SP=0B3A BP=0000 SI=1F18 DI=0336
DS=0DF6 ES=0F18 SS=0F18 CS=0E06 IP=00C5 NV UP EI PL NZ AC PE NC
0E06:00C5 33C0              XOR     AX,AX
AX=0000 BX=1122 CX=000A DX=0000 SP=0B3A BP=0000 SI=1F18 DI=0336
DS=0DF6 ES=0F18 SS=0F18 CS=0E06 IP=00C7 NV UP EI PL ZR NA PE NC
0E06:00C7 F3AA              REP     STOSB
AX=0000 BX=1122 CX=0009 DX=0000 SP=0B3A BP=0000 SI=1F18 DI=0337
DS=0DF6 ES=0F18 SS=0F18 CS=0E06 IP=00C7 NV UP EI PL ZR NA PE NC
0E06:00C7 F3AA              REP     STOSB
AX=0000 BX=1122 CX=0008 DX=0000 SP=0B3A BP=0000 SI=1F18 DI=0338
DS=0DF6 ES=0F18 SS=0F18 CS=0E06 IP=00C7 NV UP EI PL ZR NA PE NC
0E06:00C7 F3AA              REP     STOSB
AX=0000 BX=1122 CX=0007 DX=0000 SP=0B3A BP=0000 SI=1F18 DI=0339
DS=0DF6 ES=0F18 SS=0F18 CS=0E06 IP=00C7 NV UP EI PL ZR NA PE NC
0E06:00C7 F3AA              REP     STOSB
AX=0000 BX=1122 CX=0006 DX=0000 SP=0B3A BP=0000 SI=1F18 DI=033A
DS=0DF6 ES=0F18 SS=0F18 CS=0E06 IP=00C7 NV UP EI PL ZR NA PE NC
0E06:00C7 F3AA              REP     STOSB
AX=0000 BX=1122 CX=0005 DX=0000 SP=0B3A BP=0000 SI=1F18 DI=033B
DS=0DF6 ES=0F18 SS=0F18 CS=0E06 IP=00C7 NV UP EI PL ZR NA PE NC
0E06:00C7 F3AA              REP     STOSB
AX=0000 BX=1122 CX=0004 DX=0000 SP=0B3A BP=0000 SI=1F18 DI=033C
DS=0DF6 ES=0F18 SS=0F18 CS=0E06 IP=00C7 NV UP EI PL ZR NA PE NC
0E06:00C7 F3AA              REP     STOSB
AX=0000 BX=1122 CX=0003 DX=0000 SP=0B3A BP=0000 SI=1F18 DI=033D
DS=0DF6 ES=0F18 SS=0F18 CS=0E06 IP=00C7 NV UP EI PL ZR NA PE NC
0E06:00C7 F3AA              REP     STOSB
AX=0000 BX=1122 CX=0002 DX=0000 SP=0B3A BP=0000 SI=1F18 DI=033E
DS=0DF6 ES=0F18 SS=0F18 CS=0E06 IP=00C7 NV UP EI PL ZR NA PE NC
0E06:00C7 F3AA              REP     STOSB
AX=0000 BX=1122 CX=0001 DX=0000 SP=0B3A BP=0000 SI=1F18 DI=033F
DS=0DF6 ES=0F18 SS=0F18 CS=0E06 IP=00C7 NV UP EI PL ZR NA PE NC
0E06:00C7 F3AA              REP     STOSB
AX=0000 BX=1122 CX=0000 DX=0000 SP=0B3A BP=0000 SI=1F18 DI=0340
DS=0DF6 ES=0F18 SS=0F18 CS=0E06 IP=00C9 NV UP EI PL ZR NA PE NC
0E06:00C9 16                PUSH    SS
AX=0000 BX=1122 CX=0000 DX=0000 SP=0B38 BP=0000 SI=1F18 DI=0340
DS=0DF6 ES=0F18 SS=0F18 CS=0E06 IP=00CA NV UP EI PL ZR NA PE NC
0E06:00CA 1F                POP     DS
AX=0000 BX=1122 CX=0000 DX=0000 SP=0B3A BP=0000 SI=1F18 DI=0340
DS=0F18 ES=0F18 SS=0F18 CS=0E06 IP=00CB NV UP EI PL ZR NA PE NC
0E06:00CB 8B0E3602          MOV     CX,[0236]                      DS:0236=0000
AX=0000 BX=1122 CX=0000 DX=0000 SP=0B3A BP=0000 SI=1F18 DI=0340
DS=0F18 ES=0F18 SS=0F18 CS=0E06 IP=00CF NV UP EI PL ZR NA PE NC
0E06:00CF E302              JCXZ    00D3
AX=0000 BX=1122 CX=0000 DX=0000 SP=0B3A BP=0000 SI=1F18 DI=0340
DS=0F18 ES=0F18 SS=0F18 CS=0E06 IP=00D3 NV UP EI PL ZR NA PE NC
0E06:00D3 E8DE03            CALL    04B4
AX=0000 BX=1122 CX=0000 DX=0000 SP=0B38 BP=0000 SI=1F18 DI=0340
DS=0F18 ES=0F18 SS=0F18 CS=0E06 IP=04B4 NV UP EI PL ZR NA PE NC
0E06:04B4 55                PUSH    BP
AX=0000 BX=1122 CX=0000 DX=0000 SP=0B36 BP=0000 SI=1F18 DI=0340
DS=0F18 ES=0F18 SS=0F18 CS=0E06 IP=04B5 NV UP EI PL ZR NA PE NC
0E06:04B5 8BEC              MOV     BP,SP
AX=0000 BX=1122 CX=0000 DX=0000 SP=0B36 BP=0B36 SI=1F18 DI=0340
DS=0F18 ES=0F18 SS=0F18 CS=0E06 IP=04B7 NV UP EI PL ZR NA PE NC
0E06:04B7 1E                PUSH    DS
AX=0000 BX=1122 CX=0000 DX=0000 SP=0B34 BP=0B36 SI=1F18 DI=0340
DS=0F18 ES=0F18 SS=0F18 CS=0E06 IP=04B8 NV UP EI PL ZR NA PE NC
0E06:04B8 8E069200          MOV     ES,WORD PTR [0092]             DS:0092=0DF6
AX=0000 BX=1122 CX=0000 DX=0000 SP=0B34 BP=0B36 SI=1F18 DI=0340
DS=0F18 ES=0DF6 SS=0F18 CS=0E06 IP=04BC NV UP EI PL ZR NA PE NC
0E06:04BC 268B1E2C00        MOV     BX,ES:[002C]                   ES:002C=0DAC
AX=0000 BX=0DAC CX=0000 DX=0000 SP=0B34 BP=0B36 SI=1F18 DI=0340
DS=0F18 ES=0DF6 SS=0F18 CS=0E06 IP=04C1 NV UP EI PL ZR NA PE NC
0E06:04C1 8EC3              MOV     ES,BX
AX=0000 BX=0DAC CX=0000 DX=0000 SP=0B34 BP=0B36 SI=1F18 DI=0340
DS=0F18 ES=0DAC SS=0F18 CS=0E06 IP=04C3 NV UP EI PL ZR NA PE NC
0E06:04C3 33C0              XOR     AX,AX
AX=0000 BX=0DAC CX=0000 DX=0000 SP=0B34 BP=0B36 SI=1F18 DI=0340
DS=0F18 ES=0DAC SS=0F18 CS=0E06 IP=04C5 NV UP EI PL ZR NA PE NC
0E06:04C5 33F6              XOR     SI,SI
AX=0000 BX=0DAC CX=0000 DX=0000 SP=0B34 BP=0B36 SI=0000 DI=0340
DS=0F18 ES=0DAC SS=0F18 CS=0E06 IP=04C7 NV UP EI PL ZR NA PE NC
0E06:04C7 33FF              XOR     DI,DI
AX=0000 BX=0DAC CX=0000 DX=0000 SP=0B34 BP=0B36 SI=0000 DI=0000
DS=0F18 ES=0DAC SS=0F18 CS=0E06 IP=04C9 NV UP EI PL ZR NA PE NC
0E06:04C9 B9FFFF            MOV     CX,FFFF
AX=0000 BX=0DAC CX=FFFF DX=0000 SP=0B34 BP=0B36 SI=0000 DI=0000
DS=0F18 ES=0DAC SS=0F18 CS=0E06 IP=04CC NV UP EI PL ZR NA PE NC
0E06:04CC 0BDB              OR      BX,BX
AX=0000 BX=0DAC CX=FFFF DX=0000 SP=0B34 BP=0B36 SI=0000 DI=0000
DS=0F18 ES=0DAC SS=0F18 CS=0E06 IP=04CE NV UP EI PL NZ NA PE NC
0E06:04CE 740E              JZ      04DE
AX=0000 BX=0DAC CX=FFFF DX=0000 SP=0B34 BP=0B36 SI=0000 DI=0000
DS=0F18 ES=0DAC SS=0F18 CS=0E06 IP=04D0 NV UP EI PL NZ NA PE NC
0E06:04D0 26803E000000      CMP     BYTE PTR ES:[0000],00            ES:0000=43
AX=0000 BX=0DAC CX=FFFF DX=0000 SP=0B34 BP=0B36 SI=0000 DI=0000
DS=0F18 ES=0DAC SS=0F18 CS=0E06 IP=04D6 NV UP EI PL NZ NA PO NC
0E06:04D6 7406              JZ      04DE
AX=0000 BX=0DAC CX=FFFF DX=0000 SP=0B34 BP=0B36 SI=0000 DI=0000
DS=0F18 ES=0DAC SS=0F18 CS=0E06 IP=04D8 NV UP EI PL NZ NA PO NC
0E06:04D8 F2AE              REPNE   SCASB
AX=0000 BX=0DAC CX=FFFE DX=0000 SP=0B34 BP=0B36 SI=0000 DI=0001
DS=0F18 ES=0DAC SS=0F18 CS=0E06 IP=04D8 NV UP EI NG NZ AC PE CY
0E06:04D8 F2AE              REPNE   SCASB
AX=0000 BX=0DAC CX=FFFD DX=0000 SP=0B34 BP=0B36 SI=0000 DI=0002
DS=0F18 ES=0DAC SS=0F18 CS=0E06 IP=04D8 NV UP EI NG NZ AC PE CY
0E06:04D8 F2AE              REPNE   SCASB
AX=0000 BX=0DAC CX=FFFC DX=0000 SP=0B34 BP=0B36 SI=0000 DI=0003
DS=0F18 ES=0DAC SS=0F18 CS=0E06 IP=04D8 NV UP EI NG NZ AC PO CY
0E06:04D8 F2AE              REPNE   SCASB
AX=0000 BX=0DAC CX=FFFB DX=0000 SP=0B34 BP=0B36 SI=0000 DI=0004
DS=0F18 ES=0DAC SS=0F18 CS=0E06 IP=04D8 NV UP EI NG NZ AC PO CY
0E06:04D8 F2AE              REPNE   SCASB
AX=0000 BX=0DAC CX=FFFA DX=0000 SP=0B34 BP=0B36 SI=0000 DI=0005
DS=0F18 ES=0DAC SS=0F18 CS=0E06 IP=04D8 NV UP EI NG NZ NA PO CY
0E06:04D8 F2AE              REPNE   SCASB
AX=0000 BX=0DAC CX=FFF9 DX=0000 SP=0B34 BP=0B36 SI=0000 DI=0006
DS=0F18 ES=0DAC SS=0F18 CS=0E06 IP=04D8 NV UP EI NG NZ AC PE CY
0E06:04D8 F2AE              REPNE   SCASB
AX=0000 BX=0DAC CX=FFF8 DX=0000 SP=0B34 BP=0B36 SI=0000 DI=0007
DS=0F18 ES=0DAC SS=0F18 CS=0E06 IP=04D8 NV UP EI NG NZ AC PE CY
0E06:04D8 F2AE              REPNE   SCASB
AX=0000 BX=0DAC CX=FFF7 DX=0000 SP=0B34 BP=0B36 SI=0000 DI=0008
DS=0F18 ES=0DAC SS=0F18 CS=0E06 IP=04D8 NV UP EI NG NZ AC PE CY
0E06:04D8 F2AE              REPNE   SCASB
AX=0000 BX=0DAC CX=FFF6 DX=0000 SP=0B34 BP=0B36 SI=0000 DI=0009
DS=0F18 ES=0DAC SS=0F18 CS=0E06 IP=04D8 NV UP EI NG NZ AC PE CY
0E06:04D8 F2AE              REPNE   SCASB
AX=0000 BX=0DAC CX=FFF5 DX=0000 SP=0B34 BP=0B36 SI=0000 DI=000A
DS=0F18 ES=0DAC SS=0F18 CS=0E06 IP=04D8 NV UP EI NG NZ AC PE CY
0E06:04D8 F2AE              REPNE   SCASB
AX=0000 BX=0DAC CX=FFF4 DX=0000 SP=0B34 BP=0B36 SI=0000 DI=000B
DS=0F18 ES=0DAC SS=0F18 CS=0E06 IP=04D8 NV UP EI NG NZ AC PO CY
0E06:04D8 F2AE              REPNE   SCASB
AX=0000 BX=0DAC CX=FFF3 DX=0000 SP=0B34 BP=0B36 SI=0000 DI=000C
DS=0F18 ES=0DAC SS=0F18 CS=0E06 IP=04D8 NV UP EI NG NZ AC PE CY
0E06:04D8 F2AE              REPNE   SCASB
AX=0000 BX=0DAC CX=FFF2 DX=0000 SP=0B34 BP=0B36 SI=0000 DI=000D
DS=0F18 ES=0DAC SS=0F18 CS=0E06 IP=04D8 NV UP EI NG NZ AC PE CY
0E06:04D8 F2AE              REPNE   SCASB
AX=0000 BX=0DAC CX=FFF1 DX=0000 SP=0B34 BP=0B36 SI=0000 DI=000E
DS=0F18 ES=0DAC SS=0F18 CS=0E06 IP=04D8 NV UP EI NG NZ AC PO CY
0E06:04D8 F2AE              REPNE   SCASB
AX=0000 BX=0DAC CX=FFF0 DX=0000 SP=0B34 BP=0B36 SI=0000 DI=000F
DS=0F18 ES=0DAC SS=0F18 CS=0E06 IP=04D8 NV UP EI NG NZ AC PO CY
0E06:04D8 F2AE              REPNE   SCASB
AX=0000 BX=0DAC CX=FFEF DX=0000 SP=0B34 BP=0B36 SI=0000 DI=0010
DS=0F18 ES=0DAC SS=0F18 CS=0E06 IP=04D8 NV UP EI NG NZ AC PO CY
0E06:04D8 F2AE              REPNE   SCASB
AX=0000 BX=0DAC CX=FFEE DX=0000 SP=0B34 BP=0B36 SI=0000 DI=0011
DS=0F18 ES=0DAC SS=0F18 CS=0E06 IP=04D8 NV UP EI NG NZ AC PE CY
0E06:04D8 F2AE              REPNE   SCASB
AX=0000 BX=0DAC CX=FFED DX=0000 SP=0B34 BP=0B36 SI=0000 DI=0012
DS=0F18 ES=0DAC SS=0F18 CS=0E06 IP=04D8 NV UP EI NG NZ AC PO CY
0E06:04D8 F2AE              REPNE   SCASB
AX=0000 BX=0DAC CX=FFEC DX=0000 SP=0B34 BP=0B36 SI=0000 DI=0013
DS=0F18 ES=0DAC SS=0F18 CS=0E06 IP=04D8 NV UP EI NG NZ AC PE CY
0E06:04D8 F2AE              REPNE   SCASB
AX=0000 BX=0DAC CX=FFEB DX=0000 SP=0B34 BP=0B36 SI=0000 DI=0014
DS=0F18 ES=0DAC SS=0F18 CS=0E06 IP=04D8 NV UP EI NG NZ AC PE CY
0E06:04D8 F2AE              REPNE   SCASB
AX=0000 BX=0DAC CX=FFEA DX=0000 SP=0B34 BP=0B36 SI=0000 DI=0015
DS=0F18 ES=0DAC SS=0F18 CS=0E06 IP=04D8 NV UP EI NG NZ AC PE CY
0E06:04D8 F2AE              REPNE   SCASB
AX=0000 BX=0DAC CX=FFE9 DX=0000 SP=0B34 BP=0B36 SI=0000 DI=0016
DS=0F18 ES=0DAC SS=0F18 CS=0E06 IP=04D8 NV UP EI NG NZ AC PO CY
0E06:04D8 F2AE              REPNE   SCASB
AX=0000 BX=0DAC CX=FFE8 DX=0000 SP=0B34 BP=0B36 SI=0000 DI=0017
DS=0F18 ES=0DAC SS=0F18 CS=0E06 IP=04DA NV UP EI PL ZR NA PE NC
0E06:04DA 46                INC     SI
AX=0000 BX=0DAC CX=FFE8 DX=0000 SP=0B34 BP=0B36 SI=0001 DI=0017
DS=0F18 ES=0DAC SS=0F18 CS=0E06 IP=04DB NV UP EI PL NZ NA PO NC
0E06:04DB AE                SCASB
AX=0000 BX=0DAC CX=FFE8 DX=0000 SP=0B34 BP=0B36 SI=0001 DI=0018
DS=0F18 ES=0DAC SS=0F18 CS=0E06 IP=04DC NV UP EI NG NZ NA PO CY
0E06:04DC 75FA              JNZ     04D8
AX=0000 BX=0DAC CX=FFE8 DX=0000 SP=0B34 BP=0B36 SI=0001 DI=0018
DS=0F18 ES=0DAC SS=0F18 CS=0E06 IP=04D8 NV UP EI NG NZ NA PO CY
0E06:04D8 F2AE              REPNE   SCASB
AX=0000 BX=0DAC CX=FFE7 DX=0000 SP=0B34 BP=0B36 SI=0001 DI=0019
DS=0F18 ES=0DAC SS=0F18 CS=0E06 IP=04D8 NV UP EI NG NZ AC PO CY
0E06:04D8 F2AE              REPNE   SCASB
AX=0000 BX=0DAC CX=FFE6 DX=0000 SP=0B34 BP=0B36 SI=0001 DI=001A
DS=0F18 ES=0DAC SS=0F18 CS=0E06 IP=04D8 NV UP EI NG NZ AC PE CY
0E06:04D8 F2AE              REPNE   SCASB
AX=0000 BX=0DAC CX=FFE5 DX=0000 SP=0B34 BP=0B36 SI=0001 DI=001B
DS=0F18 ES=0DAC SS=0F18 CS=0E06 IP=04D8 NV UP EI NG NZ AC PE CY
0E06:04D8 F2AE              REPNE   SCASB
AX=0000 BX=0DAC CX=FFE4 DX=0000 SP=0B34 BP=0B36 SI=0001 DI=001C
DS=0F18 ES=0DAC SS=0F18 CS=0E06 IP=04D8 NV UP EI NG NZ AC PE CY
0E06:04D8 F2AE              REPNE   SCASB
AX=0000 BX=0DAC CX=FFE3 DX=0000 SP=0B34 BP=0B36 SI=0001 DI=001D
DS=0F18 ES=0DAC SS=0F18 CS=0E06 IP=04D8 NV UP EI NG NZ AC PE CY
0E06:04D8 F2AE              REPNE   SCASB
AX=0000 BX=0DAC CX=FFE2 DX=0000 SP=0B34 BP=0B36 SI=0001 DI=001E
DS=0F18 ES=0DAC SS=0F18 CS=0E06 IP=04D8 NV UP EI NG NZ AC PE CY
0E06:04D8 F2AE              REPNE   SCASB
AX=0000 BX=0DAC CX=FFE1 DX=0000 SP=0B34 BP=0B36 SI=0001 DI=001F
DS=0F18 ES=0DAC SS=0F18 CS=0E06 IP=04D8 NV UP EI NG NZ AC PO CY
0E06:04D8 F2AE              REPNE   SCASB
AX=0000 BX=0DAC CX=FFE0 DX=0000 SP=0B34 BP=0B36 SI=0001 DI=0020
DS=0F18 ES=0DAC SS=0F18 CS=0E06 IP=04D8 NV UP EI NG NZ AC PE CY
0E06:04D8 F2AE              REPNE   SCASB
AX=0000 BX=0DAC CX=FFDF DX=0000 SP=0B34 BP=0B36 SI=0001 DI=0021
DS=0F18 ES=0DAC SS=0F18 CS=0E06 IP=04D8 NV UP EI NG NZ AC PE CY
0E06:04D8 F2AE              REPNE   SCASB
AX=0000 BX=0DAC CX=FFDE DX=0000 SP=0B34 BP=0B36 SI=0001 DI=0022
DS=0F18 ES=0DAC SS=0F18 CS=0E06 IP=04D8 NV UP EI NG NZ AC PE CY
0E06:04D8 F2AE              REPNE   SCASB
AX=0000 BX=0DAC CX=FFDD DX=0000 SP=0B34 BP=0B36 SI=0001 DI=0023
DS=0F18 ES=0DAC SS=0F18 CS=0E06 IP=04D8 NV UP EI NG NZ AC PO CY
0E06:04D8 F2AE              REPNE   SCASB
AX=0000 BX=0DAC CX=FFDC DX=0000 SP=0B34 BP=0B36 SI=0001 DI=0024
DS=0F18 ES=0DAC SS=0F18 CS=0E06 IP=04D8 NV UP EI NG NZ AC PO CY
0E06:04D8 F2AE              REPNE   SCASB
AX=0000 BX=0DAC CX=FFDB DX=0000 SP=0B34 BP=0B36 SI=0001 DI=0025
DS=0F18 ES=0DAC SS=0F18 CS=0E06 IP=04D8 NV UP EI NG NZ AC PO CY
0E06:04D8 F2AE              REPNE   SCASB
AX=0000 BX=0DAC CX=FFDA DX=0000 SP=0B34 BP=0B36 SI=0001 DI=0026
DS=0F18 ES=0DAC SS=0F18 CS=0E06 IP=04D8 NV UP EI NG NZ AC PO CY
0E06:04D8 F2AE              REPNE   SCASB
AX=0000 BX=0DAC CX=FFD9 DX=0000 SP=0B34 BP=0B36 SI=0001 DI=0027
DS=0F18 ES=0DAC SS=0F18 CS=0E06 IP=04D8 NV UP EI NG NZ AC PE CY
0E06:04D8 F2AE              REPNE   SCASB
AX=0000 BX=0DAC CX=FFD8 DX=0000 SP=0B34 BP=0B36 SI=0001 DI=0028
DS=0F18 ES=0DAC SS=0F18 CS=0E06 IP=04D8 NV UP EI NG NZ AC PE CY
0E06:04D8 F2AE              REPNE   SCASB
AX=0000 BX=0DAC CX=FFD7 DX=0000 SP=0B34 BP=0B36 SI=0001 DI=0029
DS=0F18 ES=0DAC SS=0F18 CS=0E06 IP=04D8 NV UP EI NG NZ AC PO CY
0E06:04D8 F2AE              REPNE   SCASB
AX=0000 BX=0DAC CX=FFD6 DX=0000 SP=0B34 BP=0B36 SI=0001 DI=002A
DS=0F18 ES=0DAC SS=0F18 CS=0E06 IP=04D8 NV UP EI NG NZ AC PE CY
0E06:04D8 F2AE              REPNE   SCASB
AX=0000 BX=0DAC CX=FFD5 DX=0000 SP=0B34 BP=0B36 SI=0001 DI=002B
DS=0F18 ES=0DAC SS=0F18 CS=0E06 IP=04D8 NV UP EI NG NZ AC PE CY
0E06:04D8 F2AE              REPNE   SCASB
AX=0000 BX=0DAC CX=FFD4 DX=0000 SP=0B34 BP=0B36 SI=0001 DI=002C
DS=0F18 ES=0DAC SS=0F18 CS=0E06 IP=04D8 NV UP EI NG NZ AC PE CY
0E06:04D8 F2AE              REPNE   SCASB
AX=0000 BX=0DAC CX=FFD3 DX=0000 SP=0B34 BP=0B36 SI=0001 DI=002D
DS=0F18 ES=0DAC SS=0F18 CS=0E06 IP=04D8 NV UP EI NG NZ AC PO CY
0E06:04D8 F2AE              REPNE   SCASB
AX=0000 BX=0DAC CX=FFD2 DX=0000 SP=0B34 BP=0B36 SI=0001 DI=002E
DS=0F18 ES=0DAC SS=0F18 CS=0E06 IP=04D8 NV UP EI NG NZ AC PE CY
0E06:04D8 F2AE              REPNE   SCASB
AX=0000 BX=0DAC CX=FFD1 DX=0000 SP=0B34 BP=0B36 SI=0001 DI=002F
DS=0F18 ES=0DAC SS=0F18 CS=0E06 IP=04D8 NV UP EI NG NZ AC PE CY
0E06:04D8 F2AE              REPNE   SCASB
AX=0000 BX=0DAC CX=FFD0 DX=0000 SP=0B34 BP=0B36 SI=0001 DI=0030
DS=0F18 ES=0DAC SS=0F18 CS=0E06 IP=04D8 NV UP EI NG NZ AC PE CY
0E06:04D8 F2AE              REPNE   SCASB
AX=0000 BX=0DAC CX=FFCF DX=0000 SP=0B34 BP=0B36 SI=0001 DI=0031
DS=0F18 ES=0DAC SS=0F18 CS=0E06 IP=04D8 NV UP EI NG NZ AC PE CY
0E06:04D8 F2AE              REPNE   SCASB
AX=0000 BX=0DAC CX=FFCE DX=0000 SP=0B34 BP=0B36 SI=0001 DI=0032
DS=0F18 ES=0DAC SS=0F18 CS=0E06 IP=04D8 NV UP EI NG NZ AC PE CY
0E06:04D8 F2AE              REPNE   SCASB
AX=0000 BX=0DAC CX=FFCD DX=0000 SP=0B34 BP=0B36 SI=0001 DI=0033
DS=0F18 ES=0DAC SS=0F18 CS=0E06 IP=04D8 NV UP EI NG NZ AC PE CY
0E06:04D8 F2AE              REPNE   SCASB
AX=0000 BX=0DAC CX=FFCC DX=0000 SP=0B34 BP=0B36 SI=0001 DI=0034
DS=0F18 ES=0DAC SS=0F18 CS=0E06 IP=04D8 NV UP EI NG NZ AC PO CY
0E06:04D8 F2AE              REPNE   SCASB
AX=0000 BX=0DAC CX=FFCB DX=0000 SP=0B34 BP=0B36 SI=0001 DI=0035
DS=0F18 ES=0DAC SS=0F18 CS=0E06 IP=04D8 NV UP EI NG NZ AC PO CY
0E06:04D8 F2AE              REPNE   SCASB
AX=0000 BX=0DAC CX=FFCA DX=0000 SP=0B34 BP=0B36 SI=0001 DI=0036
DS=0F18 ES=0DAC SS=0F18 CS=0E06 IP=04D8 NV UP EI NG NZ AC PE CY
0E06:04D8 F2AE              REPNE   SCASB
AX=0000 BX=0DAC CX=FFC9 DX=0000 SP=0B34 BP=0B36 SI=0001 DI=0037
DS=0F18 ES=0DAC SS=0F18 CS=0E06 IP=04D8 NV UP EI NG NZ AC PO CY
0E06:04D8 F2AE              REPNE   SCASB
AX=0000 BX=0DAC CX=FFC8 DX=0000 SP=0B34 BP=0B36 SI=0001 DI=0038
DS=0F18 ES=0DAC SS=0F18 CS=0E06 IP=04D8 NV UP EI NG NZ AC PE CY
0E06:04D8 F2AE              REPNE   SCASB
AX=0000 BX=0DAC CX=FFC7 DX=0000 SP=0B34 BP=0B36 SI=0001 DI=0039
DS=0F18 ES=0DAC SS=0F18 CS=0E06 IP=04D8 NV UP EI NG NZ AC PE CY
0E06:04D8 F2AE              REPNE   SCASB
AX=0000 BX=0DAC CX=FFC6 DX=0000 SP=0B34 BP=0B36 SI=0001 DI=003A
DS=0F18 ES=0DAC SS=0F18 CS=0E06 IP=04D8 NV UP EI NG NZ AC PE CY
0E06:04D8 F2AE              REPNE   SCASB
AX=0000 BX=0DAC CX=FFC5 DX=0000 SP=0B34 BP=0B36 SI=0001 DI=003B
DS=0F18 ES=0DAC SS=0F18 CS=0E06 IP=04D8 NV UP EI NG NZ AC PO CY
0E06:04D8 F2AE              REPNE   SCASB
AX=0000 BX=0DAC CX=FFC4 DX=0000 SP=0B34 BP=0B36 SI=0001 DI=003C
DS=0F18 ES=0DAC SS=0F18 CS=0E06 IP=04D8 NV UP EI NG NZ AC PE CY
0E06:04D8 F2AE              REPNE   SCASB
AX=0000 BX=0DAC CX=FFC3 DX=0000 SP=0B34 BP=0B36 SI=0001 DI=003D
DS=0F18 ES=0DAC SS=0F18 CS=0E06 IP=04D8 NV UP EI NG NZ AC PO CY
0E06:04D8 F2AE              REPNE   SCASB
AX=0000 BX=0DAC CX=FFC2 DX=0000 SP=0B34 BP=0B36 SI=0001 DI=003E
DS=0F18 ES=0DAC SS=0F18 CS=0E06 IP=04D8 NV UP EI NG NZ AC PE CY
0E06:04D8 F2AE              REPNE   SCASB
AX=0000 BX=0DAC CX=FFC1 DX=0000 SP=0B34 BP=0B36 SI=0001 DI=003F
DS=0F18 ES=0DAC SS=0F18 CS=0E06 IP=04D8 NV UP EI NG NZ AC PO CY
0E06:04D8 F2AE              REPNE   SCASB
AX=0000 BX=0DAC CX=FFC0 DX=0000 SP=0B34 BP=0B36 SI=0001 DI=0040
DS=0F18 ES=0DAC SS=0F18 CS=0E06 IP=04D8 NV UP EI NG NZ AC PE CY
0E06:04D8 F2AE              REPNE   SCASB
AX=0000 BX=0DAC CX=FFBF DX=0000 SP=0B34 BP=0B36 SI=0001 DI=0041
DS=0F18 ES=0DAC SS=0F18 CS=0E06 IP=04D8 NV UP EI NG NZ AC PE CY
0E06:04D8 F2AE              REPNE   SCASB
AX=0000 BX=0DAC CX=FFBE DX=0000 SP=0B34 BP=0B36 SI=0001 DI=0042
DS=0F18 ES=0DAC SS=0F18 CS=0E06 IP=04D8 NV UP EI NG NZ AC PE CY
0E06:04D8 F2AE              REPNE   SCASB
AX=0000 BX=0DAC CX=FFBD DX=0000 SP=0B34 BP=0B36 SI=0001 DI=0043
DS=0F18 ES=0DAC SS=0F18 CS=0E06 IP=04D8 NV UP EI NG NZ AC PO CY
0E06:04D8 F2AE              REPNE   SCASB
AX=0000 BX=0DAC CX=FFBC DX=0000 SP=0B34 BP=0B36 SI=0001 DI=0044
DS=0F18 ES=0DAC SS=0F18 CS=0E06 IP=04D8 NV UP EI NG NZ AC PO CY
0E06:04D8 F2AE              REPNE   SCASB
AX=0000 BX=0DAC CX=FFBB DX=0000 SP=0B34 BP=0B36 SI=0001 DI=0045
DS=0F18 ES=0DAC SS=0F18 CS=0E06 IP=04D8 NV UP EI NG NZ AC PE CY
0E06:04D8 F2AE              REPNE   SCASB
AX=0000 BX=0DAC CX=FFBA DX=0000 SP=0B34 BP=0B36 SI=0001 DI=0046
DS=0F18 ES=0DAC SS=0F18 CS=0E06 IP=04D8 NV UP EI NG NZ AC PE CY
0E06:04D8 F2AE              REPNE   SCASB
AX=0000 BX=0DAC CX=FFB9 DX=0000 SP=0B34 BP=0B36 SI=0001 DI=0047
DS=0F18 ES=0DAC SS=0F18 CS=0E06 IP=04D8 NV UP EI NG NZ AC PO CY
0E06:04D8 F2AE              REPNE   SCASB
AX=0000 BX=0DAC CX=FFB8 DX=0000 SP=0B34 BP=0B36 SI=0001 DI=0048
DS=0F18 ES=0DAC SS=0F18 CS=0E06 IP=04D8 NV UP EI NG NZ AC PO CY
0E06:04D8 F2AE              REPNE   SCASB
AX=0000 BX=0DAC CX=FFB7 DX=0000 SP=0B34 BP=0B36 SI=0001 DI=0049
DS=0F18 ES=0DAC SS=0F18 CS=0E06 IP=04D8 NV UP EI NG NZ AC PE CY
0E06:04D8 F2AE              REPNE   SCASB
AX=0000 BX=0DAC CX=FFB6 DX=0000 SP=0B34 BP=0B36 SI=0001 DI=004A
DS=0F18 ES=0DAC SS=0F18 CS=0E06 IP=04D8 NV UP EI NG NZ AC PE CY
0E06:04D8 F2AE              REPNE   SCASB
AX=0000 BX=0DAC CX=FFB5 DX=0000 SP=0B34 BP=0B36 SI=0001 DI=004B
DS=0F18 ES=0DAC SS=0F18 CS=0E06 IP=04D8 NV UP EI NG NZ AC PE CY
0E06:04D8 F2AE              REPNE   SCASB
AX=0000 BX=0DAC CX=FFB4 DX=0000 SP=0B34 BP=0B36 SI=0001 DI=004C
DS=0F18 ES=0DAC SS=0F18 CS=0E06 IP=04D8 NV UP EI NG NZ AC PO CY
0E06:04D8 F2AE              REPNE   SCASB
AX=0000 BX=0DAC CX=FFB3 DX=0000 SP=0B34 BP=0B36 SI=0001 DI=004D
DS=0F18 ES=0DAC SS=0F18 CS=0E06 IP=04D8 NV UP EI NG NZ AC PE CY
0E06:04D8 F2AE              REPNE   SCASB
AX=0000 BX=0DAC CX=FFB2 DX=0000 SP=0B34 BP=0B36 SI=0001 DI=004E
DS=0F18 ES=0DAC SS=0F18 CS=0E06 IP=04D8 NV UP EI NG NZ AC PE CY
0E06:04D8 F2AE              REPNE   SCASB
AX=0000 BX=0DAC CX=FFB1 DX=0000 SP=0B34 BP=0B36 SI=0001 DI=004F
DS=0F18 ES=0DAC SS=0F18 CS=0E06 IP=04D8 NV UP EI NG NZ AC PO CY
0E06:04D8 F2AE              REPNE   SCASB
AX=0000 BX=0DAC CX=FFB0 DX=0000 SP=0B34 BP=0B36 SI=0001 DI=0050
DS=0F18 ES=0DAC SS=0F18 CS=0E06 IP=04D8 NV UP EI NG NZ AC PE CY
0E06:04D8 F2AE              REPNE   SCASB
AX=0000 BX=0DAC CX=FFAF DX=0000 SP=0B34 BP=0B36 SI=0001 DI=0051
DS=0F18 ES=0DAC SS=0F18 CS=0E06 IP=04D8 NV UP EI NG NZ AC PO CY
0E06:04D8 F2AE              REPNE   SCASB
AX=0000 BX=0DAC CX=FFAE DX=0000 SP=0B34 BP=0B36 SI=0001 DI=0052
DS=0F18 ES=0DAC SS=0F18 CS=0E06 IP=04D8 NV UP EI NG NZ AC PE CY
0E06:04D8 F2AE              REPNE   SCASB
AX=0000 BX=0DAC CX=FFAD DX=0000 SP=0B34 BP=0B36 SI=0001 DI=0053
DS=0F18 ES=0DAC SS=0F18 CS=0E06 IP=04D8 NV UP EI NG NZ AC PE CY
0E06:04D8 F2AE              REPNE   SCASB
AX=0000 BX=0DAC CX=FFAC DX=0000 SP=0B34 BP=0B36 SI=0001 DI=0054
DS=0F18 ES=0DAC SS=0F18 CS=0E06 IP=04D8 NV UP EI NG NZ AC PE CY
0E06:04D8 F2AE              REPNE   SCASB
AX=0000 BX=0DAC CX=FFAB DX=0000 SP=0B34 BP=0B36 SI=0001 DI=0055
DS=0F18 ES=0DAC SS=0F18 CS=0E06 IP=04D8 NV UP EI NG NZ AC PE CY
0E06:04D8 F2AE              REPNE   SCASB
AX=0000 BX=0DAC CX=FFAA DX=0000 SP=0B34 BP=0B36 SI=0001 DI=0056
DS=0F18 ES=0DAC SS=0F18 CS=0E06 IP=04D8 NV UP EI NG NZ AC PE CY
0E06:04D8 F2AE              REPNE   SCASB
AX=0000 BX=0DAC CX=FFA9 DX=0000 SP=0B34 BP=0B36 SI=0001 DI=0057
DS=0F18 ES=0DAC SS=0F18 CS=0E06 IP=04D8 NV UP EI NG NZ AC PE CY
0E06:04D8 F2AE              REPNE   SCASB
AX=0000 BX=0DAC CX=FFA8 DX=0000 SP=0B34 BP=0B36 SI=0001 DI=0058
DS=0F18 ES=0DAC SS=0F18 CS=0E06 IP=04D8 NV UP EI NG NZ AC PO CY
0E06:04D8 F2AE              REPNE   SCASB
AX=0000 BX=0DAC CX=FFA7 DX=0000 SP=0B34 BP=0B36 SI=0001 DI=0059
DS=0F18 ES=0DAC SS=0F18 CS=0E06 IP=04D8 NV UP EI NG NZ AC PO CY
0E06:04D8 F2AE              REPNE   SCASB
AX=0000 BX=0DAC CX=FFA6 DX=0000 SP=0B34 BP=0B36 SI=0001 DI=005A
DS=0F18 ES=0DAC SS=0F18 CS=0E06 IP=04D8 NV UP EI NG NZ AC PO CY
0E06:04D8 F2AE              REPNE   SCASB
AX=0000 BX=0DAC CX=FFA5 DX=0000 SP=0B34 BP=0B36 SI=0001 DI=005B
DS=0F18 ES=0DAC SS=0F18 CS=0E06 IP=04D8 NV UP EI NG NZ AC PE CY
0E06:04D8 F2AE              REPNE   SCASB
AX=0000 BX=0DAC CX=FFA4 DX=0000 SP=0B34 BP=0B36 SI=0001 DI=005C
DS=0F18 ES=0DAC SS=0F18 CS=0E06 IP=04D8 NV UP EI NG NZ AC PE CY
0E06:04D8 F2AE              REPNE   SCASB
AX=0000 BX=0DAC CX=FFA3 DX=0000 SP=0B34 BP=0B36 SI=0001 DI=005D
DS=0F18 ES=0DAC SS=0F18 CS=0E06 IP=04D8 NV UP EI NG NZ AC PO CY
0E06:04D8 F2AE              REPNE   SCASB
AX=0000 BX=0DAC CX=FFA2 DX=0000 SP=0B34 BP=0B36 SI=0001 DI=005E
DS=0F18 ES=0DAC SS=0F18 CS=0E06 IP=04D8 NV UP EI NG NZ AC PE CY
0E06:04D8 F2AE              REPNE   SCASB
AX=0000 BX=0DAC CX=FFA1 DX=0000 SP=0B34 BP=0B36 SI=0001 DI=005F
DS=0F18 ES=0DAC SS=0F18 CS=0E06 IP=04D8 NV UP EI NG NZ AC PE CY
0E06:04D8 F2AE              REPNE   SCASB
AX=0000 BX=0DAC CX=FFA0 DX=0000 SP=0B34 BP=0B36 SI=0001 DI=0060
DS=0F18 ES=0DAC SS=0F18 CS=0E06 IP=04D8 NV UP EI NG NZ AC PE CY
0E06:04D8 F2AE              REPNE   SCASB
AX=0000 BX=0DAC CX=FF9F DX=0000 SP=0B34 BP=0B36 SI=0001 DI=0061
DS=0F18 ES=0DAC SS=0F18 CS=0E06 IP=04DA NV UP EI PL ZR NA PE NC
0E06:04DA 46                INC     SI
AX=0000 BX=0DAC CX=FF9F DX=0000 SP=0B34 BP=0B36 SI=0002 DI=0061
DS=0F18 ES=0DAC SS=0F18 CS=0E06 IP=04DB NV UP EI PL NZ NA PO NC
0E06:04DB AE                SCASB
AX=0000 BX=0DAC CX=FF9F DX=0000 SP=0B34 BP=0B36 SI=0002 DI=0062
DS=0F18 ES=0DAC SS=0F18 CS=0E06 IP=04DC NV UP EI NG NZ NA PO CY
0E06:04DC 75FA              JNZ     04D8
AX=0000 BX=0DAC CX=FF9F DX=0000 SP=0B34 BP=0B36 SI=0002 DI=0062
DS=0F18 ES=0DAC SS=0F18 CS=0E06 IP=04D8 NV UP EI NG NZ NA PO CY
0E06:04D8 F2AE              REPNE   SCASB
AX=0000 BX=0DAC CX=FF9E DX=0000 SP=0B34 BP=0B36 SI=0002 DI=0063
DS=0F18 ES=0DAC SS=0F18 CS=0E06 IP=04D8 NV UP EI NG NZ AC PO CY
0E06:04D8 F2AE              REPNE   SCASB
AX=0000 BX=0DAC CX=FF9D DX=0000 SP=0B34 BP=0B36 SI=0002 DI=0064
DS=0F18 ES=0DAC SS=0F18 CS=0E06 IP=04D8 NV UP EI NG NZ AC PE CY
0E06:04D8 F2AE              REPNE   SCASB
AX=0000 BX=0DAC CX=FF9C DX=0000 SP=0B34 BP=0B36 SI=0002 DI=0065
DS=0F18 ES=0DAC SS=0F18 CS=0E06 IP=04D8 NV UP EI NG NZ AC PO CY
0E06:04D8 F2AE              REPNE   SCASB
AX=0000 BX=0DAC CX=FF9B DX=0000 SP=0B34 BP=0B36 SI=0002 DI=0066
DS=0F18 ES=0DAC SS=0F18 CS=0E06 IP=04D8 NV UP EI NG NZ NA PO CY
0E06:04D8 F2AE              REPNE   SCASB
AX=0000 BX=0DAC CX=FF9A DX=0000 SP=0B34 BP=0B36 SI=0002 DI=0067
DS=0F18 ES=0DAC SS=0F18 CS=0E06 IP=04D8 NV UP EI NG NZ AC PE CY
0E06:04D8 F2AE              REPNE   SCASB
AX=0000 BX=0DAC CX=FF99 DX=0000 SP=0B34 BP=0B36 SI=0002 DI=0068
DS=0F18 ES=0DAC SS=0F18 CS=0E06 IP=04D8 NV UP EI NG NZ AC PE CY
0E06:04D8 F2AE              REPNE   SCASB
AX=0000 BX=0DAC CX=FF98 DX=0000 SP=0B34 BP=0B36 SI=0002 DI=0069
DS=0F18 ES=0DAC SS=0F18 CS=0E06 IP=04D8 NV UP EI NG NZ AC PO CY
0E06:04D8 F2AE              REPNE   SCASB
AX=0000 BX=0DAC CX=FF97 DX=0000 SP=0B34 BP=0B36 SI=0002 DI=006A
DS=0F18 ES=0DAC SS=0F18 CS=0E06 IP=04D8 NV UP EI NG NZ NA PO CY
0E06:04D8 F2AE              REPNE   SCASB
AX=0000 BX=0DAC CX=FF96 DX=0000 SP=0B34 BP=0B36 SI=0002 DI=006B
DS=0F18 ES=0DAC SS=0F18 CS=0E06 IP=04D8 NV UP EI NG NZ AC PO CY
0E06:04D8 F2AE              REPNE   SCASB
AX=0000 BX=0DAC CX=FF95 DX=0000 SP=0B34 BP=0B36 SI=0002 DI=006C
DS=0F18 ES=0DAC SS=0F18 CS=0E06 IP=04D8 NV UP EI NG NZ AC PO CY
0E06:04D8 F2AE              REPNE   SCASB
AX=0000 BX=0DAC CX=FF94 DX=0000 SP=0B34 BP=0B36 SI=0002 DI=006D
DS=0F18 ES=0DAC SS=0F18 CS=0E06 IP=04DA NV UP EI PL ZR NA PE NC
0E06:04DA 46                INC     SI
AX=0000 BX=0DAC CX=FF94 DX=0000 SP=0B34 BP=0B36 SI=0003 DI=006D
DS=0F18 ES=0DAC SS=0F18 CS=0E06 IP=04DB NV UP EI PL NZ NA PE NC
0E06:04DB AE                SCASB
AX=0000 BX=0DAC CX=FF94 DX=0000 SP=0B34 BP=0B36 SI=0003 DI=006E
DS=0F18 ES=0DAC SS=0F18 CS=0E06 IP=04DC NV UP EI NG NZ AC PE CY
0E06:04DC 75FA              JNZ     04D8
AX=0000 BX=0DAC CX=FF94 DX=0000 SP=0B34 BP=0B36 SI=0003 DI=006E
DS=0F18 ES=0DAC SS=0F18 CS=0E06 IP=04D8 NV UP EI NG NZ AC PE CY
0E06:04D8 F2AE              REPNE   SCASB
AX=0000 BX=0DAC CX=FF93 DX=0000 SP=0B34 BP=0B36 SI=0003 DI=006F
DS=0F18 ES=0DAC SS=0F18 CS=0E06 IP=04D8 NV UP EI NG NZ AC PE CY
0E06:04D8 F2AE              REPNE   SCASB
AX=0000 BX=0DAC CX=FF92 DX=0000 SP=0B34 BP=0B36 SI=0003 DI=0070
DS=0F18 ES=0DAC SS=0F18 CS=0E06 IP=04D8 NV UP EI NG NZ AC PO CY
0E06:04D8 F2AE              REPNE   SCASB
AX=0000 BX=0DAC CX=FF91 DX=0000 SP=0B34 BP=0B36 SI=0003 DI=0071
DS=0F18 ES=0DAC SS=0F18 CS=0E06 IP=04D8 NV UP EI NG NZ AC PO CY
0E06:04D8 F2AE              REPNE   SCASB
AX=0000 BX=0DAC CX=FF90 DX=0000 SP=0B34 BP=0B36 SI=0003 DI=0072
DS=0F18 ES=0DAC SS=0F18 CS=0E06 IP=04D8 NV UP EI NG NZ AC PE CY
0E06:04D8 F2AE              REPNE   SCASB
AX=0000 BX=0DAC CX=FF8F DX=0000 SP=0B34 BP=0B36 SI=0003 DI=0073
DS=0F18 ES=0DAC SS=0F18 CS=0E06 IP=04D8 NV UP EI NG NZ AC PE CY
0E06:04D8 F2AE              REPNE   SCASB
AX=0000 BX=0DAC CX=FF8E DX=0000 SP=0B34 BP=0B36 SI=0003 DI=0074
DS=0F18 ES=0DAC SS=0F18 CS=0E06 IP=04D8 NV UP EI NG NZ AC PO CY
0E06:04D8 F2AE              REPNE   SCASB
AX=0000 BX=0DAC CX=FF8D DX=0000 SP=0B34 BP=0B36 SI=0003 DI=0075
DS=0F18 ES=0DAC SS=0F18 CS=0E06 IP=04D8 NV UP EI NG NZ AC PE CY
0E06:04D8 F2AE              REPNE   SCASB
AX=0000 BX=0DAC CX=FF8C DX=0000 SP=0B34 BP=0B36 SI=0003 DI=0076
DS=0F18 ES=0DAC SS=0F18 CS=0E06 IP=04D8 NV UP EI NG NZ AC PO CY
0E06:04D8 F2AE              REPNE   SCASB
AX=0000 BX=0DAC CX=FF8B DX=0000 SP=0B34 BP=0B36 SI=0003 DI=0077
DS=0F18 ES=0DAC SS=0F18 CS=0E06 IP=04D8 NV UP EI NG NZ AC PO CY
0E06:04D8 F2AE              REPNE   SCASB
AX=0000 BX=0DAC CX=FF8A DX=0000 SP=0B34 BP=0B36 SI=0003 DI=0078
DS=0F18 ES=0DAC SS=0F18 CS=0E06 IP=04D8 NV UP EI NG NZ AC PO CY
0E06:04D8 F2AE              REPNE   SCASB
AX=0000 BX=0DAC CX=FF89 DX=0000 SP=0B34 BP=0B36 SI=0003 DI=0079
DS=0F18 ES=0DAC SS=0F18 CS=0E06 IP=04D8 NV UP EI NG NZ NA PO CY
0E06:04D8 F2AE              REPNE   SCASB
AX=0000 BX=0DAC CX=FF88 DX=0000 SP=0B34 BP=0B36 SI=0003 DI=007A
DS=0F18 ES=0DAC SS=0F18 CS=0E06 IP=04D8 NV UP EI NG NZ NA PO CY
0E06:04D8 F2AE              REPNE   SCASB
AX=0000 BX=0DAC CX=FF87 DX=0000 SP=0B34 BP=0B36 SI=0003 DI=007B
DS=0F18 ES=0DAC SS=0F18 CS=0E06 IP=04D8 NV UP EI NG NZ AC PE CY
0E06:04D8 F2AE              REPNE   SCASB
AX=0000 BX=0DAC CX=FF86 DX=0000 SP=0B34 BP=0B36 SI=0003 DI=007C
DS=0F18 ES=0DAC SS=0F18 CS=0E06 IP=04D8 NV UP EI NG NZ AC PE CY
0E06:04D8 F2AE              REPNE   SCASB
AX=0000 BX=0DAC CX=FF85 DX=0000 SP=0B34 BP=0B36 SI=0003 DI=007D
DS=0F18 ES=0DAC SS=0F18 CS=0E06 IP=04D8 NV UP EI NG NZ NA PO CY
0E06:04D8 F2AE              REPNE   SCASB
AX=0000 BX=0DAC CX=FF84 DX=0000 SP=0B34 BP=0B36 SI=0003 DI=007E
DS=0F18 ES=0DAC SS=0F18 CS=0E06 IP=04D8 NV UP EI NG NZ AC PO CY
0E06:04D8 F2AE              REPNE   SCASB
AX=0000 BX=0DAC CX=FF83 DX=0000 SP=0B34 BP=0B36 SI=0003 DI=007F
DS=0F18 ES=0DAC SS=0F18 CS=0E06 IP=04D8 NV UP EI NG NZ AC PE CY
0E06:04D8 F2AE              REPNE   SCASB
AX=0000 BX=0DAC CX=FF82 DX=0000 SP=0B34 BP=0B36 SI=0003 DI=0080
DS=0F18 ES=0DAC SS=0F18 CS=0E06 IP=04D8 NV UP EI NG NZ NA PO CY
0E06:04D8 F2AE              REPNE   SCASB
AX=0000 BX=0DAC CX=FF81 DX=0000 SP=0B34 BP=0B36 SI=0003 DI=0081
DS=0F18 ES=0DAC SS=0F18 CS=0E06 IP=04D8 NV UP EI NG NZ AC PE CY
0E06:04D8 F2AE              REPNE   SCASB
AX=0000 BX=0DAC CX=FF80 DX=0000 SP=0B34 BP=0B36 SI=0003 DI=0082
DS=0F18 ES=0DAC SS=0F18 CS=0E06 IP=04D8 NV UP EI NG NZ AC PO CY
0E06:04D8 F2AE              REPNE   SCASB
AX=0000 BX=0DAC CX=FF7F DX=0000 SP=0B34 BP=0B36 SI=0003 DI=0083
DS=0F18 ES=0DAC SS=0F18 CS=0E06 IP=04D8 NV UP EI NG NZ NA PO CY
0E06:04D8 F2AE              REPNE   SCASB
AX=0000 BX=0DAC CX=FF7E DX=0000 SP=0B34 BP=0B36 SI=0003 DI=0084
DS=0F18 ES=0DAC SS=0F18 CS=0E06 IP=04D8 NV UP EI NG NZ NA PO CY
0E06:04D8 F2AE              REPNE   SCASB
AX=0000 BX=0DAC CX=FF7D DX=0000 SP=0B34 BP=0B36 SI=0003 DI=0085
DS=0F18 ES=0DAC SS=0F18 CS=0E06 IP=04D8 NV UP EI NG NZ AC PO CY
0E06:04D8 F2AE              REPNE   SCASB
AX=0000 BX=0DAC CX=FF7C DX=0000 SP=0B34 BP=0B36 SI=0003 DI=0086
DS=0F18 ES=0DAC SS=0F18 CS=0E06 IP=04D8 NV UP EI NG NZ AC PO CY
0E06:04D8 F2AE              REPNE   SCASB
AX=0000 BX=0DAC CX=FF7B DX=0000 SP=0B34 BP=0B36 SI=0003 DI=0087
DS=0F18 ES=0DAC SS=0F18 CS=0E06 IP=04D8 NV UP EI NG NZ NA PO CY
0E06:04D8 F2AE              REPNE   SCASB
AX=0000 BX=0DAC CX=FF7A DX=0000 SP=0B34 BP=0B36 SI=0003 DI=0088
DS=0F18 ES=0DAC SS=0F18 CS=0E06 IP=04D8 NV UP EI NG NZ NA PO CY
0E06:04D8 F2AE              REPNE   SCASB
AX=0000 BX=0DAC CX=FF79 DX=0000 SP=0B34 BP=0B36 SI=0003 DI=0089
DS=0F18 ES=0DAC SS=0F18 CS=0E06 IP=04D8 NV UP EI NG NZ AC PE CY
0E06:04D8 F2AE              REPNE   SCASB
AX=0000 BX=0DAC CX=FF78 DX=0000 SP=0B34 BP=0B36 SI=0003 DI=008A
DS=0F18 ES=0DAC SS=0F18 CS=0E06 IP=04D8 NV UP EI NG NZ AC PE CY
0E06:04D8 F2AE              REPNE   SCASB
AX=0000 BX=0DAC CX=FF77 DX=0000 SP=0B34 BP=0B36 SI=0003 DI=008B
DS=0F18 ES=0DAC SS=0F18 CS=0E06 IP=04DA NV UP EI PL ZR NA PE NC
0E06:04DA 46                INC     SI
AX=0000 BX=0DAC CX=FF77 DX=0000 SP=0B34 BP=0B36 SI=0004 DI=008B
DS=0F18 ES=0DAC SS=0F18 CS=0E06 IP=04DB NV UP EI PL NZ NA PO NC
0E06:04DB AE                SCASB
AX=0000 BX=0DAC CX=FF77 DX=0000 SP=0B34 BP=0B36 SI=0004 DI=008C
DS=0F18 ES=0DAC SS=0F18 CS=0E06 IP=04DC NV UP EI PL ZR NA PE NC
0E06:04DC 75FA              JNZ     04D8
AX=0000 BX=0DAC CX=FF77 DX=0000 SP=0B34 BP=0B36 SI=0004 DI=008C
DS=0F18 ES=0DAC SS=0F18 CS=0E06 IP=04DE NV UP EI PL ZR NA PE NC
0E06:04DE 8BC7              MOV     AX,DI
AX=008C BX=0DAC CX=FF77 DX=0000 SP=0B34 BP=0B36 SI=0004 DI=008C
DS=0F18 ES=0DAC SS=0F18 CS=0E06 IP=04E0 NV UP EI PL ZR NA PE NC
0E06:04E0 40                INC     AX
AX=008D BX=0DAC CX=FF77 DX=0000 SP=0B34 BP=0B36 SI=0004 DI=008C
DS=0F18 ES=0DAC SS=0F18 CS=0E06 IP=04E1 NV UP EI PL NZ NA PE NC
0E06:04E1 24FE              AND     AL,FE
AX=008C BX=0DAC CX=FF77 DX=0000 SP=0B34 BP=0B36 SI=0004 DI=008C
DS=0F18 ES=0DAC SS=0F18 CS=0E06 IP=04E3 NV UP EI NG NZ NA PO NC
0E06:04E3 46                INC     SI
AX=008C BX=0DAC CX=FF77 DX=0000 SP=0B34 BP=0B36 SI=0005 DI=008C
DS=0F18 ES=0DAC SS=0F18 CS=0E06 IP=04E4 NV UP EI PL NZ NA PE NC
0E06:04E4 8BFE              MOV     DI,SI
AX=008C BX=0DAC CX=FF77 DX=0000 SP=0B34 BP=0B36 SI=0005 DI=0005
DS=0F18 ES=0DAC SS=0F18 CS=0E06 IP=04E6 NV UP EI PL NZ NA PE NC
0E06:04E6 D1E6              SHL     SI,1
AX=008C BX=0DAC CX=FF77 DX=0000 SP=0B34 BP=0B36 SI=000A DI=0005
DS=0F18 ES=0DAC SS=0F18 CS=0E06 IP=04E8 NV UP EI PL NZ AC PE NC
0E06:04E8 B90900            MOV     CX,0009
AX=008C BX=0DAC CX=0009 DX=0000 SP=0B34 BP=0B36 SI=000A DI=0005
DS=0F18 ES=0DAC SS=0F18 CS=0E06 IP=04EB NV UP EI PL NZ AC PE NC
0E06:04EB E8A400            CALL    0592
AX=008C BX=0DAC CX=0009 DX=0000 SP=0B32 BP=0B36 SI=000A DI=0005
DS=0F18 ES=0DAC SS=0F18 CS=0E06 IP=0592 NV UP EI PL NZ AC PE NC
0E06:0592 53                PUSH    BX
AX=008C BX=0DAC CX=0009 DX=0000 SP=0B30 BP=0B36 SI=000A DI=0005
DS=0F18 ES=0DAC SS=0F18 CS=0E06 IP=0593 NV UP EI PL NZ AC PE NC
0E06:0593 06                PUSH    ES
AX=008C BX=0DAC CX=0009 DX=0000 SP=0B2E BP=0B36 SI=000A DI=0005
DS=0F18 ES=0DAC SS=0F18 CS=0E06 IP=0594 NV UP EI PL NZ AC PE NC
0E06:0594 51                PUSH    CX
AX=008C BX=0DAC CX=0009 DX=0000 SP=0B2C BP=0B36 SI=000A DI=0005
DS=0F18 ES=0DAC SS=0F18 CS=0E06 IP=0595 NV UP EI PL NZ AC PE NC
0E06:0595 B90004            MOV     CX,0400
AX=008C BX=0DAC CX=0400 DX=0000 SP=0B2C BP=0B36 SI=000A DI=0005
DS=0F18 ES=0DAC SS=0F18 CS=0E06 IP=0598 NV UP EI PL NZ AC PE NC
0E06:0598 870E3202          XCHG    CX,[0232]                      DS:0232=2000
AX=008C BX=0DAC CX=2000 DX=0000 SP=0B2C BP=0B36 SI=000A DI=0005
DS=0F18 ES=0DAC SS=0F18 CS=0E06 IP=059C NV UP EI PL NZ AC PE NC
0E06:059C 51                PUSH    CX
AX=008C BX=0DAC CX=2000 DX=0000 SP=0B2A BP=0B36 SI=000A DI=0005
DS=0F18 ES=0DAC SS=0F18 CS=0E06 IP=059D NV UP EI PL NZ AC PE NC
0E06:059D 50                PUSH    AX
AX=008C BX=0DAC CX=2000 DX=0000 SP=0B28 BP=0B36 SI=000A DI=0005
DS=0F18 ES=0DAC SS=0F18 CS=0E06 IP=059E NV UP EI PL NZ AC PE NC
0E06:059E E8AA0A            CALL    104B
AX=008C BX=0DAC CX=2000 DX=0000 SP=0B26 BP=0B36 SI=000A DI=0005
DS=0F18 ES=0DAC SS=0F18 CS=0E06 IP=104B NV UP EI PL NZ AC PE NC
0E06:104B 55                PUSH    BP
AX=008C BX=0DAC CX=2000 DX=0000 SP=0B24 BP=0B36 SI=000A DI=0005
DS=0F18 ES=0DAC SS=0F18 CS=0E06 IP=104C NV UP EI PL NZ AC PE NC
0E06:104C 8BEC              MOV     BP,SP
AX=008C BX=0DAC CX=2000 DX=0000 SP=0B24 BP=0B24 SI=000A DI=0005
DS=0F18 ES=0DAC SS=0F18 CS=0E06 IP=104E NV UP EI PL NZ AC PE NC
0E06:104E 56                PUSH    SI
AX=008C BX=0DAC CX=2000 DX=0000 SP=0B22 BP=0B24 SI=000A DI=0005
DS=0F18 ES=0DAC SS=0F18 CS=0E06 IP=104F NV UP EI PL NZ AC PE NC
0E06:104F 57                PUSH    DI
AX=008C BX=0DAC CX=2000 DX=0000 SP=0B20 BP=0B24 SI=000A DI=0005
DS=0F18 ES=0DAC SS=0F18 CS=0E06 IP=1050 NV UP EI PL NZ AC PE NC
0E06:1050 8B4E04            MOV     CX,[BP+04]                     SS:0B28=008C
AX=008C BX=0DAC CX=008C DX=0000 SP=0B20 BP=0B24 SI=000A DI=0005
DS=0F18 ES=0DAC SS=0F18 CS=0E06 IP=1053 NV UP EI PL NZ AC PE NC
0E06:1053 83F9E8            CMP     CX,-18
AX=008C BX=0DAC CX=008C DX=0000 SP=0B20 BP=0B24 SI=000A DI=0005
DS=0F18 ES=0DAC SS=0F18 CS=0E06 IP=1056 NV UP EI PL NZ NA PO CY
0E06:1056 7712              JA      106A
AX=008C BX=0DAC CX=008C DX=0000 SP=0B20 BP=0B24 SI=000A DI=0005
DS=0F18 ES=0DAC SS=0F18 CS=0E06 IP=1058 NV UP EI PL NZ NA PO CY
0E06:1058 BB5600            MOV     BX,0056
AX=008C BX=0056 CX=008C DX=0000 SP=0B20 BP=0B24 SI=000A DI=0005
DS=0F18 ES=0DAC SS=0F18 CS=0E06 IP=105B NV UP EI PL NZ NA PO CY
0E06:105B E82800            CALL    1086
AX=008C BX=0056 CX=008C DX=0000 SP=0B1E BP=0B24 SI=000A DI=0005
DS=0F18 ES=0DAC SS=0F18 CS=0E06 IP=1086 NV UP EI PL NZ NA PO CY
0E06:1086 41                INC     CX
AX=008C BX=0056 CX=008D DX=0000 SP=0B1E BP=0B24 SI=000A DI=0005
DS=0F18 ES=0DAC SS=0F18 CS=0E06 IP=1087 NV UP EI PL NZ NA PE CY
0E06:1087 80E1FE            AND     CL,FE
AX=008C BX=0056 CX=008C DX=0000 SP=0B1E BP=0B24 SI=000A DI=0005
DS=0F18 ES=0DAC SS=0F18 CS=0E06 IP=108A NV UP EI NG NZ NA PO NC
0E06:108A 53                PUSH    BX
AX=008C BX=0056 CX=008C DX=0000 SP=0B1C BP=0B24 SI=000A DI=0005
DS=0F18 ES=0DAC SS=0F18 CS=0E06 IP=108B NV UP EI NG NZ NA PO NC
0E06:108B FC                CLD
AX=008C BX=0056 CX=008C DX=0000 SP=0B1C BP=0B24 SI=000A DI=0005
DS=0F18 ES=0DAC SS=0F18 CS=0E06 IP=108C NV UP EI NG NZ NA PO NC
0E06:108C 8B7708            MOV     SI,[BX+08]                     DS:005E=0B3A
AX=008C BX=0056 CX=008C DX=0000 SP=0B1C BP=0B24 SI=0B3A DI=0005
DS=0F18 ES=0DAC SS=0F18 CS=0E06 IP=108F NV UP EI NG NZ NA PO NC
0E06:108F 8B5F0A            MOV     BX,[BX+0A]                     DS:0060=0B3C
AX=008C BX=0B3C CX=008C DX=0000 SP=0B1C BP=0B24 SI=0B3A DI=0005
DS=0F18 ES=0DAC SS=0F18 CS=0E06 IP=1092 NV UP EI NG NZ NA PO NC
0E06:1092 33FF              XOR     DI,DI
AX=008C BX=0B3C CX=008C DX=0000 SP=0B1C BP=0B24 SI=0B3A DI=0000
DS=0F18 ES=0DAC SS=0F18 CS=0E06 IP=1094 NV UP EI PL ZR NA PE NC
0E06:1094 EB23              JMP     10B9
AX=008C BX=0B3C CX=008C DX=0000 SP=0B1C BP=0B24 SI=0B3A DI=0000
DS=0F18 ES=0DAC SS=0F18 CS=0E06 IP=10B9 NV UP EI PL ZR NA PE NC
0E06:10B9 AD                LODSW
AX=0001 BX=0B3C CX=008C DX=0000 SP=0B1C BP=0B24 SI=0B3C DI=0000
DS=0F18 ES=0DAC SS=0F18 CS=0E06 IP=10BA NV UP EI PL ZR NA PE NC
0E06:10BA A801              TEST    AL,01
AX=0001 BX=0B3C CX=008C DX=0000 SP=0B1C BP=0B24 SI=0B3C DI=0000
DS=0F18 ES=0DAC SS=0F18 CS=0E06 IP=10BC NV UP EI PL NZ NA PO NC
0E06:10BC 74F0              JZ      10AE
AX=0001 BX=0B3C CX=008C DX=0000 SP=0B1C BP=0B24 SI=0B3C DI=0000
DS=0F18 ES=0DAC SS=0F18 CS=0E06 IP=10BE NV UP EI PL NZ NA PO NC
0E06:10BE 8BFE              MOV     DI,SI
AX=0001 BX=0B3C CX=008C DX=0000 SP=0B1C BP=0B24 SI=0B3C DI=0B3C
DS=0F18 ES=0DAC SS=0F18 CS=0E06 IP=10C0 NV UP EI PL NZ NA PO NC
0E06:10C0 48                DEC     AX
AX=0000 BX=0B3C CX=008C DX=0000 SP=0B1C BP=0B24 SI=0B3C DI=0B3C
DS=0F18 ES=0DAC SS=0F18 CS=0E06 IP=10C1 NV UP EI PL ZR NA PE NC
0E06:10C1 3BC1              CMP     AX,CX
AX=0000 BX=0B3C CX=008C DX=0000 SP=0B1C BP=0B24 SI=0B3C DI=0B3C
DS=0F18 ES=0DAC SS=0F18 CS=0E06 IP=10C3 NV UP EI NG NZ AC PE CY
0E06:10C3 7323              JAE     10E8
AX=0000 BX=0B3C CX=008C DX=0000 SP=0B1C BP=0B24 SI=0B3C DI=0B3C
DS=0F18 ES=0DAC SS=0F18 CS=0E06 IP=10C5 NV UP EI NG NZ AC PE CY
0E06:10C5 03F0              ADD     SI,AX
AX=0000 BX=0B3C CX=008C DX=0000 SP=0B1C BP=0B24 SI=0B3C DI=0B3C
DS=0F18 ES=0DAC SS=0F18 CS=0E06 IP=10C7 NV UP EI PL NZ NA PE NC
0E06:10C7 7213              JB      10DC
AX=0000 BX=0B3C CX=008C DX=0000 SP=0B1C BP=0B24 SI=0B3C DI=0B3C
DS=0F18 ES=0DAC SS=0F18 CS=0E06 IP=10C9 NV UP EI PL NZ NA PE NC
0E06:10C9 8BD0              MOV     DX,AX
AX=0000 BX=0B3C CX=008C DX=0000 SP=0B1C BP=0B24 SI=0B3C DI=0B3C
DS=0F18 ES=0DAC SS=0F18 CS=0E06 IP=10CB NV UP EI PL NZ NA PE NC
0E06:10CB AD                LODSW
AX=FFFE BX=0B3C CX=008C DX=0000 SP=0B1C BP=0B24 SI=0B3E DI=0B3C
DS=0F18 ES=0DAC SS=0F18 CS=0E06 IP=10CC NV UP EI PL NZ NA PE NC
0E06:10CC A801              TEST    AL,01
AX=FFFE BX=0B3C CX=008C DX=0000 SP=0B1C BP=0B24 SI=0B3E DI=0B3C
DS=0F18 ES=0DAC SS=0F18 CS=0E06 IP=10CE NV UP EI PL ZR NA PE NC
0E06:10CE 74DE              JZ      10AE
AX=FFFE BX=0B3C CX=008C DX=0000 SP=0B1C BP=0B24 SI=0B3E DI=0B3C
DS=0F18 ES=0DAC SS=0F18 CS=0E06 IP=10AE NV UP EI PL ZR NA PE NC
0E06:10AE 8D54FE            LEA     DX,[SI-02]                     DS:0B3C=FFFE
AX=FFFE BX=0B3C CX=008C DX=0B3C SP=0B1C BP=0B24 SI=0B3E DI=0B3C
DS=0F18 ES=0DAC SS=0F18 CS=0E06 IP=10B1 NV UP EI PL ZR NA PE NC
0E06:10B1 3BD3              CMP     DX,BX
AX=FFFE BX=0B3C CX=008C DX=0B3C SP=0B1C BP=0B24 SI=0B3E DI=0B3C
DS=0F18 ES=0DAC SS=0F18 CS=0E06 IP=10B3 NV UP EI PL ZR NA PE NC
0E06:10B3 73E1              JAE     1096
AX=FFFE BX=0B3C CX=008C DX=0B3C SP=0B1C BP=0B24 SI=0B3E DI=0B3C
DS=0F18 ES=0DAC SS=0F18 CS=0E06 IP=1096 NV UP EI PL ZR NA PE NC
0E06:1096 8BC3              MOV     AX,BX
AX=0B3C BX=0B3C CX=008C DX=0B3C SP=0B1C BP=0B24 SI=0B3E DI=0B3C
DS=0F18 ES=0DAC SS=0F18 CS=0E06 IP=1098 NV UP EI PL ZR NA PE NC
0E06:1098 5B                POP     BX
AX=0B3C BX=0056 CX=008C DX=0B3C SP=0B1E BP=0B24 SI=0B3E DI=0B3C
DS=0F18 ES=0DAC SS=0F18 CS=0E06 IP=1099 NV UP EI PL ZR NA PE NC
0E06:1099 A801              TEST    AL,01
AX=0B3C BX=0056 CX=008C DX=0B3C SP=0B1E BP=0B24 SI=0B3E DI=0B3C
DS=0F18 ES=0DAC SS=0F18 CS=0E06 IP=109B NV UP EI PL ZR NA PE NC
0E06:109B 7542              JNZ     10DF
AX=0B3C BX=0056 CX=008C DX=0B3C SP=0B1E BP=0B24 SI=0B3E DI=0B3C
DS=0F18 ES=0DAC SS=0F18 CS=0E06 IP=109D NV UP EI PL ZR NA PE NC
0E06:109D 53                PUSH    BX
AX=0B3C BX=0056 CX=008C DX=0B3C SP=0B1C BP=0B24 SI=0B3E DI=0B3C
DS=0F18 ES=0DAC SS=0F18 CS=0E06 IP=109E NV UP EI PL ZR NA PE NC
0E06:109E 8B7706            MOV     SI,[BX+06]                     DS:005C=0B3A
AX=0B3C BX=0056 CX=008C DX=0B3C SP=0B1C BP=0B24 SI=0B3A DI=0B3C
DS=0F18 ES=0DAC SS=0F18 CS=0E06 IP=10A1 NV UP EI PL ZR NA PE NC
0E06:10A1 8B5F08            MOV     BX,[BX+08]                     DS:005E=0B3A
AX=0B3C BX=0B3A CX=008C DX=0B3C SP=0B1C BP=0B24 SI=0B3A DI=0B3C
DS=0F18 ES=0DAC SS=0F18 CS=0E06 IP=10A4 NV UP EI PL ZR NA PE NC
0E06:10A4 3BDE              CMP     BX,SI
AX=0B3C BX=0B3A CX=008C DX=0B3C SP=0B1C BP=0B24 SI=0B3A DI=0B3C
DS=0F18 ES=0DAC SS=0F18 CS=0E06 IP=10A6 NV UP EI PL ZR NA PE NC
0E06:10A6 7436              JZ      10DE
AX=0B3C BX=0B3A CX=008C DX=0B3C SP=0B1C BP=0B24 SI=0B3A DI=0B3C
DS=0F18 ES=0DAC SS=0F18 CS=0E06 IP=10DE NV UP EI PL ZR NA PE NC
0E06:10DE 5B                POP     BX
AX=0B3C BX=0056 CX=008C DX=0B3C SP=0B1E BP=0B24 SI=0B3A DI=0B3C
DS=0F18 ES=0DAC SS=0F18 CS=0E06 IP=10DF NV UP EI PL ZR NA PE NC
0E06:10DF 8B4706            MOV     AX,[BX+06]                     DS:005C=0B3A
AX=0B3A BX=0056 CX=008C DX=0B3C SP=0B1E BP=0B24 SI=0B3A DI=0B3C
DS=0F18 ES=0DAC SS=0F18 CS=0E06 IP=10E2 NV UP EI PL ZR NA PE NC
0E06:10E2 894708            MOV     [BX+08],AX                     DS:005E=0B3A
AX=0B3A BX=0056 CX=008C DX=0B3C SP=0B1E BP=0B24 SI=0B3A DI=0B3C
DS=0F18 ES=0DAC SS=0F18 CS=0E06 IP=10E5 NV UP EI PL ZR NA PE NC
0E06:10E5 F9                STC
AX=0B3A BX=0056 CX=008C DX=0B3C SP=0B1E BP=0B24 SI=0B3A DI=0B3C
DS=0F18 ES=0DAC SS=0F18 CS=0E06 IP=10E6 NV UP EI PL ZR NA PE CY
0E06:10E6 EB19              JMP     1101
AX=0B3A BX=0056 CX=008C DX=0B3C SP=0B1E BP=0B24 SI=0B3A DI=0B3C
DS=0F18 ES=0DAC SS=0F18 CS=0E06 IP=1101 NV UP EI PL ZR NA PE CY
0E06:1101 C3                RET
AX=0B3A BX=0056 CX=008C DX=0B3C SP=0B20 BP=0B24 SI=0B3A DI=0B3C
DS=0F18 ES=0DAC SS=0F18 CS=0E06 IP=105E NV UP EI PL ZR NA PE CY
0E06:105E 7321              JAE     1081
AX=0B3A BX=0056 CX=008C DX=0B3C SP=0B20 BP=0B24 SI=0B3A DI=0B3C
DS=0F18 ES=0DAC SS=0F18 CS=0E06 IP=1060 NV UP EI PL ZR NA PE CY
0E06:1060 E845FB            CALL    0BA8
AX=0B3A BX=0056 CX=008C DX=0B3C SP=0B1E BP=0B24 SI=0B3A DI=0B3C
DS=0F18 ES=0DAC SS=0F18 CS=0E06 IP=0BA8 NV UP EI PL ZR NA PE CY
0E06:0BA8 51                PUSH    CX
AX=0B3A BX=0056 CX=008C DX=0B3C SP=0B1C BP=0B24 SI=0B3A DI=0B3C
DS=0F18 ES=0DAC SS=0F18 CS=0E06 IP=0BA9 NV UP EI PL ZR NA PE CY
0E06:0BA9 57                PUSH    DI
AX=0B3A BX=0056 CX=008C DX=0B3C SP=0B1A BP=0B24 SI=0B3A DI=0B3C
DS=0F18 ES=0DAC SS=0F18 CS=0E06 IP=0BAA NV UP EI PL ZR NA PE CY
0E06:0BAA F6470201          TEST    BYTE PTR [BX+02],01              DS:0058=05
AX=0B3A BX=0056 CX=008C DX=0B3C SP=0B1A BP=0B24 SI=0B3A DI=0B3C
DS=0F18 ES=0DAC SS=0F18 CS=0E06 IP=0BAE NV UP EI PL NZ NA PO NC
0E06:0BAE 7463              JZ      0C13
AX=0B3A BX=0056 CX=008C DX=0B3C SP=0B1A BP=0B24 SI=0B3A DI=0B3C
DS=0F18 ES=0DAC SS=0F18 CS=0E06 IP=0BB0 NV UP EI PL NZ NA PO NC
0E06:0BB0 E8D200            CALL    0C85
AX=0B3A BX=0056 CX=008C DX=0B3C SP=0B18 BP=0B24 SI=0B3A DI=0B3C
DS=0F18 ES=0DAC SS=0F18 CS=0E06 IP=0C85 NV UP EI PL NZ NA PO NC
0E06:0C85 57                PUSH    DI
AX=0B3A BX=0056 CX=008C DX=0B3C SP=0B16 BP=0B24 SI=0B3A DI=0B3C
DS=0F18 ES=0DAC SS=0F18 CS=0E06 IP=0C86 NV UP EI PL NZ NA PO NC
0E06:0C86 8B7708            MOV     SI,[BX+08]                     DS:005E=0B3A
AX=0B3A BX=0056 CX=008C DX=0B3C SP=0B16 BP=0B24 SI=0B3A DI=0B3C
DS=0F18 ES=0DAC SS=0F18 CS=0E06 IP=0C89 NV UP EI PL NZ NA PO NC
0E06:0C89 3B770A            CMP     SI,[BX+0A]                     DS:0060=0B3C
AX=0B3A BX=0056 CX=008C DX=0B3C SP=0B16 BP=0B24 SI=0B3A DI=0B3C
DS=0F18 ES=0DAC SS=0F18 CS=0E06 IP=0C8C NV UP EI NG NZ AC PO CY
0E06:0C8C 7503              JNZ     0C91
AX=0B3A BX=0056 CX=008C DX=0B3C SP=0B16 BP=0B24 SI=0B3A DI=0B3C
DS=0F18 ES=0DAC SS=0F18 CS=0E06 IP=0C91 NV UP EI NG NZ AC PO CY
0E06:0C91 AD                LODSW
AX=0001 BX=0056 CX=008C DX=0B3C SP=0B16 BP=0B24 SI=0B3C DI=0B3C
DS=0F18 ES=0DAC SS=0F18 CS=0E06 IP=0C92 NV UP EI NG NZ AC PO CY
0E06:0C92 83F8FE            CMP     AX,-02
AX=0001 BX=0056 CX=008C DX=0B3C SP=0B16 BP=0B24 SI=0B3C DI=0B3C
DS=0F18 ES=0DAC SS=0F18 CS=0E06 IP=0C95 NV UP EI PL NZ AC PE CY
0E06:0C95 7408              JZ      0C9F
AX=0001 BX=0056 CX=008C DX=0B3C SP=0B16 BP=0B24 SI=0B3C DI=0B3C
DS=0F18 ES=0DAC SS=0F18 CS=0E06 IP=0C97 NV UP EI PL NZ AC PE CY
0E06:0C97 8BFE              MOV     DI,SI
AX=0001 BX=0056 CX=008C DX=0B3C SP=0B16 BP=0B24 SI=0B3C DI=0B3C
DS=0F18 ES=0DAC SS=0F18 CS=0E06 IP=0C99 NV UP EI PL NZ AC PE CY
0E06:0C99 24FE              AND     AL,FE
AX=0000 BX=0056 CX=008C DX=0B3C SP=0B16 BP=0B24 SI=0B3C DI=0B3C
DS=0F18 ES=0DAC SS=0F18 CS=0E06 IP=0C9B NV UP EI PL ZR NA PE NC
0E06:0C9B 03F0              ADD     SI,AX
AX=0000 BX=0056 CX=008C DX=0B3C SP=0B16 BP=0B24 SI=0B3C DI=0B3C
DS=0F18 ES=0DAC SS=0F18 CS=0E06 IP=0C9D NV UP EI PL NZ NA PE NC
0E06:0C9D EBF2              JMP     0C91
AX=0000 BX=0056 CX=008C DX=0B3C SP=0B16 BP=0B24 SI=0B3C DI=0B3C
DS=0F18 ES=0DAC SS=0F18 CS=0E06 IP=0C91 NV UP EI PL NZ NA PE NC
0E06:0C91 AD                LODSW
AX=FFFE BX=0056 CX=008C DX=0B3C SP=0B16 BP=0B24 SI=0B3E DI=0B3C
DS=0F18 ES=0DAC SS=0F18 CS=0E06 IP=0C92 NV UP EI PL NZ NA PE NC
0E06:0C92 83F8FE            CMP     AX,-02
AX=FFFE BX=0056 CX=008C DX=0B3C SP=0B16 BP=0B24 SI=0B3E DI=0B3C
DS=0F18 ES=0DAC SS=0F18 CS=0E06 IP=0C95 NV UP EI PL ZR NA PE NC
0E06:0C95 7408              JZ      0C9F
AX=FFFE BX=0056 CX=008C DX=0B3C SP=0B16 BP=0B24 SI=0B3E DI=0B3C
DS=0F18 ES=0DAC SS=0F18 CS=0E06 IP=0C9F NV UP EI PL ZR NA PE NC
0E06:0C9F 4F                DEC     DI
AX=FFFE BX=0056 CX=008C DX=0B3C SP=0B16 BP=0B24 SI=0B3E DI=0B3B
DS=0F18 ES=0DAC SS=0F18 CS=0E06 IP=0CA0 NV UP EI PL NZ NA PO NC
0E06:0CA0 4F                DEC     DI
AX=FFFE BX=0056 CX=008C DX=0B3C SP=0B16 BP=0B24 SI=0B3E DI=0B3A
DS=0F18 ES=0DAC SS=0F18 CS=0E06 IP=0CA1 NV UP EI PL NZ NA PE NC
0E06:0CA1 8BF7              MOV     SI,DI
AX=FFFE BX=0056 CX=008C DX=0B3C SP=0B16 BP=0B24 SI=0B3A DI=0B3A
DS=0F18 ES=0DAC SS=0F18 CS=0E06 IP=0CA3 NV UP EI PL NZ NA PE NC
0E06:0CA3 5F                POP     DI
AX=FFFE BX=0056 CX=008C DX=0B3C SP=0B18 BP=0B24 SI=0B3A DI=0B3C
DS=0F18 ES=0DAC SS=0F18 CS=0E06 IP=0CA4 NV UP EI PL NZ NA PE NC
0E06:0CA4 C3                RET
AX=FFFE BX=0056 CX=008C DX=0B3C SP=0B1A BP=0B24 SI=0B3A DI=0B3C
DS=0F18 ES=0DAC SS=0F18 CS=0E06 IP=0BB3 NV UP EI PL NZ NA PE NC
0E06:0BB3 8BFE              MOV     DI,SI
AX=FFFE BX=0056 CX=008C DX=0B3C SP=0B1A BP=0B24 SI=0B3A DI=0B3A
DS=0F18 ES=0DAC SS=0F18 CS=0E06 IP=0BB5 NV UP EI PL NZ NA PE NC
0E06:0BB5 8B04              MOV     AX,[SI]                        DS:0B3A=0001
AX=0001 BX=0056 CX=008C DX=0B3C SP=0B1A BP=0B24 SI=0B3A DI=0B3A
DS=0F18 ES=0DAC SS=0F18 CS=0E06 IP=0BB7 NV UP EI PL NZ NA PE NC
0E06:0BB7 A801              TEST    AL,01
AX=0001 BX=0056 CX=008C DX=0B3C SP=0B1A BP=0B24 SI=0B3A DI=0B3A
DS=0F18 ES=0DAC SS=0F18 CS=0E06 IP=0BB9 NV UP EI PL NZ NA PO NC
0E06:0BB9 7403              JZ      0BBE
AX=0001 BX=0056 CX=008C DX=0B3C SP=0B1A BP=0B24 SI=0B3A DI=0B3A
DS=0F18 ES=0DAC SS=0F18 CS=0E06 IP=0BBB NV UP EI PL NZ NA PO NC
0E06:0BBB 2BC8              SUB     CX,AX
AX=0001 BX=0056 CX=008B DX=0B3C SP=0B1A BP=0B24 SI=0B3A DI=0B3A
DS=0F18 ES=0DAC SS=0F18 CS=0E06 IP=0BBD NV UP EI PL NZ NA PE NC
0E06:0BBD 49                DEC     CX
AX=0001 BX=0056 CX=008A DX=0B3C SP=0B1A BP=0B24 SI=0B3A DI=0B3A
DS=0F18 ES=0DAC SS=0F18 CS=0E06 IP=0BBE NV UP EI PL NZ NA PO NC
0E06:0BBE 41                INC     CX
AX=0001 BX=0056 CX=008B DX=0B3C SP=0B1A BP=0B24 SI=0B3A DI=0B3A
DS=0F18 ES=0DAC SS=0F18 CS=0E06 IP=0BBF NV UP EI PL NZ NA PE NC
0E06:0BBF 41                INC     CX
AX=0001 BX=0056 CX=008C DX=0B3C SP=0B1A BP=0B24 SI=0B3A DI=0B3A
DS=0F18 ES=0DAC SS=0F18 CS=0E06 IP=0BC0 NV UP EI PL NZ NA PO NC
0E06:0BC0 8B7704            MOV     SI,[BX+04]                     DS:005A=0B3E
AX=0001 BX=0056 CX=008C DX=0B3C SP=0B1A BP=0B24 SI=0B3E DI=0B3A
DS=0F18 ES=0DAC SS=0F18 CS=0E06 IP=0BC3 NV UP EI PL NZ NA PO NC
0E06:0BC3 0BF6              OR      SI,SI
AX=0001 BX=0056 CX=008C DX=0B3C SP=0B1A BP=0B24 SI=0B3E DI=0B3A
DS=0F18 ES=0DAC SS=0F18 CS=0E06 IP=0BC5 NV UP EI PL NZ NA PO NC
0E06:0BC5 744C              JZ      0C13
AX=0001 BX=0056 CX=008C DX=0B3C SP=0B1A BP=0B24 SI=0B3E DI=0B3A
DS=0F18 ES=0DAC SS=0F18 CS=0E06 IP=0BC7 NV UP EI PL NZ NA PO NC
0E06:0BC7 03CE              ADD     CX,SI
AX=0001 BX=0056 CX=0BCA DX=0B3C SP=0B1A BP=0B24 SI=0B3E DI=0B3A
DS=0F18 ES=0DAC SS=0F18 CS=0E06 IP=0BC9 NV UP EI PL NZ AC PE NC
0E06:0BC9 7309              JAE     0BD4
AX=0001 BX=0056 CX=0BCA DX=0B3C SP=0B1A BP=0B24 SI=0B3E DI=0B3A
DS=0F18 ES=0DAC SS=0F18 CS=0E06 IP=0BD4 NV UP EI PL NZ AC PE NC
0E06:0BD4 16                PUSH    SS
AX=0001 BX=0056 CX=0BCA DX=0B3C SP=0B18 BP=0B24 SI=0B3E DI=0B3A
DS=0F18 ES=0DAC SS=0F18 CS=0E06 IP=0BD5 NV UP EI PL NZ AC PE NC
0E06:0BD5 07                POP     ES
AX=0001 BX=0056 CX=0BCA DX=0B3C SP=0B1A BP=0B24 SI=0B3E DI=0B3A
DS=0F18 ES=0F18 SS=0F18 CS=0E06 IP=0BD6 NV UP EI PL NZ AC PE NC
0E06:0BD6 26A13202          MOV     AX,ES:[0232]                   ES:0232=0400
AX=0400 BX=0056 CX=0BCA DX=0B3C SP=0B1A BP=0B24 SI=0B3E DI=0B3A
DS=0F18 ES=0F18 SS=0F18 CS=0E06 IP=0BDA NV UP EI PL NZ AC PE NC
0E06:0BDA 3D0020            CMP     AX,2000
AX=0400 BX=0056 CX=0BCA DX=0B3C SP=0B1A BP=0B24 SI=0B3E DI=0B3A
DS=0F18 ES=0F18 SS=0F18 CS=0E06 IP=0BDD NV UP EI NG NZ NA PE CY
0E06:0BDD 7416              JZ      0BF5
AX=0400 BX=0056 CX=0BCA DX=0B3C SP=0B1A BP=0B24 SI=0B3E DI=0B3A
DS=0F18 ES=0F18 SS=0F18 CS=0E06 IP=0BDF NV UP EI NG NZ NA PE CY
0E06:0BDF BA0080            MOV     DX,8000
AX=0400 BX=0056 CX=0BCA DX=8000 SP=0B1A BP=0B24 SI=0B3E DI=0B3A
DS=0F18 ES=0F18 SS=0F18 CS=0E06 IP=0BE2 NV UP EI NG NZ NA PE CY
0E06:0BE2 3BD0              CMP     DX,AX
AX=0400 BX=0056 CX=0BCA DX=8000 SP=0B1A BP=0B24 SI=0B3E DI=0B3A
DS=0F18 ES=0F18 SS=0F18 CS=0E06 IP=0BE4 OV UP EI PL NZ NA PE NC
0E06:0BE4 7206              JB      0BEC
AX=0400 BX=0056 CX=0BCA DX=8000 SP=0B1A BP=0B24 SI=0B3E DI=0B3A
DS=0F18 ES=0F18 SS=0F18 CS=0E06 IP=0BE6 OV UP EI PL NZ NA PE NC
0E06:0BE6 D1EA              SHR     DX,1
AX=0400 BX=0056 CX=0BCA DX=4000 SP=0B1A BP=0B24 SI=0B3E DI=0B3A
DS=0F18 ES=0F18 SS=0F18 CS=0E06 IP=0BE8 OV UP EI PL NZ AC PE NC
0E06:0BE8 75F8              JNZ     0BE2
AX=0400 BX=0056 CX=0BCA DX=4000 SP=0B1A BP=0B24 SI=0B3E DI=0B3A
DS=0F18 ES=0F18 SS=0F18 CS=0E06 IP=0BE2 OV UP EI PL NZ AC PE NC
0E06:0BE2 3BD0              CMP     DX,AX
AX=0400 BX=0056 CX=0BCA DX=4000 SP=0B1A BP=0B24 SI=0B3E DI=0B3A
DS=0F18 ES=0F18 SS=0F18 CS=0E06 IP=0BE4 NV UP EI PL NZ NA PE NC
0E06:0BE4 7206              JB      0BEC
AX=0400 BX=0056 CX=0BCA DX=4000 SP=0B1A BP=0B24 SI=0B3E DI=0B3A
DS=0F18 ES=0F18 SS=0F18 CS=0E06 IP=0BE6 NV UP EI PL NZ NA PE NC
0E06:0BE6 D1EA              SHR     DX,1
AX=0400 BX=0056 CX=0BCA DX=2000 SP=0B1A BP=0B24 SI=0B3E DI=0B3A
DS=0F18 ES=0F18 SS=0F18 CS=0E06 IP=0BE8 NV UP EI PL NZ AC PE NC
0E06:0BE8 75F8              JNZ     0BE2
AX=0400 BX=0056 CX=0BCA DX=2000 SP=0B1A BP=0B24 SI=0B3E DI=0B3A
DS=0F18 ES=0F18 SS=0F18 CS=0E06 IP=0BE2 NV UP EI PL NZ AC PE NC
0E06:0BE2 3BD0              CMP     DX,AX
AX=0400 BX=0056 CX=0BCA DX=2000 SP=0B1A BP=0B24 SI=0B3E DI=0B3A
DS=0F18 ES=0F18 SS=0F18 CS=0E06 IP=0BE4 NV UP EI PL NZ NA PE NC
0E06:0BE4 7206              JB      0BEC
AX=0400 BX=0056 CX=0BCA DX=2000 SP=0B1A BP=0B24 SI=0B3E DI=0B3A
DS=0F18 ES=0F18 SS=0F18 CS=0E06 IP=0BE6 NV UP EI PL NZ NA PE NC
0E06:0BE6 D1EA              SHR     DX,1
AX=0400 BX=0056 CX=0BCA DX=1000 SP=0B1A BP=0B24 SI=0B3E DI=0B3A
DS=0F18 ES=0F18 SS=0F18 CS=0E06 IP=0BE8 NV UP EI PL NZ AC PE NC
0E06:0BE8 75F8              JNZ     0BE2
AX=0400 BX=0056 CX=0BCA DX=1000 SP=0B1A BP=0B24 SI=0B3E DI=0B3A
DS=0F18 ES=0F18 SS=0F18 CS=0E06 IP=0BE2 NV UP EI PL NZ AC PE NC
0E06:0BE2 3BD0              CMP     DX,AX
AX=0400 BX=0056 CX=0BCA DX=1000 SP=0B1A BP=0B24 SI=0B3E DI=0B3A
DS=0F18 ES=0F18 SS=0F18 CS=0E06 IP=0BE4 NV UP EI PL NZ NA PE NC
0E06:0BE4 7206              JB      0BEC
AX=0400 BX=0056 CX=0BCA DX=1000 SP=0B1A BP=0B24 SI=0B3E DI=0B3A
DS=0F18 ES=0F18 SS=0F18 CS=0E06 IP=0BE6 NV UP EI PL NZ NA PE NC
0E06:0BE6 D1EA              SHR     DX,1
AX=0400 BX=0056 CX=0BCA DX=0800 SP=0B1A BP=0B24 SI=0B3E DI=0B3A
DS=0F18 ES=0F18 SS=0F18 CS=0E06 IP=0BE8 NV UP EI PL NZ AC PE NC
0E06:0BE8 75F8              JNZ     0BE2
AX=0400 BX=0056 CX=0BCA DX=0800 SP=0B1A BP=0B24 SI=0B3E DI=0B3A
DS=0F18 ES=0F18 SS=0F18 CS=0E06 IP=0BE2 NV UP EI PL NZ AC PE NC
0E06:0BE2 3BD0              CMP     DX,AX
AX=0400 BX=0056 CX=0BCA DX=0800 SP=0B1A BP=0B24 SI=0B3E DI=0B3A
DS=0F18 ES=0F18 SS=0F18 CS=0E06 IP=0BE4 NV UP EI PL NZ NA PE NC
0E06:0BE4 7206              JB      0BEC
AX=0400 BX=0056 CX=0BCA DX=0800 SP=0B1A BP=0B24 SI=0B3E DI=0B3A
DS=0F18 ES=0F18 SS=0F18 CS=0E06 IP=0BE6 NV UP EI PL NZ NA PE NC
0E06:0BE6 D1EA              SHR     DX,1
AX=0400 BX=0056 CX=0BCA DX=0400 SP=0B1A BP=0B24 SI=0B3E DI=0B3A
DS=0F18 ES=0F18 SS=0F18 CS=0E06 IP=0BE8 NV UP EI PL NZ AC PE NC
0E06:0BE8 75F8              JNZ     0BE2
AX=0400 BX=0056 CX=0BCA DX=0400 SP=0B1A BP=0B24 SI=0B3E DI=0B3A
DS=0F18 ES=0F18 SS=0F18 CS=0E06 IP=0BE2 NV UP EI PL NZ AC PE NC
0E06:0BE2 3BD0              CMP     DX,AX
AX=0400 BX=0056 CX=0BCA DX=0400 SP=0B1A BP=0B24 SI=0B3E DI=0B3A
DS=0F18 ES=0F18 SS=0F18 CS=0E06 IP=0BE4 NV UP EI PL ZR NA PE NC
0E06:0BE4 7206              JB      0BEC
AX=0400 BX=0056 CX=0BCA DX=0400 SP=0B1A BP=0B24 SI=0B3E DI=0B3A
DS=0F18 ES=0F18 SS=0F18 CS=0E06 IP=0BE6 NV UP EI PL ZR NA PE NC
0E06:0BE6 D1EA              SHR     DX,1
AX=0400 BX=0056 CX=0BCA DX=0200 SP=0B1A BP=0B24 SI=0B3E DI=0B3A
DS=0F18 ES=0F18 SS=0F18 CS=0E06 IP=0BE8 NV UP EI PL NZ AC PE NC
0E06:0BE8 75F8              JNZ     0BE2
AX=0400 BX=0056 CX=0BCA DX=0200 SP=0B1A BP=0B24 SI=0B3E DI=0B3A
DS=0F18 ES=0F18 SS=0F18 CS=0E06 IP=0BE2 NV UP EI PL NZ AC PE NC
0E06:0BE2 3BD0              CMP     DX,AX
AX=0400 BX=0056 CX=0BCA DX=0200 SP=0B1A BP=0B24 SI=0B3E DI=0B3A
DS=0F18 ES=0F18 SS=0F18 CS=0E06 IP=0BE4 NV UP EI NG NZ NA PE CY
0E06:0BE4 7206              JB      0BEC
AX=0400 BX=0056 CX=0BCA DX=0200 SP=0B1A BP=0B24 SI=0B3E DI=0B3A
DS=0F18 ES=0F18 SS=0F18 CS=0E06 IP=0BEC NV UP EI NG NZ NA PE CY
0E06:0BEC 83FA08            CMP     DX,+08
AX=0400 BX=0056 CX=0BCA DX=0200 SP=0B1A BP=0B24 SI=0B3E DI=0B3A
DS=0F18 ES=0F18 SS=0F18 CS=0E06 IP=0BEF NV UP EI PL NZ AC PO NC
0E06:0BEF 721D              JB      0C0E
AX=0400 BX=0056 CX=0BCA DX=0200 SP=0B1A BP=0B24 SI=0B3E DI=0B3A
DS=0F18 ES=0F18 SS=0F18 CS=0E06 IP=0BF1 NV UP EI PL NZ AC PO NC
0E06:0BF1 D1E2              SHL     DX,1
AX=0400 BX=0056 CX=0BCA DX=0400 SP=0B1A BP=0B24 SI=0B3E DI=0B3A
DS=0F18 ES=0F18 SS=0F18 CS=0E06 IP=0BF3 NV UP EI PL NZ AC PE NC
0E06:0BF3 8BC2              MOV     AX,DX
AX=0400 BX=0056 CX=0BCA DX=0400 SP=0B1A BP=0B24 SI=0B3E DI=0B3A
DS=0F18 ES=0F18 SS=0F18 CS=0E06 IP=0BF5 NV UP EI PL NZ AC PE NC
0E06:0BF5 48                DEC     AX
AX=03FF BX=0056 CX=0BCA DX=0400 SP=0B1A BP=0B24 SI=0B3E DI=0B3A
DS=0F18 ES=0F18 SS=0F18 CS=0E06 IP=0BF6 NV UP EI PL NZ AC PE NC
0E06:0BF6 8BD0              MOV     DX,AX
AX=03FF BX=0056 CX=0BCA DX=03FF SP=0B1A BP=0B24 SI=0B3E DI=0B3A
DS=0F18 ES=0F18 SS=0F18 CS=0E06 IP=0BF8 NV UP EI PL NZ AC PE NC
0E06:0BF8 03C1              ADD     AX,CX
AX=0FC9 BX=0056 CX=0BCA DX=03FF SP=0B1A BP=0B24 SI=0B3E DI=0B3A
DS=0F18 ES=0F18 SS=0F18 CS=0E06 IP=0BFA NV UP EI PL NZ AC PE NC
0E06:0BFA 7302              JAE     0BFE
AX=0FC9 BX=0056 CX=0BCA DX=03FF SP=0B1A BP=0B24 SI=0B3E DI=0B3A
DS=0F18 ES=0F18 SS=0F18 CS=0E06 IP=0BFE NV UP EI PL NZ AC PE NC
0E06:0BFE F7D2              NOT     DX
AX=0FC9 BX=0056 CX=0BCA DX=FC00 SP=0B1A BP=0B24 SI=0B3E DI=0B3A
DS=0F18 ES=0F18 SS=0F18 CS=0E06 IP=0C00 NV UP EI PL NZ AC PE NC
0E06:0C00 23C2              AND     AX,DX
AX=0C00 BX=0056 CX=0BCA DX=FC00 SP=0B1A BP=0B24 SI=0B3E DI=0B3A
DS=0F18 ES=0F18 SS=0F18 CS=0E06 IP=0C02 NV UP EI PL NZ NA PE NC
0E06:0C02 52                PUSH    DX
AX=0C00 BX=0056 CX=0BCA DX=FC00 SP=0B18 BP=0B24 SI=0B3E DI=0B3A
DS=0F18 ES=0F18 SS=0F18 CS=0E06 IP=0C03 NV UP EI PL NZ NA PE NC
0E06:0C03 E82E00            CALL    0C34
AX=0C00 BX=0056 CX=0BCA DX=FC00 SP=0B16 BP=0B24 SI=0B3E DI=0B3A
DS=0F18 ES=0F18 SS=0F18 CS=0E06 IP=0C34 NV UP EI PL NZ NA PE NC
0E06:0C34 8BD0              MOV     DX,AX
AX=0C00 BX=0056 CX=0BCA DX=0C00 SP=0B16 BP=0B24 SI=0B3E DI=0B3A
DS=0F18 ES=0F18 SS=0F18 CS=0E06 IP=0C36 NV UP EI PL NZ NA PE NC
0E06:0C36 F6470204          TEST    BYTE PTR [BX+02],04              DS:0058=05
AX=0C00 BX=0056 CX=0BCA DX=0C00 SP=0B16 BP=0B24 SI=0B3E DI=0B3A
DS=0F18 ES=0F18 SS=0F18 CS=0E06 IP=0C3A NV UP EI PL NZ NA PO NC
0E06:0C3A 740F              JZ      0C4B
AX=0C00 BX=0056 CX=0BCA DX=0C00 SP=0B16 BP=0B24 SI=0B3E DI=0B3A
DS=0F18 ES=0F18 SS=0F18 CS=0E06 IP=0C3C NV UP EI PL NZ NA PO NC
0E06:0C3C 4A                DEC     DX
AX=0C00 BX=0056 CX=0BCA DX=0BFF SP=0B16 BP=0B24 SI=0B3E DI=0B3A
DS=0F18 ES=0F18 SS=0F18 CS=0E06 IP=0C3D NV UP EI PL NZ AC PE NC
0E06:0C3D 8B7704            MOV     SI,[BX+04]                     DS:005A=0B3E
AX=0C00 BX=0056 CX=0BCA DX=0BFF SP=0B16 BP=0B24 SI=0B3E DI=0B3A
DS=0F18 ES=0F18 SS=0F18 CS=0E06 IP=0C40 NV UP EI PL NZ AC PE NC
0E06:0C40 4E                DEC     SI
AX=0C00 BX=0056 CX=0BCA DX=0BFF SP=0B16 BP=0B24 SI=0B3D DI=0B3A
DS=0F18 ES=0F18 SS=0F18 CS=0E06 IP=0C41 NV UP EI PL NZ NA PO NC
0E06:0C41 3BD6              CMP     DX,SI
AX=0C00 BX=0056 CX=0BCA DX=0BFF SP=0B16 BP=0B24 SI=0B3D DI=0B3A
DS=0F18 ES=0F18 SS=0F18 CS=0E06 IP=0C43 NV UP EI PL NZ NA PO NC
0E06:0C43 7605              JBE     0C4A
AX=0C00 BX=0056 CX=0BCA DX=0BFF SP=0B16 BP=0B24 SI=0B3D DI=0B3A
DS=0F18 ES=0F18 SS=0F18 CS=0E06 IP=0C45 NV UP EI PL NZ NA PO NC
0E06:0C45 3957FE            CMP     [BX-02],DX                     DS:0054=FFFF
AX=0C00 BX=0056 CX=0BCA DX=0BFF SP=0B16 BP=0B24 SI=0B3D DI=0B3A
DS=0F18 ES=0F18 SS=0F18 CS=0E06 IP=0C48 NV UP EI NG NZ NA PE NC
0E06:0C48 7336              JAE     0C80
AX=0C00 BX=0056 CX=0BCA DX=0BFF SP=0B16 BP=0B24 SI=0B3D DI=0B3A
DS=0F18 ES=0F18 SS=0F18 CS=0E06 IP=0C80 NV UP EI NG NZ NA PE NC
0E06:0C80 F8                CLC
AX=0C00 BX=0056 CX=0BCA DX=0BFF SP=0B16 BP=0B24 SI=0B3D DI=0B3A
DS=0F18 ES=0F18 SS=0F18 CS=0E06 IP=0C81 NV UP EI NG NZ NA PE NC
0E06:0C81 EB01              JMP     0C84
AX=0C00 BX=0056 CX=0BCA DX=0BFF SP=0B16 BP=0B24 SI=0B3D DI=0B3A
DS=0F18 ES=0F18 SS=0F18 CS=0E06 IP=0C84 NV UP EI NG NZ NA PE NC
0E06:0C84 C3                RET
AX=0C00 BX=0056 CX=0BCA DX=0BFF SP=0B18 BP=0B24 SI=0B3D DI=0B3A
DS=0F18 ES=0F18 SS=0F18 CS=0E06 IP=0C06 NV UP EI NG NZ NA PE NC
0E06:0C06 5A                POP     DX
AX=0C00 BX=0056 CX=0BCA DX=FC00 SP=0B1A BP=0B24 SI=0B3D DI=0B3A
DS=0F18 ES=0F18 SS=0F18 CS=0E06 IP=0C07 NV UP EI NG NZ NA PE NC
0E06:0C07 730D              JAE     0C16
AX=0C00 BX=0056 CX=0BCA DX=FC00 SP=0B1A BP=0B24 SI=0B3D DI=0B3A
DS=0F18 ES=0F18 SS=0F18 CS=0E06 IP=0C16 NV UP EI NG NZ NA PE NC
0E06:0C16 8BD0              MOV     DX,AX
AX=0C00 BX=0056 CX=0BCA DX=0C00 SP=0B1A BP=0B24 SI=0B3D DI=0B3A
DS=0F18 ES=0F18 SS=0F18 CS=0E06 IP=0C18 NV UP EI NG NZ NA PE NC
0E06:0C18 2B5704            SUB     DX,[BX+04]                     DS:005A=0B3E
AX=0C00 BX=0056 CX=0BCA DX=00C2 SP=0B1A BP=0B24 SI=0B3D DI=0B3A
DS=0F18 ES=0F18 SS=0F18 CS=0E06 IP=0C1B NV UP EI PL NZ AC PO NC
0E06:0C1B 894704            MOV     [BX+04],AX                     DS:005A=0B3E
AX=0C00 BX=0056 CX=0BCA DX=00C2 SP=0B1A BP=0B24 SI=0B3D DI=0B3A
DS=0F18 ES=0F18 SS=0F18 CS=0E06 IP=0C1E NV UP EI PL NZ AC PO NC
0E06:0C1E 897F08            MOV     [BX+08],DI                     DS:005E=0B3A
AX=0C00 BX=0056 CX=0BCA DX=00C2 SP=0B1A BP=0B24 SI=0B3D DI=0B3A
DS=0F18 ES=0F18 SS=0F18 CS=0E06 IP=0C21 NV UP EI PL NZ AC PO NC
0E06:0C21 8B770A            MOV     SI,[BX+0A]                     DS:0060=0B3C
AX=0C00 BX=0056 CX=0BCA DX=00C2 SP=0B1A BP=0B24 SI=0B3C DI=0B3A
DS=0F18 ES=0F18 SS=0F18 CS=0E06 IP=0C24 NV UP EI PL NZ AC PO NC
0E06:0C24 4A                DEC     DX
AX=0C00 BX=0056 CX=0BCA DX=00C1 SP=0B1A BP=0B24 SI=0B3C DI=0B3A
DS=0F18 ES=0F18 SS=0F18 CS=0E06 IP=0C25 NV UP EI PL NZ NA PO NC
0E06:0C25 8914              MOV     [SI],DX                        DS:0B3C=FFFE
AX=0C00 BX=0056 CX=0BCA DX=00C1 SP=0B1A BP=0B24 SI=0B3C DI=0B3A
DS=0F18 ES=0F18 SS=0F18 CS=0E06 IP=0C27 NV UP EI PL NZ NA PO NC
0E06:0C27 42                INC     DX
AX=0C00 BX=0056 CX=0BCA DX=00C2 SP=0B1A BP=0B24 SI=0B3C DI=0B3A
DS=0F18 ES=0F18 SS=0F18 CS=0E06 IP=0C28 NV UP EI PL NZ NA PO NC
0E06:0C28 03F2              ADD     SI,DX
AX=0C00 BX=0056 CX=0BCA DX=00C2 SP=0B1A BP=0B24 SI=0BFE DI=0B3A
DS=0F18 ES=0F18 SS=0F18 CS=0E06 IP=0C2A NV UP EI PL NZ NA PO NC
0E06:0C2A C704FEFF          MOV     WORD PTR [SI],FFFE             DS:0BFE=13FF
AX=0C00 BX=0056 CX=0BCA DX=00C2 SP=0B1A BP=0B24 SI=0BFE DI=0B3A
DS=0F18 ES=0F18 SS=0F18 CS=0E06 IP=0C2E NV UP EI PL NZ NA PO NC
0E06:0C2E 89770A            MOV     [BX+0A],SI                     DS:0060=0B3C
AX=0C00 BX=0056 CX=0BCA DX=00C2 SP=0B1A BP=0B24 SI=0BFE DI=0B3A
DS=0F18 ES=0F18 SS=0F18 CS=0E06 IP=0C31 NV UP EI PL NZ NA PO NC
0E06:0C31 5F                POP     DI
AX=0C00 BX=0056 CX=0BCA DX=00C2 SP=0B1C BP=0B24 SI=0BFE DI=0B3C
DS=0F18 ES=0F18 SS=0F18 CS=0E06 IP=0C32 NV UP EI PL NZ NA PO NC
0E06:0C32 59                POP     CX
AX=0C00 BX=0056 CX=008C DX=00C2 SP=0B1E BP=0B24 SI=0BFE DI=0B3C
DS=0F18 ES=0F18 SS=0F18 CS=0E06 IP=0C33 NV UP EI PL NZ NA PO NC
0E06:0C33 C3                RET
AX=0C00 BX=0056 CX=008C DX=00C2 SP=0B20 BP=0B24 SI=0BFE DI=0B3C
DS=0F18 ES=0F18 SS=0F18 CS=0E06 IP=1063 NV UP EI PL NZ NA PO NC
0E06:1063 7205              JB      106A
AX=0C00 BX=0056 CX=008C DX=00C2 SP=0B20 BP=0B24 SI=0BFE DI=0B3C
DS=0F18 ES=0F18 SS=0F18 CS=0E06 IP=1065 NV UP EI PL NZ NA PO NC
0E06:1065 E81E00            CALL    1086
AX=0C00 BX=0056 CX=008C DX=00C2 SP=0B1E BP=0B24 SI=0BFE DI=0B3C
DS=0F18 ES=0F18 SS=0F18 CS=0E06 IP=1086 NV UP EI PL NZ NA PO NC
0E06:1086 41                INC     CX
AX=0C00 BX=0056 CX=008D DX=00C2 SP=0B1E BP=0B24 SI=0BFE DI=0B3C
DS=0F18 ES=0F18 SS=0F18 CS=0E06 IP=1087 NV UP EI PL NZ NA PE NC
0E06:1087 80E1FE            AND     CL,FE
AX=0C00 BX=0056 CX=008C DX=00C2 SP=0B1E BP=0B24 SI=0BFE DI=0B3C
DS=0F18 ES=0F18 SS=0F18 CS=0E06 IP=108A NV UP EI NG NZ NA PO NC
0E06:108A 53                PUSH    BX
AX=0C00 BX=0056 CX=008C DX=00C2 SP=0B1C BP=0B24 SI=0BFE DI=0B3C
DS=0F18 ES=0F18 SS=0F18 CS=0E06 IP=108B NV UP EI NG NZ NA PO NC
0E06:108B FC                CLD
AX=0C00 BX=0056 CX=008C DX=00C2 SP=0B1C BP=0B24 SI=0BFE DI=0B3C
DS=0F18 ES=0F18 SS=0F18 CS=0E06 IP=108C NV UP EI NG NZ NA PO NC
0E06:108C 8B7708            MOV     SI,[BX+08]                     DS:005E=0B3A
AX=0C00 BX=0056 CX=008C DX=00C2 SP=0B1C BP=0B24 SI=0B3A DI=0B3C
DS=0F18 ES=0F18 SS=0F18 CS=0E06 IP=108F NV UP EI NG NZ NA PO NC
0E06:108F 8B5F0A            MOV     BX,[BX+0A]                     DS:0060=0BFE
AX=0C00 BX=0BFE CX=008C DX=00C2 SP=0B1C BP=0B24 SI=0B3A DI=0B3C
DS=0F18 ES=0F18 SS=0F18 CS=0E06 IP=1092 NV UP EI NG NZ NA PO NC
0E06:1092 33FF              XOR     DI,DI
AX=0C00 BX=0BFE CX=008C DX=00C2 SP=0B1C BP=0B24 SI=0B3A DI=0000
DS=0F18 ES=0F18 SS=0F18 CS=0E06 IP=1094 NV UP EI PL ZR NA PE NC
0E06:1094 EB23              JMP     10B9
AX=0C00 BX=0BFE CX=008C DX=00C2 SP=0B1C BP=0B24 SI=0B3A DI=0000
DS=0F18 ES=0F18 SS=0F18 CS=0E06 IP=10B9 NV UP EI PL ZR NA PE NC
0E06:10B9 AD                LODSW
AX=0001 BX=0BFE CX=008C DX=00C2 SP=0B1C BP=0B24 SI=0B3C DI=0000
DS=0F18 ES=0F18 SS=0F18 CS=0E06 IP=10BA NV UP EI PL ZR NA PE NC
0E06:10BA A801              TEST    AL,01
AX=0001 BX=0BFE CX=008C DX=00C2 SP=0B1C BP=0B24 SI=0B3C DI=0000
DS=0F18 ES=0F18 SS=0F18 CS=0E06 IP=10BC NV UP EI PL NZ NA PO NC
0E06:10BC 74F0              JZ      10AE
AX=0001 BX=0BFE CX=008C DX=00C2 SP=0B1C BP=0B24 SI=0B3C DI=0000
DS=0F18 ES=0F18 SS=0F18 CS=0E06 IP=10BE NV UP EI PL NZ NA PO NC
0E06:10BE 8BFE              MOV     DI,SI
AX=0001 BX=0BFE CX=008C DX=00C2 SP=0B1C BP=0B24 SI=0B3C DI=0B3C
DS=0F18 ES=0F18 SS=0F18 CS=0E06 IP=10C0 NV UP EI PL NZ NA PO NC
0E06:10C0 48                DEC     AX
AX=0000 BX=0BFE CX=008C DX=00C2 SP=0B1C BP=0B24 SI=0B3C DI=0B3C
DS=0F18 ES=0F18 SS=0F18 CS=0E06 IP=10C1 NV UP EI PL ZR NA PE NC
0E06:10C1 3BC1              CMP     AX,CX
AX=0000 BX=0BFE CX=008C DX=00C2 SP=0B1C BP=0B24 SI=0B3C DI=0B3C
DS=0F18 ES=0F18 SS=0F18 CS=0E06 IP=10C3 NV UP EI NG NZ AC PE CY
0E06:10C3 7323              JAE     10E8
AX=0000 BX=0BFE CX=008C DX=00C2 SP=0B1C BP=0B24 SI=0B3C DI=0B3C
DS=0F18 ES=0F18 SS=0F18 CS=0E06 IP=10C5 NV UP EI NG NZ AC PE CY
0E06:10C5 03F0              ADD     SI,AX
AX=0000 BX=0BFE CX=008C DX=00C2 SP=0B1C BP=0B24 SI=0B3C DI=0B3C
DS=0F18 ES=0F18 SS=0F18 CS=0E06 IP=10C7 NV UP EI PL NZ NA PE NC
0E06:10C7 7213              JB      10DC
AX=0000 BX=0BFE CX=008C DX=00C2 SP=0B1C BP=0B24 SI=0B3C DI=0B3C
DS=0F18 ES=0F18 SS=0F18 CS=0E06 IP=10C9 NV UP EI PL NZ NA PE NC
0E06:10C9 8BD0              MOV     DX,AX
AX=0000 BX=0BFE CX=008C DX=0000 SP=0B1C BP=0B24 SI=0B3C DI=0B3C
DS=0F18 ES=0F18 SS=0F18 CS=0E06 IP=10CB NV UP EI PL NZ NA PE NC
0E06:10CB AD                LODSW
AX=00C1 BX=0BFE CX=008C DX=0000 SP=0B1C BP=0B24 SI=0B3E DI=0B3C
DS=0F18 ES=0F18 SS=0F18 CS=0E06 IP=10CC NV UP EI PL NZ NA PE NC
0E06:10CC A801              TEST    AL,01
AX=00C1 BX=0BFE CX=008C DX=0000 SP=0B1C BP=0B24 SI=0B3E DI=0B3C
DS=0F18 ES=0F18 SS=0F18 CS=0E06 IP=10CE NV UP EI PL NZ NA PO NC
0E06:10CE 74DE              JZ      10AE
AX=00C1 BX=0BFE CX=008C DX=0000 SP=0B1C BP=0B24 SI=0B3E DI=0B3C
DS=0F18 ES=0F18 SS=0F18 CS=0E06 IP=10D0 NV UP EI PL NZ NA PO NC
0E06:10D0 03C2              ADD     AX,DX
AX=00C1 BX=0BFE CX=008C DX=0000 SP=0B1C BP=0B24 SI=0B3E DI=0B3C
DS=0F18 ES=0F18 SS=0F18 CS=0E06 IP=10D2 NV UP EI PL NZ NA PO NC
0E06:10D2 83C002            ADD     AX,+02
AX=00C3 BX=0BFE CX=008C DX=0000 SP=0B1C BP=0B24 SI=0B3E DI=0B3C
DS=0F18 ES=0F18 SS=0F18 CS=0E06 IP=10D5 NV UP EI PL NZ NA PE NC
0E06:10D5 8BF7              MOV     SI,DI
AX=00C3 BX=0BFE CX=008C DX=0000 SP=0B1C BP=0B24 SI=0B3C DI=0B3C
DS=0F18 ES=0F18 SS=0F18 CS=0E06 IP=10D7 NV UP EI PL NZ NA PE NC
0E06:10D7 8944FE            MOV     [SI-02],AX                     DS:0B3A=0001
AX=00C3 BX=0BFE CX=008C DX=0000 SP=0B1C BP=0B24 SI=0B3C DI=0B3C
DS=0F18 ES=0F18 SS=0F18 CS=0E06 IP=10DA NV UP EI PL NZ NA PE NC
0E06:10DA EBE4              JMP     10C0
AX=00C3 BX=0BFE CX=008C DX=0000 SP=0B1C BP=0B24 SI=0B3C DI=0B3C
DS=0F18 ES=0F18 SS=0F18 CS=0E06 IP=10C0 NV UP EI PL NZ NA PE NC
0E06:10C0 48                DEC     AX
AX=00C2 BX=0BFE CX=008C DX=0000 SP=0B1C BP=0B24 SI=0B3C DI=0B3C
DS=0F18 ES=0F18 SS=0F18 CS=0E06 IP=10C1 NV UP EI PL NZ NA PO NC
0E06:10C1 3BC1              CMP     AX,CX
AX=00C2 BX=0BFE CX=008C DX=0000 SP=0B1C BP=0B24 SI=0B3C DI=0B3C
DS=0F18 ES=0F18 SS=0F18 CS=0E06 IP=10C3 NV UP EI PL NZ AC PE NC
0E06:10C3 7323              JAE     10E8
AX=00C2 BX=0BFE CX=008C DX=0000 SP=0B1C BP=0B24 SI=0B3C DI=0B3C
DS=0F18 ES=0F18 SS=0F18 CS=0E06 IP=10E8 NV UP EI PL NZ AC PE NC
0E06:10E8 5B                POP     BX
AX=00C2 BX=0056 CX=008C DX=0000 SP=0B1E BP=0B24 SI=0B3C DI=0B3C
DS=0F18 ES=0F18 SS=0F18 CS=0E06 IP=10E9 NV UP EI PL NZ AC PE NC
0E06:10E9 894CFE            MOV     [SI-02],CX                     DS:0B3A=00C3
AX=00C2 BX=0056 CX=008C DX=0000 SP=0B1E BP=0B24 SI=0B3C DI=0B3C
DS=0F18 ES=0F18 SS=0F18 CS=0E06 IP=10EC NV UP EI PL NZ AC PE NC
0E06:10EC 7409              JZ      10F7
AX=00C2 BX=0056 CX=008C DX=0000 SP=0B1E BP=0B24 SI=0B3C DI=0B3C
DS=0F18 ES=0F18 SS=0F18 CS=0E06 IP=10EE NV UP EI PL NZ AC PE NC
0E06:10EE 03F9              ADD     DI,CX
AX=00C2 BX=0056 CX=008C DX=0000 SP=0B1E BP=0B24 SI=0B3C DI=0BC8
DS=0F18 ES=0F18 SS=0F18 CS=0E06 IP=10F0 NV UP EI PL NZ AC PO NC
0E06:10F0 2BC1              SUB     AX,CX
AX=0036 BX=0056 CX=008C DX=0000 SP=0B1E BP=0B24 SI=0B3C DI=0BC8
DS=0F18 ES=0F18 SS=0F18 CS=0E06 IP=10F2 NV UP EI PL NZ AC PE NC
0E06:10F2 48                DEC     AX
AX=0035 BX=0056 CX=008C DX=0000 SP=0B1E BP=0B24 SI=0B3C DI=0BC8
DS=0F18 ES=0F18 SS=0F18 CS=0E06 IP=10F3 NV UP EI PL NZ NA PE NC
0E06:10F3 8905              MOV     [DI],AX                        DS:0BC8=000A
AX=0035 BX=0056 CX=008C DX=0000 SP=0B1E BP=0B24 SI=0B3C DI=0BC8
DS=0F18 ES=0F18 SS=0F18 CS=0E06 IP=10F5 NV UP EI PL NZ NA PE NC
0E06:10F5 2BF9              SUB     DI,CX
AX=0035 BX=0056 CX=008C DX=0000 SP=0B1E BP=0B24 SI=0B3C DI=0B3C
DS=0F18 ES=0F18 SS=0F18 CS=0E06 IP=10F7 NV UP EI PL NZ AC PE NC
0E06:10F7 03F9              ADD     DI,CX
AX=0035 BX=0056 CX=008C DX=0000 SP=0B1E BP=0B24 SI=0B3C DI=0BC8
DS=0F18 ES=0F18 SS=0F18 CS=0E06 IP=10F9 NV UP EI PL NZ AC PO NC
0E06:10F9 897F08            MOV     [BX+08],DI                     DS:005E=0B3A
AX=0035 BX=0056 CX=008C DX=0000 SP=0B1E BP=0B24 SI=0B3C DI=0BC8
DS=0F18 ES=0F18 SS=0F18 CS=0E06 IP=10FC NV UP EI PL NZ AC PO NC
0E06:10FC 8BC6              MOV     AX,SI
AX=0B3C BX=0056 CX=008C DX=0000 SP=0B1E BP=0B24 SI=0B3C DI=0BC8
DS=0F18 ES=0F18 SS=0F18 CS=0E06 IP=10FE NV UP EI PL NZ AC PO NC
0E06:10FE 8CDA              MOV     DX,DS
AX=0B3C BX=0056 CX=008C DX=0F18 SP=0B1E BP=0B24 SI=0B3C DI=0BC8
DS=0F18 ES=0F18 SS=0F18 CS=0E06 IP=1100 NV UP EI PL NZ AC PO NC
0E06:1100 F8                CLC
AX=0B3C BX=0056 CX=008C DX=0F18 SP=0B1E BP=0B24 SI=0B3C DI=0BC8
DS=0F18 ES=0F18 SS=0F18 CS=0E06 IP=1101 NV UP EI PL NZ AC PO NC
0E06:1101 C3                RET
AX=0B3C BX=0056 CX=008C DX=0F18 SP=0B20 BP=0B24 SI=0B3C DI=0BC8
DS=0F18 ES=0F18 SS=0F18 CS=0E06 IP=1068 NV UP EI PL NZ AC PO NC
0E06:1068 7317              JAE     1081
AX=0B3C BX=0056 CX=008C DX=0F18 SP=0B20 BP=0B24 SI=0B3C DI=0BC8
DS=0F18 ES=0F18 SS=0F18 CS=0E06 IP=1081 NV UP EI PL NZ AC PO NC
0E06:1081 5F                POP     DI
AX=0B3C BX=0056 CX=008C DX=0F18 SP=0B22 BP=0B24 SI=0B3C DI=0005
DS=0F18 ES=0F18 SS=0F18 CS=0E06 IP=1082 NV UP EI PL NZ AC PO NC
0E06:1082 5E                POP     SI
AX=0B3C BX=0056 CX=008C DX=0F18 SP=0B24 BP=0B24 SI=000A DI=0005
DS=0F18 ES=0F18 SS=0F18 CS=0E06 IP=1083 NV UP EI PL NZ AC PO NC
0E06:1083 5D                POP     BP
AX=0B3C BX=0056 CX=008C DX=0F18 SP=0B26 BP=0B36 SI=000A DI=0005
DS=0F18 ES=0F18 SS=0F18 CS=0E06 IP=1084 NV UP EI PL NZ AC PO NC
0E06:1084 C3                RET
AX=0B3C BX=0056 CX=008C DX=0F18 SP=0B28 BP=0B36 SI=000A DI=0005
DS=0F18 ES=0F18 SS=0F18 CS=0E06 IP=05A1 NV UP EI PL NZ AC PO NC
0E06:05A1 5B                POP     BX
AX=0B3C BX=008C CX=008C DX=0F18 SP=0B2A BP=0B36 SI=000A DI=0005
DS=0F18 ES=0F18 SS=0F18 CS=0E06 IP=05A2 NV UP EI PL NZ AC PO NC
0E06:05A2 8F063202          POP     WORD PTR [0232]                DS:0232=0400
AX=0B3C BX=008C CX=008C DX=0F18 SP=0B2C BP=0B36 SI=000A DI=0005
DS=0F18 ES=0F18 SS=0F18 CS=0E06 IP=05A6 NV UP EI PL NZ AC PO NC
0E06:05A6 59                POP     CX
AX=0B3C BX=008C CX=0009 DX=0F18 SP=0B2E BP=0B36 SI=000A DI=0005
DS=0F18 ES=0F18 SS=0F18 CS=0E06 IP=05A7 NV UP EI PL NZ AC PO NC
0E06:05A7 8CDA              MOV     DX,DS
AX=0B3C BX=008C CX=0009 DX=0F18 SP=0B2E BP=0B36 SI=000A DI=0005
DS=0F18 ES=0F18 SS=0F18 CS=0E06 IP=05A9 NV UP EI PL NZ AC PO NC
0E06:05A9 0BC0              OR      AX,AX
AX=0B3C BX=008C CX=0009 DX=0F18 SP=0B2E BP=0B36 SI=000A DI=0005
DS=0F18 ES=0F18 SS=0F18 CS=0E06 IP=05AB NV UP EI PL NZ NA PE NC
0E06:05AB 7403              JZ      05B0
AX=0B3C BX=008C CX=0009 DX=0F18 SP=0B2E BP=0B36 SI=000A DI=0005
DS=0F18 ES=0F18 SS=0F18 CS=0E06 IP=05AD NV UP EI PL NZ NA PE NC
0E06:05AD 07                POP     ES
AX=0B3C BX=008C CX=0009 DX=0F18 SP=0B30 BP=0B36 SI=000A DI=0005
DS=0F18 ES=0DAC SS=0F18 CS=0E06 IP=05AE NV UP EI PL NZ NA PE NC
0E06:05AE 5B                POP     BX
AX=0B3C BX=0DAC CX=0009 DX=0F18 SP=0B32 BP=0B36 SI=000A DI=0005
DS=0F18 ES=0DAC SS=0F18 CS=0E06 IP=05AF NV UP EI PL NZ NA PE NC
0E06:05AF C3                RET
AX=0B3C BX=0DAC CX=0009 DX=0F18 SP=0B34 BP=0B36 SI=000A DI=0005
DS=0F18 ES=0DAC SS=0F18 CS=0E06 IP=04EE NV UP EI PL NZ NA PE NC
0E06:04EE 50                PUSH    AX
AX=0B3C BX=0DAC CX=0009 DX=0F18 SP=0B32 BP=0B36 SI=000A DI=0005
DS=0F18 ES=0DAC SS=0F18 CS=0E06 IP=04EF NV UP EI PL NZ NA PE NC
0E06:04EF 8BC6              MOV     AX,SI
AX=000A BX=0DAC CX=0009 DX=0F18 SP=0B32 BP=0B36 SI=000A DI=0005
DS=0F18 ES=0DAC SS=0F18 CS=0E06 IP=04F1 NV UP EI PL NZ NA PE NC
0E06:04F1 E89E00            CALL    0592
AX=000A BX=0DAC CX=0009 DX=0F18 SP=0B30 BP=0B36 SI=000A DI=0005
DS=0F18 ES=0DAC SS=0F18 CS=0E06 IP=0592 NV UP EI PL NZ NA PE NC
0E06:0592 53                PUSH    BX
AX=000A BX=0DAC CX=0009 DX=0F18 SP=0B2E BP=0B36 SI=000A DI=0005
DS=0F18 ES=0DAC SS=0F18 CS=0E06 IP=0593 NV UP EI PL NZ NA PE NC
0E06:0593 06                PUSH    ES
AX=000A BX=0DAC CX=0009 DX=0F18 SP=0B2C BP=0B36 SI=000A DI=0005
DS=0F18 ES=0DAC SS=0F18 CS=0E06 IP=0594 NV UP EI PL NZ NA PE NC
0E06:0594 51                PUSH    CX
AX=000A BX=0DAC CX=0009 DX=0F18 SP=0B2A BP=0B36 SI=000A DI=0005
DS=0F18 ES=0DAC SS=0F18 CS=0E06 IP=0595 NV UP EI PL NZ NA PE NC
0E06:0595 B90004            MOV     CX,0400
AX=000A BX=0DAC CX=0400 DX=0F18 SP=0B2A BP=0B36 SI=000A DI=0005
DS=0F18 ES=0DAC SS=0F18 CS=0E06 IP=0598 NV UP EI PL NZ NA PE NC
0E06:0598 870E3202          XCHG    CX,[0232]                      DS:0232=2000
AX=000A BX=0DAC CX=2000 DX=0F18 SP=0B2A BP=0B36 SI=000A DI=0005
DS=0F18 ES=0DAC SS=0F18 CS=0E06 IP=059C NV UP EI PL NZ NA PE NC
0E06:059C 51                PUSH    CX
AX=000A BX=0DAC CX=2000 DX=0F18 SP=0B28 BP=0B36 SI=000A DI=0005
DS=0F18 ES=0DAC SS=0F18 CS=0E06 IP=059D NV UP EI PL NZ NA PE NC
0E06:059D 50                PUSH    AX
AX=000A BX=0DAC CX=2000 DX=0F18 SP=0B26 BP=0B36 SI=000A DI=0005
DS=0F18 ES=0DAC SS=0F18 CS=0E06 IP=059E NV UP EI PL NZ NA PE NC
0E06:059E E8AA0A            CALL    104B
AX=000A BX=0DAC CX=2000 DX=0F18 SP=0B24 BP=0B36 SI=000A DI=0005
DS=0F18 ES=0DAC SS=0F18 CS=0E06 IP=104B NV UP EI PL NZ NA PE NC
0E06:104B 55                PUSH    BP
AX=000A BX=0DAC CX=2000 DX=0F18 SP=0B22 BP=0B36 SI=000A DI=0005
DS=0F18 ES=0DAC SS=0F18 CS=0E06 IP=104C NV UP EI PL NZ NA PE NC
0E06:104C 8BEC              MOV     BP,SP
AX=000A BX=0DAC CX=2000 DX=0F18 SP=0B22 BP=0B22 SI=000A DI=0005
DS=0F18 ES=0DAC SS=0F18 CS=0E06 IP=104E NV UP EI PL NZ NA PE NC
0E06:104E 56                PUSH    SI
AX=000A BX=0DAC CX=2000 DX=0F18 SP=0B20 BP=0B22 SI=000A DI=0005
DS=0F18 ES=0DAC SS=0F18 CS=0E06 IP=104F NV UP EI PL NZ NA PE NC
0E06:104F 57                PUSH    DI
AX=000A BX=0DAC CX=2000 DX=0F18 SP=0B1E BP=0B22 SI=000A DI=0005
DS=0F18 ES=0DAC SS=0F18 CS=0E06 IP=1050 NV UP EI PL NZ NA PE NC
0E06:1050 8B4E04            MOV     CX,[BP+04]                     SS:0B26=000A
AX=000A BX=0DAC CX=000A DX=0F18 SP=0B1E BP=0B22 SI=000A DI=0005
DS=0F18 ES=0DAC SS=0F18 CS=0E06 IP=1053 NV UP EI PL NZ NA PE NC
0E06:1053 83F9E8            CMP     CX,-18
AX=000A BX=0DAC CX=000A DX=0F18 SP=0B1E BP=0B22 SI=000A DI=0005
DS=0F18 ES=0DAC SS=0F18 CS=0E06 IP=1056 NV UP EI PL NZ NA PE CY
0E06:1056 7712              JA      106A
AX=000A BX=0DAC CX=000A DX=0F18 SP=0B1E BP=0B22 SI=000A DI=0005
DS=0F18 ES=0DAC SS=0F18 CS=0E06 IP=1058 NV UP EI PL NZ NA PE CY
0E06:1058 BB5600            MOV     BX,0056
AX=000A BX=0056 CX=000A DX=0F18 SP=0B1E BP=0B22 SI=000A DI=0005
DS=0F18 ES=0DAC SS=0F18 CS=0E06 IP=105B NV UP EI PL NZ NA PE CY
0E06:105B E82800            CALL    1086
AX=000A BX=0056 CX=000A DX=0F18 SP=0B1C BP=0B22 SI=000A DI=0005
DS=0F18 ES=0DAC SS=0F18 CS=0E06 IP=1086 NV UP EI PL NZ NA PE CY
0E06:1086 41                INC     CX
AX=000A BX=0056 CX=000B DX=0F18 SP=0B1C BP=0B22 SI=000A DI=0005
DS=0F18 ES=0DAC SS=0F18 CS=0E06 IP=1087 NV UP EI PL NZ NA PO CY
0E06:1087 80E1FE            AND     CL,FE
AX=000A BX=0056 CX=000A DX=0F18 SP=0B1C BP=0B22 SI=000A DI=0005
DS=0F18 ES=0DAC SS=0F18 CS=0E06 IP=108A NV UP EI PL NZ NA PE NC
0E06:108A 53                PUSH    BX
AX=000A BX=0056 CX=000A DX=0F18 SP=0B1A BP=0B22 SI=000A DI=0005
DS=0F18 ES=0DAC SS=0F18 CS=0E06 IP=108B NV UP EI PL NZ NA PE NC
0E06:108B FC                CLD
AX=000A BX=0056 CX=000A DX=0F18 SP=0B1A BP=0B22 SI=000A DI=0005
DS=0F18 ES=0DAC SS=0F18 CS=0E06 IP=108C NV UP EI PL NZ NA PE NC
0E06:108C 8B7708            MOV     SI,[BX+08]                     DS:005E=0BC8
AX=000A BX=0056 CX=000A DX=0F18 SP=0B1A BP=0B22 SI=0BC8 DI=0005
DS=0F18 ES=0DAC SS=0F18 CS=0E06 IP=108F NV UP EI PL NZ NA PE NC
0E06:108F 8B5F0A            MOV     BX,[BX+0A]                     DS:0060=0BFE
AX=000A BX=0BFE CX=000A DX=0F18 SP=0B1A BP=0B22 SI=0BC8 DI=0005
DS=0F18 ES=0DAC SS=0F18 CS=0E06 IP=1092 NV UP EI PL NZ NA PE NC
0E06:1092 33FF              XOR     DI,DI
AX=000A BX=0BFE CX=000A DX=0F18 SP=0B1A BP=0B22 SI=0BC8 DI=0000
DS=0F18 ES=0DAC SS=0F18 CS=0E06 IP=1094 NV UP EI PL ZR NA PE NC
0E06:1094 EB23              JMP     10B9
AX=000A BX=0BFE CX=000A DX=0F18 SP=0B1A BP=0B22 SI=0BC8 DI=0000
DS=0F18 ES=0DAC SS=0F18 CS=0E06 IP=10B9 NV UP EI PL ZR NA PE NC
0E06:10B9 AD                LODSW
AX=0035 BX=0BFE CX=000A DX=0F18 SP=0B1A BP=0B22 SI=0BCA DI=0000
DS=0F18 ES=0DAC SS=0F18 CS=0E06 IP=10BA NV UP EI PL ZR NA PE NC
0E06:10BA A801              TEST    AL,01
AX=0035 BX=0BFE CX=000A DX=0F18 SP=0B1A BP=0B22 SI=0BCA DI=0000
DS=0F18 ES=0DAC SS=0F18 CS=0E06 IP=10BC NV UP EI PL NZ NA PO NC
0E06:10BC 74F0              JZ      10AE
AX=0035 BX=0BFE CX=000A DX=0F18 SP=0B1A BP=0B22 SI=0BCA DI=0000
DS=0F18 ES=0DAC SS=0F18 CS=0E06 IP=10BE NV UP EI PL NZ NA PO NC
0E06:10BE 8BFE              MOV     DI,SI
AX=0035 BX=0BFE CX=000A DX=0F18 SP=0B1A BP=0B22 SI=0BCA DI=0BCA
DS=0F18 ES=0DAC SS=0F18 CS=0E06 IP=10C0 NV UP EI PL NZ NA PO NC
0E06:10C0 48                DEC     AX
AX=0034 BX=0BFE CX=000A DX=0F18 SP=0B1A BP=0B22 SI=0BCA DI=0BCA
DS=0F18 ES=0DAC SS=0F18 CS=0E06 IP=10C1 NV UP EI PL NZ NA PO NC
0E06:10C1 3BC1              CMP     AX,CX
AX=0034 BX=0BFE CX=000A DX=0F18 SP=0B1A BP=0B22 SI=0BCA DI=0BCA
DS=0F18 ES=0DAC SS=0F18 CS=0E06 IP=10C3 NV UP EI PL NZ AC PO NC
0E06:10C3 7323              JAE     10E8
AX=0034 BX=0BFE CX=000A DX=0F18 SP=0B1A BP=0B22 SI=0BCA DI=0BCA
DS=0F18 ES=0DAC SS=0F18 CS=0E06 IP=10E8 NV UP EI PL NZ AC PO NC
0E06:10E8 5B                POP     BX
AX=0034 BX=0056 CX=000A DX=0F18 SP=0B1C BP=0B22 SI=0BCA DI=0BCA
DS=0F18 ES=0DAC SS=0F18 CS=0E06 IP=10E9 NV UP EI PL NZ AC PO NC
0E06:10E9 894CFE            MOV     [SI-02],CX                     DS:0BC8=0035
AX=0034 BX=0056 CX=000A DX=0F18 SP=0B1C BP=0B22 SI=0BCA DI=0BCA
DS=0F18 ES=0DAC SS=0F18 CS=0E06 IP=10EC NV UP EI PL NZ AC PO NC
0E06:10EC 7409              JZ      10F7
AX=0034 BX=0056 CX=000A DX=0F18 SP=0B1C BP=0B22 SI=0BCA DI=0BCA
DS=0F18 ES=0DAC SS=0F18 CS=0E06 IP=10EE NV UP EI PL NZ AC PO NC
0E06:10EE 03F9              ADD     DI,CX
AX=0034 BX=0056 CX=000A DX=0F18 SP=0B1C BP=0B22 SI=0BCA DI=0BD4
DS=0F18 ES=0DAC SS=0F18 CS=0E06 IP=10F0 NV UP EI PL NZ AC PE NC
0E06:10F0 2BC1              SUB     AX,CX
AX=002A BX=0056 CX=000A DX=0F18 SP=0B1C BP=0B22 SI=0BCA DI=0BD4
DS=0F18 ES=0DAC SS=0F18 CS=0E06 IP=10F2 NV UP EI PL NZ AC PO NC
0E06:10F2 48                DEC     AX
AX=0029 BX=0056 CX=000A DX=0F18 SP=0B1C BP=0B22 SI=0BCA DI=0BD4
DS=0F18 ES=0DAC SS=0F18 CS=0E06 IP=10F3 NV UP EI PL NZ NA PO NC
0E06:10F3 8905              MOV     [DI],AX                        DS:0BD4=0200
AX=0029 BX=0056 CX=000A DX=0F18 SP=0B1C BP=0B22 SI=0BCA DI=0BD4
DS=0F18 ES=0DAC SS=0F18 CS=0E06 IP=10F5 NV UP EI PL NZ NA PO NC
0E06:10F5 2BF9              SUB     DI,CX
AX=0029 BX=0056 CX=000A DX=0F18 SP=0B1C BP=0B22 SI=0BCA DI=0BCA
DS=0F18 ES=0DAC SS=0F18 CS=0E06 IP=10F7 NV UP EI PL NZ AC PE NC
0E06:10F7 03F9              ADD     DI,CX
AX=0029 BX=0056 CX=000A DX=0F18 SP=0B1C BP=0B22 SI=0BCA DI=0BD4
DS=0F18 ES=0DAC SS=0F18 CS=0E06 IP=10F9 NV UP EI PL NZ AC PE NC
0E06:10F9 897F08            MOV     [BX+08],DI                     DS:005E=0BC8
AX=0029 BX=0056 CX=000A DX=0F18 SP=0B1C BP=0B22 SI=0BCA DI=0BD4
DS=0F18 ES=0DAC SS=0F18 CS=0E06 IP=10FC NV UP EI PL NZ AC PE NC
0E06:10FC 8BC6              MOV     AX,SI
AX=0BCA BX=0056 CX=000A DX=0F18 SP=0B1C BP=0B22 SI=0BCA DI=0BD4
DS=0F18 ES=0DAC SS=0F18 CS=0E06 IP=10FE NV UP EI PL NZ AC PE NC
0E06:10FE 8CDA              MOV     DX,DS
AX=0BCA BX=0056 CX=000A DX=0F18 SP=0B1C BP=0B22 SI=0BCA DI=0BD4
DS=0F18 ES=0DAC SS=0F18 CS=0E06 IP=1100 NV UP EI PL NZ AC PE NC
0E06:1100 F8                CLC
AX=0BCA BX=0056 CX=000A DX=0F18 SP=0B1C BP=0B22 SI=0BCA DI=0BD4
DS=0F18 ES=0DAC SS=0F18 CS=0E06 IP=1101 NV UP EI PL NZ AC PE NC
0E06:1101 C3                RET
AX=0BCA BX=0056 CX=000A DX=0F18 SP=0B1E BP=0B22 SI=0BCA DI=0BD4
DS=0F18 ES=0DAC SS=0F18 CS=0E06 IP=105E NV UP EI PL NZ AC PE NC
0E06:105E 7321              JAE     1081
AX=0BCA BX=0056 CX=000A DX=0F18 SP=0B1E BP=0B22 SI=0BCA DI=0BD4
DS=0F18 ES=0DAC SS=0F18 CS=0E06 IP=1081 NV UP EI PL NZ AC PE NC
0E06:1081 5F                POP     DI
AX=0BCA BX=0056 CX=000A DX=0F18 SP=0B20 BP=0B22 SI=0BCA DI=0005
DS=0F18 ES=0DAC SS=0F18 CS=0E06 IP=1082 NV UP EI PL NZ AC PE NC
0E06:1082 5E                POP     SI
AX=0BCA BX=0056 CX=000A DX=0F18 SP=0B22 BP=0B22 SI=000A DI=0005
DS=0F18 ES=0DAC SS=0F18 CS=0E06 IP=1083 NV UP EI PL NZ AC PE NC
0E06:1083 5D                POP     BP
AX=0BCA BX=0056 CX=000A DX=0F18 SP=0B24 BP=0B36 SI=000A DI=0005
DS=0F18 ES=0DAC SS=0F18 CS=0E06 IP=1084 NV UP EI PL NZ AC PE NC
0E06:1084 C3                RET
AX=0BCA BX=0056 CX=000A DX=0F18 SP=0B26 BP=0B36 SI=000A DI=0005
DS=0F18 ES=0DAC SS=0F18 CS=0E06 IP=05A1 NV UP EI PL NZ AC PE NC
0E06:05A1 5B                POP     BX
AX=0BCA BX=000A CX=000A DX=0F18 SP=0B28 BP=0B36 SI=000A DI=0005
DS=0F18 ES=0DAC SS=0F18 CS=0E06 IP=05A2 NV UP EI PL NZ AC PE NC
0E06:05A2 8F063202          POP     WORD PTR [0232]                DS:0232=0400
AX=0BCA BX=000A CX=000A DX=0F18 SP=0B2A BP=0B36 SI=000A DI=0005
DS=0F18 ES=0DAC SS=0F18 CS=0E06 IP=05A6 NV UP EI PL NZ AC PE NC
0E06:05A6 59                POP     CX
AX=0BCA BX=000A CX=0009 DX=0F18 SP=0B2C BP=0B36 SI=000A DI=0005
DS=0F18 ES=0DAC SS=0F18 CS=0E06 IP=05A7 NV UP EI PL NZ AC PE NC
0E06:05A7 8CDA              MOV     DX,DS
AX=0BCA BX=000A CX=0009 DX=0F18 SP=0B2C BP=0B36 SI=000A DI=0005
DS=0F18 ES=0DAC SS=0F18 CS=0E06 IP=05A9 NV UP EI PL NZ AC PE NC
0E06:05A9 0BC0              OR      AX,AX
AX=0BCA BX=000A CX=0009 DX=0F18 SP=0B2C BP=0B36 SI=000A DI=0005
DS=0F18 ES=0DAC SS=0F18 CS=0E06 IP=05AB NV UP EI PL NZ NA PE NC
0E06:05AB 7403              JZ      05B0
AX=0BCA BX=000A CX=0009 DX=0F18 SP=0B2C BP=0B36 SI=000A DI=0005
DS=0F18 ES=0DAC SS=0F18 CS=0E06 IP=05AD NV UP EI PL NZ NA PE NC
0E06:05AD 07                POP     ES
AX=0BCA BX=000A CX=0009 DX=0F18 SP=0B2E BP=0B36 SI=000A DI=0005
DS=0F18 ES=0DAC SS=0F18 CS=0E06 IP=05AE NV UP EI PL NZ NA PE NC
0E06:05AE 5B                POP     BX
AX=0BCA BX=0DAC CX=0009 DX=0F18 SP=0B30 BP=0B36 SI=000A DI=0005
DS=0F18 ES=0DAC SS=0F18 CS=0E06 IP=05AF NV UP EI PL NZ NA PE NC
0E06:05AF C3                RET
AX=0BCA BX=0DAC CX=0009 DX=0F18 SP=0B32 BP=0B36 SI=000A DI=0005
DS=0F18 ES=0DAC SS=0F18 CS=0E06 IP=04F4 NV UP EI PL NZ NA PE NC
0E06:04F4 A3B600            MOV     [00B6],AX                      DS:00B6=0000
AX=0BCA BX=0DAC CX=0009 DX=0F18 SP=0B32 BP=0B36 SI=000A DI=0005
DS=0F18 ES=0DAC SS=0F18 CS=0E06 IP=04F7 NV UP EI PL NZ NA PE NC
0E06:04F7 06                PUSH    ES
AX=0BCA BX=0DAC CX=0009 DX=0F18 SP=0B30 BP=0B36 SI=000A DI=0005
DS=0F18 ES=0DAC SS=0F18 CS=0E06 IP=04F8 NV UP EI PL NZ NA PE NC
0E06:04F8 1E                PUSH    DS
AX=0BCA BX=0DAC CX=0009 DX=0F18 SP=0B2E BP=0B36 SI=000A DI=0005
DS=0F18 ES=0DAC SS=0F18 CS=0E06 IP=04F9 NV UP EI PL NZ NA PE NC
0E06:04F9 07                POP     ES
AX=0BCA BX=0DAC CX=0009 DX=0F18 SP=0B30 BP=0B36 SI=000A DI=0005
DS=0F18 ES=0F18 SS=0F18 CS=0E06 IP=04FA NV UP EI PL NZ NA PE NC
0E06:04FA 1F                POP     DS
AX=0BCA BX=0DAC CX=0009 DX=0F18 SP=0B32 BP=0B36 SI=000A DI=0005
DS=0DAC ES=0F18 SS=0F18 CS=0E06 IP=04FB NV UP EI PL NZ NA PE NC
0E06:04FB 8BCF              MOV     CX,DI
AX=0BCA BX=0DAC CX=0005 DX=0F18 SP=0B32 BP=0B36 SI=000A DI=0005
DS=0DAC ES=0F18 SS=0F18 CS=0E06 IP=04FD NV UP EI PL NZ NA PE NC
0E06:04FD 8BD8              MOV     BX,AX
AX=0BCA BX=0BCA CX=0005 DX=0F18 SP=0B32 BP=0B36 SI=000A DI=0005
DS=0DAC ES=0F18 SS=0F18 CS=0E06 IP=04FF NV UP EI PL NZ NA PE NC
0E06:04FF 33F6              XOR     SI,SI
AX=0BCA BX=0BCA CX=0005 DX=0F18 SP=0B32 BP=0B36 SI=0000 DI=0005
DS=0DAC ES=0F18 SS=0F18 CS=0E06 IP=0501 NV UP EI PL ZR NA PE NC
0E06:0501 5F                POP     DI
AX=0BCA BX=0BCA CX=0005 DX=0F18 SP=0B34 BP=0B36 SI=0000 DI=0B3C
DS=0DAC ES=0F18 SS=0F18 CS=0E06 IP=0502 NV UP EI PL ZR NA PE NC
0E06:0502 49                DEC     CX
AX=0BCA BX=0BCA CX=0004 DX=0F18 SP=0B34 BP=0B36 SI=0000 DI=0B3C
DS=0DAC ES=0F18 SS=0F18 CS=0E06 IP=0503 NV UP EI PL NZ NA PO NC
0E06:0503 E326              JCXZ    052B
AX=0BCA BX=0BCA CX=0004 DX=0F18 SP=0B34 BP=0B36 SI=0000 DI=0B3C
DS=0DAC ES=0F18 SS=0F18 CS=0E06 IP=0505 NV UP EI PL NZ NA PO NC
0E06:0505 8B04              MOV     AX,[SI]                        DS:0000=4F43
AX=4F43 BX=0BCA CX=0004 DX=0F18 SP=0B34 BP=0B36 SI=0000 DI=0B3C
DS=0DAC ES=0F18 SS=0F18 CS=0E06 IP=0507 NV UP EI PL NZ NA PO NC
0E06:0507 363B067000        CMP     AX,SS:[0070]                   SS:0070=435F
AX=4F43 BX=0BCA CX=0004 DX=0F18 SP=0B34 BP=0B36 SI=0000 DI=0B3C
DS=0DAC ES=0F18 SS=0F18 CS=0E06 IP=050C NV UP EI PL NZ AC PE NC
0E06:050C 7510              JNZ     051E
AX=4F43 BX=0BCA CX=0004 DX=0F18 SP=0B34 BP=0B36 SI=0000 DI=0B3C
DS=0DAC ES=0F18 SS=0F18 CS=0E06 IP=051E NV UP EI PL NZ AC PE NC
0E06:051E 26893F            MOV     ES:[BX],DI                     ES:0BCA=0B3C
AX=4F43 BX=0BCA CX=0004 DX=0F18 SP=0B34 BP=0B36 SI=0000 DI=0B3C
DS=0DAC ES=0F18 SS=0F18 CS=0E06 IP=0521 NV UP EI PL NZ AC PE NC
0E06:0521 43                INC     BX
AX=4F43 BX=0BCB CX=0004 DX=0F18 SP=0B34 BP=0B36 SI=0000 DI=0B3C
DS=0DAC ES=0F18 SS=0F18 CS=0E06 IP=0522 NV UP EI PL NZ NA PO NC
0E06:0522 43                INC     BX
AX=4F43 BX=0BCC CX=0004 DX=0F18 SP=0B34 BP=0B36 SI=0000 DI=0B3C
DS=0DAC ES=0F18 SS=0F18 CS=0E06 IP=0523 NV UP EI PL NZ NA PE NC
0E06:0523 AC                LODSB
AX=4F43 BX=0BCC CX=0004 DX=0F18 SP=0B34 BP=0B36 SI=0001 DI=0B3C
DS=0DAC ES=0F18 SS=0F18 CS=0E06 IP=0524 NV UP EI PL NZ NA PE NC
0E06:0524 AA                STOSB
AX=4F43 BX=0BCC CX=0004 DX=0F18 SP=0B34 BP=0B36 SI=0001 DI=0B3D
DS=0DAC ES=0F18 SS=0F18 CS=0E06 IP=0525 NV UP EI PL NZ NA PE NC
0E06:0525 0AC0              OR      AL,AL
AX=4F43 BX=0BCC CX=0004 DX=0F18 SP=0B34 BP=0B36 SI=0001 DI=0B3D
DS=0DAC ES=0F18 SS=0F18 CS=0E06 IP=0527 NV UP EI PL NZ NA PO NC
0E06:0527 75FA              JNZ     0523
AX=4F43 BX=0BCC CX=0004 DX=0F18 SP=0B34 BP=0B36 SI=0001 DI=0B3D
DS=0DAC ES=0F18 SS=0F18 CS=0E06 IP=0523 NV UP EI PL NZ NA PO NC
0E06:0523 AC                LODSB
AX=4F4F BX=0BCC CX=0004 DX=0F18 SP=0B34 BP=0B36 SI=0002 DI=0B3D
DS=0DAC ES=0F18 SS=0F18 CS=0E06 IP=0524 NV UP EI PL NZ NA PO NC
0E06:0524 AA                STOSB
AX=4F4F BX=0BCC CX=0004 DX=0F18 SP=0B34 BP=0B36 SI=0002 DI=0B3E
DS=0DAC ES=0F18 SS=0F18 CS=0E06 IP=0525 NV UP EI PL NZ NA PO NC
0E06:0525 0AC0              OR      AL,AL
AX=4F4F BX=0BCC CX=0004 DX=0F18 SP=0B34 BP=0B36 SI=0002 DI=0B3E
DS=0DAC ES=0F18 SS=0F18 CS=0E06 IP=0527 NV UP EI PL NZ NA PO NC
0E06:0527 75FA              JNZ     0523
AX=4F4F BX=0BCC CX=0004 DX=0F18 SP=0B34 BP=0B36 SI=0002 DI=0B3E
DS=0DAC ES=0F18 SS=0F18 CS=0E06 IP=0523 NV UP EI PL NZ NA PO NC
0E06:0523 AC                LODSB
AX=4F4D BX=0BCC CX=0004 DX=0F18 SP=0B34 BP=0B36 SI=0003 DI=0B3E
DS=0DAC ES=0F18 SS=0F18 CS=0E06 IP=0524 NV UP EI PL NZ NA PO NC
0E06:0524 AA                STOSB
AX=4F4D BX=0BCC CX=0004 DX=0F18 SP=0B34 BP=0B36 SI=0003 DI=0B3F
DS=0DAC ES=0F18 SS=0F18 CS=0E06 IP=0525 NV UP EI PL NZ NA PO NC
0E06:0525 0AC0              OR      AL,AL
AX=4F4D BX=0BCC CX=0004 DX=0F18 SP=0B34 BP=0B36 SI=0003 DI=0B3F
DS=0DAC ES=0F18 SS=0F18 CS=0E06 IP=0527 NV UP EI PL NZ NA PE NC
0E06:0527 75FA              JNZ     0523
AX=4F4D BX=0BCC CX=0004 DX=0F18 SP=0B34 BP=0B36 SI=0003 DI=0B3F
DS=0DAC ES=0F18 SS=0F18 CS=0E06 IP=0523 NV UP EI PL NZ NA PE NC
0E06:0523 AC                LODSB
AX=4F53 BX=0BCC CX=0004 DX=0F18 SP=0B34 BP=0B36 SI=0004 DI=0B3F
DS=0DAC ES=0F18 SS=0F18 CS=0E06 IP=0524 NV UP EI PL NZ NA PE NC
0E06:0524 AA                STOSB
AX=4F53 BX=0BCC CX=0004 DX=0F18 SP=0B34 BP=0B36 SI=0004 DI=0B40
DS=0DAC ES=0F18 SS=0F18 CS=0E06 IP=0525 NV UP EI PL NZ NA PE NC
0E06:0525 0AC0              OR      AL,AL
AX=4F53 BX=0BCC CX=0004 DX=0F18 SP=0B34 BP=0B36 SI=0004 DI=0B40
DS=0DAC ES=0F18 SS=0F18 CS=0E06 IP=0527 NV UP EI PL NZ NA PE NC
0E06:0527 75FA              JNZ     0523
AX=4F53 BX=0BCC CX=0004 DX=0F18 SP=0B34 BP=0B36 SI=0004 DI=0B40
DS=0DAC ES=0F18 SS=0F18 CS=0E06 IP=0523 NV UP EI PL NZ NA PE NC
0E06:0523 AC                LODSB
AX=4F50 BX=0BCC CX=0004 DX=0F18 SP=0B34 BP=0B36 SI=0005 DI=0B40
DS=0DAC ES=0F18 SS=0F18 CS=0E06 IP=0524 NV UP EI PL NZ NA PE NC
0E06:0524 AA                STOSB
AX=4F50 BX=0BCC CX=0004 DX=0F18 SP=0B34 BP=0B36 SI=0005 DI=0B41
DS=0DAC ES=0F18 SS=0F18 CS=0E06 IP=0525 NV UP EI PL NZ NA PE NC
0E06:0525 0AC0              OR      AL,AL
AX=4F50 BX=0BCC CX=0004 DX=0F18 SP=0B34 BP=0B36 SI=0005 DI=0B41
DS=0DAC ES=0F18 SS=0F18 CS=0E06 IP=0527 NV UP EI PL NZ NA PE NC
0E06:0527 75FA              JNZ     0523
AX=4F50 BX=0BCC CX=0004 DX=0F18 SP=0B34 BP=0B36 SI=0005 DI=0B41
DS=0DAC ES=0F18 SS=0F18 CS=0E06 IP=0523 NV UP EI PL NZ NA PE NC
0E06:0523 AC                LODSB
AX=4F45 BX=0BCC CX=0004 DX=0F18 SP=0B34 BP=0B36 SI=0006 DI=0B41
DS=0DAC ES=0F18 SS=0F18 CS=0E06 IP=0524 NV UP EI PL NZ NA PE NC
0E06:0524 AA                STOSB
AX=4F45 BX=0BCC CX=0004 DX=0F18 SP=0B34 BP=0B36 SI=0006 DI=0B42
DS=0DAC ES=0F18 SS=0F18 CS=0E06 IP=0525 NV UP EI PL NZ NA PE NC
0E06:0525 0AC0              OR      AL,AL
AX=4F45 BX=0BCC CX=0004 DX=0F18 SP=0B34 BP=0B36 SI=0006 DI=0B42
DS=0DAC ES=0F18 SS=0F18 CS=0E06 IP=0527 NV UP EI PL NZ NA PO NC
0E06:0527 75FA              JNZ     0523
AX=4F45 BX=0BCC CX=0004 DX=0F18 SP=0B34 BP=0B36 SI=0006 DI=0B42
DS=0DAC ES=0F18 SS=0F18 CS=0E06 IP=0523 NV UP EI PL NZ NA PO NC
0E06:0523 AC                LODSB
AX=4F43 BX=0BCC CX=0004 DX=0F18 SP=0B34 BP=0B36 SI=0007 DI=0B42
DS=0DAC ES=0F18 SS=0F18 CS=0E06 IP=0524 NV UP EI PL NZ NA PO NC
0E06:0524 AA                STOSB
AX=4F43 BX=0BCC CX=0004 DX=0F18 SP=0B34 BP=0B36 SI=0007 DI=0B43
DS=0DAC ES=0F18 SS=0F18 CS=0E06 IP=0525 NV UP EI PL NZ NA PO NC
0E06:0525 0AC0              OR      AL,AL
AX=4F43 BX=0BCC CX=0004 DX=0F18 SP=0B34 BP=0B36 SI=0007 DI=0B43
DS=0DAC ES=0F18 SS=0F18 CS=0E06 IP=0527 NV UP EI PL NZ NA PO NC
0E06:0527 75FA              JNZ     0523
AX=4F43 BX=0BCC CX=0004 DX=0F18 SP=0B34 BP=0B36 SI=0007 DI=0B43
DS=0DAC ES=0F18 SS=0F18 CS=0E06 IP=0523 NV UP EI PL NZ NA PO NC
0E06:0523 AC                LODSB
AX=4F3D BX=0BCC CX=0004 DX=0F18 SP=0B34 BP=0B36 SI=0008 DI=0B43
DS=0DAC ES=0F18 SS=0F18 CS=0E06 IP=0524 NV UP EI PL NZ NA PO NC
0E06:0524 AA                STOSB
AX=4F3D BX=0BCC CX=0004 DX=0F18 SP=0B34 BP=0B36 SI=0008 DI=0B44
DS=0DAC ES=0F18 SS=0F18 CS=0E06 IP=0525 NV UP EI PL NZ NA PO NC
0E06:0525 0AC0              OR      AL,AL
AX=4F3D BX=0BCC CX=0004 DX=0F18 SP=0B34 BP=0B36 SI=0008 DI=0B44
DS=0DAC ES=0F18 SS=0F18 CS=0E06 IP=0527 NV UP EI PL NZ NA PO NC
0E06:0527 75FA              JNZ     0523
AX=4F3D BX=0BCC CX=0004 DX=0F18 SP=0B34 BP=0B36 SI=0008 DI=0B44
DS=0DAC ES=0F18 SS=0F18 CS=0E06 IP=0523 NV UP EI PL NZ NA PO NC
0E06:0523 AC                LODSB
AX=4F5A BX=0BCC CX=0004 DX=0F18 SP=0B34 BP=0B36 SI=0009 DI=0B44
DS=0DAC ES=0F18 SS=0F18 CS=0E06 IP=0524 NV UP EI PL NZ NA PO NC
0E06:0524 AA                STOSB
AX=4F5A BX=0BCC CX=0004 DX=0F18 SP=0B34 BP=0B36 SI=0009 DI=0B45
DS=0DAC ES=0F18 SS=0F18 CS=0E06 IP=0525 NV UP EI PL NZ NA PO NC
0E06:0525 0AC0              OR      AL,AL
AX=4F5A BX=0BCC CX=0004 DX=0F18 SP=0B34 BP=0B36 SI=0009 DI=0B45
DS=0DAC ES=0F18 SS=0F18 CS=0E06 IP=0527 NV UP EI PL NZ NA PE NC
0E06:0527 75FA              JNZ     0523
AX=4F5A BX=0BCC CX=0004 DX=0F18 SP=0B34 BP=0B36 SI=0009 DI=0B45
DS=0DAC ES=0F18 SS=0F18 CS=0E06 IP=0523 NV UP EI PL NZ NA PE NC
0E06:0523 AC                LODSB
AX=4F3A BX=0BCC CX=0004 DX=0F18 SP=0B34 BP=0B36 SI=000A DI=0B45
DS=0DAC ES=0F18 SS=0F18 CS=0E06 IP=0524 NV UP EI PL NZ NA PE NC
0E06:0524 AA                STOSB
AX=4F3A BX=0BCC CX=0004 DX=0F18 SP=0B34 BP=0B36 SI=000A DI=0B46
DS=0DAC ES=0F18 SS=0F18 CS=0E06 IP=0525 NV UP EI PL NZ NA PE NC
0E06:0525 0AC0              OR      AL,AL
AX=4F3A BX=0BCC CX=0004 DX=0F18 SP=0B34 BP=0B36 SI=000A DI=0B46
DS=0DAC ES=0F18 SS=0F18 CS=0E06 IP=0527 NV UP EI PL NZ NA PE NC
0E06:0527 75FA              JNZ     0523
AX=4F3A BX=0BCC CX=0004 DX=0F18 SP=0B34 BP=0B36 SI=000A DI=0B46
DS=0DAC ES=0F18 SS=0F18 CS=0E06 IP=0523 NV UP EI PL NZ NA PE NC
0E06:0523 AC                LODSB
AX=4F5C BX=0BCC CX=0004 DX=0F18 SP=0B34 BP=0B36 SI=000B DI=0B46
DS=0DAC ES=0F18 SS=0F18 CS=0E06 IP=0524 NV UP EI PL NZ NA PE NC
0E06:0524 AA                STOSB
AX=4F5C BX=0BCC CX=0004 DX=0F18 SP=0B34 BP=0B36 SI=000B DI=0B47
DS=0DAC ES=0F18 SS=0F18 CS=0E06 IP=0525 NV UP EI PL NZ NA PE NC
0E06:0525 0AC0              OR      AL,AL
AX=4F5C BX=0BCC CX=0004 DX=0F18 SP=0B34 BP=0B36 SI=000B DI=0B47
DS=0DAC ES=0F18 SS=0F18 CS=0E06 IP=0527 NV UP EI PL NZ NA PE NC
0E06:0527 75FA              JNZ     0523
AX=4F5C BX=0BCC CX=0004 DX=0F18 SP=0B34 BP=0B36 SI=000B DI=0B47
DS=0DAC ES=0F18 SS=0F18 CS=0E06 IP=0523 NV UP EI PL NZ NA PE NC
0E06:0523 AC                LODSB
AX=4F43 BX=0BCC CX=0004 DX=0F18 SP=0B34 BP=0B36 SI=000C DI=0B47
DS=0DAC ES=0F18 SS=0F18 CS=0E06 IP=0524 NV UP EI PL NZ NA PE NC
0E06:0524 AA                STOSB
AX=4F43 BX=0BCC CX=0004 DX=0F18 SP=0B34 BP=0B36 SI=000C DI=0B48
DS=0DAC ES=0F18 SS=0F18 CS=0E06 IP=0525 NV UP EI PL NZ NA PE NC
0E06:0525 0AC0              OR      AL,AL
AX=4F43 BX=0BCC CX=0004 DX=0F18 SP=0B34 BP=0B36 SI=000C DI=0B48
DS=0DAC ES=0F18 SS=0F18 CS=0E06 IP=0527 NV UP EI PL NZ NA PO NC
0E06:0527 75FA              JNZ     0523
AX=4F43 BX=0BCC CX=0004 DX=0F18 SP=0B34 BP=0B36 SI=000C DI=0B48
DS=0DAC ES=0F18 SS=0F18 CS=0E06 IP=0523 NV UP EI PL NZ NA PO NC
0E06:0523 AC                LODSB
AX=4F4F BX=0BCC CX=0004 DX=0F18 SP=0B34 BP=0B36 SI=000D DI=0B48
DS=0DAC ES=0F18 SS=0F18 CS=0E06 IP=0524 NV UP EI PL NZ NA PO NC
0E06:0524 AA                STOSB
AX=4F4F BX=0BCC CX=0004 DX=0F18 SP=0B34 BP=0B36 SI=000D DI=0B49
DS=0DAC ES=0F18 SS=0F18 CS=0E06 IP=0525 NV UP EI PL NZ NA PO NC
0E06:0525 0AC0              OR      AL,AL
AX=4F4F BX=0BCC CX=0004 DX=0F18 SP=0B34 BP=0B36 SI=000D DI=0B49
DS=0DAC ES=0F18 SS=0F18 CS=0E06 IP=0527 NV UP EI PL NZ NA PO NC
0E06:0527 75FA              JNZ     0523
AX=4F4F BX=0BCC CX=0004 DX=0F18 SP=0B34 BP=0B36 SI=000D DI=0B49
DS=0DAC ES=0F18 SS=0F18 CS=0E06 IP=0523 NV UP EI PL NZ NA PO NC
0E06:0523 AC                LODSB
AX=4F4D BX=0BCC CX=0004 DX=0F18 SP=0B34 BP=0B36 SI=000E DI=0B49
DS=0DAC ES=0F18 SS=0F18 CS=0E06 IP=0524 NV UP EI PL NZ NA PO NC
0E06:0524 AA                STOSB
AX=4F4D BX=0BCC CX=0004 DX=0F18 SP=0B34 BP=0B36 SI=000E DI=0B4A
DS=0DAC ES=0F18 SS=0F18 CS=0E06 IP=0525 NV UP EI PL NZ NA PO NC
0E06:0525 0AC0              OR      AL,AL
AX=4F4D BX=0BCC CX=0004 DX=0F18 SP=0B34 BP=0B36 SI=000E DI=0B4A
DS=0DAC ES=0F18 SS=0F18 CS=0E06 IP=0527 NV UP EI PL NZ NA PE NC
0E06:0527 75FA              JNZ     0523
AX=4F4D BX=0BCC CX=0004 DX=0F18 SP=0B34 BP=0B36 SI=000E DI=0B4A
DS=0DAC ES=0F18 SS=0F18 CS=0E06 IP=0523 NV UP EI PL NZ NA PE NC
0E06:0523 AC                LODSB
AX=4F4D BX=0BCC CX=0004 DX=0F18 SP=0B34 BP=0B36 SI=000F DI=0B4A
DS=0DAC ES=0F18 SS=0F18 CS=0E06 IP=0524 NV UP EI PL NZ NA PE NC
0E06:0524 AA                STOSB
AX=4F4D BX=0BCC CX=0004 DX=0F18 SP=0B34 BP=0B36 SI=000F DI=0B4B
DS=0DAC ES=0F18 SS=0F18 CS=0E06 IP=0525 NV UP EI PL NZ NA PE NC
0E06:0525 0AC0              OR      AL,AL
AX=4F4D BX=0BCC CX=0004 DX=0F18 SP=0B34 BP=0B36 SI=000F DI=0B4B
DS=0DAC ES=0F18 SS=0F18 CS=0E06 IP=0527 NV UP EI PL NZ NA PE NC
0E06:0527 75FA              JNZ     0523
AX=4F4D BX=0BCC CX=0004 DX=0F18 SP=0B34 BP=0B36 SI=000F DI=0B4B
DS=0DAC ES=0F18 SS=0F18 CS=0E06 IP=0523 NV UP EI PL NZ NA PE NC
0E06:0523 AC                LODSB
AX=4F41 BX=0BCC CX=0004 DX=0F18 SP=0B34 BP=0B36 SI=0010 DI=0B4B
DS=0DAC ES=0F18 SS=0F18 CS=0E06 IP=0524 NV UP EI PL NZ NA PE NC
0E06:0524 AA                STOSB
AX=4F41 BX=0BCC CX=0004 DX=0F18 SP=0B34 BP=0B36 SI=0010 DI=0B4C
DS=0DAC ES=0F18 SS=0F18 CS=0E06 IP=0525 NV UP EI PL NZ NA PE NC
0E06:0525 0AC0              OR      AL,AL
AX=4F41 BX=0BCC CX=0004 DX=0F18 SP=0B34 BP=0B36 SI=0010 DI=0B4C
DS=0DAC ES=0F18 SS=0F18 CS=0E06 IP=0527 NV UP EI PL NZ NA PE NC
0E06:0527 75FA              JNZ     0523
AX=4F41 BX=0BCC CX=0004 DX=0F18 SP=0B34 BP=0B36 SI=0010 DI=0B4C
DS=0DAC ES=0F18 SS=0F18 CS=0E06 IP=0523 NV UP EI PL NZ NA PE NC
0E06:0523 AC                LODSB
AX=4F4E BX=0BCC CX=0004 DX=0F18 SP=0B34 BP=0B36 SI=0011 DI=0B4C
DS=0DAC ES=0F18 SS=0F18 CS=0E06 IP=0524 NV UP EI PL NZ NA PE NC
0E06:0524 AA                STOSB
AX=4F4E BX=0BCC CX=0004 DX=0F18 SP=0B34 BP=0B36 SI=0011 DI=0B4D
DS=0DAC ES=0F18 SS=0F18 CS=0E06 IP=0525 NV UP EI PL NZ NA PE NC
0E06:0525 0AC0              OR      AL,AL
AX=4F4E BX=0BCC CX=0004 DX=0F18 SP=0B34 BP=0B36 SI=0011 DI=0B4D
DS=0DAC ES=0F18 SS=0F18 CS=0E06 IP=0527 NV UP EI PL NZ NA PE NC
0E06:0527 75FA              JNZ     0523
AX=4F4E BX=0BCC CX=0004 DX=0F18 SP=0B34 BP=0B36 SI=0011 DI=0B4D
DS=0DAC ES=0F18 SS=0F18 CS=0E06 IP=0523 NV UP EI PL NZ NA PE NC
0E06:0523 AC                LODSB
AX=4F44 BX=0BCC CX=0004 DX=0F18 SP=0B34 BP=0B36 SI=0012 DI=0B4D
DS=0DAC ES=0F18 SS=0F18 CS=0E06 IP=0524 NV UP EI PL NZ NA PE NC
0E06:0524 AA                STOSB
AX=4F44 BX=0BCC CX=0004 DX=0F18 SP=0B34 BP=0B36 SI=0012 DI=0B4E
DS=0DAC ES=0F18 SS=0F18 CS=0E06 IP=0525 NV UP EI PL NZ NA PE NC
0E06:0525 0AC0              OR      AL,AL
AX=4F44 BX=0BCC CX=0004 DX=0F18 SP=0B34 BP=0B36 SI=0012 DI=0B4E
DS=0DAC ES=0F18 SS=0F18 CS=0E06 IP=0527 NV UP EI PL NZ NA PE NC
0E06:0527 75FA              JNZ     0523
AX=4F44 BX=0BCC CX=0004 DX=0F18 SP=0B34 BP=0B36 SI=0012 DI=0B4E
DS=0DAC ES=0F18 SS=0F18 CS=0E06 IP=0523 NV UP EI PL NZ NA PE NC
0E06:0523 AC                LODSB
AX=4F2E BX=0BCC CX=0004 DX=0F18 SP=0B34 BP=0B36 SI=0013 DI=0B4E
DS=0DAC ES=0F18 SS=0F18 CS=0E06 IP=0524 NV UP EI PL NZ NA PE NC
0E06:0524 AA                STOSB
AX=4F2E BX=0BCC CX=0004 DX=0F18 SP=0B34 BP=0B36 SI=0013 DI=0B4F
DS=0DAC ES=0F18 SS=0F18 CS=0E06 IP=0525 NV UP EI PL NZ NA PE NC
0E06:0525 0AC0              OR      AL,AL
AX=4F2E BX=0BCC CX=0004 DX=0F18 SP=0B34 BP=0B36 SI=0013 DI=0B4F
DS=0DAC ES=0F18 SS=0F18 CS=0E06 IP=0527 NV UP EI PL NZ NA PE NC
0E06:0527 75FA              JNZ     0523
AX=4F2E BX=0BCC CX=0004 DX=0F18 SP=0B34 BP=0B36 SI=0013 DI=0B4F
DS=0DAC ES=0F18 SS=0F18 CS=0E06 IP=0523 NV UP EI PL NZ NA PE NC
0E06:0523 AC                LODSB
AX=4F43 BX=0BCC CX=0004 DX=0F18 SP=0B34 BP=0B36 SI=0014 DI=0B4F
DS=0DAC ES=0F18 SS=0F18 CS=0E06 IP=0524 NV UP EI PL NZ NA PE NC
0E06:0524 AA                STOSB
AX=4F43 BX=0BCC CX=0004 DX=0F18 SP=0B34 BP=0B36 SI=0014 DI=0B50
DS=0DAC ES=0F18 SS=0F18 CS=0E06 IP=0525 NV UP EI PL NZ NA PE NC
0E06:0525 0AC0              OR      AL,AL
AX=4F43 BX=0BCC CX=0004 DX=0F18 SP=0B34 BP=0B36 SI=0014 DI=0B50
DS=0DAC ES=0F18 SS=0F18 CS=0E06 IP=0527 NV UP EI PL NZ NA PO NC
0E06:0527 75FA              JNZ     0523
AX=4F43 BX=0BCC CX=0004 DX=0F18 SP=0B34 BP=0B36 SI=0014 DI=0B50
DS=0DAC ES=0F18 SS=0F18 CS=0E06 IP=0523 NV UP EI PL NZ NA PO NC
0E06:0523 AC                LODSB
AX=4F4F BX=0BCC CX=0004 DX=0F18 SP=0B34 BP=0B36 SI=0015 DI=0B50
DS=0DAC ES=0F18 SS=0F18 CS=0E06 IP=0524 NV UP EI PL NZ NA PO NC
0E06:0524 AA                STOSB
AX=4F4F BX=0BCC CX=0004 DX=0F18 SP=0B34 BP=0B36 SI=0015 DI=0B51
DS=0DAC ES=0F18 SS=0F18 CS=0E06 IP=0525 NV UP EI PL NZ NA PO NC
0E06:0525 0AC0              OR      AL,AL
AX=4F4F BX=0BCC CX=0004 DX=0F18 SP=0B34 BP=0B36 SI=0015 DI=0B51
DS=0DAC ES=0F18 SS=0F18 CS=0E06 IP=0527 NV UP EI PL NZ NA PO NC
0E06:0527 75FA              JNZ     0523
AX=4F4F BX=0BCC CX=0004 DX=0F18 SP=0B34 BP=0B36 SI=0015 DI=0B51
DS=0DAC ES=0F18 SS=0F18 CS=0E06 IP=0523 NV UP EI PL NZ NA PO NC
0E06:0523 AC                LODSB
AX=4F4D BX=0BCC CX=0004 DX=0F18 SP=0B34 BP=0B36 SI=0016 DI=0B51
DS=0DAC ES=0F18 SS=0F18 CS=0E06 IP=0524 NV UP EI PL NZ NA PO NC
0E06:0524 AA                STOSB
AX=4F4D BX=0BCC CX=0004 DX=0F18 SP=0B34 BP=0B36 SI=0016 DI=0B52
DS=0DAC ES=0F18 SS=0F18 CS=0E06 IP=0525 NV UP EI PL NZ NA PO NC
0E06:0525 0AC0              OR      AL,AL
AX=4F4D BX=0BCC CX=0004 DX=0F18 SP=0B34 BP=0B36 SI=0016 DI=0B52
DS=0DAC ES=0F18 SS=0F18 CS=0E06 IP=0527 NV UP EI PL NZ NA PE NC
0E06:0527 75FA              JNZ     0523
AX=4F4D BX=0BCC CX=0004 DX=0F18 SP=0B34 BP=0B36 SI=0016 DI=0B52
DS=0DAC ES=0F18 SS=0F18 CS=0E06 IP=0523 NV UP EI PL NZ NA PE NC
0E06:0523 AC                LODSB
AX=4F00 BX=0BCC CX=0004 DX=0F18 SP=0B34 BP=0B36 SI=0017 DI=0B52
DS=0DAC ES=0F18 SS=0F18 CS=0E06 IP=0524 NV UP EI PL NZ NA PE NC
0E06:0524 AA                STOSB
AX=4F00 BX=0BCC CX=0004 DX=0F18 SP=0B34 BP=0B36 SI=0017 DI=0B53
DS=0DAC ES=0F18 SS=0F18 CS=0E06 IP=0525 NV UP EI PL NZ NA PE NC
0E06:0525 0AC0              OR      AL,AL
AX=4F00 BX=0BCC CX=0004 DX=0F18 SP=0B34 BP=0B36 SI=0017 DI=0B53
DS=0DAC ES=0F18 SS=0F18 CS=0E06 IP=0527 NV UP EI PL ZR NA PE NC
0E06:0527 75FA              JNZ     0523
AX=4F00 BX=0BCC CX=0004 DX=0F18 SP=0B34 BP=0B36 SI=0017 DI=0B53
DS=0DAC ES=0F18 SS=0F18 CS=0E06 IP=0529 NV UP EI PL ZR NA PE NC
0E06:0529 E2DA              LOOPW   0505
AX=4F00 BX=0BCC CX=0003 DX=0F18 SP=0B34 BP=0B36 SI=0017 DI=0B53
DS=0DAC ES=0F18 SS=0F18 CS=0E06 IP=0505 NV UP EI PL ZR NA PE NC
0E06:0505 8B04              MOV     AX,[SI]                        DS:0017=4150
AX=4150 BX=0BCC CX=0003 DX=0F18 SP=0B34 BP=0B36 SI=0017 DI=0B53
DS=0DAC ES=0F18 SS=0F18 CS=0E06 IP=0507 NV UP EI PL ZR NA PE NC
0E06:0507 363B067000        CMP     AX,SS:[0070]                   SS:0070=435F
AX=4150 BX=0BCC CX=0003 DX=0F18 SP=0B34 BP=0B36 SI=0017 DI=0B53
DS=0DAC ES=0F18 SS=0F18 CS=0E06 IP=050C NV UP EI NG NZ AC PO CY
0E06:050C 7510              JNZ     051E
AX=4150 BX=0BCC CX=0003 DX=0F18 SP=0B34 BP=0B36 SI=0017 DI=0B53
DS=0DAC ES=0F18 SS=0F18 CS=0E06 IP=051E NV UP EI NG NZ AC PO CY
0E06:051E 26893F            MOV     ES:[BX],DI                     ES:0BCC=0B53
AX=4150 BX=0BCC CX=0003 DX=0F18 SP=0B34 BP=0B36 SI=0017 DI=0B53
DS=0DAC ES=0F18 SS=0F18 CS=0E06 IP=0521 NV UP EI NG NZ AC PO CY
0E06:0521 43                INC     BX
AX=4150 BX=0BCD CX=0003 DX=0F18 SP=0B34 BP=0B36 SI=0017 DI=0B53
DS=0DAC ES=0F18 SS=0F18 CS=0E06 IP=0522 NV UP EI PL NZ NA PO CY
0E06:0522 43                INC     BX
AX=4150 BX=0BCE CX=0003 DX=0F18 SP=0B34 BP=0B36 SI=0017 DI=0B53
DS=0DAC ES=0F18 SS=0F18 CS=0E06 IP=0523 NV UP EI PL NZ NA PO CY
0E06:0523 AC                LODSB
AX=4150 BX=0BCE CX=0003 DX=0F18 SP=0B34 BP=0B36 SI=0018 DI=0B53
DS=0DAC ES=0F18 SS=0F18 CS=0E06 IP=0524 NV UP EI PL NZ NA PO CY
0E06:0524 AA                STOSB
AX=4150 BX=0BCE CX=0003 DX=0F18 SP=0B34 BP=0B36 SI=0018 DI=0B54
DS=0DAC ES=0F18 SS=0F18 CS=0E06 IP=0525 NV UP EI PL NZ NA PO CY
0E06:0525 0AC0              OR      AL,AL
AX=4150 BX=0BCE CX=0003 DX=0F18 SP=0B34 BP=0B36 SI=0018 DI=0B54
DS=0DAC ES=0F18 SS=0F18 CS=0E06 IP=0527 NV UP EI PL NZ NA PE NC
0E06:0527 75FA              JNZ     0523
AX=4150 BX=0BCE CX=0003 DX=0F18 SP=0B34 BP=0B36 SI=0018 DI=0B54
DS=0DAC ES=0F18 SS=0F18 CS=0E06 IP=0523 NV UP EI PL NZ NA PE NC
0E06:0523 AC                LODSB
AX=4141 BX=0BCE CX=0003 DX=0F18 SP=0B34 BP=0B36 SI=0019 DI=0B54
DS=0DAC ES=0F18 SS=0F18 CS=0E06 IP=0524 NV UP EI PL NZ NA PE NC
0E06:0524 AA                STOSB
AX=4141 BX=0BCE CX=0003 DX=0F18 SP=0B34 BP=0B36 SI=0019 DI=0B55
DS=0DAC ES=0F18 SS=0F18 CS=0E06 IP=0525 NV UP EI PL NZ NA PE NC
0E06:0525 0AC0              OR      AL,AL
AX=4141 BX=0BCE CX=0003 DX=0F18 SP=0B34 BP=0B36 SI=0019 DI=0B55
DS=0DAC ES=0F18 SS=0F18 CS=0E06 IP=0527 NV UP EI PL NZ NA PE NC
0E06:0527 75FA              JNZ     0523
AX=4141 BX=0BCE CX=0003 DX=0F18 SP=0B34 BP=0B36 SI=0019 DI=0B55
DS=0DAC ES=0F18 SS=0F18 CS=0E06 IP=0523 NV UP EI PL NZ NA PE NC
0E06:0523 AC                LODSB
AX=4154 BX=0BCE CX=0003 DX=0F18 SP=0B34 BP=0B36 SI=001A DI=0B55
DS=0DAC ES=0F18 SS=0F18 CS=0E06 IP=0524 NV UP EI PL NZ NA PE NC
0E06:0524 AA                STOSB
AX=4154 BX=0BCE CX=0003 DX=0F18 SP=0B34 BP=0B36 SI=001A DI=0B56
DS=0DAC ES=0F18 SS=0F18 CS=0E06 IP=0525 NV UP EI PL NZ NA PE NC
0E06:0525 0AC0              OR      AL,AL
AX=4154 BX=0BCE CX=0003 DX=0F18 SP=0B34 BP=0B36 SI=001A DI=0B56
DS=0DAC ES=0F18 SS=0F18 CS=0E06 IP=0527 NV UP EI PL NZ NA PO NC
0E06:0527 75FA              JNZ     0523
AX=4154 BX=0BCE CX=0003 DX=0F18 SP=0B34 BP=0B36 SI=001A DI=0B56
DS=0DAC ES=0F18 SS=0F18 CS=0E06 IP=0523 NV UP EI PL NZ NA PO NC
0E06:0523 AC                LODSB
AX=4148 BX=0BCE CX=0003 DX=0F18 SP=0B34 BP=0B36 SI=001B DI=0B56
DS=0DAC ES=0F18 SS=0F18 CS=0E06 IP=0524 NV UP EI PL NZ NA PO NC
0E06:0524 AA                STOSB
AX=4148 BX=0BCE CX=0003 DX=0F18 SP=0B34 BP=0B36 SI=001B DI=0B57
DS=0DAC ES=0F18 SS=0F18 CS=0E06 IP=0525 NV UP EI PL NZ NA PO NC
0E06:0525 0AC0              OR      AL,AL
AX=4148 BX=0BCE CX=0003 DX=0F18 SP=0B34 BP=0B36 SI=001B DI=0B57
DS=0DAC ES=0F18 SS=0F18 CS=0E06 IP=0527 NV UP EI PL NZ NA PE NC
0E06:0527 75FA              JNZ     0523
AX=4148 BX=0BCE CX=0003 DX=0F18 SP=0B34 BP=0B36 SI=001B DI=0B57
DS=0DAC ES=0F18 SS=0F18 CS=0E06 IP=0523 NV UP EI PL NZ NA PE NC
0E06:0523 AC                LODSB
AX=413D BX=0BCE CX=0003 DX=0F18 SP=0B34 BP=0B36 SI=001C DI=0B57
DS=0DAC ES=0F18 SS=0F18 CS=0E06 IP=0524 NV UP EI PL NZ NA PE NC
0E06:0524 AA                STOSB
AX=413D BX=0BCE CX=0003 DX=0F18 SP=0B34 BP=0B36 SI=001C DI=0B58
DS=0DAC ES=0F18 SS=0F18 CS=0E06 IP=0525 NV UP EI PL NZ NA PE NC
0E06:0525 0AC0              OR      AL,AL
AX=413D BX=0BCE CX=0003 DX=0F18 SP=0B34 BP=0B36 SI=001C DI=0B58
DS=0DAC ES=0F18 SS=0F18 CS=0E06 IP=0527 NV UP EI PL NZ NA PO NC
0E06:0527 75FA              JNZ     0523
AX=413D BX=0BCE CX=0003 DX=0F18 SP=0B34 BP=0B36 SI=001C DI=0B58
DS=0DAC ES=0F18 SS=0F18 CS=0E06 IP=0523 NV UP EI PL NZ NA PO NC
0E06:0523 AC                LODSB
AX=415A BX=0BCE CX=0003 DX=0F18 SP=0B34 BP=0B36 SI=001D DI=0B58
DS=0DAC ES=0F18 SS=0F18 CS=0E06 IP=0524 NV UP EI PL NZ NA PO NC
0E06:0524 AA                STOSB
AX=415A BX=0BCE CX=0003 DX=0F18 SP=0B34 BP=0B36 SI=001D DI=0B59
DS=0DAC ES=0F18 SS=0F18 CS=0E06 IP=0525 NV UP EI PL NZ NA PO NC
0E06:0525 0AC0              OR      AL,AL
AX=415A BX=0BCE CX=0003 DX=0F18 SP=0B34 BP=0B36 SI=001D DI=0B59
DS=0DAC ES=0F18 SS=0F18 CS=0E06 IP=0527 NV UP EI PL NZ NA PE NC
0E06:0527 75FA              JNZ     0523
AX=415A BX=0BCE CX=0003 DX=0F18 SP=0B34 BP=0B36 SI=001D DI=0B59
DS=0DAC ES=0F18 SS=0F18 CS=0E06 IP=0523 NV UP EI PL NZ NA PE NC
0E06:0523 AC                LODSB
AX=413A BX=0BCE CX=0003 DX=0F18 SP=0B34 BP=0B36 SI=001E DI=0B59
DS=0DAC ES=0F18 SS=0F18 CS=0E06 IP=0524 NV UP EI PL NZ NA PE NC
0E06:0524 AA                STOSB
AX=413A BX=0BCE CX=0003 DX=0F18 SP=0B34 BP=0B36 SI=001E DI=0B5A
DS=0DAC ES=0F18 SS=0F18 CS=0E06 IP=0525 NV UP EI PL NZ NA PE NC
0E06:0525 0AC0              OR      AL,AL
AX=413A BX=0BCE CX=0003 DX=0F18 SP=0B34 BP=0B36 SI=001E DI=0B5A
DS=0DAC ES=0F18 SS=0F18 CS=0E06 IP=0527 NV UP EI PL NZ NA PE NC
0E06:0527 75FA              JNZ     0523
AX=413A BX=0BCE CX=0003 DX=0F18 SP=0B34 BP=0B36 SI=001E DI=0B5A
DS=0DAC ES=0F18 SS=0F18 CS=0E06 IP=0523 NV UP EI PL NZ NA PE NC
0E06:0523 AC                LODSB
AX=415C BX=0BCE CX=0003 DX=0F18 SP=0B34 BP=0B36 SI=001F DI=0B5A
DS=0DAC ES=0F18 SS=0F18 CS=0E06 IP=0524 NV UP EI PL NZ NA PE NC
0E06:0524 AA                STOSB
AX=415C BX=0BCE CX=0003 DX=0F18 SP=0B34 BP=0B36 SI=001F DI=0B5B
DS=0DAC ES=0F18 SS=0F18 CS=0E06 IP=0525 NV UP EI PL NZ NA PE NC
0E06:0525 0AC0              OR      AL,AL
AX=415C BX=0BCE CX=0003 DX=0F18 SP=0B34 BP=0B36 SI=001F DI=0B5B
DS=0DAC ES=0F18 SS=0F18 CS=0E06 IP=0527 NV UP EI PL NZ NA PE NC
0E06:0527 75FA              JNZ     0523
AX=415C BX=0BCE CX=0003 DX=0F18 SP=0B34 BP=0B36 SI=001F DI=0B5B
DS=0DAC ES=0F18 SS=0F18 CS=0E06 IP=0523 NV UP EI PL NZ NA PE NC
0E06:0523 AC                LODSB
AX=413B BX=0BCE CX=0003 DX=0F18 SP=0B34 BP=0B36 SI=0020 DI=0B5B
DS=0DAC ES=0F18 SS=0F18 CS=0E06 IP=0524 NV UP EI PL NZ NA PE NC
0E06:0524 AA                STOSB
AX=413B BX=0BCE CX=0003 DX=0F18 SP=0B34 BP=0B36 SI=0020 DI=0B5C
DS=0DAC ES=0F18 SS=0F18 CS=0E06 IP=0525 NV UP EI PL NZ NA PE NC
0E06:0525 0AC0              OR      AL,AL
AX=413B BX=0BCE CX=0003 DX=0F18 SP=0B34 BP=0B36 SI=0020 DI=0B5C
DS=0DAC ES=0F18 SS=0F18 CS=0E06 IP=0527 NV UP EI PL NZ NA PO NC
0E06:0527 75FA              JNZ     0523
AX=413B BX=0BCE CX=0003 DX=0F18 SP=0B34 BP=0B36 SI=0020 DI=0B5C
DS=0DAC ES=0F18 SS=0F18 CS=0E06 IP=0523 NV UP EI PL NZ NA PO NC
0E06:0523 AC                LODSB
AX=415A BX=0BCE CX=0003 DX=0F18 SP=0B34 BP=0B36 SI=0021 DI=0B5C
DS=0DAC ES=0F18 SS=0F18 CS=0E06 IP=0524 NV UP EI PL NZ NA PO NC
0E06:0524 AA                STOSB
AX=415A BX=0BCE CX=0003 DX=0F18 SP=0B34 BP=0B36 SI=0021 DI=0B5D
DS=0DAC ES=0F18 SS=0F18 CS=0E06 IP=0525 NV UP EI PL NZ NA PO NC
0E06:0525 0AC0              OR      AL,AL
AX=415A BX=0BCE CX=0003 DX=0F18 SP=0B34 BP=0B36 SI=0021 DI=0B5D
DS=0DAC ES=0F18 SS=0F18 CS=0E06 IP=0527 NV UP EI PL NZ NA PE NC
0E06:0527 75FA              JNZ     0523
AX=415A BX=0BCE CX=0003 DX=0F18 SP=0B34 BP=0B36 SI=0021 DI=0B5D
DS=0DAC ES=0F18 SS=0F18 CS=0E06 IP=0523 NV UP EI PL NZ NA PE NC
0E06:0523 AC                LODSB
AX=413A BX=0BCE CX=0003 DX=0F18 SP=0B34 BP=0B36 SI=0022 DI=0B5D
DS=0DAC ES=0F18 SS=0F18 CS=0E06 IP=0524 NV UP EI PL NZ NA PE NC
0E06:0524 AA                STOSB
AX=413A BX=0BCE CX=0003 DX=0F18 SP=0B34 BP=0B36 SI=0022 DI=0B5E
DS=0DAC ES=0F18 SS=0F18 CS=0E06 IP=0525 NV UP EI PL NZ NA PE NC
0E06:0525 0AC0              OR      AL,AL
AX=413A BX=0BCE CX=0003 DX=0F18 SP=0B34 BP=0B36 SI=0022 DI=0B5E
DS=0DAC ES=0F18 SS=0F18 CS=0E06 IP=0527 NV UP EI PL NZ NA PE NC
0E06:0527 75FA              JNZ     0523
AX=413A BX=0BCE CX=0003 DX=0F18 SP=0B34 BP=0B36 SI=0022 DI=0B5E
DS=0DAC ES=0F18 SS=0F18 CS=0E06 IP=0523 NV UP EI PL NZ NA PE NC
0E06:0523 AC                LODSB
AX=415C BX=0BCE CX=0003 DX=0F18 SP=0B34 BP=0B36 SI=0023 DI=0B5E
DS=0DAC ES=0F18 SS=0F18 CS=0E06 IP=0524 NV UP EI PL NZ NA PE NC
0E06:0524 AA                STOSB
AX=415C BX=0BCE CX=0003 DX=0F18 SP=0B34 BP=0B36 SI=0023 DI=0B5F
DS=0DAC ES=0F18 SS=0F18 CS=0E06 IP=0525 NV UP EI PL NZ NA PE NC
0E06:0525 0AC0              OR      AL,AL
AX=415C BX=0BCE CX=0003 DX=0F18 SP=0B34 BP=0B36 SI=0023 DI=0B5F
DS=0DAC ES=0F18 SS=0F18 CS=0E06 IP=0527 NV UP EI PL NZ NA PE NC
0E06:0527 75FA              JNZ     0523
AX=415C BX=0BCE CX=0003 DX=0F18 SP=0B34 BP=0B36 SI=0023 DI=0B5F
DS=0DAC ES=0F18 SS=0F18 CS=0E06 IP=0523 NV UP EI PL NZ NA PE NC
0E06:0523 AC                LODSB
AX=4153 BX=0BCE CX=0003 DX=0F18 SP=0B34 BP=0B36 SI=0024 DI=0B5F
DS=0DAC ES=0F18 SS=0F18 CS=0E06 IP=0524 NV UP EI PL NZ NA PE NC
0E06:0524 AA                STOSB
AX=4153 BX=0BCE CX=0003 DX=0F18 SP=0B34 BP=0B36 SI=0024 DI=0B60
DS=0DAC ES=0F18 SS=0F18 CS=0E06 IP=0525 NV UP EI PL NZ NA PE NC
0E06:0525 0AC0              OR      AL,AL
AX=4153 BX=0BCE CX=0003 DX=0F18 SP=0B34 BP=0B36 SI=0024 DI=0B60
DS=0DAC ES=0F18 SS=0F18 CS=0E06 IP=0527 NV UP EI PL NZ NA PE NC
0E06:0527 75FA              JNZ     0523
AX=4153 BX=0BCE CX=0003 DX=0F18 SP=0B34 BP=0B36 SI=0024 DI=0B60
DS=0DAC ES=0F18 SS=0F18 CS=0E06 IP=0523 NV UP EI PL NZ NA PE NC
0E06:0523 AC                LODSB
AX=4159 BX=0BCE CX=0003 DX=0F18 SP=0B34 BP=0B36 SI=0025 DI=0B60
DS=0DAC ES=0F18 SS=0F18 CS=0E06 IP=0524 NV UP EI PL NZ NA PE NC
0E06:0524 AA                STOSB
AX=4159 BX=0BCE CX=0003 DX=0F18 SP=0B34 BP=0B36 SI=0025 DI=0B61
DS=0DAC ES=0F18 SS=0F18 CS=0E06 IP=0525 NV UP EI PL NZ NA PE NC
0E06:0525 0AC0              OR      AL,AL
AX=4159 BX=0BCE CX=0003 DX=0F18 SP=0B34 BP=0B36 SI=0025 DI=0B61
DS=0DAC ES=0F18 SS=0F18 CS=0E06 IP=0527 NV UP EI PL NZ NA PE NC
0E06:0527 75FA              JNZ     0523
AX=4159 BX=0BCE CX=0003 DX=0F18 SP=0B34 BP=0B36 SI=0025 DI=0B61
DS=0DAC ES=0F18 SS=0F18 CS=0E06 IP=0523 NV UP EI PL NZ NA PE NC
0E06:0523 AC                LODSB
AX=4153 BX=0BCE CX=0003 DX=0F18 SP=0B34 BP=0B36 SI=0026 DI=0B61
DS=0DAC ES=0F18 SS=0F18 CS=0E06 IP=0524 NV UP EI PL NZ NA PE NC
0E06:0524 AA                STOSB
AX=4153 BX=0BCE CX=0003 DX=0F18 SP=0B34 BP=0B36 SI=0026 DI=0B62
DS=0DAC ES=0F18 SS=0F18 CS=0E06 IP=0525 NV UP EI PL NZ NA PE NC
0E06:0525 0AC0              OR      AL,AL
AX=4153 BX=0BCE CX=0003 DX=0F18 SP=0B34 BP=0B36 SI=0026 DI=0B62
DS=0DAC ES=0F18 SS=0F18 CS=0E06 IP=0527 NV UP EI PL NZ NA PE NC
0E06:0527 75FA              JNZ     0523
AX=4153 BX=0BCE CX=0003 DX=0F18 SP=0B34 BP=0B36 SI=0026 DI=0B62
DS=0DAC ES=0F18 SS=0F18 CS=0E06 IP=0523 NV UP EI PL NZ NA PE NC
0E06:0523 AC                LODSB
AX=4154 BX=0BCE CX=0003 DX=0F18 SP=0B34 BP=0B36 SI=0027 DI=0B62
DS=0DAC ES=0F18 SS=0F18 CS=0E06 IP=0524 NV UP EI PL NZ NA PE NC
0E06:0524 AA                STOSB
AX=4154 BX=0BCE CX=0003 DX=0F18 SP=0B34 BP=0B36 SI=0027 DI=0B63
DS=0DAC ES=0F18 SS=0F18 CS=0E06 IP=0525 NV UP EI PL NZ NA PE NC
0E06:0525 0AC0              OR      AL,AL
AX=4154 BX=0BCE CX=0003 DX=0F18 SP=0B34 BP=0B36 SI=0027 DI=0B63
DS=0DAC ES=0F18 SS=0F18 CS=0E06 IP=0527 NV UP EI PL NZ NA PO NC
0E06:0527 75FA              JNZ     0523
AX=4154 BX=0BCE CX=0003 DX=0F18 SP=0B34 BP=0B36 SI=0027 DI=0B63
DS=0DAC ES=0F18 SS=0F18 CS=0E06 IP=0523 NV UP EI PL NZ NA PO NC
0E06:0523 AC                LODSB
AX=4145 BX=0BCE CX=0003 DX=0F18 SP=0B34 BP=0B36 SI=0028 DI=0B63
DS=0DAC ES=0F18 SS=0F18 CS=0E06 IP=0524 NV UP EI PL NZ NA PO NC
0E06:0524 AA                STOSB
AX=4145 BX=0BCE CX=0003 DX=0F18 SP=0B34 BP=0B36 SI=0028 DI=0B64
DS=0DAC ES=0F18 SS=0F18 CS=0E06 IP=0525 NV UP EI PL NZ NA PO NC
0E06:0525 0AC0              OR      AL,AL
AX=4145 BX=0BCE CX=0003 DX=0F18 SP=0B34 BP=0B36 SI=0028 DI=0B64
DS=0DAC ES=0F18 SS=0F18 CS=0E06 IP=0527 NV UP EI PL NZ NA PO NC
0E06:0527 75FA              JNZ     0523
AX=4145 BX=0BCE CX=0003 DX=0F18 SP=0B34 BP=0B36 SI=0028 DI=0B64
DS=0DAC ES=0F18 SS=0F18 CS=0E06 IP=0523 NV UP EI PL NZ NA PO NC
0E06:0523 AC                LODSB
AX=414D BX=0BCE CX=0003 DX=0F18 SP=0B34 BP=0B36 SI=0029 DI=0B64
DS=0DAC ES=0F18 SS=0F18 CS=0E06 IP=0524 NV UP EI PL NZ NA PO NC
0E06:0524 AA                STOSB
AX=414D BX=0BCE CX=0003 DX=0F18 SP=0B34 BP=0B36 SI=0029 DI=0B65
DS=0DAC ES=0F18 SS=0F18 CS=0E06 IP=0525 NV UP EI PL NZ NA PO NC
0E06:0525 0AC0              OR      AL,AL
AX=414D BX=0BCE CX=0003 DX=0F18 SP=0B34 BP=0B36 SI=0029 DI=0B65
DS=0DAC ES=0F18 SS=0F18 CS=0E06 IP=0527 NV UP EI PL NZ NA PE NC
0E06:0527 75FA              JNZ     0523
AX=414D BX=0BCE CX=0003 DX=0F18 SP=0B34 BP=0B36 SI=0029 DI=0B65
DS=0DAC ES=0F18 SS=0F18 CS=0E06 IP=0523 NV UP EI PL NZ NA PE NC
0E06:0523 AC                LODSB
AX=413B BX=0BCE CX=0003 DX=0F18 SP=0B34 BP=0B36 SI=002A DI=0B65
DS=0DAC ES=0F18 SS=0F18 CS=0E06 IP=0524 NV UP EI PL NZ NA PE NC
0E06:0524 AA                STOSB
AX=413B BX=0BCE CX=0003 DX=0F18 SP=0B34 BP=0B36 SI=002A DI=0B66
DS=0DAC ES=0F18 SS=0F18 CS=0E06 IP=0525 NV UP EI PL NZ NA PE NC
0E06:0525 0AC0              OR      AL,AL
AX=413B BX=0BCE CX=0003 DX=0F18 SP=0B34 BP=0B36 SI=002A DI=0B66
DS=0DAC ES=0F18 SS=0F18 CS=0E06 IP=0527 NV UP EI PL NZ NA PO NC
0E06:0527 75FA              JNZ     0523
AX=413B BX=0BCE CX=0003 DX=0F18 SP=0B34 BP=0B36 SI=002A DI=0B66
DS=0DAC ES=0F18 SS=0F18 CS=0E06 IP=0523 NV UP EI PL NZ NA PO NC
0E06:0523 AC                LODSB
AX=415A BX=0BCE CX=0003 DX=0F18 SP=0B34 BP=0B36 SI=002B DI=0B66
DS=0DAC ES=0F18 SS=0F18 CS=0E06 IP=0524 NV UP EI PL NZ NA PO NC
0E06:0524 AA                STOSB
AX=415A BX=0BCE CX=0003 DX=0F18 SP=0B34 BP=0B36 SI=002B DI=0B67
DS=0DAC ES=0F18 SS=0F18 CS=0E06 IP=0525 NV UP EI PL NZ NA PO NC
0E06:0525 0AC0              OR      AL,AL
AX=415A BX=0BCE CX=0003 DX=0F18 SP=0B34 BP=0B36 SI=002B DI=0B67
DS=0DAC ES=0F18 SS=0F18 CS=0E06 IP=0527 NV UP EI PL NZ NA PE NC
0E06:0527 75FA              JNZ     0523
AX=415A BX=0BCE CX=0003 DX=0F18 SP=0B34 BP=0B36 SI=002B DI=0B67
DS=0DAC ES=0F18 SS=0F18 CS=0E06 IP=0523 NV UP EI PL NZ NA PE NC
0E06:0523 AC                LODSB
AX=413A BX=0BCE CX=0003 DX=0F18 SP=0B34 BP=0B36 SI=002C DI=0B67
DS=0DAC ES=0F18 SS=0F18 CS=0E06 IP=0524 NV UP EI PL NZ NA PE NC
0E06:0524 AA                STOSB
AX=413A BX=0BCE CX=0003 DX=0F18 SP=0B34 BP=0B36 SI=002C DI=0B68
DS=0DAC ES=0F18 SS=0F18 CS=0E06 IP=0525 NV UP EI PL NZ NA PE NC
0E06:0525 0AC0              OR      AL,AL
AX=413A BX=0BCE CX=0003 DX=0F18 SP=0B34 BP=0B36 SI=002C DI=0B68
DS=0DAC ES=0F18 SS=0F18 CS=0E06 IP=0527 NV UP EI PL NZ NA PE NC
0E06:0527 75FA              JNZ     0523
AX=413A BX=0BCE CX=0003 DX=0F18 SP=0B34 BP=0B36 SI=002C DI=0B68
DS=0DAC ES=0F18 SS=0F18 CS=0E06 IP=0523 NV UP EI PL NZ NA PE NC
0E06:0523 AC                LODSB
AX=415C BX=0BCE CX=0003 DX=0F18 SP=0B34 BP=0B36 SI=002D DI=0B68
DS=0DAC ES=0F18 SS=0F18 CS=0E06 IP=0524 NV UP EI PL NZ NA PE NC
0E06:0524 AA                STOSB
AX=415C BX=0BCE CX=0003 DX=0F18 SP=0B34 BP=0B36 SI=002D DI=0B69
DS=0DAC ES=0F18 SS=0F18 CS=0E06 IP=0525 NV UP EI PL NZ NA PE NC
0E06:0525 0AC0              OR      AL,AL
AX=415C BX=0BCE CX=0003 DX=0F18 SP=0B34 BP=0B36 SI=002D DI=0B69
DS=0DAC ES=0F18 SS=0F18 CS=0E06 IP=0527 NV UP EI PL NZ NA PE NC
0E06:0527 75FA              JNZ     0523
AX=415C BX=0BCE CX=0003 DX=0F18 SP=0B34 BP=0B36 SI=002D DI=0B69
DS=0DAC ES=0F18 SS=0F18 CS=0E06 IP=0523 NV UP EI PL NZ NA PE NC
0E06:0523 AC                LODSB
AX=4142 BX=0BCE CX=0003 DX=0F18 SP=0B34 BP=0B36 SI=002E DI=0B69
DS=0DAC ES=0F18 SS=0F18 CS=0E06 IP=0524 NV UP EI PL NZ NA PE NC
0E06:0524 AA                STOSB
AX=4142 BX=0BCE CX=0003 DX=0F18 SP=0B34 BP=0B36 SI=002E DI=0B6A
DS=0DAC ES=0F18 SS=0F18 CS=0E06 IP=0525 NV UP EI PL NZ NA PE NC
0E06:0525 0AC0              OR      AL,AL
AX=4142 BX=0BCE CX=0003 DX=0F18 SP=0B34 BP=0B36 SI=002E DI=0B6A
DS=0DAC ES=0F18 SS=0F18 CS=0E06 IP=0527 NV UP EI PL NZ NA PE NC
0E06:0527 75FA              JNZ     0523
AX=4142 BX=0BCE CX=0003 DX=0F18 SP=0B34 BP=0B36 SI=002E DI=0B6A
DS=0DAC ES=0F18 SS=0F18 CS=0E06 IP=0523 NV UP EI PL NZ NA PE NC
0E06:0523 AC                LODSB
AX=4149 BX=0BCE CX=0003 DX=0F18 SP=0B34 BP=0B36 SI=002F DI=0B6A
DS=0DAC ES=0F18 SS=0F18 CS=0E06 IP=0524 NV UP EI PL NZ NA PE NC
0E06:0524 AA                STOSB
AX=4149 BX=0BCE CX=0003 DX=0F18 SP=0B34 BP=0B36 SI=002F DI=0B6B
DS=0DAC ES=0F18 SS=0F18 CS=0E06 IP=0525 NV UP EI PL NZ NA PE NC
0E06:0525 0AC0              OR      AL,AL
AX=4149 BX=0BCE CX=0003 DX=0F18 SP=0B34 BP=0B36 SI=002F DI=0B6B
DS=0DAC ES=0F18 SS=0F18 CS=0E06 IP=0527 NV UP EI PL NZ NA PO NC
0E06:0527 75FA              JNZ     0523
AX=4149 BX=0BCE CX=0003 DX=0F18 SP=0B34 BP=0B36 SI=002F DI=0B6B
DS=0DAC ES=0F18 SS=0F18 CS=0E06 IP=0523 NV UP EI PL NZ NA PO NC
0E06:0523 AC                LODSB
AX=414E BX=0BCE CX=0003 DX=0F18 SP=0B34 BP=0B36 SI=0030 DI=0B6B
DS=0DAC ES=0F18 SS=0F18 CS=0E06 IP=0524 NV UP EI PL NZ NA PO NC
0E06:0524 AA                STOSB
AX=414E BX=0BCE CX=0003 DX=0F18 SP=0B34 BP=0B36 SI=0030 DI=0B6C
DS=0DAC ES=0F18 SS=0F18 CS=0E06 IP=0525 NV UP EI PL NZ NA PO NC
0E06:0525 0AC0              OR      AL,AL
AX=414E BX=0BCE CX=0003 DX=0F18 SP=0B34 BP=0B36 SI=0030 DI=0B6C
DS=0DAC ES=0F18 SS=0F18 CS=0E06 IP=0527 NV UP EI PL NZ NA PE NC
0E06:0527 75FA              JNZ     0523
AX=414E BX=0BCE CX=0003 DX=0F18 SP=0B34 BP=0B36 SI=0030 DI=0B6C
DS=0DAC ES=0F18 SS=0F18 CS=0E06 IP=0523 NV UP EI PL NZ NA PE NC
0E06:0523 AC                LODSB
AX=413B BX=0BCE CX=0003 DX=0F18 SP=0B34 BP=0B36 SI=0031 DI=0B6C
DS=0DAC ES=0F18 SS=0F18 CS=0E06 IP=0524 NV UP EI PL NZ NA PE NC
0E06:0524 AA                STOSB
AX=413B BX=0BCE CX=0003 DX=0F18 SP=0B34 BP=0B36 SI=0031 DI=0B6D
DS=0DAC ES=0F18 SS=0F18 CS=0E06 IP=0525 NV UP EI PL NZ NA PE NC
0E06:0525 0AC0              OR      AL,AL
AX=413B BX=0BCE CX=0003 DX=0F18 SP=0B34 BP=0B36 SI=0031 DI=0B6D
DS=0DAC ES=0F18 SS=0F18 CS=0E06 IP=0527 NV UP EI PL NZ NA PO NC
0E06:0527 75FA              JNZ     0523
AX=413B BX=0BCE CX=0003 DX=0F18 SP=0B34 BP=0B36 SI=0031 DI=0B6D
DS=0DAC ES=0F18 SS=0F18 CS=0E06 IP=0523 NV UP EI PL NZ NA PO NC
0E06:0523 AC                LODSB
AX=415A BX=0BCE CX=0003 DX=0F18 SP=0B34 BP=0B36 SI=0032 DI=0B6D
DS=0DAC ES=0F18 SS=0F18 CS=0E06 IP=0524 NV UP EI PL NZ NA PO NC
0E06:0524 AA                STOSB
AX=415A BX=0BCE CX=0003 DX=0F18 SP=0B34 BP=0B36 SI=0032 DI=0B6E
DS=0DAC ES=0F18 SS=0F18 CS=0E06 IP=0525 NV UP EI PL NZ NA PO NC
0E06:0525 0AC0              OR      AL,AL
AX=415A BX=0BCE CX=0003 DX=0F18 SP=0B34 BP=0B36 SI=0032 DI=0B6E
DS=0DAC ES=0F18 SS=0F18 CS=0E06 IP=0527 NV UP EI PL NZ NA PE NC
0E06:0527 75FA              JNZ     0523
AX=415A BX=0BCE CX=0003 DX=0F18 SP=0B34 BP=0B36 SI=0032 DI=0B6E
DS=0DAC ES=0F18 SS=0F18 CS=0E06 IP=0523 NV UP EI PL NZ NA PE NC
0E06:0523 AC                LODSB
AX=413A BX=0BCE CX=0003 DX=0F18 SP=0B34 BP=0B36 SI=0033 DI=0B6E
DS=0DAC ES=0F18 SS=0F18 CS=0E06 IP=0524 NV UP EI PL NZ NA PE NC
0E06:0524 AA                STOSB
AX=413A BX=0BCE CX=0003 DX=0F18 SP=0B34 BP=0B36 SI=0033 DI=0B6F
DS=0DAC ES=0F18 SS=0F18 CS=0E06 IP=0525 NV UP EI PL NZ NA PE NC
0E06:0525 0AC0              OR      AL,AL
AX=413A BX=0BCE CX=0003 DX=0F18 SP=0B34 BP=0B36 SI=0033 DI=0B6F
DS=0DAC ES=0F18 SS=0F18 CS=0E06 IP=0527 NV UP EI PL NZ NA PE NC
0E06:0527 75FA              JNZ     0523
AX=413A BX=0BCE CX=0003 DX=0F18 SP=0B34 BP=0B36 SI=0033 DI=0B6F
DS=0DAC ES=0F18 SS=0F18 CS=0E06 IP=0523 NV UP EI PL NZ NA PE NC
0E06:0523 AC                LODSB
AX=415C BX=0BCE CX=0003 DX=0F18 SP=0B34 BP=0B36 SI=0034 DI=0B6F
DS=0DAC ES=0F18 SS=0F18 CS=0E06 IP=0524 NV UP EI PL NZ NA PE NC
0E06:0524 AA                STOSB
AX=415C BX=0BCE CX=0003 DX=0F18 SP=0B34 BP=0B36 SI=0034 DI=0B70
DS=0DAC ES=0F18 SS=0F18 CS=0E06 IP=0525 NV UP EI PL NZ NA PE NC
0E06:0525 0AC0              OR      AL,AL
AX=415C BX=0BCE CX=0003 DX=0F18 SP=0B34 BP=0B36 SI=0034 DI=0B70
DS=0DAC ES=0F18 SS=0F18 CS=0E06 IP=0527 NV UP EI PL NZ NA PE NC
0E06:0527 75FA              JNZ     0523
AX=415C BX=0BCE CX=0003 DX=0F18 SP=0B34 BP=0B36 SI=0034 DI=0B70
DS=0DAC ES=0F18 SS=0F18 CS=0E06 IP=0523 NV UP EI PL NZ NA PE NC
0E06:0523 AC                LODSB
AX=4144 BX=0BCE CX=0003 DX=0F18 SP=0B34 BP=0B36 SI=0035 DI=0B70
DS=0DAC ES=0F18 SS=0F18 CS=0E06 IP=0524 NV UP EI PL NZ NA PE NC
0E06:0524 AA                STOSB
AX=4144 BX=0BCE CX=0003 DX=0F18 SP=0B34 BP=0B36 SI=0035 DI=0B71
DS=0DAC ES=0F18 SS=0F18 CS=0E06 IP=0525 NV UP EI PL NZ NA PE NC
0E06:0525 0AC0              OR      AL,AL
AX=4144 BX=0BCE CX=0003 DX=0F18 SP=0B34 BP=0B36 SI=0035 DI=0B71
DS=0DAC ES=0F18 SS=0F18 CS=0E06 IP=0527 NV UP EI PL NZ NA PE NC
0E06:0527 75FA              JNZ     0523
AX=4144 BX=0BCE CX=0003 DX=0F18 SP=0B34 BP=0B36 SI=0035 DI=0B71
DS=0DAC ES=0F18 SS=0F18 CS=0E06 IP=0523 NV UP EI PL NZ NA PE NC
0E06:0523 AC                LODSB
AX=414F BX=0BCE CX=0003 DX=0F18 SP=0B34 BP=0B36 SI=0036 DI=0B71
DS=0DAC ES=0F18 SS=0F18 CS=0E06 IP=0524 NV UP EI PL NZ NA PE NC
0E06:0524 AA                STOSB
AX=414F BX=0BCE CX=0003 DX=0F18 SP=0B34 BP=0B36 SI=0036 DI=0B72
DS=0DAC ES=0F18 SS=0F18 CS=0E06 IP=0525 NV UP EI PL NZ NA PE NC
0E06:0525 0AC0              OR      AL,AL
AX=414F BX=0BCE CX=0003 DX=0F18 SP=0B34 BP=0B36 SI=0036 DI=0B72
DS=0DAC ES=0F18 SS=0F18 CS=0E06 IP=0527 NV UP EI PL NZ NA PO NC
0E06:0527 75FA              JNZ     0523
AX=414F BX=0BCE CX=0003 DX=0F18 SP=0B34 BP=0B36 SI=0036 DI=0B72
DS=0DAC ES=0F18 SS=0F18 CS=0E06 IP=0523 NV UP EI PL NZ NA PO NC
0E06:0523 AC                LODSB
AX=4153 BX=0BCE CX=0003 DX=0F18 SP=0B34 BP=0B36 SI=0037 DI=0B72
DS=0DAC ES=0F18 SS=0F18 CS=0E06 IP=0524 NV UP EI PL NZ NA PO NC
0E06:0524 AA                STOSB
AX=4153 BX=0BCE CX=0003 DX=0F18 SP=0B34 BP=0B36 SI=0037 DI=0B73
DS=0DAC ES=0F18 SS=0F18 CS=0E06 IP=0525 NV UP EI PL NZ NA PO NC
0E06:0525 0AC0              OR      AL,AL
AX=4153 BX=0BCE CX=0003 DX=0F18 SP=0B34 BP=0B36 SI=0037 DI=0B73
DS=0DAC ES=0F18 SS=0F18 CS=0E06 IP=0527 NV UP EI PL NZ NA PE NC
0E06:0527 75FA              JNZ     0523
AX=4153 BX=0BCE CX=0003 DX=0F18 SP=0B34 BP=0B36 SI=0037 DI=0B73
DS=0DAC ES=0F18 SS=0F18 CS=0E06 IP=0523 NV UP EI PL NZ NA PE NC
0E06:0523 AC                LODSB
AX=413B BX=0BCE CX=0003 DX=0F18 SP=0B34 BP=0B36 SI=0038 DI=0B73
DS=0DAC ES=0F18 SS=0F18 CS=0E06 IP=0524 NV UP EI PL NZ NA PE NC
0E06:0524 AA                STOSB
AX=413B BX=0BCE CX=0003 DX=0F18 SP=0B34 BP=0B36 SI=0038 DI=0B74
DS=0DAC ES=0F18 SS=0F18 CS=0E06 IP=0525 NV UP EI PL NZ NA PE NC
0E06:0525 0AC0              OR      AL,AL
AX=413B BX=0BCE CX=0003 DX=0F18 SP=0B34 BP=0B36 SI=0038 DI=0B74
DS=0DAC ES=0F18 SS=0F18 CS=0E06 IP=0527 NV UP EI PL NZ NA PO NC
0E06:0527 75FA              JNZ     0523
AX=413B BX=0BCE CX=0003 DX=0F18 SP=0B34 BP=0B36 SI=0038 DI=0B74
DS=0DAC ES=0F18 SS=0F18 CS=0E06 IP=0523 NV UP EI PL NZ NA PO NC
0E06:0523 AC                LODSB
AX=415A BX=0BCE CX=0003 DX=0F18 SP=0B34 BP=0B36 SI=0039 DI=0B74
DS=0DAC ES=0F18 SS=0F18 CS=0E06 IP=0524 NV UP EI PL NZ NA PO NC
0E06:0524 AA                STOSB
AX=415A BX=0BCE CX=0003 DX=0F18 SP=0B34 BP=0B36 SI=0039 DI=0B75
DS=0DAC ES=0F18 SS=0F18 CS=0E06 IP=0525 NV UP EI PL NZ NA PO NC
0E06:0525 0AC0              OR      AL,AL
AX=415A BX=0BCE CX=0003 DX=0F18 SP=0B34 BP=0B36 SI=0039 DI=0B75
DS=0DAC ES=0F18 SS=0F18 CS=0E06 IP=0527 NV UP EI PL NZ NA PE NC
0E06:0527 75FA              JNZ     0523
AX=415A BX=0BCE CX=0003 DX=0F18 SP=0B34 BP=0B36 SI=0039 DI=0B75
DS=0DAC ES=0F18 SS=0F18 CS=0E06 IP=0523 NV UP EI PL NZ NA PE NC
0E06:0523 AC                LODSB
AX=413A BX=0BCE CX=0003 DX=0F18 SP=0B34 BP=0B36 SI=003A DI=0B75
DS=0DAC ES=0F18 SS=0F18 CS=0E06 IP=0524 NV UP EI PL NZ NA PE NC
0E06:0524 AA                STOSB
AX=413A BX=0BCE CX=0003 DX=0F18 SP=0B34 BP=0B36 SI=003A DI=0B76
DS=0DAC ES=0F18 SS=0F18 CS=0E06 IP=0525 NV UP EI PL NZ NA PE NC
0E06:0525 0AC0              OR      AL,AL
AX=413A BX=0BCE CX=0003 DX=0F18 SP=0B34 BP=0B36 SI=003A DI=0B76
DS=0DAC ES=0F18 SS=0F18 CS=0E06 IP=0527 NV UP EI PL NZ NA PE NC
0E06:0527 75FA              JNZ     0523
AX=413A BX=0BCE CX=0003 DX=0F18 SP=0B34 BP=0B36 SI=003A DI=0B76
DS=0DAC ES=0F18 SS=0F18 CS=0E06 IP=0523 NV UP EI PL NZ NA PE NC
0E06:0523 AC                LODSB
AX=415C BX=0BCE CX=0003 DX=0F18 SP=0B34 BP=0B36 SI=003B DI=0B76
DS=0DAC ES=0F18 SS=0F18 CS=0E06 IP=0524 NV UP EI PL NZ NA PE NC
0E06:0524 AA                STOSB
AX=415C BX=0BCE CX=0003 DX=0F18 SP=0B34 BP=0B36 SI=003B DI=0B77
DS=0DAC ES=0F18 SS=0F18 CS=0E06 IP=0525 NV UP EI PL NZ NA PE NC
0E06:0525 0AC0              OR      AL,AL
AX=415C BX=0BCE CX=0003 DX=0F18 SP=0B34 BP=0B36 SI=003B DI=0B77
DS=0DAC ES=0F18 SS=0F18 CS=0E06 IP=0527 NV UP EI PL NZ NA PE NC
0E06:0527 75FA              JNZ     0523
AX=415C BX=0BCE CX=0003 DX=0F18 SP=0B34 BP=0B36 SI=003B DI=0B77
DS=0DAC ES=0F18 SS=0F18 CS=0E06 IP=0523 NV UP EI PL NZ NA PE NC
0E06:0523 AC                LODSB
AX=4134 BX=0BCE CX=0003 DX=0F18 SP=0B34 BP=0B36 SI=003C DI=0B77
DS=0DAC ES=0F18 SS=0F18 CS=0E06 IP=0524 NV UP EI PL NZ NA PE NC
0E06:0524 AA                STOSB
AX=4134 BX=0BCE CX=0003 DX=0F18 SP=0B34 BP=0B36 SI=003C DI=0B78
DS=0DAC ES=0F18 SS=0F18 CS=0E06 IP=0525 NV UP EI PL NZ NA PE NC
0E06:0525 0AC0              OR      AL,AL
AX=4134 BX=0BCE CX=0003 DX=0F18 SP=0B34 BP=0B36 SI=003C DI=0B78
DS=0DAC ES=0F18 SS=0F18 CS=0E06 IP=0527 NV UP EI PL NZ NA PO NC
0E06:0527 75FA              JNZ     0523
AX=4134 BX=0BCE CX=0003 DX=0F18 SP=0B34 BP=0B36 SI=003C DI=0B78
DS=0DAC ES=0F18 SS=0F18 CS=0E06 IP=0523 NV UP EI PL NZ NA PO NC
0E06:0523 AC                LODSB
AX=4144 BX=0BCE CX=0003 DX=0F18 SP=0B34 BP=0B36 SI=003D DI=0B78
DS=0DAC ES=0F18 SS=0F18 CS=0E06 IP=0524 NV UP EI PL NZ NA PO NC
0E06:0524 AA                STOSB
AX=4144 BX=0BCE CX=0003 DX=0F18 SP=0B34 BP=0B36 SI=003D DI=0B79
DS=0DAC ES=0F18 SS=0F18 CS=0E06 IP=0525 NV UP EI PL NZ NA PO NC
0E06:0525 0AC0              OR      AL,AL
AX=4144 BX=0BCE CX=0003 DX=0F18 SP=0B34 BP=0B36 SI=003D DI=0B79
DS=0DAC ES=0F18 SS=0F18 CS=0E06 IP=0527 NV UP EI PL NZ NA PE NC
0E06:0527 75FA              JNZ     0523
AX=4144 BX=0BCE CX=0003 DX=0F18 SP=0B34 BP=0B36 SI=003D DI=0B79
DS=0DAC ES=0F18 SS=0F18 CS=0E06 IP=0523 NV UP EI PL NZ NA PE NC
0E06:0523 AC                LODSB
AX=414F BX=0BCE CX=0003 DX=0F18 SP=0B34 BP=0B36 SI=003E DI=0B79
DS=0DAC ES=0F18 SS=0F18 CS=0E06 IP=0524 NV UP EI PL NZ NA PE NC
0E06:0524 AA                STOSB
AX=414F BX=0BCE CX=0003 DX=0F18 SP=0B34 BP=0B36 SI=003E DI=0B7A
DS=0DAC ES=0F18 SS=0F18 CS=0E06 IP=0525 NV UP EI PL NZ NA PE NC
0E06:0525 0AC0              OR      AL,AL
AX=414F BX=0BCE CX=0003 DX=0F18 SP=0B34 BP=0B36 SI=003E DI=0B7A
DS=0DAC ES=0F18 SS=0F18 CS=0E06 IP=0527 NV UP EI PL NZ NA PO NC
0E06:0527 75FA              JNZ     0523
AX=414F BX=0BCE CX=0003 DX=0F18 SP=0B34 BP=0B36 SI=003E DI=0B7A
DS=0DAC ES=0F18 SS=0F18 CS=0E06 IP=0523 NV UP EI PL NZ NA PO NC
0E06:0523 AC                LODSB
AX=4153 BX=0BCE CX=0003 DX=0F18 SP=0B34 BP=0B36 SI=003F DI=0B7A
DS=0DAC ES=0F18 SS=0F18 CS=0E06 IP=0524 NV UP EI PL NZ NA PO NC
0E06:0524 AA                STOSB
AX=4153 BX=0BCE CX=0003 DX=0F18 SP=0B34 BP=0B36 SI=003F DI=0B7B
DS=0DAC ES=0F18 SS=0F18 CS=0E06 IP=0525 NV UP EI PL NZ NA PO NC
0E06:0525 0AC0              OR      AL,AL
AX=4153 BX=0BCE CX=0003 DX=0F18 SP=0B34 BP=0B36 SI=003F DI=0B7B
DS=0DAC ES=0F18 SS=0F18 CS=0E06 IP=0527 NV UP EI PL NZ NA PE NC
0E06:0527 75FA              JNZ     0523
AX=4153 BX=0BCE CX=0003 DX=0F18 SP=0B34 BP=0B36 SI=003F DI=0B7B
DS=0DAC ES=0F18 SS=0F18 CS=0E06 IP=0523 NV UP EI PL NZ NA PE NC
0E06:0523 AC                LODSB
AX=413B BX=0BCE CX=0003 DX=0F18 SP=0B34 BP=0B36 SI=0040 DI=0B7B
DS=0DAC ES=0F18 SS=0F18 CS=0E06 IP=0524 NV UP EI PL NZ NA PE NC
0E06:0524 AA                STOSB
AX=413B BX=0BCE CX=0003 DX=0F18 SP=0B34 BP=0B36 SI=0040 DI=0B7C
DS=0DAC ES=0F18 SS=0F18 CS=0E06 IP=0525 NV UP EI PL NZ NA PE NC
0E06:0525 0AC0              OR      AL,AL
AX=413B BX=0BCE CX=0003 DX=0F18 SP=0B34 BP=0B36 SI=0040 DI=0B7C
DS=0DAC ES=0F18 SS=0F18 CS=0E06 IP=0527 NV UP EI PL NZ NA PO NC
0E06:0527 75FA              JNZ     0523
AX=413B BX=0BCE CX=0003 DX=0F18 SP=0B34 BP=0B36 SI=0040 DI=0B7C
DS=0DAC ES=0F18 SS=0F18 CS=0E06 IP=0523 NV UP EI PL NZ NA PO NC
0E06:0523 AC                LODSB
AX=415A BX=0BCE CX=0003 DX=0F18 SP=0B34 BP=0B36 SI=0041 DI=0B7C
DS=0DAC ES=0F18 SS=0F18 CS=0E06 IP=0524 NV UP EI PL NZ NA PO NC
0E06:0524 AA                STOSB
AX=415A BX=0BCE CX=0003 DX=0F18 SP=0B34 BP=0B36 SI=0041 DI=0B7D
DS=0DAC ES=0F18 SS=0F18 CS=0E06 IP=0525 NV UP EI PL NZ NA PO NC
0E06:0525 0AC0              OR      AL,AL
AX=415A BX=0BCE CX=0003 DX=0F18 SP=0B34 BP=0B36 SI=0041 DI=0B7D
DS=0DAC ES=0F18 SS=0F18 CS=0E06 IP=0527 NV UP EI PL NZ NA PE NC
0E06:0527 75FA              JNZ     0523
AX=415A BX=0BCE CX=0003 DX=0F18 SP=0B34 BP=0B36 SI=0041 DI=0B7D
DS=0DAC ES=0F18 SS=0F18 CS=0E06 IP=0523 NV UP EI PL NZ NA PE NC
0E06:0523 AC                LODSB
AX=413A BX=0BCE CX=0003 DX=0F18 SP=0B34 BP=0B36 SI=0042 DI=0B7D
DS=0DAC ES=0F18 SS=0F18 CS=0E06 IP=0524 NV UP EI PL NZ NA PE NC
0E06:0524 AA                STOSB
AX=413A BX=0BCE CX=0003 DX=0F18 SP=0B34 BP=0B36 SI=0042 DI=0B7E
DS=0DAC ES=0F18 SS=0F18 CS=0E06 IP=0525 NV UP EI PL NZ NA PE NC
0E06:0525 0AC0              OR      AL,AL
AX=413A BX=0BCE CX=0003 DX=0F18 SP=0B34 BP=0B36 SI=0042 DI=0B7E
DS=0DAC ES=0F18 SS=0F18 CS=0E06 IP=0527 NV UP EI PL NZ NA PE NC
0E06:0527 75FA              JNZ     0523
AX=413A BX=0BCE CX=0003 DX=0F18 SP=0B34 BP=0B36 SI=0042 DI=0B7E
DS=0DAC ES=0F18 SS=0F18 CS=0E06 IP=0523 NV UP EI PL NZ NA PE NC
0E06:0523 AC                LODSB
AX=415C BX=0BCE CX=0003 DX=0F18 SP=0B34 BP=0B36 SI=0043 DI=0B7E
DS=0DAC ES=0F18 SS=0F18 CS=0E06 IP=0524 NV UP EI PL NZ NA PE NC
0E06:0524 AA                STOSB
AX=415C BX=0BCE CX=0003 DX=0F18 SP=0B34 BP=0B36 SI=0043 DI=0B7F
DS=0DAC ES=0F18 SS=0F18 CS=0E06 IP=0525 NV UP EI PL NZ NA PE NC
0E06:0525 0AC0              OR      AL,AL
AX=415C BX=0BCE CX=0003 DX=0F18 SP=0B34 BP=0B36 SI=0043 DI=0B7F
DS=0DAC ES=0F18 SS=0F18 CS=0E06 IP=0527 NV UP EI PL NZ NA PE NC
0E06:0527 75FA              JNZ     0523
AX=415C BX=0BCE CX=0003 DX=0F18 SP=0B34 BP=0B36 SI=0043 DI=0B7F
DS=0DAC ES=0F18 SS=0F18 CS=0E06 IP=0523 NV UP EI PL NZ NA PE NC
0E06:0523 AC                LODSB
AX=4144 BX=0BCE CX=0003 DX=0F18 SP=0B34 BP=0B36 SI=0044 DI=0B7F
DS=0DAC ES=0F18 SS=0F18 CS=0E06 IP=0524 NV UP EI PL NZ NA PE NC
0E06:0524 AA                STOSB
AX=4144 BX=0BCE CX=0003 DX=0F18 SP=0B34 BP=0B36 SI=0044 DI=0B80
DS=0DAC ES=0F18 SS=0F18 CS=0E06 IP=0525 NV UP EI PL NZ NA PE NC
0E06:0525 0AC0              OR      AL,AL
AX=4144 BX=0BCE CX=0003 DX=0F18 SP=0B34 BP=0B36 SI=0044 DI=0B80
DS=0DAC ES=0F18 SS=0F18 CS=0E06 IP=0527 NV UP EI PL NZ NA PE NC
0E06:0527 75FA              JNZ     0523
AX=4144 BX=0BCE CX=0003 DX=0F18 SP=0B34 BP=0B36 SI=0044 DI=0B80
DS=0DAC ES=0F18 SS=0F18 CS=0E06 IP=0523 NV UP EI PL NZ NA PE NC
0E06:0523 AC                LODSB
AX=4145 BX=0BCE CX=0003 DX=0F18 SP=0B34 BP=0B36 SI=0045 DI=0B80
DS=0DAC ES=0F18 SS=0F18 CS=0E06 IP=0524 NV UP EI PL NZ NA PE NC
0E06:0524 AA                STOSB
AX=4145 BX=0BCE CX=0003 DX=0F18 SP=0B34 BP=0B36 SI=0045 DI=0B81
DS=0DAC ES=0F18 SS=0F18 CS=0E06 IP=0525 NV UP EI PL NZ NA PE NC
0E06:0525 0AC0              OR      AL,AL
AX=4145 BX=0BCE CX=0003 DX=0F18 SP=0B34 BP=0B36 SI=0045 DI=0B81
DS=0DAC ES=0F18 SS=0F18 CS=0E06 IP=0527 NV UP EI PL NZ NA PO NC
0E06:0527 75FA              JNZ     0523
AX=4145 BX=0BCE CX=0003 DX=0F18 SP=0B34 BP=0B36 SI=0045 DI=0B81
DS=0DAC ES=0F18 SS=0F18 CS=0E06 IP=0523 NV UP EI PL NZ NA PO NC
0E06:0523 AC                LODSB
AX=4142 BX=0BCE CX=0003 DX=0F18 SP=0B34 BP=0B36 SI=0046 DI=0B81
DS=0DAC ES=0F18 SS=0F18 CS=0E06 IP=0524 NV UP EI PL NZ NA PO NC
0E06:0524 AA                STOSB
AX=4142 BX=0BCE CX=0003 DX=0F18 SP=0B34 BP=0B36 SI=0046 DI=0B82
DS=0DAC ES=0F18 SS=0F18 CS=0E06 IP=0525 NV UP EI PL NZ NA PO NC
0E06:0525 0AC0              OR      AL,AL
AX=4142 BX=0BCE CX=0003 DX=0F18 SP=0B34 BP=0B36 SI=0046 DI=0B82
DS=0DAC ES=0F18 SS=0F18 CS=0E06 IP=0527 NV UP EI PL NZ NA PE NC
0E06:0527 75FA              JNZ     0523
AX=4142 BX=0BCE CX=0003 DX=0F18 SP=0B34 BP=0B36 SI=0046 DI=0B82
DS=0DAC ES=0F18 SS=0F18 CS=0E06 IP=0523 NV UP EI PL NZ NA PE NC
0E06:0523 AC                LODSB
AX=4155 BX=0BCE CX=0003 DX=0F18 SP=0B34 BP=0B36 SI=0047 DI=0B82
DS=0DAC ES=0F18 SS=0F18 CS=0E06 IP=0524 NV UP EI PL NZ NA PE NC
0E06:0524 AA                STOSB
AX=4155 BX=0BCE CX=0003 DX=0F18 SP=0B34 BP=0B36 SI=0047 DI=0B83
DS=0DAC ES=0F18 SS=0F18 CS=0E06 IP=0525 NV UP EI PL NZ NA PE NC
0E06:0525 0AC0              OR      AL,AL
AX=4155 BX=0BCE CX=0003 DX=0F18 SP=0B34 BP=0B36 SI=0047 DI=0B83
DS=0DAC ES=0F18 SS=0F18 CS=0E06 IP=0527 NV UP EI PL NZ NA PE NC
0E06:0527 75FA              JNZ     0523
AX=4155 BX=0BCE CX=0003 DX=0F18 SP=0B34 BP=0B36 SI=0047 DI=0B83
DS=0DAC ES=0F18 SS=0F18 CS=0E06 IP=0523 NV UP EI PL NZ NA PE NC
0E06:0523 AC                LODSB
AX=4147 BX=0BCE CX=0003 DX=0F18 SP=0B34 BP=0B36 SI=0048 DI=0B83
DS=0DAC ES=0F18 SS=0F18 CS=0E06 IP=0524 NV UP EI PL NZ NA PE NC
0E06:0524 AA                STOSB
AX=4147 BX=0BCE CX=0003 DX=0F18 SP=0B34 BP=0B36 SI=0048 DI=0B84
DS=0DAC ES=0F18 SS=0F18 CS=0E06 IP=0525 NV UP EI PL NZ NA PE NC
0E06:0525 0AC0              OR      AL,AL
AX=4147 BX=0BCE CX=0003 DX=0F18 SP=0B34 BP=0B36 SI=0048 DI=0B84
DS=0DAC ES=0F18 SS=0F18 CS=0E06 IP=0527 NV UP EI PL NZ NA PE NC
0E06:0527 75FA              JNZ     0523
AX=4147 BX=0BCE CX=0003 DX=0F18 SP=0B34 BP=0B36 SI=0048 DI=0B84
DS=0DAC ES=0F18 SS=0F18 CS=0E06 IP=0523 NV UP EI PL NZ NA PE NC
0E06:0523 AC                LODSB
AX=413B BX=0BCE CX=0003 DX=0F18 SP=0B34 BP=0B36 SI=0049 DI=0B84
DS=0DAC ES=0F18 SS=0F18 CS=0E06 IP=0524 NV UP EI PL NZ NA PE NC
0E06:0524 AA                STOSB
AX=413B BX=0BCE CX=0003 DX=0F18 SP=0B34 BP=0B36 SI=0049 DI=0B85
DS=0DAC ES=0F18 SS=0F18 CS=0E06 IP=0525 NV UP EI PL NZ NA PE NC
0E06:0525 0AC0              OR      AL,AL
AX=413B BX=0BCE CX=0003 DX=0F18 SP=0B34 BP=0B36 SI=0049 DI=0B85
DS=0DAC ES=0F18 SS=0F18 CS=0E06 IP=0527 NV UP EI PL NZ NA PO NC
0E06:0527 75FA              JNZ     0523
AX=413B BX=0BCE CX=0003 DX=0F18 SP=0B34 BP=0B36 SI=0049 DI=0B85
DS=0DAC ES=0F18 SS=0F18 CS=0E06 IP=0523 NV UP EI PL NZ NA PO NC
0E06:0523 AC                LODSB
AX=415A BX=0BCE CX=0003 DX=0F18 SP=0B34 BP=0B36 SI=004A DI=0B85
DS=0DAC ES=0F18 SS=0F18 CS=0E06 IP=0524 NV UP EI PL NZ NA PO NC
0E06:0524 AA                STOSB
AX=415A BX=0BCE CX=0003 DX=0F18 SP=0B34 BP=0B36 SI=004A DI=0B86
DS=0DAC ES=0F18 SS=0F18 CS=0E06 IP=0525 NV UP EI PL NZ NA PO NC
0E06:0525 0AC0              OR      AL,AL
AX=415A BX=0BCE CX=0003 DX=0F18 SP=0B34 BP=0B36 SI=004A DI=0B86
DS=0DAC ES=0F18 SS=0F18 CS=0E06 IP=0527 NV UP EI PL NZ NA PE NC
0E06:0527 75FA              JNZ     0523
AX=415A BX=0BCE CX=0003 DX=0F18 SP=0B34 BP=0B36 SI=004A DI=0B86
DS=0DAC ES=0F18 SS=0F18 CS=0E06 IP=0523 NV UP EI PL NZ NA PE NC
0E06:0523 AC                LODSB
AX=413A BX=0BCE CX=0003 DX=0F18 SP=0B34 BP=0B36 SI=004B DI=0B86
DS=0DAC ES=0F18 SS=0F18 CS=0E06 IP=0524 NV UP EI PL NZ NA PE NC
0E06:0524 AA                STOSB
AX=413A BX=0BCE CX=0003 DX=0F18 SP=0B34 BP=0B36 SI=004B DI=0B87
DS=0DAC ES=0F18 SS=0F18 CS=0E06 IP=0525 NV UP EI PL NZ NA PE NC
0E06:0525 0AC0              OR      AL,AL
AX=413A BX=0BCE CX=0003 DX=0F18 SP=0B34 BP=0B36 SI=004B DI=0B87
DS=0DAC ES=0F18 SS=0F18 CS=0E06 IP=0527 NV UP EI PL NZ NA PE NC
0E06:0527 75FA              JNZ     0523
AX=413A BX=0BCE CX=0003 DX=0F18 SP=0B34 BP=0B36 SI=004B DI=0B87
DS=0DAC ES=0F18 SS=0F18 CS=0E06 IP=0523 NV UP EI PL NZ NA PE NC
0E06:0523 AC                LODSB
AX=415C BX=0BCE CX=0003 DX=0F18 SP=0B34 BP=0B36 SI=004C DI=0B87
DS=0DAC ES=0F18 SS=0F18 CS=0E06 IP=0524 NV UP EI PL NZ NA PE NC
0E06:0524 AA                STOSB
AX=415C BX=0BCE CX=0003 DX=0F18 SP=0B34 BP=0B36 SI=004C DI=0B88
DS=0DAC ES=0F18 SS=0F18 CS=0E06 IP=0525 NV UP EI PL NZ NA PE NC
0E06:0525 0AC0              OR      AL,AL
AX=415C BX=0BCE CX=0003 DX=0F18 SP=0B34 BP=0B36 SI=004C DI=0B88
DS=0DAC ES=0F18 SS=0F18 CS=0E06 IP=0527 NV UP EI PL NZ NA PE NC
0E06:0527 75FA              JNZ     0523
AX=415C BX=0BCE CX=0003 DX=0F18 SP=0B34 BP=0B36 SI=004C DI=0B88
DS=0DAC ES=0F18 SS=0F18 CS=0E06 IP=0523 NV UP EI PL NZ NA PE NC
0E06:0523 AC                LODSB
AX=4154 BX=0BCE CX=0003 DX=0F18 SP=0B34 BP=0B36 SI=004D DI=0B88
DS=0DAC ES=0F18 SS=0F18 CS=0E06 IP=0524 NV UP EI PL NZ NA PE NC
0E06:0524 AA                STOSB
AX=4154 BX=0BCE CX=0003 DX=0F18 SP=0B34 BP=0B36 SI=004D DI=0B89
DS=0DAC ES=0F18 SS=0F18 CS=0E06 IP=0525 NV UP EI PL NZ NA PE NC
0E06:0525 0AC0              OR      AL,AL
AX=4154 BX=0BCE CX=0003 DX=0F18 SP=0B34 BP=0B36 SI=004D DI=0B89
DS=0DAC ES=0F18 SS=0F18 CS=0E06 IP=0527 NV UP EI PL NZ NA PO NC
0E06:0527 75FA              JNZ     0523
AX=4154 BX=0BCE CX=0003 DX=0F18 SP=0B34 BP=0B36 SI=004D DI=0B89
DS=0DAC ES=0F18 SS=0F18 CS=0E06 IP=0523 NV UP EI PL NZ NA PO NC
0E06:0523 AC                LODSB
AX=4145 BX=0BCE CX=0003 DX=0F18 SP=0B34 BP=0B36 SI=004E DI=0B89
DS=0DAC ES=0F18 SS=0F18 CS=0E06 IP=0524 NV UP EI PL NZ NA PO NC
0E06:0524 AA                STOSB
AX=4145 BX=0BCE CX=0003 DX=0F18 SP=0B34 BP=0B36 SI=004E DI=0B8A
DS=0DAC ES=0F18 SS=0F18 CS=0E06 IP=0525 NV UP EI PL NZ NA PO NC
0E06:0525 0AC0              OR      AL,AL
AX=4145 BX=0BCE CX=0003 DX=0F18 SP=0B34 BP=0B36 SI=004E DI=0B8A
DS=0DAC ES=0F18 SS=0F18 CS=0E06 IP=0527 NV UP EI PL NZ NA PO NC
0E06:0527 75FA              JNZ     0523
AX=4145 BX=0BCE CX=0003 DX=0F18 SP=0B34 BP=0B36 SI=004E DI=0B8A
DS=0DAC ES=0F18 SS=0F18 CS=0E06 IP=0523 NV UP EI PL NZ NA PO NC
0E06:0523 AC                LODSB
AX=4158 BX=0BCE CX=0003 DX=0F18 SP=0B34 BP=0B36 SI=004F DI=0B8A
DS=0DAC ES=0F18 SS=0F18 CS=0E06 IP=0524 NV UP EI PL NZ NA PO NC
0E06:0524 AA                STOSB
AX=4158 BX=0BCE CX=0003 DX=0F18 SP=0B34 BP=0B36 SI=004F DI=0B8B
DS=0DAC ES=0F18 SS=0F18 CS=0E06 IP=0525 NV UP EI PL NZ NA PO NC
0E06:0525 0AC0              OR      AL,AL
AX=4158 BX=0BCE CX=0003 DX=0F18 SP=0B34 BP=0B36 SI=004F DI=0B8B
DS=0DAC ES=0F18 SS=0F18 CS=0E06 IP=0527 NV UP EI PL NZ NA PO NC
0E06:0527 75FA              JNZ     0523
AX=4158 BX=0BCE CX=0003 DX=0F18 SP=0B34 BP=0B36 SI=004F DI=0B8B
DS=0DAC ES=0F18 SS=0F18 CS=0E06 IP=0523 NV UP EI PL NZ NA PO NC
0E06:0523 AC                LODSB
AX=4154 BX=0BCE CX=0003 DX=0F18 SP=0B34 BP=0B36 SI=0050 DI=0B8B
DS=0DAC ES=0F18 SS=0F18 CS=0E06 IP=0524 NV UP EI PL NZ NA PO NC
0E06:0524 AA                STOSB
AX=4154 BX=0BCE CX=0003 DX=0F18 SP=0B34 BP=0B36 SI=0050 DI=0B8C
DS=0DAC ES=0F18 SS=0F18 CS=0E06 IP=0525 NV UP EI PL NZ NA PO NC
0E06:0525 0AC0              OR      AL,AL
AX=4154 BX=0BCE CX=0003 DX=0F18 SP=0B34 BP=0B36 SI=0050 DI=0B8C
DS=0DAC ES=0F18 SS=0F18 CS=0E06 IP=0527 NV UP EI PL NZ NA PO NC
0E06:0527 75FA              JNZ     0523
AX=4154 BX=0BCE CX=0003 DX=0F18 SP=0B34 BP=0B36 SI=0050 DI=0B8C
DS=0DAC ES=0F18 SS=0F18 CS=0E06 IP=0523 NV UP EI PL NZ NA PO NC
0E06:0523 AC                LODSB
AX=4155 BX=0BCE CX=0003 DX=0F18 SP=0B34 BP=0B36 SI=0051 DI=0B8C
DS=0DAC ES=0F18 SS=0F18 CS=0E06 IP=0524 NV UP EI PL NZ NA PO NC
0E06:0524 AA                STOSB
AX=4155 BX=0BCE CX=0003 DX=0F18 SP=0B34 BP=0B36 SI=0051 DI=0B8D
DS=0DAC ES=0F18 SS=0F18 CS=0E06 IP=0525 NV UP EI PL NZ NA PO NC
0E06:0525 0AC0              OR      AL,AL
AX=4155 BX=0BCE CX=0003 DX=0F18 SP=0B34 BP=0B36 SI=0051 DI=0B8D
DS=0DAC ES=0F18 SS=0F18 CS=0E06 IP=0527 NV UP EI PL NZ NA PE NC
0E06:0527 75FA              JNZ     0523
AX=4155 BX=0BCE CX=0003 DX=0F18 SP=0B34 BP=0B36 SI=0051 DI=0B8D
DS=0DAC ES=0F18 SS=0F18 CS=0E06 IP=0523 NV UP EI PL NZ NA PE NC
0E06:0523 AC                LODSB
AX=4154 BX=0BCE CX=0003 DX=0F18 SP=0B34 BP=0B36 SI=0052 DI=0B8D
DS=0DAC ES=0F18 SS=0F18 CS=0E06 IP=0524 NV UP EI PL NZ NA PE NC
0E06:0524 AA                STOSB
AX=4154 BX=0BCE CX=0003 DX=0F18 SP=0B34 BP=0B36 SI=0052 DI=0B8E
DS=0DAC ES=0F18 SS=0F18 CS=0E06 IP=0525 NV UP EI PL NZ NA PE NC
0E06:0525 0AC0              OR      AL,AL
AX=4154 BX=0BCE CX=0003 DX=0F18 SP=0B34 BP=0B36 SI=0052 DI=0B8E
DS=0DAC ES=0F18 SS=0F18 CS=0E06 IP=0527 NV UP EI PL NZ NA PO NC
0E06:0527 75FA              JNZ     0523
AX=4154 BX=0BCE CX=0003 DX=0F18 SP=0B34 BP=0B36 SI=0052 DI=0B8E
DS=0DAC ES=0F18 SS=0F18 CS=0E06 IP=0523 NV UP EI PL NZ NA PO NC
0E06:0523 AC                LODSB
AX=4149 BX=0BCE CX=0003 DX=0F18 SP=0B34 BP=0B36 SI=0053 DI=0B8E
DS=0DAC ES=0F18 SS=0F18 CS=0E06 IP=0524 NV UP EI PL NZ NA PO NC
0E06:0524 AA                STOSB
AX=4149 BX=0BCE CX=0003 DX=0F18 SP=0B34 BP=0B36 SI=0053 DI=0B8F
DS=0DAC ES=0F18 SS=0F18 CS=0E06 IP=0525 NV UP EI PL NZ NA PO NC
0E06:0525 0AC0              OR      AL,AL
AX=4149 BX=0BCE CX=0003 DX=0F18 SP=0B34 BP=0B36 SI=0053 DI=0B8F
DS=0DAC ES=0F18 SS=0F18 CS=0E06 IP=0527 NV UP EI PL NZ NA PO NC
0E06:0527 75FA              JNZ     0523
AX=4149 BX=0BCE CX=0003 DX=0F18 SP=0B34 BP=0B36 SI=0053 DI=0B8F
DS=0DAC ES=0F18 SS=0F18 CS=0E06 IP=0523 NV UP EI PL NZ NA PO NC
0E06:0523 AC                LODSB
AX=414C BX=0BCE CX=0003 DX=0F18 SP=0B34 BP=0B36 SI=0054 DI=0B8F
DS=0DAC ES=0F18 SS=0F18 CS=0E06 IP=0524 NV UP EI PL NZ NA PO NC
0E06:0524 AA                STOSB
AX=414C BX=0BCE CX=0003 DX=0F18 SP=0B34 BP=0B36 SI=0054 DI=0B90
DS=0DAC ES=0F18 SS=0F18 CS=0E06 IP=0525 NV UP EI PL NZ NA PO NC
0E06:0525 0AC0              OR      AL,AL
AX=414C BX=0BCE CX=0003 DX=0F18 SP=0B34 BP=0B36 SI=0054 DI=0B90
DS=0DAC ES=0F18 SS=0F18 CS=0E06 IP=0527 NV UP EI PL NZ NA PO NC
0E06:0527 75FA              JNZ     0523
AX=414C BX=0BCE CX=0003 DX=0F18 SP=0B34 BP=0B36 SI=0054 DI=0B90
DS=0DAC ES=0F18 SS=0F18 CS=0E06 IP=0523 NV UP EI PL NZ NA PO NC
0E06:0523 AC                LODSB
AX=413B BX=0BCE CX=0003 DX=0F18 SP=0B34 BP=0B36 SI=0055 DI=0B90
DS=0DAC ES=0F18 SS=0F18 CS=0E06 IP=0524 NV UP EI PL NZ NA PO NC
0E06:0524 AA                STOSB
AX=413B BX=0BCE CX=0003 DX=0F18 SP=0B34 BP=0B36 SI=0055 DI=0B91
DS=0DAC ES=0F18 SS=0F18 CS=0E06 IP=0525 NV UP EI PL NZ NA PO NC
0E06:0525 0AC0              OR      AL,AL
AX=413B BX=0BCE CX=0003 DX=0F18 SP=0B34 BP=0B36 SI=0055 DI=0B91
DS=0DAC ES=0F18 SS=0F18 CS=0E06 IP=0527 NV UP EI PL NZ NA PO NC
0E06:0527 75FA              JNZ     0523
AX=413B BX=0BCE CX=0003 DX=0F18 SP=0B34 BP=0B36 SI=0055 DI=0B91
DS=0DAC ES=0F18 SS=0F18 CS=0E06 IP=0523 NV UP EI PL NZ NA PO NC
0E06:0523 AC                LODSB
AX=4143 BX=0BCE CX=0003 DX=0F18 SP=0B34 BP=0B36 SI=0056 DI=0B91
DS=0DAC ES=0F18 SS=0F18 CS=0E06 IP=0524 NV UP EI PL NZ NA PO NC
0E06:0524 AA                STOSB
AX=4143 BX=0BCE CX=0003 DX=0F18 SP=0B34 BP=0B36 SI=0056 DI=0B92
DS=0DAC ES=0F18 SS=0F18 CS=0E06 IP=0525 NV UP EI PL NZ NA PO NC
0E06:0525 0AC0              OR      AL,AL
AX=4143 BX=0BCE CX=0003 DX=0F18 SP=0B34 BP=0B36 SI=0056 DI=0B92
DS=0DAC ES=0F18 SS=0F18 CS=0E06 IP=0527 NV UP EI PL NZ NA PO NC
0E06:0527 75FA              JNZ     0523
AX=4143 BX=0BCE CX=0003 DX=0F18 SP=0B34 BP=0B36 SI=0056 DI=0B92
DS=0DAC ES=0F18 SS=0F18 CS=0E06 IP=0523 NV UP EI PL NZ NA PO NC
0E06:0523 AC                LODSB
AX=413A BX=0BCE CX=0003 DX=0F18 SP=0B34 BP=0B36 SI=0057 DI=0B92
DS=0DAC ES=0F18 SS=0F18 CS=0E06 IP=0524 NV UP EI PL NZ NA PO NC
0E06:0524 AA                STOSB
AX=413A BX=0BCE CX=0003 DX=0F18 SP=0B34 BP=0B36 SI=0057 DI=0B93
DS=0DAC ES=0F18 SS=0F18 CS=0E06 IP=0525 NV UP EI PL NZ NA PO NC
0E06:0525 0AC0              OR      AL,AL
AX=413A BX=0BCE CX=0003 DX=0F18 SP=0B34 BP=0B36 SI=0057 DI=0B93
DS=0DAC ES=0F18 SS=0F18 CS=0E06 IP=0527 NV UP EI PL NZ NA PE NC
0E06:0527 75FA              JNZ     0523
AX=413A BX=0BCE CX=0003 DX=0F18 SP=0B34 BP=0B36 SI=0057 DI=0B93
DS=0DAC ES=0F18 SS=0F18 CS=0E06 IP=0523 NV UP EI PL NZ NA PE NC
0E06:0523 AC                LODSB
AX=415C BX=0BCE CX=0003 DX=0F18 SP=0B34 BP=0B36 SI=0058 DI=0B93
DS=0DAC ES=0F18 SS=0F18 CS=0E06 IP=0524 NV UP EI PL NZ NA PE NC
0E06:0524 AA                STOSB
AX=415C BX=0BCE CX=0003 DX=0F18 SP=0B34 BP=0B36 SI=0058 DI=0B94
DS=0DAC ES=0F18 SS=0F18 CS=0E06 IP=0525 NV UP EI PL NZ NA PE NC
0E06:0525 0AC0              OR      AL,AL
AX=415C BX=0BCE CX=0003 DX=0F18 SP=0B34 BP=0B36 SI=0058 DI=0B94
DS=0DAC ES=0F18 SS=0F18 CS=0E06 IP=0527 NV UP EI PL NZ NA PE NC
0E06:0527 75FA              JNZ     0523
AX=415C BX=0BCE CX=0003 DX=0F18 SP=0B34 BP=0B36 SI=0058 DI=0B94
DS=0DAC ES=0F18 SS=0F18 CS=0E06 IP=0523 NV UP EI PL NZ NA PE NC
0E06:0523 AC                LODSB
AX=414D BX=0BCE CX=0003 DX=0F18 SP=0B34 BP=0B36 SI=0059 DI=0B94
DS=0DAC ES=0F18 SS=0F18 CS=0E06 IP=0524 NV UP EI PL NZ NA PE NC
0E06:0524 AA                STOSB
AX=414D BX=0BCE CX=0003 DX=0F18 SP=0B34 BP=0B36 SI=0059 DI=0B95
DS=0DAC ES=0F18 SS=0F18 CS=0E06 IP=0525 NV UP EI PL NZ NA PE NC
0E06:0525 0AC0              OR      AL,AL
AX=414D BX=0BCE CX=0003 DX=0F18 SP=0B34 BP=0B36 SI=0059 DI=0B95
DS=0DAC ES=0F18 SS=0F18 CS=0E06 IP=0527 NV UP EI PL NZ NA PE NC
0E06:0527 75FA              JNZ     0523
AX=414D BX=0BCE CX=0003 DX=0F18 SP=0B34 BP=0B36 SI=0059 DI=0B95
DS=0DAC ES=0F18 SS=0F18 CS=0E06 IP=0523 NV UP EI PL NZ NA PE NC
0E06:0523 AC                LODSB
AX=4153 BX=0BCE CX=0003 DX=0F18 SP=0B34 BP=0B36 SI=005A DI=0B95
DS=0DAC ES=0F18 SS=0F18 CS=0E06 IP=0524 NV UP EI PL NZ NA PE NC
0E06:0524 AA                STOSB
AX=4153 BX=0BCE CX=0003 DX=0F18 SP=0B34 BP=0B36 SI=005A DI=0B96
DS=0DAC ES=0F18 SS=0F18 CS=0E06 IP=0525 NV UP EI PL NZ NA PE NC
0E06:0525 0AC0              OR      AL,AL
AX=4153 BX=0BCE CX=0003 DX=0F18 SP=0B34 BP=0B36 SI=005A DI=0B96
DS=0DAC ES=0F18 SS=0F18 CS=0E06 IP=0527 NV UP EI PL NZ NA PE NC
0E06:0527 75FA              JNZ     0523
AX=4153 BX=0BCE CX=0003 DX=0F18 SP=0B34 BP=0B36 SI=005A DI=0B96
DS=0DAC ES=0F18 SS=0F18 CS=0E06 IP=0523 NV UP EI PL NZ NA PE NC
0E06:0523 AC                LODSB
AX=4156 BX=0BCE CX=0003 DX=0F18 SP=0B34 BP=0B36 SI=005B DI=0B96
DS=0DAC ES=0F18 SS=0F18 CS=0E06 IP=0524 NV UP EI PL NZ NA PE NC
0E06:0524 AA                STOSB
AX=4156 BX=0BCE CX=0003 DX=0F18 SP=0B34 BP=0B36 SI=005B DI=0B97
DS=0DAC ES=0F18 SS=0F18 CS=0E06 IP=0525 NV UP EI PL NZ NA PE NC
0E06:0525 0AC0              OR      AL,AL
AX=4156 BX=0BCE CX=0003 DX=0F18 SP=0B34 BP=0B36 SI=005B DI=0B97
DS=0DAC ES=0F18 SS=0F18 CS=0E06 IP=0527 NV UP EI PL NZ NA PE NC
0E06:0527 75FA              JNZ     0523
AX=4156 BX=0BCE CX=0003 DX=0F18 SP=0B34 BP=0B36 SI=005B DI=0B97
DS=0DAC ES=0F18 SS=0F18 CS=0E06 IP=0523 NV UP EI PL NZ NA PE NC
0E06:0523 AC                LODSB
AX=4143 BX=0BCE CX=0003 DX=0F18 SP=0B34 BP=0B36 SI=005C DI=0B97
DS=0DAC ES=0F18 SS=0F18 CS=0E06 IP=0524 NV UP EI PL NZ NA PE NC
0E06:0524 AA                STOSB
AX=4143 BX=0BCE CX=0003 DX=0F18 SP=0B34 BP=0B36 SI=005C DI=0B98
DS=0DAC ES=0F18 SS=0F18 CS=0E06 IP=0525 NV UP EI PL NZ NA PE NC
0E06:0525 0AC0              OR      AL,AL
AX=4143 BX=0BCE CX=0003 DX=0F18 SP=0B34 BP=0B36 SI=005C DI=0B98
DS=0DAC ES=0F18 SS=0F18 CS=0E06 IP=0527 NV UP EI PL NZ NA PO NC
0E06:0527 75FA              JNZ     0523
AX=4143 BX=0BCE CX=0003 DX=0F18 SP=0B34 BP=0B36 SI=005C DI=0B98
DS=0DAC ES=0F18 SS=0F18 CS=0E06 IP=0523 NV UP EI PL NZ NA PO NC
0E06:0523 AC                LODSB
AX=415C BX=0BCE CX=0003 DX=0F18 SP=0B34 BP=0B36 SI=005D DI=0B98
DS=0DAC ES=0F18 SS=0F18 CS=0E06 IP=0524 NV UP EI PL NZ NA PO NC
0E06:0524 AA                STOSB
AX=415C BX=0BCE CX=0003 DX=0F18 SP=0B34 BP=0B36 SI=005D DI=0B99
DS=0DAC ES=0F18 SS=0F18 CS=0E06 IP=0525 NV UP EI PL NZ NA PO NC
0E06:0525 0AC0              OR      AL,AL
AX=415C BX=0BCE CX=0003 DX=0F18 SP=0B34 BP=0B36 SI=005D DI=0B99
DS=0DAC ES=0F18 SS=0F18 CS=0E06 IP=0527 NV UP EI PL NZ NA PE NC
0E06:0527 75FA              JNZ     0523
AX=415C BX=0BCE CX=0003 DX=0F18 SP=0B34 BP=0B36 SI=005D DI=0B99
DS=0DAC ES=0F18 SS=0F18 CS=0E06 IP=0523 NV UP EI PL NZ NA PE NC
0E06:0523 AC                LODSB
AX=4142 BX=0BCE CX=0003 DX=0F18 SP=0B34 BP=0B36 SI=005E DI=0B99
DS=0DAC ES=0F18 SS=0F18 CS=0E06 IP=0524 NV UP EI PL NZ NA PE NC
0E06:0524 AA                STOSB
AX=4142 BX=0BCE CX=0003 DX=0F18 SP=0B34 BP=0B36 SI=005E DI=0B9A
DS=0DAC ES=0F18 SS=0F18 CS=0E06 IP=0525 NV UP EI PL NZ NA PE NC
0E06:0525 0AC0              OR      AL,AL
AX=4142 BX=0BCE CX=0003 DX=0F18 SP=0B34 BP=0B36 SI=005E DI=0B9A
DS=0DAC ES=0F18 SS=0F18 CS=0E06 IP=0527 NV UP EI PL NZ NA PE NC
0E06:0527 75FA              JNZ     0523
AX=4142 BX=0BCE CX=0003 DX=0F18 SP=0B34 BP=0B36 SI=005E DI=0B9A
DS=0DAC ES=0F18 SS=0F18 CS=0E06 IP=0523 NV UP EI PL NZ NA PE NC
0E06:0523 AC                LODSB
AX=4149 BX=0BCE CX=0003 DX=0F18 SP=0B34 BP=0B36 SI=005F DI=0B9A
DS=0DAC ES=0F18 SS=0F18 CS=0E06 IP=0524 NV UP EI PL NZ NA PE NC
0E06:0524 AA                STOSB
AX=4149 BX=0BCE CX=0003 DX=0F18 SP=0B34 BP=0B36 SI=005F DI=0B9B
DS=0DAC ES=0F18 SS=0F18 CS=0E06 IP=0525 NV UP EI PL NZ NA PE NC
0E06:0525 0AC0              OR      AL,AL
AX=4149 BX=0BCE CX=0003 DX=0F18 SP=0B34 BP=0B36 SI=005F DI=0B9B
DS=0DAC ES=0F18 SS=0F18 CS=0E06 IP=0527 NV UP EI PL NZ NA PO NC
0E06:0527 75FA              JNZ     0523
AX=4149 BX=0BCE CX=0003 DX=0F18 SP=0B34 BP=0B36 SI=005F DI=0B9B
DS=0DAC ES=0F18 SS=0F18 CS=0E06 IP=0523 NV UP EI PL NZ NA PO NC
0E06:0523 AC                LODSB
AX=414E BX=0BCE CX=0003 DX=0F18 SP=0B34 BP=0B36 SI=0060 DI=0B9B
DS=0DAC ES=0F18 SS=0F18 CS=0E06 IP=0524 NV UP EI PL NZ NA PO NC
0E06:0524 AA                STOSB
AX=414E BX=0BCE CX=0003 DX=0F18 SP=0B34 BP=0B36 SI=0060 DI=0B9C
DS=0DAC ES=0F18 SS=0F18 CS=0E06 IP=0525 NV UP EI PL NZ NA PO NC
0E06:0525 0AC0              OR      AL,AL
AX=414E BX=0BCE CX=0003 DX=0F18 SP=0B34 BP=0B36 SI=0060 DI=0B9C
DS=0DAC ES=0F18 SS=0F18 CS=0E06 IP=0527 NV UP EI PL NZ NA PE NC
0E06:0527 75FA              JNZ     0523
AX=414E BX=0BCE CX=0003 DX=0F18 SP=0B34 BP=0B36 SI=0060 DI=0B9C
DS=0DAC ES=0F18 SS=0F18 CS=0E06 IP=0523 NV UP EI PL NZ NA PE NC
0E06:0523 AC                LODSB
AX=4100 BX=0BCE CX=0003 DX=0F18 SP=0B34 BP=0B36 SI=0061 DI=0B9C
DS=0DAC ES=0F18 SS=0F18 CS=0E06 IP=0524 NV UP EI PL NZ NA PE NC
0E06:0524 AA                STOSB
AX=4100 BX=0BCE CX=0003 DX=0F18 SP=0B34 BP=0B36 SI=0061 DI=0B9D
DS=0DAC ES=0F18 SS=0F18 CS=0E06 IP=0525 NV UP EI PL NZ NA PE NC
0E06:0525 0AC0              OR      AL,AL
AX=4100 BX=0BCE CX=0003 DX=0F18 SP=0B34 BP=0B36 SI=0061 DI=0B9D
DS=0DAC ES=0F18 SS=0F18 CS=0E06 IP=0527 NV UP EI PL ZR NA PE NC
0E06:0527 75FA              JNZ     0523
AX=4100 BX=0BCE CX=0003 DX=0F18 SP=0B34 BP=0B36 SI=0061 DI=0B9D
DS=0DAC ES=0F18 SS=0F18 CS=0E06 IP=0529 NV UP EI PL ZR NA PE NC
0E06:0529 E2DA              LOOPW   0505
AX=4100 BX=0BCE CX=0002 DX=0F18 SP=0B34 BP=0B36 SI=0061 DI=0B9D
DS=0DAC ES=0F18 SS=0F18 CS=0E06 IP=0505 NV UP EI PL ZR NA PE NC
0E06:0505 8B04              MOV     AX,[SI]                        DS:0061=5250
AX=5250 BX=0BCE CX=0002 DX=0F18 SP=0B34 BP=0B36 SI=0061 DI=0B9D
DS=0DAC ES=0F18 SS=0F18 CS=0E06 IP=0507 NV UP EI PL ZR NA PE NC
0E06:0507 363B067000        CMP     AX,SS:[0070]                   SS:0070=435F
AX=5250 BX=0BCE CX=0002 DX=0F18 SP=0B34 BP=0B36 SI=0061 DI=0B9D
DS=0DAC ES=0F18 SS=0F18 CS=0E06 IP=050C NV UP EI PL NZ AC PO NC
0E06:050C 7510              JNZ     051E
AX=5250 BX=0BCE CX=0002 DX=0F18 SP=0B34 BP=0B36 SI=0061 DI=0B9D
DS=0DAC ES=0F18 SS=0F18 CS=0E06 IP=051E NV UP EI PL NZ AC PO NC
0E06:051E 26893F            MOV     ES:[BX],DI                     ES:0BCE=0B9D
AX=5250 BX=0BCE CX=0002 DX=0F18 SP=0B34 BP=0B36 SI=0061 DI=0B9D
DS=0DAC ES=0F18 SS=0F18 CS=0E06 IP=0521 NV UP EI PL NZ AC PO NC
0E06:0521 43                INC     BX
AX=5250 BX=0BCF CX=0002 DX=0F18 SP=0B34 BP=0B36 SI=0061 DI=0B9D
DS=0DAC ES=0F18 SS=0F18 CS=0E06 IP=0522 NV UP EI PL NZ NA PE NC
0E06:0522 43                INC     BX
AX=5250 BX=0BD0 CX=0002 DX=0F18 SP=0B34 BP=0B36 SI=0061 DI=0B9D
DS=0DAC ES=0F18 SS=0F18 CS=0E06 IP=0523 NV UP EI PL NZ AC PO NC
0E06:0523 AC                LODSB
AX=5250 BX=0BD0 CX=0002 DX=0F18 SP=0B34 BP=0B36 SI=0062 DI=0B9D
DS=0DAC ES=0F18 SS=0F18 CS=0E06 IP=0524 NV UP EI PL NZ AC PO NC
0E06:0524 AA                STOSB
AX=5250 BX=0BD0 CX=0002 DX=0F18 SP=0B34 BP=0B36 SI=0062 DI=0B9E
DS=0DAC ES=0F18 SS=0F18 CS=0E06 IP=0525 NV UP EI PL NZ AC PO NC
0E06:0525 0AC0              OR      AL,AL
AX=5250 BX=0BD0 CX=0002 DX=0F18 SP=0B34 BP=0B36 SI=0062 DI=0B9E
DS=0DAC ES=0F18 SS=0F18 CS=0E06 IP=0527 NV UP EI PL NZ NA PE NC
0E06:0527 75FA              JNZ     0523
AX=5250 BX=0BD0 CX=0002 DX=0F18 SP=0B34 BP=0B36 SI=0062 DI=0B9E
DS=0DAC ES=0F18 SS=0F18 CS=0E06 IP=0523 NV UP EI PL NZ NA PE NC
0E06:0523 AC                LODSB
AX=5252 BX=0BD0 CX=0002 DX=0F18 SP=0B34 BP=0B36 SI=0063 DI=0B9E
DS=0DAC ES=0F18 SS=0F18 CS=0E06 IP=0524 NV UP EI PL NZ NA PE NC
0E06:0524 AA                STOSB
AX=5252 BX=0BD0 CX=0002 DX=0F18 SP=0B34 BP=0B36 SI=0063 DI=0B9F
DS=0DAC ES=0F18 SS=0F18 CS=0E06 IP=0525 NV UP EI PL NZ NA PE NC
0E06:0525 0AC0              OR      AL,AL
AX=5252 BX=0BD0 CX=0002 DX=0F18 SP=0B34 BP=0B36 SI=0063 DI=0B9F
DS=0DAC ES=0F18 SS=0F18 CS=0E06 IP=0527 NV UP EI PL NZ NA PO NC
0E06:0527 75FA              JNZ     0523
AX=5252 BX=0BD0 CX=0002 DX=0F18 SP=0B34 BP=0B36 SI=0063 DI=0B9F
DS=0DAC ES=0F18 SS=0F18 CS=0E06 IP=0523 NV UP EI PL NZ NA PO NC
0E06:0523 AC                LODSB
AX=524F BX=0BD0 CX=0002 DX=0F18 SP=0B34 BP=0B36 SI=0064 DI=0B9F
DS=0DAC ES=0F18 SS=0F18 CS=0E06 IP=0524 NV UP EI PL NZ NA PO NC
0E06:0524 AA                STOSB
AX=524F BX=0BD0 CX=0002 DX=0F18 SP=0B34 BP=0B36 SI=0064 DI=0BA0
DS=0DAC ES=0F18 SS=0F18 CS=0E06 IP=0525 NV UP EI PL NZ NA PO NC
0E06:0525 0AC0              OR      AL,AL
AX=524F BX=0BD0 CX=0002 DX=0F18 SP=0B34 BP=0B36 SI=0064 DI=0BA0
DS=0DAC ES=0F18 SS=0F18 CS=0E06 IP=0527 NV UP EI PL NZ NA PO NC
0E06:0527 75FA              JNZ     0523
AX=524F BX=0BD0 CX=0002 DX=0F18 SP=0B34 BP=0B36 SI=0064 DI=0BA0
DS=0DAC ES=0F18 SS=0F18 CS=0E06 IP=0523 NV UP EI PL NZ NA PO NC
0E06:0523 AC                LODSB
AX=524D BX=0BD0 CX=0002 DX=0F18 SP=0B34 BP=0B36 SI=0065 DI=0BA0
DS=0DAC ES=0F18 SS=0F18 CS=0E06 IP=0524 NV UP EI PL NZ NA PO NC
0E06:0524 AA                STOSB
AX=524D BX=0BD0 CX=0002 DX=0F18 SP=0B34 BP=0B36 SI=0065 DI=0BA1
DS=0DAC ES=0F18 SS=0F18 CS=0E06 IP=0525 NV UP EI PL NZ NA PO NC
0E06:0525 0AC0              OR      AL,AL
AX=524D BX=0BD0 CX=0002 DX=0F18 SP=0B34 BP=0B36 SI=0065 DI=0BA1
DS=0DAC ES=0F18 SS=0F18 CS=0E06 IP=0527 NV UP EI PL NZ NA PE NC
0E06:0527 75FA              JNZ     0523
AX=524D BX=0BD0 CX=0002 DX=0F18 SP=0B34 BP=0B36 SI=0065 DI=0BA1
DS=0DAC ES=0F18 SS=0F18 CS=0E06 IP=0523 NV UP EI PL NZ NA PE NC
0E06:0523 AC                LODSB
AX=5250 BX=0BD0 CX=0002 DX=0F18 SP=0B34 BP=0B36 SI=0066 DI=0BA1
DS=0DAC ES=0F18 SS=0F18 CS=0E06 IP=0524 NV UP EI PL NZ NA PE NC
0E06:0524 AA                STOSB
AX=5250 BX=0BD0 CX=0002 DX=0F18 SP=0B34 BP=0B36 SI=0066 DI=0BA2
DS=0DAC ES=0F18 SS=0F18 CS=0E06 IP=0525 NV UP EI PL NZ NA PE NC
0E06:0525 0AC0              OR      AL,AL
AX=5250 BX=0BD0 CX=0002 DX=0F18 SP=0B34 BP=0B36 SI=0066 DI=0BA2
DS=0DAC ES=0F18 SS=0F18 CS=0E06 IP=0527 NV UP EI PL NZ NA PE NC
0E06:0527 75FA              JNZ     0523
AX=5250 BX=0BD0 CX=0002 DX=0F18 SP=0B34 BP=0B36 SI=0066 DI=0BA2
DS=0DAC ES=0F18 SS=0F18 CS=0E06 IP=0523 NV UP EI PL NZ NA PE NC
0E06:0523 AC                LODSB
AX=5254 BX=0BD0 CX=0002 DX=0F18 SP=0B34 BP=0B36 SI=0067 DI=0BA2
DS=0DAC ES=0F18 SS=0F18 CS=0E06 IP=0524 NV UP EI PL NZ NA PE NC
0E06:0524 AA                STOSB
AX=5254 BX=0BD0 CX=0002 DX=0F18 SP=0B34 BP=0B36 SI=0067 DI=0BA3
DS=0DAC ES=0F18 SS=0F18 CS=0E06 IP=0525 NV UP EI PL NZ NA PE NC
0E06:0525 0AC0              OR      AL,AL
AX=5254 BX=0BD0 CX=0002 DX=0F18 SP=0B34 BP=0B36 SI=0067 DI=0BA3
DS=0DAC ES=0F18 SS=0F18 CS=0E06 IP=0527 NV UP EI PL NZ NA PO NC
0E06:0527 75FA              JNZ     0523
AX=5254 BX=0BD0 CX=0002 DX=0F18 SP=0B34 BP=0B36 SI=0067 DI=0BA3
DS=0DAC ES=0F18 SS=0F18 CS=0E06 IP=0523 NV UP EI PL NZ NA PO NC
0E06:0523 AC                LODSB
AX=523D BX=0BD0 CX=0002 DX=0F18 SP=0B34 BP=0B36 SI=0068 DI=0BA3
DS=0DAC ES=0F18 SS=0F18 CS=0E06 IP=0524 NV UP EI PL NZ NA PO NC
0E06:0524 AA                STOSB
AX=523D BX=0BD0 CX=0002 DX=0F18 SP=0B34 BP=0B36 SI=0068 DI=0BA4
DS=0DAC ES=0F18 SS=0F18 CS=0E06 IP=0525 NV UP EI PL NZ NA PO NC
0E06:0525 0AC0              OR      AL,AL
AX=523D BX=0BD0 CX=0002 DX=0F18 SP=0B34 BP=0B36 SI=0068 DI=0BA4
DS=0DAC ES=0F18 SS=0F18 CS=0E06 IP=0527 NV UP EI PL NZ NA PO NC
0E06:0527 75FA              JNZ     0523
AX=523D BX=0BD0 CX=0002 DX=0F18 SP=0B34 BP=0B36 SI=0068 DI=0BA4
DS=0DAC ES=0F18 SS=0F18 CS=0E06 IP=0523 NV UP EI PL NZ NA PO NC
0E06:0523 AC                LODSB
AX=5224 BX=0BD0 CX=0002 DX=0F18 SP=0B34 BP=0B36 SI=0069 DI=0BA4
DS=0DAC ES=0F18 SS=0F18 CS=0E06 IP=0524 NV UP EI PL NZ NA PO NC
0E06:0524 AA                STOSB
AX=5224 BX=0BD0 CX=0002 DX=0F18 SP=0B34 BP=0B36 SI=0069 DI=0BA5
DS=0DAC ES=0F18 SS=0F18 CS=0E06 IP=0525 NV UP EI PL NZ NA PO NC
0E06:0525 0AC0              OR      AL,AL
AX=5224 BX=0BD0 CX=0002 DX=0F18 SP=0B34 BP=0B36 SI=0069 DI=0BA5
DS=0DAC ES=0F18 SS=0F18 CS=0E06 IP=0527 NV UP EI PL NZ NA PE NC
0E06:0527 75FA              JNZ     0523
AX=5224 BX=0BD0 CX=0002 DX=0F18 SP=0B34 BP=0B36 SI=0069 DI=0BA5
DS=0DAC ES=0F18 SS=0F18 CS=0E06 IP=0523 NV UP EI PL NZ NA PE NC
0E06:0523 AC                LODSB
AX=5250 BX=0BD0 CX=0002 DX=0F18 SP=0B34 BP=0B36 SI=006A DI=0BA5
DS=0DAC ES=0F18 SS=0F18 CS=0E06 IP=0524 NV UP EI PL NZ NA PE NC
0E06:0524 AA                STOSB
AX=5250 BX=0BD0 CX=0002 DX=0F18 SP=0B34 BP=0B36 SI=006A DI=0BA6
DS=0DAC ES=0F18 SS=0F18 CS=0E06 IP=0525 NV UP EI PL NZ NA PE NC
0E06:0525 0AC0              OR      AL,AL
AX=5250 BX=0BD0 CX=0002 DX=0F18 SP=0B34 BP=0B36 SI=006A DI=0BA6
DS=0DAC ES=0F18 SS=0F18 CS=0E06 IP=0527 NV UP EI PL NZ NA PE NC
0E06:0527 75FA              JNZ     0523
AX=5250 BX=0BD0 CX=0002 DX=0F18 SP=0B34 BP=0B36 SI=006A DI=0BA6
DS=0DAC ES=0F18 SS=0F18 CS=0E06 IP=0523 NV UP EI PL NZ NA PE NC
0E06:0523 AC                LODSB
AX=5224 BX=0BD0 CX=0002 DX=0F18 SP=0B34 BP=0B36 SI=006B DI=0BA6
DS=0DAC ES=0F18 SS=0F18 CS=0E06 IP=0524 NV UP EI PL NZ NA PE NC
0E06:0524 AA                STOSB
AX=5224 BX=0BD0 CX=0002 DX=0F18 SP=0B34 BP=0B36 SI=006B DI=0BA7
DS=0DAC ES=0F18 SS=0F18 CS=0E06 IP=0525 NV UP EI PL NZ NA PE NC
0E06:0525 0AC0              OR      AL,AL
AX=5224 BX=0BD0 CX=0002 DX=0F18 SP=0B34 BP=0B36 SI=006B DI=0BA7
DS=0DAC ES=0F18 SS=0F18 CS=0E06 IP=0527 NV UP EI PL NZ NA PE NC
0E06:0527 75FA              JNZ     0523
AX=5224 BX=0BD0 CX=0002 DX=0F18 SP=0B34 BP=0B36 SI=006B DI=0BA7
DS=0DAC ES=0F18 SS=0F18 CS=0E06 IP=0523 NV UP EI PL NZ NA PE NC
0E06:0523 AC                LODSB
AX=5247 BX=0BD0 CX=0002 DX=0F18 SP=0B34 BP=0B36 SI=006C DI=0BA7
DS=0DAC ES=0F18 SS=0F18 CS=0E06 IP=0524 NV UP EI PL NZ NA PE NC
0E06:0524 AA                STOSB
AX=5247 BX=0BD0 CX=0002 DX=0F18 SP=0B34 BP=0B36 SI=006C DI=0BA8
DS=0DAC ES=0F18 SS=0F18 CS=0E06 IP=0525 NV UP EI PL NZ NA PE NC
0E06:0525 0AC0              OR      AL,AL
AX=5247 BX=0BD0 CX=0002 DX=0F18 SP=0B34 BP=0B36 SI=006C DI=0BA8
DS=0DAC ES=0F18 SS=0F18 CS=0E06 IP=0527 NV UP EI PL NZ NA PE NC
0E06:0527 75FA              JNZ     0523
AX=5247 BX=0BD0 CX=0002 DX=0F18 SP=0B34 BP=0B36 SI=006C DI=0BA8
DS=0DAC ES=0F18 SS=0F18 CS=0E06 IP=0523 NV UP EI PL NZ NA PE NC
0E06:0523 AC                LODSB
AX=5200 BX=0BD0 CX=0002 DX=0F18 SP=0B34 BP=0B36 SI=006D DI=0BA8
DS=0DAC ES=0F18 SS=0F18 CS=0E06 IP=0524 NV UP EI PL NZ NA PE NC
0E06:0524 AA                STOSB
AX=5200 BX=0BD0 CX=0002 DX=0F18 SP=0B34 BP=0B36 SI=006D DI=0BA9
DS=0DAC ES=0F18 SS=0F18 CS=0E06 IP=0525 NV UP EI PL NZ NA PE NC
0E06:0525 0AC0              OR      AL,AL
AX=5200 BX=0BD0 CX=0002 DX=0F18 SP=0B34 BP=0B36 SI=006D DI=0BA9
DS=0DAC ES=0F18 SS=0F18 CS=0E06 IP=0527 NV UP EI PL ZR NA PE NC
0E06:0527 75FA              JNZ     0523
AX=5200 BX=0BD0 CX=0002 DX=0F18 SP=0B34 BP=0B36 SI=006D DI=0BA9
DS=0DAC ES=0F18 SS=0F18 CS=0E06 IP=0529 NV UP EI PL ZR NA PE NC
0E06:0529 E2DA              LOOPW   0505
AX=5200 BX=0BD0 CX=0001 DX=0F18 SP=0B34 BP=0B36 SI=006D DI=0BA9
DS=0DAC ES=0F18 SS=0F18 CS=0E06 IP=0505 NV UP EI PL ZR NA PE NC
0E06:0505 8B04              MOV     AX,[SI]                        DS:006D=4C42
AX=4C42 BX=0BD0 CX=0001 DX=0F18 SP=0B34 BP=0B36 SI=006D DI=0BA9
DS=0DAC ES=0F18 SS=0F18 CS=0E06 IP=0507 NV UP EI PL ZR NA PE NC
0E06:0507 363B067000        CMP     AX,SS:[0070]                   SS:0070=435F
AX=4C42 BX=0BD0 CX=0001 DX=0F18 SP=0B34 BP=0B36 SI=006D DI=0BA9
DS=0DAC ES=0F18 SS=0F18 CS=0E06 IP=050C NV UP EI PL NZ AC PO NC
0E06:050C 7510              JNZ     051E
AX=4C42 BX=0BD0 CX=0001 DX=0F18 SP=0B34 BP=0B36 SI=006D DI=0BA9
DS=0DAC ES=0F18 SS=0F18 CS=0E06 IP=051E NV UP EI PL NZ AC PO NC
0E06:051E 26893F            MOV     ES:[BX],DI                     ES:0BD0=0BA9
AX=4C42 BX=0BD0 CX=0001 DX=0F18 SP=0B34 BP=0B36 SI=006D DI=0BA9
DS=0DAC ES=0F18 SS=0F18 CS=0E06 IP=0521 NV UP EI PL NZ AC PO NC
0E06:0521 43                INC     BX
AX=4C42 BX=0BD1 CX=0001 DX=0F18 SP=0B34 BP=0B36 SI=006D DI=0BA9
DS=0DAC ES=0F18 SS=0F18 CS=0E06 IP=0522 NV UP EI PL NZ NA PE NC
0E06:0522 43                INC     BX
AX=4C42 BX=0BD2 CX=0001 DX=0F18 SP=0B34 BP=0B36 SI=006D DI=0BA9
DS=0DAC ES=0F18 SS=0F18 CS=0E06 IP=0523 NV UP EI PL NZ NA PE NC
0E06:0523 AC                LODSB
AX=4C42 BX=0BD2 CX=0001 DX=0F18 SP=0B34 BP=0B36 SI=006E DI=0BA9
DS=0DAC ES=0F18 SS=0F18 CS=0E06 IP=0524 NV UP EI PL NZ NA PE NC
0E06:0524 AA                STOSB
AX=4C42 BX=0BD2 CX=0001 DX=0F18 SP=0B34 BP=0B36 SI=006E DI=0BAA
DS=0DAC ES=0F18 SS=0F18 CS=0E06 IP=0525 NV UP EI PL NZ NA PE NC
0E06:0525 0AC0              OR      AL,AL
AX=4C42 BX=0BD2 CX=0001 DX=0F18 SP=0B34 BP=0B36 SI=006E DI=0BAA
DS=0DAC ES=0F18 SS=0F18 CS=0E06 IP=0527 NV UP EI PL NZ NA PE NC
0E06:0527 75FA              JNZ     0523
AX=4C42 BX=0BD2 CX=0001 DX=0F18 SP=0B34 BP=0B36 SI=006E DI=0BAA
DS=0DAC ES=0F18 SS=0F18 CS=0E06 IP=0523 NV UP EI PL NZ NA PE NC
0E06:0523 AC                LODSB
AX=4C4C BX=0BD2 CX=0001 DX=0F18 SP=0B34 BP=0B36 SI=006F DI=0BAA
DS=0DAC ES=0F18 SS=0F18 CS=0E06 IP=0524 NV UP EI PL NZ NA PE NC
0E06:0524 AA                STOSB
AX=4C4C BX=0BD2 CX=0001 DX=0F18 SP=0B34 BP=0B36 SI=006F DI=0BAB
DS=0DAC ES=0F18 SS=0F18 CS=0E06 IP=0525 NV UP EI PL NZ NA PE NC
0E06:0525 0AC0              OR      AL,AL
AX=4C4C BX=0BD2 CX=0001 DX=0F18 SP=0B34 BP=0B36 SI=006F DI=0BAB
DS=0DAC ES=0F18 SS=0F18 CS=0E06 IP=0527 NV UP EI PL NZ NA PO NC
0E06:0527 75FA              JNZ     0523
AX=4C4C BX=0BD2 CX=0001 DX=0F18 SP=0B34 BP=0B36 SI=006F DI=0BAB
DS=0DAC ES=0F18 SS=0F18 CS=0E06 IP=0523 NV UP EI PL NZ NA PO NC
0E06:0523 AC                LODSB
AX=4C41 BX=0BD2 CX=0001 DX=0F18 SP=0B34 BP=0B36 SI=0070 DI=0BAB
DS=0DAC ES=0F18 SS=0F18 CS=0E06 IP=0524 NV UP EI PL NZ NA PO NC
0E06:0524 AA                STOSB
AX=4C41 BX=0BD2 CX=0001 DX=0F18 SP=0B34 BP=0B36 SI=0070 DI=0BAC
DS=0DAC ES=0F18 SS=0F18 CS=0E06 IP=0525 NV UP EI PL NZ NA PO NC
0E06:0525 0AC0              OR      AL,AL
AX=4C41 BX=0BD2 CX=0001 DX=0F18 SP=0B34 BP=0B36 SI=0070 DI=0BAC
DS=0DAC ES=0F18 SS=0F18 CS=0E06 IP=0527 NV UP EI PL NZ NA PE NC
0E06:0527 75FA              JNZ     0523
AX=4C41 BX=0BD2 CX=0001 DX=0F18 SP=0B34 BP=0B36 SI=0070 DI=0BAC
DS=0DAC ES=0F18 SS=0F18 CS=0E06 IP=0523 NV UP EI PL NZ NA PE NC
0E06:0523 AC                LODSB
AX=4C53 BX=0BD2 CX=0001 DX=0F18 SP=0B34 BP=0B36 SI=0071 DI=0BAC
DS=0DAC ES=0F18 SS=0F18 CS=0E06 IP=0524 NV UP EI PL NZ NA PE NC
0E06:0524 AA                STOSB
AX=4C53 BX=0BD2 CX=0001 DX=0F18 SP=0B34 BP=0B36 SI=0071 DI=0BAD
DS=0DAC ES=0F18 SS=0F18 CS=0E06 IP=0525 NV UP EI PL NZ NA PE NC
0E06:0525 0AC0              OR      AL,AL
AX=4C53 BX=0BD2 CX=0001 DX=0F18 SP=0B34 BP=0B36 SI=0071 DI=0BAD
DS=0DAC ES=0F18 SS=0F18 CS=0E06 IP=0527 NV UP EI PL NZ NA PE NC
0E06:0527 75FA              JNZ     0523
AX=4C53 BX=0BD2 CX=0001 DX=0F18 SP=0B34 BP=0B36 SI=0071 DI=0BAD
DS=0DAC ES=0F18 SS=0F18 CS=0E06 IP=0523 NV UP EI PL NZ NA PE NC
0E06:0523 AC                LODSB
AX=4C54 BX=0BD2 CX=0001 DX=0F18 SP=0B34 BP=0B36 SI=0072 DI=0BAD
DS=0DAC ES=0F18 SS=0F18 CS=0E06 IP=0524 NV UP EI PL NZ NA PE NC
0E06:0524 AA                STOSB
AX=4C54 BX=0BD2 CX=0001 DX=0F18 SP=0B34 BP=0B36 SI=0072 DI=0BAE
DS=0DAC ES=0F18 SS=0F18 CS=0E06 IP=0525 NV UP EI PL NZ NA PE NC
0E06:0525 0AC0              OR      AL,AL
AX=4C54 BX=0BD2 CX=0001 DX=0F18 SP=0B34 BP=0B36 SI=0072 DI=0BAE
DS=0DAC ES=0F18 SS=0F18 CS=0E06 IP=0527 NV UP EI PL NZ NA PO NC
0E06:0527 75FA              JNZ     0523
AX=4C54 BX=0BD2 CX=0001 DX=0F18 SP=0B34 BP=0B36 SI=0072 DI=0BAE
DS=0DAC ES=0F18 SS=0F18 CS=0E06 IP=0523 NV UP EI PL NZ NA PO NC
0E06:0523 AC                LODSB
AX=4C45 BX=0BD2 CX=0001 DX=0F18 SP=0B34 BP=0B36 SI=0073 DI=0BAE
DS=0DAC ES=0F18 SS=0F18 CS=0E06 IP=0524 NV UP EI PL NZ NA PO NC
0E06:0524 AA                STOSB
AX=4C45 BX=0BD2 CX=0001 DX=0F18 SP=0B34 BP=0B36 SI=0073 DI=0BAF
DS=0DAC ES=0F18 SS=0F18 CS=0E06 IP=0525 NV UP EI PL NZ NA PO NC
0E06:0525 0AC0              OR      AL,AL
AX=4C45 BX=0BD2 CX=0001 DX=0F18 SP=0B34 BP=0B36 SI=0073 DI=0BAF
DS=0DAC ES=0F18 SS=0F18 CS=0E06 IP=0527 NV UP EI PL NZ NA PO NC
0E06:0527 75FA              JNZ     0523
AX=4C45 BX=0BD2 CX=0001 DX=0F18 SP=0B34 BP=0B36 SI=0073 DI=0BAF
DS=0DAC ES=0F18 SS=0F18 CS=0E06 IP=0523 NV UP EI PL NZ NA PO NC
0E06:0523 AC                LODSB
AX=4C52 BX=0BD2 CX=0001 DX=0F18 SP=0B34 BP=0B36 SI=0074 DI=0BAF
DS=0DAC ES=0F18 SS=0F18 CS=0E06 IP=0524 NV UP EI PL NZ NA PO NC
0E06:0524 AA                STOSB
AX=4C52 BX=0BD2 CX=0001 DX=0F18 SP=0B34 BP=0B36 SI=0074 DI=0BB0
DS=0DAC ES=0F18 SS=0F18 CS=0E06 IP=0525 NV UP EI PL NZ NA PO NC
0E06:0525 0AC0              OR      AL,AL
AX=4C52 BX=0BD2 CX=0001 DX=0F18 SP=0B34 BP=0B36 SI=0074 DI=0BB0
DS=0DAC ES=0F18 SS=0F18 CS=0E06 IP=0527 NV UP EI PL NZ NA PO NC
0E06:0527 75FA              JNZ     0523
AX=4C52 BX=0BD2 CX=0001 DX=0F18 SP=0B34 BP=0B36 SI=0074 DI=0BB0
DS=0DAC ES=0F18 SS=0F18 CS=0E06 IP=0523 NV UP EI PL NZ NA PO NC
0E06:0523 AC                LODSB
AX=4C3D BX=0BD2 CX=0001 DX=0F18 SP=0B34 BP=0B36 SI=0075 DI=0BB0
DS=0DAC ES=0F18 SS=0F18 CS=0E06 IP=0524 NV UP EI PL NZ NA PO NC
0E06:0524 AA                STOSB
AX=4C3D BX=0BD2 CX=0001 DX=0F18 SP=0B34 BP=0B36 SI=0075 DI=0BB1
DS=0DAC ES=0F18 SS=0F18 CS=0E06 IP=0525 NV UP EI PL NZ NA PO NC
0E06:0525 0AC0              OR      AL,AL
AX=4C3D BX=0BD2 CX=0001 DX=0F18 SP=0B34 BP=0B36 SI=0075 DI=0BB1
DS=0DAC ES=0F18 SS=0F18 CS=0E06 IP=0527 NV UP EI PL NZ NA PO NC
0E06:0527 75FA              JNZ     0523
AX=4C3D BX=0BD2 CX=0001 DX=0F18 SP=0B34 BP=0B36 SI=0075 DI=0BB1
DS=0DAC ES=0F18 SS=0F18 CS=0E06 IP=0523 NV UP EI PL NZ NA PO NC
0E06:0523 AC                LODSB
AX=4C41 BX=0BD2 CX=0001 DX=0F18 SP=0B34 BP=0B36 SI=0076 DI=0BB1
DS=0DAC ES=0F18 SS=0F18 CS=0E06 IP=0524 NV UP EI PL NZ NA PO NC
0E06:0524 AA                STOSB
AX=4C41 BX=0BD2 CX=0001 DX=0F18 SP=0B34 BP=0B36 SI=0076 DI=0BB2
DS=0DAC ES=0F18 SS=0F18 CS=0E06 IP=0525 NV UP EI PL NZ NA PO NC
0E06:0525 0AC0              OR      AL,AL
AX=4C41 BX=0BD2 CX=0001 DX=0F18 SP=0B34 BP=0B36 SI=0076 DI=0BB2
DS=0DAC ES=0F18 SS=0F18 CS=0E06 IP=0527 NV UP EI PL NZ NA PE NC
0E06:0527 75FA              JNZ     0523
AX=4C41 BX=0BD2 CX=0001 DX=0F18 SP=0B34 BP=0B36 SI=0076 DI=0BB2
DS=0DAC ES=0F18 SS=0F18 CS=0E06 IP=0523 NV UP EI PL NZ NA PE NC
0E06:0523 AC                LODSB
AX=4C32 BX=0BD2 CX=0001 DX=0F18 SP=0B34 BP=0B36 SI=0077 DI=0BB2
DS=0DAC ES=0F18 SS=0F18 CS=0E06 IP=0524 NV UP EI PL NZ NA PE NC
0E06:0524 AA                STOSB
AX=4C32 BX=0BD2 CX=0001 DX=0F18 SP=0B34 BP=0B36 SI=0077 DI=0BB3
DS=0DAC ES=0F18 SS=0F18 CS=0E06 IP=0525 NV UP EI PL NZ NA PE NC
0E06:0525 0AC0              OR      AL,AL
AX=4C32 BX=0BD2 CX=0001 DX=0F18 SP=0B34 BP=0B36 SI=0077 DI=0BB3
DS=0DAC ES=0F18 SS=0F18 CS=0E06 IP=0527 NV UP EI PL NZ NA PO NC
0E06:0527 75FA              JNZ     0523
AX=4C32 BX=0BD2 CX=0001 DX=0F18 SP=0B34 BP=0B36 SI=0077 DI=0BB3
DS=0DAC ES=0F18 SS=0F18 CS=0E06 IP=0523 NV UP EI PL NZ NA PO NC
0E06:0523 AC                LODSB
AX=4C32 BX=0BD2 CX=0001 DX=0F18 SP=0B34 BP=0B36 SI=0078 DI=0BB3
DS=0DAC ES=0F18 SS=0F18 CS=0E06 IP=0524 NV UP EI PL NZ NA PO NC
0E06:0524 AA                STOSB
AX=4C32 BX=0BD2 CX=0001 DX=0F18 SP=0B34 BP=0B36 SI=0078 DI=0BB4
DS=0DAC ES=0F18 SS=0F18 CS=0E06 IP=0525 NV UP EI PL NZ NA PO NC
0E06:0525 0AC0              OR      AL,AL
AX=4C32 BX=0BD2 CX=0001 DX=0F18 SP=0B34 BP=0B36 SI=0078 DI=0BB4
DS=0DAC ES=0F18 SS=0F18 CS=0E06 IP=0527 NV UP EI PL NZ NA PO NC
0E06:0527 75FA              JNZ     0523
AX=4C32 BX=0BD2 CX=0001 DX=0F18 SP=0B34 BP=0B36 SI=0078 DI=0BB4
DS=0DAC ES=0F18 SS=0F18 CS=0E06 IP=0523 NV UP EI PL NZ NA PO NC
0E06:0523 AC                LODSB
AX=4C30 BX=0BD2 CX=0001 DX=0F18 SP=0B34 BP=0B36 SI=0079 DI=0BB4
DS=0DAC ES=0F18 SS=0F18 CS=0E06 IP=0524 NV UP EI PL NZ NA PO NC
0E06:0524 AA                STOSB
AX=4C30 BX=0BD2 CX=0001 DX=0F18 SP=0B34 BP=0B36 SI=0079 DI=0BB5
DS=0DAC ES=0F18 SS=0F18 CS=0E06 IP=0525 NV UP EI PL NZ NA PO NC
0E06:0525 0AC0              OR      AL,AL
AX=4C30 BX=0BD2 CX=0001 DX=0F18 SP=0B34 BP=0B36 SI=0079 DI=0BB5
DS=0DAC ES=0F18 SS=0F18 CS=0E06 IP=0527 NV UP EI PL NZ NA PE NC
0E06:0527 75FA              JNZ     0523
AX=4C30 BX=0BD2 CX=0001 DX=0F18 SP=0B34 BP=0B36 SI=0079 DI=0BB5
DS=0DAC ES=0F18 SS=0F18 CS=0E06 IP=0523 NV UP EI PL NZ NA PE NC
0E06:0523 AC                LODSB
AX=4C20 BX=0BD2 CX=0001 DX=0F18 SP=0B34 BP=0B36 SI=007A DI=0BB5
DS=0DAC ES=0F18 SS=0F18 CS=0E06 IP=0524 NV UP EI PL NZ NA PE NC
0E06:0524 AA                STOSB
AX=4C20 BX=0BD2 CX=0001 DX=0F18 SP=0B34 BP=0B36 SI=007A DI=0BB6
DS=0DAC ES=0F18 SS=0F18 CS=0E06 IP=0525 NV UP EI PL NZ NA PE NC
0E06:0525 0AC0              OR      AL,AL
AX=4C20 BX=0BD2 CX=0001 DX=0F18 SP=0B34 BP=0B36 SI=007A DI=0BB6
DS=0DAC ES=0F18 SS=0F18 CS=0E06 IP=0527 NV UP EI PL NZ NA PO NC
0E06:0527 75FA              JNZ     0523
AX=4C20 BX=0BD2 CX=0001 DX=0F18 SP=0B34 BP=0B36 SI=007A DI=0BB6
DS=0DAC ES=0F18 SS=0F18 CS=0E06 IP=0523 NV UP EI PL NZ NA PO NC
0E06:0523 AC                LODSB
AX=4C49 BX=0BD2 CX=0001 DX=0F18 SP=0B34 BP=0B36 SI=007B DI=0BB6
DS=0DAC ES=0F18 SS=0F18 CS=0E06 IP=0524 NV UP EI PL NZ NA PO NC
0E06:0524 AA                STOSB
AX=4C49 BX=0BD2 CX=0001 DX=0F18 SP=0B34 BP=0B36 SI=007B DI=0BB7
DS=0DAC ES=0F18 SS=0F18 CS=0E06 IP=0525 NV UP EI PL NZ NA PO NC
0E06:0525 0AC0              OR      AL,AL
AX=4C49 BX=0BD2 CX=0001 DX=0F18 SP=0B34 BP=0B36 SI=007B DI=0BB7
DS=0DAC ES=0F18 SS=0F18 CS=0E06 IP=0527 NV UP EI PL NZ NA PO NC
0E06:0527 75FA              JNZ     0523
AX=4C49 BX=0BD2 CX=0001 DX=0F18 SP=0B34 BP=0B36 SI=007B DI=0BB7
DS=0DAC ES=0F18 SS=0F18 CS=0E06 IP=0523 NV UP EI PL NZ NA PO NC
0E06:0523 AC                LODSB
AX=4C37 BX=0BD2 CX=0001 DX=0F18 SP=0B34 BP=0B36 SI=007C DI=0BB7
DS=0DAC ES=0F18 SS=0F18 CS=0E06 IP=0524 NV UP EI PL NZ NA PO NC
0E06:0524 AA                STOSB
AX=4C37 BX=0BD2 CX=0001 DX=0F18 SP=0B34 BP=0B36 SI=007C DI=0BB8
DS=0DAC ES=0F18 SS=0F18 CS=0E06 IP=0525 NV UP EI PL NZ NA PO NC
0E06:0525 0AC0              OR      AL,AL
AX=4C37 BX=0BD2 CX=0001 DX=0F18 SP=0B34 BP=0B36 SI=007C DI=0BB8
DS=0DAC ES=0F18 SS=0F18 CS=0E06 IP=0527 NV UP EI PL NZ NA PO NC
0E06:0527 75FA              JNZ     0523
AX=4C37 BX=0BD2 CX=0001 DX=0F18 SP=0B34 BP=0B36 SI=007C DI=0BB8
DS=0DAC ES=0F18 SS=0F18 CS=0E06 IP=0523 NV UP EI PL NZ NA PO NC
0E06:0523 AC                LODSB
AX=4C20 BX=0BD2 CX=0001 DX=0F18 SP=0B34 BP=0B36 SI=007D DI=0BB8
DS=0DAC ES=0F18 SS=0F18 CS=0E06 IP=0524 NV UP EI PL NZ NA PO NC
0E06:0524 AA                STOSB
AX=4C20 BX=0BD2 CX=0001 DX=0F18 SP=0B34 BP=0B36 SI=007D DI=0BB9
DS=0DAC ES=0F18 SS=0F18 CS=0E06 IP=0525 NV UP EI PL NZ NA PO NC
0E06:0525 0AC0              OR      AL,AL
AX=4C20 BX=0BD2 CX=0001 DX=0F18 SP=0B34 BP=0B36 SI=007D DI=0BB9
DS=0DAC ES=0F18 SS=0F18 CS=0E06 IP=0527 NV UP EI PL NZ NA PO NC
0E06:0527 75FA              JNZ     0523
AX=4C20 BX=0BD2 CX=0001 DX=0F18 SP=0B34 BP=0B36 SI=007D DI=0BB9
DS=0DAC ES=0F18 SS=0F18 CS=0E06 IP=0523 NV UP EI PL NZ NA PO NC
0E06:0523 AC                LODSB
AX=4C44 BX=0BD2 CX=0001 DX=0F18 SP=0B34 BP=0B36 SI=007E DI=0BB9
DS=0DAC ES=0F18 SS=0F18 CS=0E06 IP=0524 NV UP EI PL NZ NA PO NC
0E06:0524 AA                STOSB
AX=4C44 BX=0BD2 CX=0001 DX=0F18 SP=0B34 BP=0B36 SI=007E DI=0BBA
DS=0DAC ES=0F18 SS=0F18 CS=0E06 IP=0525 NV UP EI PL NZ NA PO NC
0E06:0525 0AC0              OR      AL,AL
AX=4C44 BX=0BD2 CX=0001 DX=0F18 SP=0B34 BP=0B36 SI=007E DI=0BBA
DS=0DAC ES=0F18 SS=0F18 CS=0E06 IP=0527 NV UP EI PL NZ NA PE NC
0E06:0527 75FA              JNZ     0523
AX=4C44 BX=0BD2 CX=0001 DX=0F18 SP=0B34 BP=0B36 SI=007E DI=0BBA
DS=0DAC ES=0F18 SS=0F18 CS=0E06 IP=0523 NV UP EI PL NZ NA PE NC
0E06:0523 AC                LODSB
AX=4C31 BX=0BD2 CX=0001 DX=0F18 SP=0B34 BP=0B36 SI=007F DI=0BBA
DS=0DAC ES=0F18 SS=0F18 CS=0E06 IP=0524 NV UP EI PL NZ NA PE NC
0E06:0524 AA                STOSB
AX=4C31 BX=0BD2 CX=0001 DX=0F18 SP=0B34 BP=0B36 SI=007F DI=0BBB
DS=0DAC ES=0F18 SS=0F18 CS=0E06 IP=0525 NV UP EI PL NZ NA PE NC
0E06:0525 0AC0              OR      AL,AL
AX=4C31 BX=0BD2 CX=0001 DX=0F18 SP=0B34 BP=0B36 SI=007F DI=0BBB
DS=0DAC ES=0F18 SS=0F18 CS=0E06 IP=0527 NV UP EI PL NZ NA PO NC
0E06:0527 75FA              JNZ     0523
AX=4C31 BX=0BD2 CX=0001 DX=0F18 SP=0B34 BP=0B36 SI=007F DI=0BBB
DS=0DAC ES=0F18 SS=0F18 CS=0E06 IP=0523 NV UP EI PL NZ NA PO NC
0E06:0523 AC                LODSB
AX=4C20 BX=0BD2 CX=0001 DX=0F18 SP=0B34 BP=0B36 SI=0080 DI=0BBB
DS=0DAC ES=0F18 SS=0F18 CS=0E06 IP=0524 NV UP EI PL NZ NA PO NC
0E06:0524 AA                STOSB
AX=4C20 BX=0BD2 CX=0001 DX=0F18 SP=0B34 BP=0B36 SI=0080 DI=0BBC
DS=0DAC ES=0F18 SS=0F18 CS=0E06 IP=0525 NV UP EI PL NZ NA PO NC
0E06:0525 0AC0              OR      AL,AL
AX=4C20 BX=0BD2 CX=0001 DX=0F18 SP=0B34 BP=0B36 SI=0080 DI=0BBC
DS=0DAC ES=0F18 SS=0F18 CS=0E06 IP=0527 NV UP EI PL NZ NA PO NC
0E06:0527 75FA              JNZ     0523
AX=4C20 BX=0BD2 CX=0001 DX=0F18 SP=0B34 BP=0B36 SI=0080 DI=0BBC
DS=0DAC ES=0F18 SS=0F18 CS=0E06 IP=0523 NV UP EI PL NZ NA PO NC
0E06:0523 AC                LODSB
AX=4C48 BX=0BD2 CX=0001 DX=0F18 SP=0B34 BP=0B36 SI=0081 DI=0BBC
DS=0DAC ES=0F18 SS=0F18 CS=0E06 IP=0524 NV UP EI PL NZ NA PO NC
0E06:0524 AA                STOSB
AX=4C48 BX=0BD2 CX=0001 DX=0F18 SP=0B34 BP=0B36 SI=0081 DI=0BBD
DS=0DAC ES=0F18 SS=0F18 CS=0E06 IP=0525 NV UP EI PL NZ NA PO NC
0E06:0525 0AC0              OR      AL,AL
AX=4C48 BX=0BD2 CX=0001 DX=0F18 SP=0B34 BP=0B36 SI=0081 DI=0BBD
DS=0DAC ES=0F18 SS=0F18 CS=0E06 IP=0527 NV UP EI PL NZ NA PE NC
0E06:0527 75FA              JNZ     0523
AX=4C48 BX=0BD2 CX=0001 DX=0F18 SP=0B34 BP=0B36 SI=0081 DI=0BBD
DS=0DAC ES=0F18 SS=0F18 CS=0E06 IP=0523 NV UP EI PL NZ NA PE NC
0E06:0523 AC                LODSB
AX=4C35 BX=0BD2 CX=0001 DX=0F18 SP=0B34 BP=0B36 SI=0082 DI=0BBD
DS=0DAC ES=0F18 SS=0F18 CS=0E06 IP=0524 NV UP EI PL NZ NA PE NC
0E06:0524 AA                STOSB
AX=4C35 BX=0BD2 CX=0001 DX=0F18 SP=0B34 BP=0B36 SI=0082 DI=0BBE
DS=0DAC ES=0F18 SS=0F18 CS=0E06 IP=0525 NV UP EI PL NZ NA PE NC
0E06:0525 0AC0              OR      AL,AL
AX=4C35 BX=0BD2 CX=0001 DX=0F18 SP=0B34 BP=0B36 SI=0082 DI=0BBE
DS=0DAC ES=0F18 SS=0F18 CS=0E06 IP=0527 NV UP EI PL NZ NA PE NC
0E06:0527 75FA              JNZ     0523
AX=4C35 BX=0BD2 CX=0001 DX=0F18 SP=0B34 BP=0B36 SI=0082 DI=0BBE
DS=0DAC ES=0F18 SS=0F18 CS=0E06 IP=0523 NV UP EI PL NZ NA PE NC
0E06:0523 AC                LODSB
AX=4C20 BX=0BD2 CX=0001 DX=0F18 SP=0B34 BP=0B36 SI=0083 DI=0BBE
DS=0DAC ES=0F18 SS=0F18 CS=0E06 IP=0524 NV UP EI PL NZ NA PE NC
0E06:0524 AA                STOSB
AX=4C20 BX=0BD2 CX=0001 DX=0F18 SP=0B34 BP=0B36 SI=0083 DI=0BBF
DS=0DAC ES=0F18 SS=0F18 CS=0E06 IP=0525 NV UP EI PL NZ NA PE NC
0E06:0525 0AC0              OR      AL,AL
AX=4C20 BX=0BD2 CX=0001 DX=0F18 SP=0B34 BP=0B36 SI=0083 DI=0BBF
DS=0DAC ES=0F18 SS=0F18 CS=0E06 IP=0527 NV UP EI PL NZ NA PO NC
0E06:0527 75FA              JNZ     0523
AX=4C20 BX=0BD2 CX=0001 DX=0F18 SP=0B34 BP=0B36 SI=0083 DI=0BBF
DS=0DAC ES=0F18 SS=0F18 CS=0E06 IP=0523 NV UP EI PL NZ NA PO NC
0E06:0523 AC                LODSB
AX=4C50 BX=0BD2 CX=0001 DX=0F18 SP=0B34 BP=0B36 SI=0084 DI=0BBF
DS=0DAC ES=0F18 SS=0F18 CS=0E06 IP=0524 NV UP EI PL NZ NA PO NC
0E06:0524 AA                STOSB
AX=4C50 BX=0BD2 CX=0001 DX=0F18 SP=0B34 BP=0B36 SI=0084 DI=0BC0
DS=0DAC ES=0F18 SS=0F18 CS=0E06 IP=0525 NV UP EI PL NZ NA PO NC
0E06:0525 0AC0              OR      AL,AL
AX=4C50 BX=0BD2 CX=0001 DX=0F18 SP=0B34 BP=0B36 SI=0084 DI=0BC0
DS=0DAC ES=0F18 SS=0F18 CS=0E06 IP=0527 NV UP EI PL NZ NA PE NC
0E06:0527 75FA              JNZ     0523
AX=4C50 BX=0BD2 CX=0001 DX=0F18 SP=0B34 BP=0B36 SI=0084 DI=0BC0
DS=0DAC ES=0F18 SS=0F18 CS=0E06 IP=0523 NV UP EI PL NZ NA PE NC
0E06:0523 AC                LODSB
AX=4C33 BX=0BD2 CX=0001 DX=0F18 SP=0B34 BP=0B36 SI=0085 DI=0BC0
DS=0DAC ES=0F18 SS=0F18 CS=0E06 IP=0524 NV UP EI PL NZ NA PE NC
0E06:0524 AA                STOSB
AX=4C33 BX=0BD2 CX=0001 DX=0F18 SP=0B34 BP=0B36 SI=0085 DI=0BC1
DS=0DAC ES=0F18 SS=0F18 CS=0E06 IP=0525 NV UP EI PL NZ NA PE NC
0E06:0525 0AC0              OR      AL,AL
AX=4C33 BX=0BD2 CX=0001 DX=0F18 SP=0B34 BP=0B36 SI=0085 DI=0BC1
DS=0DAC ES=0F18 SS=0F18 CS=0E06 IP=0527 NV UP EI PL NZ NA PE NC
0E06:0527 75FA              JNZ     0523
AX=4C33 BX=0BD2 CX=0001 DX=0F18 SP=0B34 BP=0B36 SI=0085 DI=0BC1
DS=0DAC ES=0F18 SS=0F18 CS=0E06 IP=0523 NV UP EI PL NZ NA PE NC
0E06:0523 AC                LODSB
AX=4C33 BX=0BD2 CX=0001 DX=0F18 SP=0B34 BP=0B36 SI=0086 DI=0BC1
DS=0DAC ES=0F18 SS=0F18 CS=0E06 IP=0524 NV UP EI PL NZ NA PE NC
0E06:0524 AA                STOSB
AX=4C33 BX=0BD2 CX=0001 DX=0F18 SP=0B34 BP=0B36 SI=0086 DI=0BC2
DS=0DAC ES=0F18 SS=0F18 CS=0E06 IP=0525 NV UP EI PL NZ NA PE NC
0E06:0525 0AC0              OR      AL,AL
AX=4C33 BX=0BD2 CX=0001 DX=0F18 SP=0B34 BP=0B36 SI=0086 DI=0BC2
DS=0DAC ES=0F18 SS=0F18 CS=0E06 IP=0527 NV UP EI PL NZ NA PE NC
0E06:0527 75FA              JNZ     0523
AX=4C33 BX=0BD2 CX=0001 DX=0F18 SP=0B34 BP=0B36 SI=0086 DI=0BC2
DS=0DAC ES=0F18 SS=0F18 CS=0E06 IP=0523 NV UP EI PL NZ NA PE NC
0E06:0523 AC                LODSB
AX=4C30 BX=0BD2 CX=0001 DX=0F18 SP=0B34 BP=0B36 SI=0087 DI=0BC2
DS=0DAC ES=0F18 SS=0F18 CS=0E06 IP=0524 NV UP EI PL NZ NA PE NC
0E06:0524 AA                STOSB
AX=4C30 BX=0BD2 CX=0001 DX=0F18 SP=0B34 BP=0B36 SI=0087 DI=0BC3
DS=0DAC ES=0F18 SS=0F18 CS=0E06 IP=0525 NV UP EI PL NZ NA PE NC
0E06:0525 0AC0              OR      AL,AL
AX=4C30 BX=0BD2 CX=0001 DX=0F18 SP=0B34 BP=0B36 SI=0087 DI=0BC3
DS=0DAC ES=0F18 SS=0F18 CS=0E06 IP=0527 NV UP EI PL NZ NA PE NC
0E06:0527 75FA              JNZ     0523
AX=4C30 BX=0BD2 CX=0001 DX=0F18 SP=0B34 BP=0B36 SI=0087 DI=0BC3
DS=0DAC ES=0F18 SS=0F18 CS=0E06 IP=0523 NV UP EI PL NZ NA PE NC
0E06:0523 AC                LODSB
AX=4C20 BX=0BD2 CX=0001 DX=0F18 SP=0B34 BP=0B36 SI=0088 DI=0BC3
DS=0DAC ES=0F18 SS=0F18 CS=0E06 IP=0524 NV UP EI PL NZ NA PE NC
0E06:0524 AA                STOSB
AX=4C20 BX=0BD2 CX=0001 DX=0F18 SP=0B34 BP=0B36 SI=0088 DI=0BC4
DS=0DAC ES=0F18 SS=0F18 CS=0E06 IP=0525 NV UP EI PL NZ NA PE NC
0E06:0525 0AC0              OR      AL,AL
AX=4C20 BX=0BD2 CX=0001 DX=0F18 SP=0B34 BP=0B36 SI=0088 DI=0BC4
DS=0DAC ES=0F18 SS=0F18 CS=0E06 IP=0527 NV UP EI PL NZ NA PO NC
0E06:0527 75FA              JNZ     0523
AX=4C20 BX=0BD2 CX=0001 DX=0F18 SP=0B34 BP=0B36 SI=0088 DI=0BC4
DS=0DAC ES=0F18 SS=0F18 CS=0E06 IP=0523 NV UP EI PL NZ NA PO NC
0E06:0523 AC                LODSB
AX=4C54 BX=0BD2 CX=0001 DX=0F18 SP=0B34 BP=0B36 SI=0089 DI=0BC4
DS=0DAC ES=0F18 SS=0F18 CS=0E06 IP=0524 NV UP EI PL NZ NA PO NC
0E06:0524 AA                STOSB
AX=4C54 BX=0BD2 CX=0001 DX=0F18 SP=0B34 BP=0B36 SI=0089 DI=0BC5
DS=0DAC ES=0F18 SS=0F18 CS=0E06 IP=0525 NV UP EI PL NZ NA PO NC
0E06:0525 0AC0              OR      AL,AL
AX=4C54 BX=0BD2 CX=0001 DX=0F18 SP=0B34 BP=0B36 SI=0089 DI=0BC5
DS=0DAC ES=0F18 SS=0F18 CS=0E06 IP=0527 NV UP EI PL NZ NA PO NC
0E06:0527 75FA              JNZ     0523
AX=4C54 BX=0BD2 CX=0001 DX=0F18 SP=0B34 BP=0B36 SI=0089 DI=0BC5
DS=0DAC ES=0F18 SS=0F18 CS=0E06 IP=0523 NV UP EI PL NZ NA PO NC
0E06:0523 AC                LODSB
AX=4C36 BX=0BD2 CX=0001 DX=0F18 SP=0B34 BP=0B36 SI=008A DI=0BC5
DS=0DAC ES=0F18 SS=0F18 CS=0E06 IP=0524 NV UP EI PL NZ NA PO NC
0E06:0524 AA                STOSB
AX=4C36 BX=0BD2 CX=0001 DX=0F18 SP=0B34 BP=0B36 SI=008A DI=0BC6
DS=0DAC ES=0F18 SS=0F18 CS=0E06 IP=0525 NV UP EI PL NZ NA PO NC
0E06:0525 0AC0              OR      AL,AL
AX=4C36 BX=0BD2 CX=0001 DX=0F18 SP=0B34 BP=0B36 SI=008A DI=0BC6
DS=0DAC ES=0F18 SS=0F18 CS=0E06 IP=0527 NV UP EI PL NZ NA PE NC
0E06:0527 75FA              JNZ     0523
AX=4C36 BX=0BD2 CX=0001 DX=0F18 SP=0B34 BP=0B36 SI=008A DI=0BC6
DS=0DAC ES=0F18 SS=0F18 CS=0E06 IP=0523 NV UP EI PL NZ NA PE NC
0E06:0523 AC                LODSB
AX=4C00 BX=0BD2 CX=0001 DX=0F18 SP=0B34 BP=0B36 SI=008B DI=0BC6
DS=0DAC ES=0F18 SS=0F18 CS=0E06 IP=0524 NV UP EI PL NZ NA PE NC
0E06:0524 AA                STOSB
AX=4C00 BX=0BD2 CX=0001 DX=0F18 SP=0B34 BP=0B36 SI=008B DI=0BC7
DS=0DAC ES=0F18 SS=0F18 CS=0E06 IP=0525 NV UP EI PL NZ NA PE NC
0E06:0525 0AC0              OR      AL,AL
AX=4C00 BX=0BD2 CX=0001 DX=0F18 SP=0B34 BP=0B36 SI=008B DI=0BC7
DS=0DAC ES=0F18 SS=0F18 CS=0E06 IP=0527 NV UP EI PL ZR NA PE NC
0E06:0527 75FA              JNZ     0523
AX=4C00 BX=0BD2 CX=0001 DX=0F18 SP=0B34 BP=0B36 SI=008B DI=0BC7
DS=0DAC ES=0F18 SS=0F18 CS=0E06 IP=0529 NV UP EI PL ZR NA PE NC
0E06:0529 E2DA              LOOPW   0505
AX=4C00 BX=0BD2 CX=0000 DX=0F18 SP=0B34 BP=0B36 SI=008B DI=0BC7
DS=0DAC ES=0F18 SS=0F18 CS=0E06 IP=052B NV UP EI PL ZR NA PE NC
0E06:052B 26890F            MOV     ES:[BX],CX                     ES:0BD2=0000
AX=4C00 BX=0BD2 CX=0000 DX=0F18 SP=0B34 BP=0B36 SI=008B DI=0BC7
DS=0DAC ES=0F18 SS=0F18 CS=0E06 IP=052E NV UP EI PL ZR NA PE NC
0E06:052E 1F                POP     DS
AX=4C00 BX=0BD2 CX=0000 DX=0F18 SP=0B36 BP=0B36 SI=008B DI=0BC7
DS=0F18 ES=0F18 SS=0F18 CS=0E06 IP=052F NV UP EI PL ZR NA PE NC
0E06:052F 5D                POP     BP
AX=4C00 BX=0BD2 CX=0000 DX=0F18 SP=0B38 BP=0000 SI=008B DI=0BC7
DS=0F18 ES=0F18 SS=0F18 CS=0E06 IP=0530 NV UP EI PL ZR NA PE NC
0E06:0530 C3                RET
AX=4C00 BX=0BD2 CX=0000 DX=0F18 SP=0B3A BP=0000 SI=008B DI=0BC7
DS=0F18 ES=0F18 SS=0F18 CS=0E06 IP=00D6 NV UP EI PL ZR NA PE NC
0E06:00D6 E85102            CALL    032A
AX=4C00 BX=0BD2 CX=0000 DX=0F18 SP=0B38 BP=0000 SI=008B DI=0BC7
DS=0F18 ES=0F18 SS=0F18 CS=0E06 IP=032A NV UP EI PL ZR NA PE NC
0E06:032A 8F06CC00          POP     WORD PTR [00CC]                DS:00CC=0000
AX=4C00 BX=0BD2 CX=0000 DX=0F18 SP=0B3A BP=0000 SI=008B DI=0BC7
DS=0F18 ES=0F18 SS=0F18 CS=0E06 IP=032E NV UP EI PL ZR NA PE NC
0E06:032E A19600            MOV     AX,[0096]                      DS:0096=0005
AX=0005 BX=0BD2 CX=0000 DX=0F18 SP=0B3A BP=0000 SI=008B DI=0BC7
DS=0F18 ES=0F18 SS=0F18 CS=0E06 IP=0331 NV UP EI PL ZR NA PE NC
0E06:0331 BA0100            MOV     DX,0001
AX=0005 BX=0BD2 CX=0000 DX=0001 SP=0B3A BP=0000 SI=008B DI=0BC7
DS=0F18 ES=0F18 SS=0F18 CS=0E06 IP=0334 NV UP EI PL ZR NA PE NC
0E06:0334 3C02              CMP     AL,02
AX=0005 BX=0BD2 CX=0000 DX=0001 SP=0B3A BP=0000 SI=008B DI=0BC7
DS=0F18 ES=0F18 SS=0F18 CS=0E06 IP=0336 NV UP EI PL NZ NA PE NC
0E06:0336 7429              JZ      0361
AX=0005 BX=0BD2 CX=0000 DX=0001 SP=0B3A BP=0000 SI=008B DI=0BC7
DS=0F18 ES=0F18 SS=0F18 CS=0E06 IP=0338 NV UP EI PL NZ NA PE NC
0E06:0338 8E069200          MOV     ES,WORD PTR [0092]             DS:0092=0DF6
AX=0005 BX=0BD2 CX=0000 DX=0001 SP=0B3A BP=0000 SI=008B DI=0BC7
DS=0F18 ES=0DF6 SS=0F18 CS=0E06 IP=033C NV UP EI PL NZ NA PE NC
0E06:033C 268E062C00        MOV     ES,WORD PTR ES:[002C]          ES:002C=0DAC
AX=0005 BX=0BD2 CX=0000 DX=0001 SP=0B3A BP=0000 SI=008B DI=0BC7
DS=0F18 ES=0DAC SS=0F18 CS=0E06 IP=0341 NV UP EI PL NZ NA PE NC
0E06:0341 8C06BA00          MOV     WORD PTR [00BA],ES             DS:00BA=0F18
AX=0005 BX=0BD2 CX=0000 DX=0001 SP=0B3A BP=0000 SI=008B DI=0BC7
DS=0F18 ES=0DAC SS=0F18 CS=0E06 IP=0345 NV UP EI PL NZ NA PE NC
0E06:0345 33C0              XOR     AX,AX
AX=0000 BX=0BD2 CX=0000 DX=0001 SP=0B3A BP=0000 SI=008B DI=0BC7
DS=0F18 ES=0DAC SS=0F18 CS=0E06 IP=0347 NV UP EI PL ZR NA PE NC
0E06:0347 99                CWD
AX=0000 BX=0BD2 CX=0000 DX=0000 SP=0B3A BP=0000 SI=008B DI=0BC7
DS=0F18 ES=0DAC SS=0F18 CS=0E06 IP=0348 NV UP EI PL ZR NA PE NC
0E06:0348 B90080            MOV     CX,8000
AX=0000 BX=0BD2 CX=8000 DX=0000 SP=0B3A BP=0000 SI=008B DI=0BC7
DS=0F18 ES=0DAC SS=0F18 CS=0E06 IP=034B NV UP EI PL ZR NA PE NC
0E06:034B 33FF              XOR     DI,DI
AX=0000 BX=0BD2 CX=8000 DX=0000 SP=0B3A BP=0000 SI=008B DI=0000
DS=0F18 ES=0DAC SS=0F18 CS=0E06 IP=034D NV UP EI PL ZR NA PE NC
0E06:034D F2AE              REPNE   SCASB
AX=0000 BX=0BD2 CX=7FFF DX=0000 SP=0B3A BP=0000 SI=008B DI=0001
DS=0F18 ES=0DAC SS=0F18 CS=0E06 IP=034D NV UP EI NG NZ AC PE CY
0E06:034D F2AE              REPNE   SCASB
AX=0000 BX=0BD2 CX=7FFE DX=0000 SP=0B3A BP=0000 SI=008B DI=0002
DS=0F18 ES=0DAC SS=0F18 CS=0E06 IP=034D NV UP EI NG NZ AC PE CY
0E06:034D F2AE              REPNE   SCASB
AX=0000 BX=0BD2 CX=7FFD DX=0000 SP=0B3A BP=0000 SI=008B DI=0003
DS=0F18 ES=0DAC SS=0F18 CS=0E06 IP=034D NV UP EI NG NZ AC PO CY
0E06:034D F2AE              REPNE   SCASB
AX=0000 BX=0BD2 CX=7FFC DX=0000 SP=0B3A BP=0000 SI=008B DI=0004
DS=0F18 ES=0DAC SS=0F18 CS=0E06 IP=034D NV UP EI NG NZ AC PO CY
0E06:034D F2AE              REPNE   SCASB
AX=0000 BX=0BD2 CX=7FFB DX=0000 SP=0B3A BP=0000 SI=008B DI=0005
DS=0F18 ES=0DAC SS=0F18 CS=0E06 IP=034D NV UP EI NG NZ NA PO CY
0E06:034D F2AE              REPNE   SCASB
AX=0000 BX=0BD2 CX=7FFA DX=0000 SP=0B3A BP=0000 SI=008B DI=0006
DS=0F18 ES=0DAC SS=0F18 CS=0E06 IP=034D NV UP EI NG NZ AC PE CY
0E06:034D F2AE              REPNE   SCASB
AX=0000 BX=0BD2 CX=7FF9 DX=0000 SP=0B3A BP=0000 SI=008B DI=0007
DS=0F18 ES=0DAC SS=0F18 CS=0E06 IP=034D NV UP EI NG NZ AC PE CY
0E06:034D F2AE              REPNE   SCASB
AX=0000 BX=0BD2 CX=7FF8 DX=0000 SP=0B3A BP=0000 SI=008B DI=0008
DS=0F18 ES=0DAC SS=0F18 CS=0E06 IP=034D NV UP EI NG NZ AC PE CY
0E06:034D F2AE              REPNE   SCASB
AX=0000 BX=0BD2 CX=7FF7 DX=0000 SP=0B3A BP=0000 SI=008B DI=0009
DS=0F18 ES=0DAC SS=0F18 CS=0E06 IP=034D NV UP EI NG NZ AC PE CY
0E06:034D F2AE              REPNE   SCASB
AX=0000 BX=0BD2 CX=7FF6 DX=0000 SP=0B3A BP=0000 SI=008B DI=000A
DS=0F18 ES=0DAC SS=0F18 CS=0E06 IP=034D NV UP EI NG NZ AC PE CY
0E06:034D F2AE              REPNE   SCASB
AX=0000 BX=0BD2 CX=7FF5 DX=0000 SP=0B3A BP=0000 SI=008B DI=000B
DS=0F18 ES=0DAC SS=0F18 CS=0E06 IP=034D NV UP EI NG NZ AC PO CY
0E06:034D F2AE              REPNE   SCASB
AX=0000 BX=0BD2 CX=7FF4 DX=0000 SP=0B3A BP=0000 SI=008B DI=000C
DS=0F18 ES=0DAC SS=0F18 CS=0E06 IP=034D NV UP EI NG NZ AC PE CY
0E06:034D F2AE              REPNE   SCASB
AX=0000 BX=0BD2 CX=7FF3 DX=0000 SP=0B3A BP=0000 SI=008B DI=000D
DS=0F18 ES=0DAC SS=0F18 CS=0E06 IP=034D NV UP EI NG NZ AC PE CY
0E06:034D F2AE              REPNE   SCASB
AX=0000 BX=0BD2 CX=7FF2 DX=0000 SP=0B3A BP=0000 SI=008B DI=000E
DS=0F18 ES=0DAC SS=0F18 CS=0E06 IP=034D NV UP EI NG NZ AC PO CY
0E06:034D F2AE              REPNE   SCASB
AX=0000 BX=0BD2 CX=7FF1 DX=0000 SP=0B3A BP=0000 SI=008B DI=000F
DS=0F18 ES=0DAC SS=0F18 CS=0E06 IP=034D NV UP EI NG NZ AC PO CY
0E06:034D F2AE              REPNE   SCASB
AX=0000 BX=0BD2 CX=7FF0 DX=0000 SP=0B3A BP=0000 SI=008B DI=0010
DS=0F18 ES=0DAC SS=0F18 CS=0E06 IP=034D NV UP EI NG NZ AC PO CY
0E06:034D F2AE              REPNE   SCASB
AX=0000 BX=0BD2 CX=7FEF DX=0000 SP=0B3A BP=0000 SI=008B DI=0011
DS=0F18 ES=0DAC SS=0F18 CS=0E06 IP=034D NV UP EI NG NZ AC PE CY
0E06:034D F2AE              REPNE   SCASB
AX=0000 BX=0BD2 CX=7FEE DX=0000 SP=0B3A BP=0000 SI=008B DI=0012
DS=0F18 ES=0DAC SS=0F18 CS=0E06 IP=034D NV UP EI NG NZ AC PO CY
0E06:034D F2AE              REPNE   SCASB
AX=0000 BX=0BD2 CX=7FED DX=0000 SP=0B3A BP=0000 SI=008B DI=0013
DS=0F18 ES=0DAC SS=0F18 CS=0E06 IP=034D NV UP EI NG NZ AC PE CY
0E06:034D F2AE              REPNE   SCASB
AX=0000 BX=0BD2 CX=7FEC DX=0000 SP=0B3A BP=0000 SI=008B DI=0014
DS=0F18 ES=0DAC SS=0F18 CS=0E06 IP=034D NV UP EI NG NZ AC PE CY
0E06:034D F2AE              REPNE   SCASB
AX=0000 BX=0BD2 CX=7FEB DX=0000 SP=0B3A BP=0000 SI=008B DI=0015
DS=0F18 ES=0DAC SS=0F18 CS=0E06 IP=034D NV UP EI NG NZ AC PE CY
0E06:034D F2AE              REPNE   SCASB
AX=0000 BX=0BD2 CX=7FEA DX=0000 SP=0B3A BP=0000 SI=008B DI=0016
DS=0F18 ES=0DAC SS=0F18 CS=0E06 IP=034D NV UP EI NG NZ AC PO CY
0E06:034D F2AE              REPNE   SCASB
AX=0000 BX=0BD2 CX=7FE9 DX=0000 SP=0B3A BP=0000 SI=008B DI=0017
DS=0F18 ES=0DAC SS=0F18 CS=0E06 IP=034F NV UP EI PL ZR NA PE NC
0E06:034F AE                SCASB
AX=0000 BX=0BD2 CX=7FE9 DX=0000 SP=0B3A BP=0000 SI=008B DI=0018
DS=0F18 ES=0DAC SS=0F18 CS=0E06 IP=0350 NV UP EI NG NZ NA PO CY
0E06:0350 75FB              JNZ     034D
AX=0000 BX=0BD2 CX=7FE9 DX=0000 SP=0B3A BP=0000 SI=008B DI=0018
DS=0F18 ES=0DAC SS=0F18 CS=0E06 IP=034D NV UP EI NG NZ NA PO CY
0E06:034D F2AE              REPNE   SCASB
AX=0000 BX=0BD2 CX=7FE8 DX=0000 SP=0B3A BP=0000 SI=008B DI=0019
DS=0F18 ES=0DAC SS=0F18 CS=0E06 IP=034D NV UP EI NG NZ AC PO CY
0E06:034D F2AE              REPNE   SCASB
AX=0000 BX=0BD2 CX=7FE7 DX=0000 SP=0B3A BP=0000 SI=008B DI=001A
DS=0F18 ES=0DAC SS=0F18 CS=0E06 IP=034D NV UP EI NG NZ AC PE CY
0E06:034D F2AE              REPNE   SCASB
AX=0000 BX=0BD2 CX=7FE6 DX=0000 SP=0B3A BP=0000 SI=008B DI=001B
DS=0F18 ES=0DAC SS=0F18 CS=0E06 IP=034D NV UP EI NG NZ AC PE CY
0E06:034D F2AE              REPNE   SCASB
AX=0000 BX=0BD2 CX=7FE5 DX=0000 SP=0B3A BP=0000 SI=008B DI=001C
DS=0F18 ES=0DAC SS=0F18 CS=0E06 IP=034D NV UP EI NG NZ AC PE CY
0E06:034D F2AE              REPNE   SCASB
AX=0000 BX=0BD2 CX=7FE4 DX=0000 SP=0B3A BP=0000 SI=008B DI=001D
DS=0F18 ES=0DAC SS=0F18 CS=0E06 IP=034D NV UP EI NG NZ AC PE CY
0E06:034D F2AE              REPNE   SCASB
AX=0000 BX=0BD2 CX=7FE3 DX=0000 SP=0B3A BP=0000 SI=008B DI=001E
DS=0F18 ES=0DAC SS=0F18 CS=0E06 IP=034D NV UP EI NG NZ AC PE CY
0E06:034D F2AE              REPNE   SCASB
AX=0000 BX=0BD2 CX=7FE2 DX=0000 SP=0B3A BP=0000 SI=008B DI=001F
DS=0F18 ES=0DAC SS=0F18 CS=0E06 IP=034D NV UP EI NG NZ AC PO CY
0E06:034D F2AE              REPNE   SCASB
AX=0000 BX=0BD2 CX=7FE1 DX=0000 SP=0B3A BP=0000 SI=008B DI=0020
DS=0F18 ES=0DAC SS=0F18 CS=0E06 IP=034D NV UP EI NG NZ AC PE CY
0E06:034D F2AE              REPNE   SCASB
AX=0000 BX=0BD2 CX=7FE0 DX=0000 SP=0B3A BP=0000 SI=008B DI=0021
DS=0F18 ES=0DAC SS=0F18 CS=0E06 IP=034D NV UP EI NG NZ AC PE CY
0E06:034D F2AE              REPNE   SCASB
AX=0000 BX=0BD2 CX=7FDF DX=0000 SP=0B3A BP=0000 SI=008B DI=0022
DS=0F18 ES=0DAC SS=0F18 CS=0E06 IP=034D NV UP EI NG NZ AC PE CY
0E06:034D F2AE              REPNE   SCASB
AX=0000 BX=0BD2 CX=7FDE DX=0000 SP=0B3A BP=0000 SI=008B DI=0023
DS=0F18 ES=0DAC SS=0F18 CS=0E06 IP=034D NV UP EI NG NZ AC PO CY
0E06:034D F2AE              REPNE   SCASB
AX=0000 BX=0BD2 CX=7FDD DX=0000 SP=0B3A BP=0000 SI=008B DI=0024
DS=0F18 ES=0DAC SS=0F18 CS=0E06 IP=034D NV UP EI NG NZ AC PO CY
0E06:034D F2AE              REPNE   SCASB
AX=0000 BX=0BD2 CX=7FDC DX=0000 SP=0B3A BP=0000 SI=008B DI=0025
DS=0F18 ES=0DAC SS=0F18 CS=0E06 IP=034D NV UP EI NG NZ AC PO CY
0E06:034D F2AE              REPNE   SCASB
AX=0000 BX=0BD2 CX=7FDB DX=0000 SP=0B3A BP=0000 SI=008B DI=0026
DS=0F18 ES=0DAC SS=0F18 CS=0E06 IP=034D NV UP EI NG NZ AC PO CY
0E06:034D F2AE              REPNE   SCASB
AX=0000 BX=0BD2 CX=7FDA DX=0000 SP=0B3A BP=0000 SI=008B DI=0027
DS=0F18 ES=0DAC SS=0F18 CS=0E06 IP=034D NV UP EI NG NZ AC PE CY
0E06:034D F2AE              REPNE   SCASB
AX=0000 BX=0BD2 CX=7FD9 DX=0000 SP=0B3A BP=0000 SI=008B DI=0028
DS=0F18 ES=0DAC SS=0F18 CS=0E06 IP=034D NV UP EI NG NZ AC PE CY
0E06:034D F2AE              REPNE   SCASB
AX=0000 BX=0BD2 CX=7FD8 DX=0000 SP=0B3A BP=0000 SI=008B DI=0029
DS=0F18 ES=0DAC SS=0F18 CS=0E06 IP=034D NV UP EI NG NZ AC PO CY
0E06:034D F2AE              REPNE   SCASB
AX=0000 BX=0BD2 CX=7FD7 DX=0000 SP=0B3A BP=0000 SI=008B DI=002A
DS=0F18 ES=0DAC SS=0F18 CS=0E06 IP=034D NV UP EI NG NZ AC PE CY
0E06:034D F2AE              REPNE   SCASB
AX=0000 BX=0BD2 CX=7FD6 DX=0000 SP=0B3A BP=0000 SI=008B DI=002B
DS=0F18 ES=0DAC SS=0F18 CS=0E06 IP=034D NV UP EI NG NZ AC PE CY
0E06:034D F2AE              REPNE   SCASB
AX=0000 BX=0BD2 CX=7FD5 DX=0000 SP=0B3A BP=0000 SI=008B DI=002C
DS=0F18 ES=0DAC SS=0F18 CS=0E06 IP=034D NV UP EI NG NZ AC PE CY
0E06:034D F2AE              REPNE   SCASB
AX=0000 BX=0BD2 CX=7FD4 DX=0000 SP=0B3A BP=0000 SI=008B DI=002D
DS=0F18 ES=0DAC SS=0F18 CS=0E06 IP=034D NV UP EI NG NZ AC PO CY
0E06:034D F2AE              REPNE   SCASB
AX=0000 BX=0BD2 CX=7FD3 DX=0000 SP=0B3A BP=0000 SI=008B DI=002E
DS=0F18 ES=0DAC SS=0F18 CS=0E06 IP=034D NV UP EI NG NZ AC PE CY
0E06:034D F2AE              REPNE   SCASB
AX=0000 BX=0BD2 CX=7FD2 DX=0000 SP=0B3A BP=0000 SI=008B DI=002F
DS=0F18 ES=0DAC SS=0F18 CS=0E06 IP=034D NV UP EI NG NZ AC PE CY
0E06:034D F2AE              REPNE   SCASB
AX=0000 BX=0BD2 CX=7FD1 DX=0000 SP=0B3A BP=0000 SI=008B DI=0030
DS=0F18 ES=0DAC SS=0F18 CS=0E06 IP=034D NV UP EI NG NZ AC PE CY
0E06:034D F2AE              REPNE   SCASB
AX=0000 BX=0BD2 CX=7FD0 DX=0000 SP=0B3A BP=0000 SI=008B DI=0031
DS=0F18 ES=0DAC SS=0F18 CS=0E06 IP=034D NV UP EI NG NZ AC PE CY
0E06:034D F2AE              REPNE   SCASB
AX=0000 BX=0BD2 CX=7FCF DX=0000 SP=0B3A BP=0000 SI=008B DI=0032
DS=0F18 ES=0DAC SS=0F18 CS=0E06 IP=034D NV UP EI NG NZ AC PE CY
0E06:034D F2AE              REPNE   SCASB
AX=0000 BX=0BD2 CX=7FCE DX=0000 SP=0B3A BP=0000 SI=008B DI=0033
DS=0F18 ES=0DAC SS=0F18 CS=0E06 IP=034D NV UP EI NG NZ AC PE CY
0E06:034D F2AE              REPNE   SCASB
AX=0000 BX=0BD2 CX=7FCD DX=0000 SP=0B3A BP=0000 SI=008B DI=0034
DS=0F18 ES=0DAC SS=0F18 CS=0E06 IP=034D NV UP EI NG NZ AC PO CY
0E06:034D F2AE              REPNE   SCASB
AX=0000 BX=0BD2 CX=7FCC DX=0000 SP=0B3A BP=0000 SI=008B DI=0035
DS=0F18 ES=0DAC SS=0F18 CS=0E06 IP=034D NV UP EI NG NZ AC PO CY
0E06:034D F2AE              REPNE   SCASB
AX=0000 BX=0BD2 CX=7FCB DX=0000 SP=0B3A BP=0000 SI=008B DI=0036
DS=0F18 ES=0DAC SS=0F18 CS=0E06 IP=034D NV UP EI NG NZ AC PE CY
0E06:034D F2AE              REPNE   SCASB
AX=0000 BX=0BD2 CX=7FCA DX=0000 SP=0B3A BP=0000 SI=008B DI=0037
DS=0F18 ES=0DAC SS=0F18 CS=0E06 IP=034D NV UP EI NG NZ AC PO CY
0E06:034D F2AE              REPNE   SCASB
AX=0000 BX=0BD2 CX=7FC9 DX=0000 SP=0B3A BP=0000 SI=008B DI=0038
DS=0F18 ES=0DAC SS=0F18 CS=0E06 IP=034D NV UP EI NG NZ AC PE CY
0E06:034D F2AE              REPNE   SCASB
AX=0000 BX=0BD2 CX=7FC8 DX=0000 SP=0B3A BP=0000 SI=008B DI=0039
DS=0F18 ES=0DAC SS=0F18 CS=0E06 IP=034D NV UP EI NG NZ AC PE CY
0E06:034D F2AE              REPNE   SCASB
AX=0000 BX=0BD2 CX=7FC7 DX=0000 SP=0B3A BP=0000 SI=008B DI=003A
DS=0F18 ES=0DAC SS=0F18 CS=0E06 IP=034D NV UP EI NG NZ AC PE CY
0E06:034D F2AE              REPNE   SCASB
AX=0000 BX=0BD2 CX=7FC6 DX=0000 SP=0B3A BP=0000 SI=008B DI=003B
DS=0F18 ES=0DAC SS=0F18 CS=0E06 IP=034D NV UP EI NG NZ AC PO CY
0E06:034D F2AE              REPNE   SCASB
AX=0000 BX=0BD2 CX=7FC5 DX=0000 SP=0B3A BP=0000 SI=008B DI=003C
DS=0F18 ES=0DAC SS=0F18 CS=0E06 IP=034D NV UP EI NG NZ AC PE CY
0E06:034D F2AE              REPNE   SCASB
AX=0000 BX=0BD2 CX=7FC4 DX=0000 SP=0B3A BP=0000 SI=008B DI=003D
DS=0F18 ES=0DAC SS=0F18 CS=0E06 IP=034D NV UP EI NG NZ AC PO CY
0E06:034D F2AE              REPNE   SCASB
AX=0000 BX=0BD2 CX=7FC3 DX=0000 SP=0B3A BP=0000 SI=008B DI=003E
DS=0F18 ES=0DAC SS=0F18 CS=0E06 IP=034D NV UP EI NG NZ AC PE CY
0E06:034D F2AE              REPNE   SCASB
AX=0000 BX=0BD2 CX=7FC2 DX=0000 SP=0B3A BP=0000 SI=008B DI=003F
DS=0F18 ES=0DAC SS=0F18 CS=0E06 IP=034D NV UP EI NG NZ AC PO CY
0E06:034D F2AE              REPNE   SCASB
AX=0000 BX=0BD2 CX=7FC1 DX=0000 SP=0B3A BP=0000 SI=008B DI=0040
DS=0F18 ES=0DAC SS=0F18 CS=0E06 IP=034D NV UP EI NG NZ AC PE CY
0E06:034D F2AE              REPNE   SCASB
AX=0000 BX=0BD2 CX=7FC0 DX=0000 SP=0B3A BP=0000 SI=008B DI=0041
DS=0F18 ES=0DAC SS=0F18 CS=0E06 IP=034D NV UP EI NG NZ AC PE CY
0E06:034D F2AE              REPNE   SCASB
AX=0000 BX=0BD2 CX=7FBF DX=0000 SP=0B3A BP=0000 SI=008B DI=0042
DS=0F18 ES=0DAC SS=0F18 CS=0E06 IP=034D NV UP EI NG NZ AC PE CY
0E06:034D F2AE              REPNE   SCASB
AX=0000 BX=0BD2 CX=7FBE DX=0000 SP=0B3A BP=0000 SI=008B DI=0043
DS=0F18 ES=0DAC SS=0F18 CS=0E06 IP=034D NV UP EI NG NZ AC PO CY
0E06:034D F2AE              REPNE   SCASB
AX=0000 BX=0BD2 CX=7FBD DX=0000 SP=0B3A BP=0000 SI=008B DI=0044
DS=0F18 ES=0DAC SS=0F18 CS=0E06 IP=034D NV UP EI NG NZ AC PO CY
0E06:034D F2AE              REPNE   SCASB
AX=0000 BX=0BD2 CX=7FBC DX=0000 SP=0B3A BP=0000 SI=008B DI=0045
DS=0F18 ES=0DAC SS=0F18 CS=0E06 IP=034D NV UP EI NG NZ AC PE CY
0E06:034D F2AE              REPNE   SCASB
AX=0000 BX=0BD2 CX=7FBB DX=0000 SP=0B3A BP=0000 SI=008B DI=0046
DS=0F18 ES=0DAC SS=0F18 CS=0E06 IP=034D NV UP EI NG NZ AC PE CY
0E06:034D F2AE              REPNE   SCASB
AX=0000 BX=0BD2 CX=7FBA DX=0000 SP=0B3A BP=0000 SI=008B DI=0047
DS=0F18 ES=0DAC SS=0F18 CS=0E06 IP=034D NV UP EI NG NZ AC PO CY
0E06:034D F2AE              REPNE   SCASB
AX=0000 BX=0BD2 CX=7FB9 DX=0000 SP=0B3A BP=0000 SI=008B DI=0048
DS=0F18 ES=0DAC SS=0F18 CS=0E06 IP=034D NV UP EI NG NZ AC PO CY
0E06:034D F2AE              REPNE   SCASB
AX=0000 BX=0BD2 CX=7FB8 DX=0000 SP=0B3A BP=0000 SI=008B DI=0049
DS=0F18 ES=0DAC SS=0F18 CS=0E06 IP=034D NV UP EI NG NZ AC PE CY
0E06:034D F2AE              REPNE   SCASB
AX=0000 BX=0BD2 CX=7FB7 DX=0000 SP=0B3A BP=0000 SI=008B DI=004A
DS=0F18 ES=0DAC SS=0F18 CS=0E06 IP=034D NV UP EI NG NZ AC PE CY
0E06:034D F2AE              REPNE   SCASB
AX=0000 BX=0BD2 CX=7FB6 DX=0000 SP=0B3A BP=0000 SI=008B DI=004B
DS=0F18 ES=0DAC SS=0F18 CS=0E06 IP=034D NV UP EI NG NZ AC PE CY
0E06:034D F2AE              REPNE   SCASB
AX=0000 BX=0BD2 CX=7FB5 DX=0000 SP=0B3A BP=0000 SI=008B DI=004C
DS=0F18 ES=0DAC SS=0F18 CS=0E06 IP=034D NV UP EI NG NZ AC PO CY
0E06:034D F2AE              REPNE   SCASB
AX=0000 BX=0BD2 CX=7FB4 DX=0000 SP=0B3A BP=0000 SI=008B DI=004D
DS=0F18 ES=0DAC SS=0F18 CS=0E06 IP=034D NV UP EI NG NZ AC PE CY
0E06:034D F2AE              REPNE   SCASB
AX=0000 BX=0BD2 CX=7FB3 DX=0000 SP=0B3A BP=0000 SI=008B DI=004E
DS=0F18 ES=0DAC SS=0F18 CS=0E06 IP=034D NV UP EI NG NZ AC PE CY
0E06:034D F2AE              REPNE   SCASB
AX=0000 BX=0BD2 CX=7FB2 DX=0000 SP=0B3A BP=0000 SI=008B DI=004F
DS=0F18 ES=0DAC SS=0F18 CS=0E06 IP=034D NV UP EI NG NZ AC PO CY
0E06:034D F2AE              REPNE   SCASB
AX=0000 BX=0BD2 CX=7FB1 DX=0000 SP=0B3A BP=0000 SI=008B DI=0050
DS=0F18 ES=0DAC SS=0F18 CS=0E06 IP=034D NV UP EI NG NZ AC PE CY
0E06:034D F2AE              REPNE   SCASB
AX=0000 BX=0BD2 CX=7FB0 DX=0000 SP=0B3A BP=0000 SI=008B DI=0051
DS=0F18 ES=0DAC SS=0F18 CS=0E06 IP=034D NV UP EI NG NZ AC PO CY
0E06:034D F2AE              REPNE   SCASB
AX=0000 BX=0BD2 CX=7FAF DX=0000 SP=0B3A BP=0000 SI=008B DI=0052
DS=0F18 ES=0DAC SS=0F18 CS=0E06 IP=034D NV UP EI NG NZ AC PE CY
0E06:034D F2AE              REPNE   SCASB
AX=0000 BX=0BD2 CX=7FAE DX=0000 SP=0B3A BP=0000 SI=008B DI=0053
DS=0F18 ES=0DAC SS=0F18 CS=0E06 IP=034D NV UP EI NG NZ AC PE CY
0E06:034D F2AE              REPNE   SCASB
AX=0000 BX=0BD2 CX=7FAD DX=0000 SP=0B3A BP=0000 SI=008B DI=0054
DS=0F18 ES=0DAC SS=0F18 CS=0E06 IP=034D NV UP EI NG NZ AC PE CY
0E06:034D F2AE              REPNE   SCASB
AX=0000 BX=0BD2 CX=7FAC DX=0000 SP=0B3A BP=0000 SI=008B DI=0055
DS=0F18 ES=0DAC SS=0F18 CS=0E06 IP=034D NV UP EI NG NZ AC PE CY
0E06:034D F2AE              REPNE   SCASB
AX=0000 BX=0BD2 CX=7FAB DX=0000 SP=0B3A BP=0000 SI=008B DI=0056
DS=0F18 ES=0DAC SS=0F18 CS=0E06 IP=034D NV UP EI NG NZ AC PE CY
0E06:034D F2AE              REPNE   SCASB
AX=0000 BX=0BD2 CX=7FAA DX=0000 SP=0B3A BP=0000 SI=008B DI=0057
DS=0F18 ES=0DAC SS=0F18 CS=0E06 IP=034D NV UP EI NG NZ AC PE CY
0E06:034D F2AE              REPNE   SCASB
AX=0000 BX=0BD2 CX=7FA9 DX=0000 SP=0B3A BP=0000 SI=008B DI=0058
DS=0F18 ES=0DAC SS=0F18 CS=0E06 IP=034D NV UP EI NG NZ AC PO CY
0E06:034D F2AE              REPNE   SCASB
AX=0000 BX=0BD2 CX=7FA8 DX=0000 SP=0B3A BP=0000 SI=008B DI=0059
DS=0F18 ES=0DAC SS=0F18 CS=0E06 IP=034D NV UP EI NG NZ AC PO CY
0E06:034D F2AE              REPNE   SCASB
AX=0000 BX=0BD2 CX=7FA7 DX=0000 SP=0B3A BP=0000 SI=008B DI=005A
DS=0F18 ES=0DAC SS=0F18 CS=0E06 IP=034D NV UP EI NG NZ AC PO CY
0E06:034D F2AE              REPNE   SCASB
AX=0000 BX=0BD2 CX=7FA6 DX=0000 SP=0B3A BP=0000 SI=008B DI=005B
DS=0F18 ES=0DAC SS=0F18 CS=0E06 IP=034D NV UP EI NG NZ AC PE CY
0E06:034D F2AE              REPNE   SCASB
AX=0000 BX=0BD2 CX=7FA5 DX=0000 SP=0B3A BP=0000 SI=008B DI=005C
DS=0F18 ES=0DAC SS=0F18 CS=0E06 IP=034D NV UP EI NG NZ AC PE CY
0E06:034D F2AE              REPNE   SCASB
AX=0000 BX=0BD2 CX=7FA4 DX=0000 SP=0B3A BP=0000 SI=008B DI=005D
DS=0F18 ES=0DAC SS=0F18 CS=0E06 IP=034D NV UP EI NG NZ AC PO CY
0E06:034D F2AE              REPNE   SCASB
AX=0000 BX=0BD2 CX=7FA3 DX=0000 SP=0B3A BP=0000 SI=008B DI=005E
DS=0F18 ES=0DAC SS=0F18 CS=0E06 IP=034D NV UP EI NG NZ AC PE CY
0E06:034D F2AE              REPNE   SCASB
AX=0000 BX=0BD2 CX=7FA2 DX=0000 SP=0B3A BP=0000 SI=008B DI=005F
DS=0F18 ES=0DAC SS=0F18 CS=0E06 IP=034D NV UP EI NG NZ AC PE CY
0E06:034D F2AE              REPNE   SCASB
AX=0000 BX=0BD2 CX=7FA1 DX=0000 SP=0B3A BP=0000 SI=008B DI=0060
DS=0F18 ES=0DAC SS=0F18 CS=0E06 IP=034D NV UP EI NG NZ AC PE CY
0E06:034D F2AE              REPNE   SCASB
AX=0000 BX=0BD2 CX=7FA0 DX=0000 SP=0B3A BP=0000 SI=008B DI=0061
DS=0F18 ES=0DAC SS=0F18 CS=0E06 IP=034F NV UP EI PL ZR NA PE NC
0E06:034F AE                SCASB
AX=0000 BX=0BD2 CX=7FA0 DX=0000 SP=0B3A BP=0000 SI=008B DI=0062
DS=0F18 ES=0DAC SS=0F18 CS=0E06 IP=0350 NV UP EI NG NZ NA PO CY
0E06:0350 75FB              JNZ     034D
AX=0000 BX=0BD2 CX=7FA0 DX=0000 SP=0B3A BP=0000 SI=008B DI=0062
DS=0F18 ES=0DAC SS=0F18 CS=0E06 IP=034D NV UP EI NG NZ NA PO CY
0E06:034D F2AE              REPNE   SCASB
AX=0000 BX=0BD2 CX=7F9F DX=0000 SP=0B3A BP=0000 SI=008B DI=0063
DS=0F18 ES=0DAC SS=0F18 CS=0E06 IP=034D NV UP EI NG NZ AC PO CY
0E06:034D F2AE              REPNE   SCASB
AX=0000 BX=0BD2 CX=7F9E DX=0000 SP=0B3A BP=0000 SI=008B DI=0064
DS=0F18 ES=0DAC SS=0F18 CS=0E06 IP=034D NV UP EI NG NZ AC PE CY
0E06:034D F2AE              REPNE   SCASB
AX=0000 BX=0BD2 CX=7F9D DX=0000 SP=0B3A BP=0000 SI=008B DI=0065
DS=0F18 ES=0DAC SS=0F18 CS=0E06 IP=034D NV UP EI NG NZ AC PO CY
0E06:034D F2AE              REPNE   SCASB
AX=0000 BX=0BD2 CX=7F9C DX=0000 SP=0B3A BP=0000 SI=008B DI=0066
DS=0F18 ES=0DAC SS=0F18 CS=0E06 IP=034D NV UP EI NG NZ NA PO CY
0E06:034D F2AE              REPNE   SCASB
AX=0000 BX=0BD2 CX=7F9B DX=0000 SP=0B3A BP=0000 SI=008B DI=0067
DS=0F18 ES=0DAC SS=0F18 CS=0E06 IP=034D NV UP EI NG NZ AC PE CY
0E06:034D F2AE              REPNE   SCASB
AX=0000 BX=0BD2 CX=7F9A DX=0000 SP=0B3A BP=0000 SI=008B DI=0068
DS=0F18 ES=0DAC SS=0F18 CS=0E06 IP=034D NV UP EI NG NZ AC PE CY
0E06:034D F2AE              REPNE   SCASB
AX=0000 BX=0BD2 CX=7F99 DX=0000 SP=0B3A BP=0000 SI=008B DI=0069
DS=0F18 ES=0DAC SS=0F18 CS=0E06 IP=034D NV UP EI NG NZ AC PO CY
0E06:034D F2AE              REPNE   SCASB
AX=0000 BX=0BD2 CX=7F98 DX=0000 SP=0B3A BP=0000 SI=008B DI=006A
DS=0F18 ES=0DAC SS=0F18 CS=0E06 IP=034D NV UP EI NG NZ NA PO CY
0E06:034D F2AE              REPNE   SCASB
AX=0000 BX=0BD2 CX=7F97 DX=0000 SP=0B3A BP=0000 SI=008B DI=006B
DS=0F18 ES=0DAC SS=0F18 CS=0E06 IP=034D NV UP EI NG NZ AC PO CY
0E06:034D F2AE              REPNE   SCASB
AX=0000 BX=0BD2 CX=7F96 DX=0000 SP=0B3A BP=0000 SI=008B DI=006C
DS=0F18 ES=0DAC SS=0F18 CS=0E06 IP=034D NV UP EI NG NZ AC PO CY
0E06:034D F2AE              REPNE   SCASB
AX=0000 BX=0BD2 CX=7F95 DX=0000 SP=0B3A BP=0000 SI=008B DI=006D
DS=0F18 ES=0DAC SS=0F18 CS=0E06 IP=034F NV UP EI PL ZR NA PE NC
0E06:034F AE                SCASB
AX=0000 BX=0BD2 CX=7F95 DX=0000 SP=0B3A BP=0000 SI=008B DI=006E
DS=0F18 ES=0DAC SS=0F18 CS=0E06 IP=0350 NV UP EI NG NZ AC PE CY
0E06:0350 75FB              JNZ     034D
AX=0000 BX=0BD2 CX=7F95 DX=0000 SP=0B3A BP=0000 SI=008B DI=006E
DS=0F18 ES=0DAC SS=0F18 CS=0E06 IP=034D NV UP EI NG NZ AC PE CY
0E06:034D F2AE              REPNE   SCASB
AX=0000 BX=0BD2 CX=7F94 DX=0000 SP=0B3A BP=0000 SI=008B DI=006F
DS=0F18 ES=0DAC SS=0F18 CS=0E06 IP=034D NV UP EI NG NZ AC PE CY
0E06:034D F2AE              REPNE   SCASB
AX=0000 BX=0BD2 CX=7F93 DX=0000 SP=0B3A BP=0000 SI=008B DI=0070
DS=0F18 ES=0DAC SS=0F18 CS=0E06 IP=034D NV UP EI NG NZ AC PO CY
0E06:034D F2AE              REPNE   SCASB
AX=0000 BX=0BD2 CX=7F92 DX=0000 SP=0B3A BP=0000 SI=008B DI=0071
DS=0F18 ES=0DAC SS=0F18 CS=0E06 IP=034D NV UP EI NG NZ AC PO CY
0E06:034D F2AE              REPNE   SCASB
AX=0000 BX=0BD2 CX=7F91 DX=0000 SP=0B3A BP=0000 SI=008B DI=0072
DS=0F18 ES=0DAC SS=0F18 CS=0E06 IP=034D NV UP EI NG NZ AC PE CY
0E06:034D F2AE              REPNE   SCASB
AX=0000 BX=0BD2 CX=7F90 DX=0000 SP=0B3A BP=0000 SI=008B DI=0073
DS=0F18 ES=0DAC SS=0F18 CS=0E06 IP=034D NV UP EI NG NZ AC PE CY
0E06:034D F2AE              REPNE   SCASB
AX=0000 BX=0BD2 CX=7F8F DX=0000 SP=0B3A BP=0000 SI=008B DI=0074
DS=0F18 ES=0DAC SS=0F18 CS=0E06 IP=034D NV UP EI NG NZ AC PO CY
0E06:034D F2AE              REPNE   SCASB
AX=0000 BX=0BD2 CX=7F8E DX=0000 SP=0B3A BP=0000 SI=008B DI=0075
DS=0F18 ES=0DAC SS=0F18 CS=0E06 IP=034D NV UP EI NG NZ AC PE CY
0E06:034D F2AE              REPNE   SCASB
AX=0000 BX=0BD2 CX=7F8D DX=0000 SP=0B3A BP=0000 SI=008B DI=0076
DS=0F18 ES=0DAC SS=0F18 CS=0E06 IP=034D NV UP EI NG NZ AC PO CY
0E06:034D F2AE              REPNE   SCASB
AX=0000 BX=0BD2 CX=7F8C DX=0000 SP=0B3A BP=0000 SI=008B DI=0077
DS=0F18 ES=0DAC SS=0F18 CS=0E06 IP=034D NV UP EI NG NZ AC PO CY
0E06:034D F2AE              REPNE   SCASB
AX=0000 BX=0BD2 CX=7F8B DX=0000 SP=0B3A BP=0000 SI=008B DI=0078
DS=0F18 ES=0DAC SS=0F18 CS=0E06 IP=034D NV UP EI NG NZ AC PO CY
0E06:034D F2AE              REPNE   SCASB
AX=0000 BX=0BD2 CX=7F8A DX=0000 SP=0B3A BP=0000 SI=008B DI=0079
DS=0F18 ES=0DAC SS=0F18 CS=0E06 IP=034D NV UP EI NG NZ NA PO CY
0E06:034D F2AE              REPNE   SCASB
AX=0000 BX=0BD2 CX=7F89 DX=0000 SP=0B3A BP=0000 SI=008B DI=007A
DS=0F18 ES=0DAC SS=0F18 CS=0E06 IP=034D NV UP EI NG NZ NA PO CY
0E06:034D F2AE              REPNE   SCASB
AX=0000 BX=0BD2 CX=7F88 DX=0000 SP=0B3A BP=0000 SI=008B DI=007B
DS=0F18 ES=0DAC SS=0F18 CS=0E06 IP=034D NV UP EI NG NZ AC PE CY
0E06:034D F2AE              REPNE   SCASB
AX=0000 BX=0BD2 CX=7F87 DX=0000 SP=0B3A BP=0000 SI=008B DI=007C
DS=0F18 ES=0DAC SS=0F18 CS=0E06 IP=034D NV UP EI NG NZ AC PE CY
0E06:034D F2AE              REPNE   SCASB
AX=0000 BX=0BD2 CX=7F86 DX=0000 SP=0B3A BP=0000 SI=008B DI=007D
DS=0F18 ES=0DAC SS=0F18 CS=0E06 IP=034D NV UP EI NG NZ NA PO CY
0E06:034D F2AE              REPNE   SCASB
AX=0000 BX=0BD2 CX=7F85 DX=0000 SP=0B3A BP=0000 SI=008B DI=007E
DS=0F18 ES=0DAC SS=0F18 CS=0E06 IP=034D NV UP EI NG NZ AC PO CY
0E06:034D F2AE              REPNE   SCASB
AX=0000 BX=0BD2 CX=7F84 DX=0000 SP=0B3A BP=0000 SI=008B DI=007F
DS=0F18 ES=0DAC SS=0F18 CS=0E06 IP=034D NV UP EI NG NZ AC PE CY
0E06:034D F2AE              REPNE   SCASB
AX=0000 BX=0BD2 CX=7F83 DX=0000 SP=0B3A BP=0000 SI=008B DI=0080
DS=0F18 ES=0DAC SS=0F18 CS=0E06 IP=034D NV UP EI NG NZ NA PO CY
0E06:034D F2AE              REPNE   SCASB
AX=0000 BX=0BD2 CX=7F82 DX=0000 SP=0B3A BP=0000 SI=008B DI=0081
DS=0F18 ES=0DAC SS=0F18 CS=0E06 IP=034D NV UP EI NG NZ AC PE CY
0E06:034D F2AE              REPNE   SCASB
AX=0000 BX=0BD2 CX=7F81 DX=0000 SP=0B3A BP=0000 SI=008B DI=0082
DS=0F18 ES=0DAC SS=0F18 CS=0E06 IP=034D NV UP EI NG NZ AC PO CY
0E06:034D F2AE              REPNE   SCASB
AX=0000 BX=0BD2 CX=7F80 DX=0000 SP=0B3A BP=0000 SI=008B DI=0083
DS=0F18 ES=0DAC SS=0F18 CS=0E06 IP=034D NV UP EI NG NZ NA PO CY
0E06:034D F2AE              REPNE   SCASB
AX=0000 BX=0BD2 CX=7F7F DX=0000 SP=0B3A BP=0000 SI=008B DI=0084
DS=0F18 ES=0DAC SS=0F18 CS=0E06 IP=034D NV UP EI NG NZ NA PO CY
0E06:034D F2AE              REPNE   SCASB
AX=0000 BX=0BD2 CX=7F7E DX=0000 SP=0B3A BP=0000 SI=008B DI=0085
DS=0F18 ES=0DAC SS=0F18 CS=0E06 IP=034D NV UP EI NG NZ AC PO CY
0E06:034D F2AE              REPNE   SCASB
AX=0000 BX=0BD2 CX=7F7D DX=0000 SP=0B3A BP=0000 SI=008B DI=0086
DS=0F18 ES=0DAC SS=0F18 CS=0E06 IP=034D NV UP EI NG NZ AC PO CY
0E06:034D F2AE              REPNE   SCASB
AX=0000 BX=0BD2 CX=7F7C DX=0000 SP=0B3A BP=0000 SI=008B DI=0087
DS=0F18 ES=0DAC SS=0F18 CS=0E06 IP=034D NV UP EI NG NZ NA PO CY
0E06:034D F2AE              REPNE   SCASB
AX=0000 BX=0BD2 CX=7F7B DX=0000 SP=0B3A BP=0000 SI=008B DI=0088
DS=0F18 ES=0DAC SS=0F18 CS=0E06 IP=034D NV UP EI NG NZ NA PO CY
0E06:034D F2AE              REPNE   SCASB
AX=0000 BX=0BD2 CX=7F7A DX=0000 SP=0B3A BP=0000 SI=008B DI=0089
DS=0F18 ES=0DAC SS=0F18 CS=0E06 IP=034D NV UP EI NG NZ AC PE CY
0E06:034D F2AE              REPNE   SCASB
AX=0000 BX=0BD2 CX=7F79 DX=0000 SP=0B3A BP=0000 SI=008B DI=008A
DS=0F18 ES=0DAC SS=0F18 CS=0E06 IP=034D NV UP EI NG NZ AC PE CY
0E06:034D F2AE              REPNE   SCASB
AX=0000 BX=0BD2 CX=7F78 DX=0000 SP=0B3A BP=0000 SI=008B DI=008B
DS=0F18 ES=0DAC SS=0F18 CS=0E06 IP=034F NV UP EI PL ZR NA PE NC
0E06:034F AE                SCASB
AX=0000 BX=0BD2 CX=7F78 DX=0000 SP=0B3A BP=0000 SI=008B DI=008C
DS=0F18 ES=0DAC SS=0F18 CS=0E06 IP=0350 NV UP EI PL ZR NA PE NC
0E06:0350 75FB              JNZ     034D
AX=0000 BX=0BD2 CX=7F78 DX=0000 SP=0B3A BP=0000 SI=008B DI=008C
DS=0F18 ES=0DAC SS=0F18 CS=0E06 IP=0352 NV UP EI PL ZR NA PE NC
0E06:0352 47                INC     DI
AX=0000 BX=0BD2 CX=7F78 DX=0000 SP=0B3A BP=0000 SI=008B DI=008D
DS=0F18 ES=0DAC SS=0F18 CS=0E06 IP=0353 NV UP EI PL NZ NA PE NC
0E06:0353 47                INC     DI
AX=0000 BX=0BD2 CX=7F78 DX=0000 SP=0B3A BP=0000 SI=008B DI=008E
DS=0F18 ES=0DAC SS=0F18 CS=0E06 IP=0354 NV UP EI PL NZ NA PE NC
0E06:0354 893EB800          MOV     [00B8],DI                      DS:00B8=00BC
AX=0000 BX=0BD2 CX=7F78 DX=0000 SP=0B3A BP=0000 SI=008B DI=008E
DS=0F18 ES=0DAC SS=0F18 CS=0E06 IP=0358 NV UP EI PL NZ NA PE NC
0E06:0358 B9FFFF            MOV     CX,FFFF
AX=0000 BX=0BD2 CX=FFFF DX=0000 SP=0B3A BP=0000 SI=008B DI=008E
DS=0F18 ES=0DAC SS=0F18 CS=0E06 IP=035B NV UP EI PL NZ NA PE NC
0E06:035B F2AE              REPNE   SCASB
AX=0000 BX=0BD2 CX=FFFE DX=0000 SP=0B3A BP=0000 SI=008B DI=008F
DS=0F18 ES=0DAC SS=0F18 CS=0E06 IP=035B NV UP EI NG NZ AC PO CY
0E06:035B F2AE              REPNE   SCASB
AX=0000 BX=0BD2 CX=FFFD DX=0000 SP=0B3A BP=0000 SI=008B DI=0090
DS=0F18 ES=0DAC SS=0F18 CS=0E06 IP=035B NV UP EI NG NZ AC PE CY
0E06:035B F2AE              REPNE   SCASB
AX=0000 BX=0BD2 CX=FFFC DX=0000 SP=0B3A BP=0000 SI=008B DI=0091
DS=0F18 ES=0DAC SS=0F18 CS=0E06 IP=035B NV UP EI NG NZ AC PO CY
0E06:035B F2AE              REPNE   SCASB
AX=0000 BX=0BD2 CX=FFFB DX=0000 SP=0B3A BP=0000 SI=008B DI=0092
DS=0F18 ES=0DAC SS=0F18 CS=0E06 IP=035B NV UP EI NG NZ AC PE CY
0E06:035B F2AE              REPNE   SCASB
AX=0000 BX=0BD2 CX=FFFA DX=0000 SP=0B3A BP=0000 SI=008B DI=0093
DS=0F18 ES=0DAC SS=0F18 CS=0E06 IP=035B NV UP EI NG NZ AC PE CY
0E06:035B F2AE              REPNE   SCASB
AX=0000 BX=0BD2 CX=FFF9 DX=0000 SP=0B3A BP=0000 SI=008B DI=0094
DS=0F18 ES=0DAC SS=0F18 CS=0E06 IP=035B NV UP EI NG NZ AC PE CY
0E06:035B F2AE              REPNE   SCASB
AX=0000 BX=0BD2 CX=FFF8 DX=0000 SP=0B3A BP=0000 SI=008B DI=0095
DS=0F18 ES=0DAC SS=0F18 CS=0E06 IP=035B NV UP EI NG NZ AC PE CY
0E06:035B F2AE              REPNE   SCASB
AX=0000 BX=0BD2 CX=FFF7 DX=0000 SP=0B3A BP=0000 SI=008B DI=0096
DS=0F18 ES=0DAC SS=0F18 CS=0E06 IP=035B NV UP EI NG NZ AC PE CY
0E06:035B F2AE              REPNE   SCASB
AX=0000 BX=0BD2 CX=FFF6 DX=0000 SP=0B3A BP=0000 SI=008B DI=0097
DS=0F18 ES=0DAC SS=0F18 CS=0E06 IP=035B NV UP EI NG NZ AC PE CY
0E06:035B F2AE              REPNE   SCASB
AX=0000 BX=0BD2 CX=FFF5 DX=0000 SP=0B3A BP=0000 SI=008B DI=0098
DS=0F18 ES=0DAC SS=0F18 CS=0E06 IP=035B NV UP EI NG NZ AC PE CY
0E06:035B F2AE              REPNE   SCASB
AX=0000 BX=0BD2 CX=FFF4 DX=0000 SP=0B3A BP=0000 SI=008B DI=0099
DS=0F18 ES=0DAC SS=0F18 CS=0E06 IP=035B NV UP EI NG NZ AC PE CY
0E06:035B F2AE              REPNE   SCASB
AX=0000 BX=0BD2 CX=FFF3 DX=0000 SP=0B3A BP=0000 SI=008B DI=009A
DS=0F18 ES=0DAC SS=0F18 CS=0E06 IP=035B NV UP EI NG NZ AC PO CY
0E06:035B F2AE              REPNE   SCASB
AX=0000 BX=0BD2 CX=FFF2 DX=0000 SP=0B3A BP=0000 SI=008B DI=009B
DS=0F18 ES=0DAC SS=0F18 CS=0E06 IP=035B NV UP EI NG NZ AC PE CY
0E06:035B F2AE              REPNE   SCASB
AX=0000 BX=0BD2 CX=FFF1 DX=0000 SP=0B3A BP=0000 SI=008B DI=009C
DS=0F18 ES=0DAC SS=0F18 CS=0E06 IP=035D NV UP EI PL ZR NA PE NC
0E06:035D F7D1              NOT     CX
AX=0000 BX=0BD2 CX=000E DX=0000 SP=0B3A BP=0000 SI=008B DI=009C
DS=0F18 ES=0DAC SS=0F18 CS=0E06 IP=035F NV UP EI PL ZR NA PE NC
0E06:035F 8BD1              MOV     DX,CX
AX=0000 BX=0BD2 CX=000E DX=000E SP=0B3A BP=0000 SI=008B DI=009C
DS=0F18 ES=0DAC SS=0F18 CS=0E06 IP=0361 NV UP EI PL ZR NA PE NC
0E06:0361 BF0100            MOV     DI,0001
AX=0000 BX=0BD2 CX=000E DX=000E SP=0B3A BP=0000 SI=008B DI=0001
DS=0F18 ES=0DAC SS=0F18 CS=0E06 IP=0364 NV UP EI PL ZR NA PE NC
0E06:0364 BE8100            MOV     SI,0081
AX=0000 BX=0BD2 CX=000E DX=000E SP=0B3A BP=0000 SI=0081 DI=0001
DS=0F18 ES=0DAC SS=0F18 CS=0E06 IP=0367 NV UP EI PL ZR NA PE NC
0E06:0367 8E1E9200          MOV     DS,WORD PTR [0092]             DS:0092=0DF6
AX=0000 BX=0BD2 CX=000E DX=000E SP=0B3A BP=0000 SI=0081 DI=0001
DS=0DF6 ES=0DAC SS=0F18 CS=0E06 IP=036B NV UP EI PL ZR NA PE NC
0E06:036B AC                LODSB
AX=000D BX=0BD2 CX=000E DX=000E SP=0B3A BP=0000 SI=0082 DI=0001
DS=0DF6 ES=0DAC SS=0F18 CS=0E06 IP=036C NV UP EI PL ZR NA PE NC
0E06:036C 3C20              CMP     AL,20
AX=000D BX=0BD2 CX=000E DX=000E SP=0B3A BP=0000 SI=0082 DI=0001
DS=0DF6 ES=0DAC SS=0F18 CS=0E06 IP=036E NV UP EI NG NZ NA PE CY
0E06:036E 74FB              JZ      036B
AX=000D BX=0BD2 CX=000E DX=000E SP=0B3A BP=0000 SI=0082 DI=0001
DS=0DF6 ES=0DAC SS=0F18 CS=0E06 IP=0370 NV UP EI NG NZ NA PE CY
0E06:0370 3C09              CMP     AL,09
AX=000D BX=0BD2 CX=000E DX=000E SP=0B3A BP=0000 SI=0082 DI=0001
DS=0DF6 ES=0DAC SS=0F18 CS=0E06 IP=0372 NV UP EI PL NZ NA PO NC
0E06:0372 74F7              JZ      036B
AX=000D BX=0BD2 CX=000E DX=000E SP=0B3A BP=0000 SI=0082 DI=0001
DS=0DF6 ES=0DAC SS=0F18 CS=0E06 IP=0374 NV UP EI PL NZ NA PO NC
0E06:0374 3C0D              CMP     AL,0D
AX=000D BX=0BD2 CX=000E DX=000E SP=0B3A BP=0000 SI=0082 DI=0001
DS=0DF6 ES=0DAC SS=0F18 CS=0E06 IP=0376 NV UP EI PL ZR NA PE NC
0E06:0376 746F              JZ      03E7
AX=000D BX=0BD2 CX=000E DX=000E SP=0B3A BP=0000 SI=0082 DI=0001
DS=0DF6 ES=0DAC SS=0F18 CS=0E06 IP=03E7 NV UP EI PL ZR NA PE NC
0E06:03E7 16                PUSH    SS
AX=000D BX=0BD2 CX=000E DX=000E SP=0B38 BP=0000 SI=0082 DI=0001
DS=0DF6 ES=0DAC SS=0F18 CS=0E06 IP=03E8 NV UP EI PL ZR NA PE NC
0E06:03E8 1F                POP     DS
AX=000D BX=0BD2 CX=000E DX=000E SP=0B3A BP=0000 SI=0082 DI=0001
DS=0F18 ES=0DAC SS=0F18 CS=0E06 IP=03E9 NV UP EI PL ZR NA PE NC
0E06:03E9 893EB200          MOV     [00B2],DI                      DS:00B2=0000
AX=000D BX=0BD2 CX=000E DX=000E SP=0B3A BP=0000 SI=0082 DI=0001
DS=0F18 ES=0DAC SS=0F18 CS=0E06 IP=03ED NV UP EI PL ZR NA PE NC
0E06:03ED 03D7              ADD     DX,DI
AX=000D BX=0BD2 CX=000E DX=000F SP=0B3A BP=0000 SI=0082 DI=0001
DS=0F18 ES=0DAC SS=0F18 CS=0E06 IP=03EF NV UP EI PL NZ NA PE NC
0E06:03EF 47                INC     DI
AX=000D BX=0BD2 CX=000E DX=000F SP=0B3A BP=0000 SI=0082 DI=0002
DS=0F18 ES=0DAC SS=0F18 CS=0E06 IP=03F0 NV UP EI PL NZ NA PO NC
0E06:03F0 D1E7              SHL     DI,1
AX=000D BX=0BD2 CX=000E DX=000F SP=0B3A BP=0000 SI=0082 DI=0004
DS=0F18 ES=0DAC SS=0F18 CS=0E06 IP=03F2 NV UP EI PL NZ AC PO NC
0E06:03F2 03D7              ADD     DX,DI
AX=000D BX=0BD2 CX=000E DX=0013 SP=0B3A BP=0000 SI=0082 DI=0004
DS=0F18 ES=0DAC SS=0F18 CS=0E06 IP=03F4 NV UP EI PL NZ AC PO NC
0E06:03F4 42                INC     DX
AX=000D BX=0BD2 CX=000E DX=0014 SP=0B3A BP=0000 SI=0082 DI=0004
DS=0F18 ES=0DAC SS=0F18 CS=0E06 IP=03F5 NV UP EI PL NZ NA PE NC
0E06:03F5 80E2FE            AND     DL,FE
AX=000D BX=0BD2 CX=000E DX=0014 SP=0B3A BP=0000 SI=0082 DI=0004
DS=0F18 ES=0DAC SS=0F18 CS=0E06 IP=03F8 NV UP EI PL NZ NA PE NC
0E06:03F8 2BE2              SUB     SP,DX
AX=000D BX=0BD2 CX=000E DX=0014 SP=0B26 BP=0000 SI=0082 DI=0004
DS=0F18 ES=0DAC SS=0F18 CS=0E06 IP=03FA NV UP EI PL NZ NA PO NC
0E06:03FA 8BC4              MOV     AX,SP
AX=0B26 BX=0BD2 CX=000E DX=0014 SP=0B26 BP=0000 SI=0082 DI=0004
DS=0F18 ES=0DAC SS=0F18 CS=0E06 IP=03FC NV UP EI PL NZ NA PO NC
0E06:03FC A3B400            MOV     [00B4],AX                      DS:00B4=0000
AX=0B26 BX=0BD2 CX=000E DX=0014 SP=0B26 BP=0000 SI=0082 DI=0004
DS=0F18 ES=0DAC SS=0F18 CS=0E06 IP=03FF NV UP EI PL NZ NA PO NC
0E06:03FF 8BD8              MOV     BX,AX
AX=0B26 BX=0B26 CX=000E DX=0014 SP=0B26 BP=0000 SI=0082 DI=0004
DS=0F18 ES=0DAC SS=0F18 CS=0E06 IP=0401 NV UP EI PL NZ NA PO NC
0E06:0401 03FB              ADD     DI,BX
AX=0B26 BX=0B26 CX=000E DX=0014 SP=0B26 BP=0000 SI=0082 DI=0B2A
DS=0F18 ES=0DAC SS=0F18 CS=0E06 IP=0403 NV UP EI PL NZ NA PO NC
0E06:0403 16                PUSH    SS
AX=0B26 BX=0B26 CX=000E DX=0014 SP=0B24 BP=0000 SI=0082 DI=0B2A
DS=0F18 ES=0DAC SS=0F18 CS=0E06 IP=0404 NV UP EI PL NZ NA PO NC
0E06:0404 07                POP     ES
AX=0B26 BX=0B26 CX=000E DX=0014 SP=0B26 BP=0000 SI=0082 DI=0B2A
DS=0F18 ES=0F18 SS=0F18 CS=0E06 IP=0405 NV UP EI PL NZ NA PO NC
0E06:0405 36893F            MOV     SS:[BX],DI                     SS:0B26=0501
AX=0B26 BX=0B26 CX=000E DX=0014 SP=0B26 BP=0000 SI=0082 DI=0B2A
DS=0F18 ES=0F18 SS=0F18 CS=0E06 IP=0408 NV UP EI PL NZ NA PO NC
0E06:0408 43                INC     BX
AX=0B26 BX=0B27 CX=000E DX=0014 SP=0B26 BP=0000 SI=0082 DI=0B2A
DS=0F18 ES=0F18 SS=0F18 CS=0E06 IP=0409 NV UP EI PL NZ NA PE NC
0E06:0409 43                INC     BX
AX=0B26 BX=0B28 CX=000E DX=0014 SP=0B26 BP=0000 SI=0082 DI=0B2A
DS=0F18 ES=0F18 SS=0F18 CS=0E06 IP=040A NV UP EI PL NZ NA PE NC
0E06:040A C536B800          LDS     SI,[00B8]                      DS:00B8=008E
AX=0B26 BX=0B28 CX=000E DX=0014 SP=0B26 BP=0000 SI=008E DI=0B2A
DS=0DAC ES=0F18 SS=0F18 CS=0E06 IP=040E NV UP EI PL NZ NA PE NC
0E06:040E AC                LODSB
AX=0B44 BX=0B28 CX=000E DX=0014 SP=0B26 BP=0000 SI=008F DI=0B2A
DS=0DAC ES=0F18 SS=0F18 CS=0E06 IP=040F NV UP EI PL NZ NA PE NC
0E06:040F AA                STOSB
AX=0B44 BX=0B28 CX=000E DX=0014 SP=0B26 BP=0000 SI=008F DI=0B2B
DS=0DAC ES=0F18 SS=0F18 CS=0E06 IP=0410 NV UP EI PL NZ NA PE NC
0E06:0410 0AC0              OR      AL,AL
AX=0B44 BX=0B28 CX=000E DX=0014 SP=0B26 BP=0000 SI=008F DI=0B2B
DS=0DAC ES=0F18 SS=0F18 CS=0E06 IP=0412 NV UP EI PL NZ NA PE NC
0E06:0412 75FA              JNZ     040E
AX=0B44 BX=0B28 CX=000E DX=0014 SP=0B26 BP=0000 SI=008F DI=0B2B
DS=0DAC ES=0F18 SS=0F18 CS=0E06 IP=040E NV UP EI PL NZ NA PE NC
0E06:040E AC                LODSB
AX=0B3A BX=0B28 CX=000E DX=0014 SP=0B26 BP=0000 SI=0090 DI=0B2B
DS=0DAC ES=0F18 SS=0F18 CS=0E06 IP=040F NV UP EI PL NZ NA PE NC
0E06:040F AA                STOSB
AX=0B3A BX=0B28 CX=000E DX=0014 SP=0B26 BP=0000 SI=0090 DI=0B2C
DS=0DAC ES=0F18 SS=0F18 CS=0E06 IP=0410 NV UP EI PL NZ NA PE NC
0E06:0410 0AC0              OR      AL,AL
AX=0B3A BX=0B28 CX=000E DX=0014 SP=0B26 BP=0000 SI=0090 DI=0B2C
DS=0DAC ES=0F18 SS=0F18 CS=0E06 IP=0412 NV UP EI PL NZ NA PE NC
0E06:0412 75FA              JNZ     040E
AX=0B3A BX=0B28 CX=000E DX=0014 SP=0B26 BP=0000 SI=0090 DI=0B2C
DS=0DAC ES=0F18 SS=0F18 CS=0E06 IP=040E NV UP EI PL NZ NA PE NC
0E06:040E AC                LODSB
AX=0B5C BX=0B28 CX=000E DX=0014 SP=0B26 BP=0000 SI=0091 DI=0B2C
DS=0DAC ES=0F18 SS=0F18 CS=0E06 IP=040F NV UP EI PL NZ NA PE NC
0E06:040F AA                STOSB
AX=0B5C BX=0B28 CX=000E DX=0014 SP=0B26 BP=0000 SI=0091 DI=0B2D
DS=0DAC ES=0F18 SS=0F18 CS=0E06 IP=0410 NV UP EI PL NZ NA PE NC
0E06:0410 0AC0              OR      AL,AL
AX=0B5C BX=0B28 CX=000E DX=0014 SP=0B26 BP=0000 SI=0091 DI=0B2D
DS=0DAC ES=0F18 SS=0F18 CS=0E06 IP=0412 NV UP EI PL NZ NA PE NC
0E06:0412 75FA              JNZ     040E
AX=0B5C BX=0B28 CX=000E DX=0014 SP=0B26 BP=0000 SI=0091 DI=0B2D
DS=0DAC ES=0F18 SS=0F18 CS=0E06 IP=040E NV UP EI PL NZ NA PE NC
0E06:040E AC                LODSB
AX=0B48 BX=0B28 CX=000E DX=0014 SP=0B26 BP=0000 SI=0092 DI=0B2D
DS=0DAC ES=0F18 SS=0F18 CS=0E06 IP=040F NV UP EI PL NZ NA PE NC
0E06:040F AA                STOSB
AX=0B48 BX=0B28 CX=000E DX=0014 SP=0B26 BP=0000 SI=0092 DI=0B2E
DS=0DAC ES=0F18 SS=0F18 CS=0E06 IP=0410 NV UP EI PL NZ NA PE NC
0E06:0410 0AC0              OR      AL,AL
AX=0B48 BX=0B28 CX=000E DX=0014 SP=0B26 BP=0000 SI=0092 DI=0B2E
DS=0DAC ES=0F18 SS=0F18 CS=0E06 IP=0412 NV UP EI PL NZ NA PE NC
0E06:0412 75FA              JNZ     040E
AX=0B48 BX=0B28 CX=000E DX=0014 SP=0B26 BP=0000 SI=0092 DI=0B2E
DS=0DAC ES=0F18 SS=0F18 CS=0E06 IP=040E NV UP EI PL NZ NA PE NC
0E06:040E AC                LODSB
AX=0B45 BX=0B28 CX=000E DX=0014 SP=0B26 BP=0000 SI=0093 DI=0B2E
DS=0DAC ES=0F18 SS=0F18 CS=0E06 IP=040F NV UP EI PL NZ NA PE NC
0E06:040F AA                STOSB
AX=0B45 BX=0B28 CX=000E DX=0014 SP=0B26 BP=0000 SI=0093 DI=0B2F
DS=0DAC ES=0F18 SS=0F18 CS=0E06 IP=0410 NV UP EI PL NZ NA PE NC
0E06:0410 0AC0              OR      AL,AL
AX=0B45 BX=0B28 CX=000E DX=0014 SP=0B26 BP=0000 SI=0093 DI=0B2F
DS=0DAC ES=0F18 SS=0F18 CS=0E06 IP=0412 NV UP EI PL NZ NA PO NC
0E06:0412 75FA              JNZ     040E
AX=0B45 BX=0B28 CX=000E DX=0014 SP=0B26 BP=0000 SI=0093 DI=0B2F
DS=0DAC ES=0F18 SS=0F18 CS=0E06 IP=040E NV UP EI PL NZ NA PO NC
0E06:040E AC                LODSB
AX=0B4C BX=0B28 CX=000E DX=0014 SP=0B26 BP=0000 SI=0094 DI=0B2F
DS=0DAC ES=0F18 SS=0F18 CS=0E06 IP=040F NV UP EI PL NZ NA PO NC
0E06:040F AA                STOSB
AX=0B4C BX=0B28 CX=000E DX=0014 SP=0B26 BP=0000 SI=0094 DI=0B30
DS=0DAC ES=0F18 SS=0F18 CS=0E06 IP=0410 NV UP EI PL NZ NA PO NC
0E06:0410 0AC0              OR      AL,AL
AX=0B4C BX=0B28 CX=000E DX=0014 SP=0B26 BP=0000 SI=0094 DI=0B30
DS=0DAC ES=0F18 SS=0F18 CS=0E06 IP=0412 NV UP EI PL NZ NA PO NC
0E06:0412 75FA              JNZ     040E
AX=0B4C BX=0B28 CX=000E DX=0014 SP=0B26 BP=0000 SI=0094 DI=0B30
DS=0DAC ES=0F18 SS=0F18 CS=0E06 IP=040E NV UP EI PL NZ NA PO NC
0E06:040E AC                LODSB
AX=0B4C BX=0B28 CX=000E DX=0014 SP=0B26 BP=0000 SI=0095 DI=0B30
DS=0DAC ES=0F18 SS=0F18 CS=0E06 IP=040F NV UP EI PL NZ NA PO NC
0E06:040F AA                STOSB
AX=0B4C BX=0B28 CX=000E DX=0014 SP=0B26 BP=0000 SI=0095 DI=0B31
DS=0DAC ES=0F18 SS=0F18 CS=0E06 IP=0410 NV UP EI PL NZ NA PO NC
0E06:0410 0AC0              OR      AL,AL
AX=0B4C BX=0B28 CX=000E DX=0014 SP=0B26 BP=0000 SI=0095 DI=0B31
DS=0DAC ES=0F18 SS=0F18 CS=0E06 IP=0412 NV UP EI PL NZ NA PO NC
0E06:0412 75FA              JNZ     040E
AX=0B4C BX=0B28 CX=000E DX=0014 SP=0B26 BP=0000 SI=0095 DI=0B31
DS=0DAC ES=0F18 SS=0F18 CS=0E06 IP=040E NV UP EI PL NZ NA PO NC
0E06:040E AC                LODSB
AX=0B4F BX=0B28 CX=000E DX=0014 SP=0B26 BP=0000 SI=0096 DI=0B31
DS=0DAC ES=0F18 SS=0F18 CS=0E06 IP=040F NV UP EI PL NZ NA PO NC
0E06:040F AA                STOSB
AX=0B4F BX=0B28 CX=000E DX=0014 SP=0B26 BP=0000 SI=0096 DI=0B32
DS=0DAC ES=0F18 SS=0F18 CS=0E06 IP=0410 NV UP EI PL NZ NA PO NC
0E06:0410 0AC0              OR      AL,AL
AX=0B4F BX=0B28 CX=000E DX=0014 SP=0B26 BP=0000 SI=0096 DI=0B32
DS=0DAC ES=0F18 SS=0F18 CS=0E06 IP=0412 NV UP EI PL NZ NA PO NC
0E06:0412 75FA              JNZ     040E
AX=0B4F BX=0B28 CX=000E DX=0014 SP=0B26 BP=0000 SI=0096 DI=0B32
DS=0DAC ES=0F18 SS=0F18 CS=0E06 IP=040E NV UP EI PL NZ NA PO NC
0E06:040E AC                LODSB
AX=0B43 BX=0B28 CX=000E DX=0014 SP=0B26 BP=0000 SI=0097 DI=0B32
DS=0DAC ES=0F18 SS=0F18 CS=0E06 IP=040F NV UP EI PL NZ NA PO NC
0E06:040F AA                STOSB
AX=0B43 BX=0B28 CX=000E DX=0014 SP=0B26 BP=0000 SI=0097 DI=0B33
DS=0DAC ES=0F18 SS=0F18 CS=0E06 IP=0410 NV UP EI PL NZ NA PO NC
0E06:0410 0AC0              OR      AL,AL
AX=0B43 BX=0B28 CX=000E DX=0014 SP=0B26 BP=0000 SI=0097 DI=0B33
DS=0DAC ES=0F18 SS=0F18 CS=0E06 IP=0412 NV UP EI PL NZ NA PO NC
0E06:0412 75FA              JNZ     040E
AX=0B43 BX=0B28 CX=000E DX=0014 SP=0B26 BP=0000 SI=0097 DI=0B33
DS=0DAC ES=0F18 SS=0F18 CS=0E06 IP=040E NV UP EI PL NZ NA PO NC
0E06:040E AC                LODSB
AX=0B2E BX=0B28 CX=000E DX=0014 SP=0B26 BP=0000 SI=0098 DI=0B33
DS=0DAC ES=0F18 SS=0F18 CS=0E06 IP=040F NV UP EI PL NZ NA PO NC
0E06:040F AA                STOSB
AX=0B2E BX=0B28 CX=000E DX=0014 SP=0B26 BP=0000 SI=0098 DI=0B34
DS=0DAC ES=0F18 SS=0F18 CS=0E06 IP=0410 NV UP EI PL NZ NA PO NC
0E06:0410 0AC0              OR      AL,AL
AX=0B2E BX=0B28 CX=000E DX=0014 SP=0B26 BP=0000 SI=0098 DI=0B34
DS=0DAC ES=0F18 SS=0F18 CS=0E06 IP=0412 NV UP EI PL NZ NA PE NC
0E06:0412 75FA              JNZ     040E
AX=0B2E BX=0B28 CX=000E DX=0014 SP=0B26 BP=0000 SI=0098 DI=0B34
DS=0DAC ES=0F18 SS=0F18 CS=0E06 IP=040E NV UP EI PL NZ NA PE NC
0E06:040E AC                LODSB
AX=0B45 BX=0B28 CX=000E DX=0014 SP=0B26 BP=0000 SI=0099 DI=0B34
DS=0DAC ES=0F18 SS=0F18 CS=0E06 IP=040F NV UP EI PL NZ NA PE NC
0E06:040F AA                STOSB
AX=0B45 BX=0B28 CX=000E DX=0014 SP=0B26 BP=0000 SI=0099 DI=0B35
DS=0DAC ES=0F18 SS=0F18 CS=0E06 IP=0410 NV UP EI PL NZ NA PE NC
0E06:0410 0AC0              OR      AL,AL
AX=0B45 BX=0B28 CX=000E DX=0014 SP=0B26 BP=0000 SI=0099 DI=0B35
DS=0DAC ES=0F18 SS=0F18 CS=0E06 IP=0412 NV UP EI PL NZ NA PO NC
0E06:0412 75FA              JNZ     040E
AX=0B45 BX=0B28 CX=000E DX=0014 SP=0B26 BP=0000 SI=0099 DI=0B35
DS=0DAC ES=0F18 SS=0F18 CS=0E06 IP=040E NV UP EI PL NZ NA PO NC
0E06:040E AC                LODSB
AX=0B58 BX=0B28 CX=000E DX=0014 SP=0B26 BP=0000 SI=009A DI=0B35
DS=0DAC ES=0F18 SS=0F18 CS=0E06 IP=040F NV UP EI PL NZ NA PO NC
0E06:040F AA                STOSB
AX=0B58 BX=0B28 CX=000E DX=0014 SP=0B26 BP=0000 SI=009A DI=0B36
DS=0DAC ES=0F18 SS=0F18 CS=0E06 IP=0410 NV UP EI PL NZ NA PO NC
0E06:0410 0AC0              OR      AL,AL
AX=0B58 BX=0B28 CX=000E DX=0014 SP=0B26 BP=0000 SI=009A DI=0B36
DS=0DAC ES=0F18 SS=0F18 CS=0E06 IP=0412 NV UP EI PL NZ NA PO NC
0E06:0412 75FA              JNZ     040E
AX=0B58 BX=0B28 CX=000E DX=0014 SP=0B26 BP=0000 SI=009A DI=0B36
DS=0DAC ES=0F18 SS=0F18 CS=0E06 IP=040E NV UP EI PL NZ NA PO NC
0E06:040E AC                LODSB
AX=0B45 BX=0B28 CX=000E DX=0014 SP=0B26 BP=0000 SI=009B DI=0B36
DS=0DAC ES=0F18 SS=0F18 CS=0E06 IP=040F NV UP EI PL NZ NA PO NC
0E06:040F AA                STOSB
AX=0B45 BX=0B28 CX=000E DX=0014 SP=0B26 BP=0000 SI=009B DI=0B37
DS=0DAC ES=0F18 SS=0F18 CS=0E06 IP=0410 NV UP EI PL NZ NA PO NC
0E06:0410 0AC0              OR      AL,AL
AX=0B45 BX=0B28 CX=000E DX=0014 SP=0B26 BP=0000 SI=009B DI=0B37
DS=0DAC ES=0F18 SS=0F18 CS=0E06 IP=0412 NV UP EI PL NZ NA PO NC
0E06:0412 75FA              JNZ     040E
AX=0B45 BX=0B28 CX=000E DX=0014 SP=0B26 BP=0000 SI=009B DI=0B37
DS=0DAC ES=0F18 SS=0F18 CS=0E06 IP=040E NV UP EI PL NZ NA PO NC
0E06:040E AC                LODSB
AX=0B00 BX=0B28 CX=000E DX=0014 SP=0B26 BP=0000 SI=009C DI=0B37
DS=0DAC ES=0F18 SS=0F18 CS=0E06 IP=040F NV UP EI PL NZ NA PO NC
0E06:040F AA                STOSB
AX=0B00 BX=0B28 CX=000E DX=0014 SP=0B26 BP=0000 SI=009C DI=0B38
DS=0DAC ES=0F18 SS=0F18 CS=0E06 IP=0410 NV UP EI PL NZ NA PO NC
0E06:0410 0AC0              OR      AL,AL
AX=0B00 BX=0B28 CX=000E DX=0014 SP=0B26 BP=0000 SI=009C DI=0B38
DS=0DAC ES=0F18 SS=0F18 CS=0E06 IP=0412 NV UP EI PL ZR NA PE NC
0E06:0412 75FA              JNZ     040E
AX=0B00 BX=0B28 CX=000E DX=0014 SP=0B26 BP=0000 SI=009C DI=0B38
DS=0DAC ES=0F18 SS=0F18 CS=0E06 IP=0414 NV UP EI PL ZR NA PE NC
0E06:0414 368E1E9200        MOV     DS,WORD PTR SS:[0092]          SS:0092=0DF6
AX=0B00 BX=0B28 CX=000E DX=0014 SP=0B26 BP=0000 SI=009C DI=0B38
DS=0DF6 ES=0F18 SS=0F18 CS=0E06 IP=0419 NV UP EI PL ZR NA PE NC
0E06:0419 BE8100            MOV     SI,0081
AX=0B00 BX=0B28 CX=000E DX=0014 SP=0B26 BP=0000 SI=0081 DI=0B38
DS=0DF6 ES=0F18 SS=0F18 CS=0E06 IP=041C NV UP EI PL ZR NA PE NC
0E06:041C EB03              JMP     0421
AX=0B00 BX=0B28 CX=000E DX=0014 SP=0B26 BP=0000 SI=0081 DI=0B38
DS=0DF6 ES=0F18 SS=0F18 CS=0E06 IP=0421 NV UP EI PL ZR NA PE NC
0E06:0421 AC                LODSB
AX=0B0D BX=0B28 CX=000E DX=0014 SP=0B26 BP=0000 SI=0082 DI=0B38
DS=0DF6 ES=0F18 SS=0F18 CS=0E06 IP=0422 NV UP EI PL ZR NA PE NC
0E06:0422 3C20              CMP     AL,20
AX=0B0D BX=0B28 CX=000E DX=0014 SP=0B26 BP=0000 SI=0082 DI=0B38
DS=0DF6 ES=0F18 SS=0F18 CS=0E06 IP=0424 NV UP EI NG NZ NA PE CY
0E06:0424 74FB              JZ      0421
AX=0B0D BX=0B28 CX=000E DX=0014 SP=0B26 BP=0000 SI=0082 DI=0B38
DS=0DF6 ES=0F18 SS=0F18 CS=0E06 IP=0426 NV UP EI NG NZ NA PE CY
0E06:0426 3C09              CMP     AL,09
AX=0B0D BX=0B28 CX=000E DX=0014 SP=0B26 BP=0000 SI=0082 DI=0B38
DS=0DF6 ES=0F18 SS=0F18 CS=0E06 IP=0428 NV UP EI PL NZ NA PO NC
0E06:0428 74F7              JZ      0421
AX=0B0D BX=0B28 CX=000E DX=0014 SP=0B26 BP=0000 SI=0082 DI=0B38
DS=0DF6 ES=0F18 SS=0F18 CS=0E06 IP=042A NV UP EI PL NZ NA PO NC
0E06:042A 3C0D              CMP     AL,0D
AX=0B0D BX=0B28 CX=000E DX=0014 SP=0B26 BP=0000 SI=0082 DI=0B38
DS=0DF6 ES=0F18 SS=0F18 CS=0E06 IP=042C NV UP EI PL ZR NA PE NC
0E06:042C 747C              JZ      04AA
AX=0B0D BX=0B28 CX=000E DX=0014 SP=0B26 BP=0000 SI=0082 DI=0B38
DS=0DF6 ES=0F18 SS=0F18 CS=0E06 IP=04AA NV UP EI PL ZR NA PE NC
0E06:04AA 16                PUSH    SS
AX=0B0D BX=0B28 CX=000E DX=0014 SP=0B24 BP=0000 SI=0082 DI=0B38
DS=0DF6 ES=0F18 SS=0F18 CS=0E06 IP=04AB NV UP EI PL ZR NA PE NC
0E06:04AB 1F                POP     DS
AX=0B0D BX=0B28 CX=000E DX=0014 SP=0B26 BP=0000 SI=0082 DI=0B38
DS=0F18 ES=0F18 SS=0F18 CS=0E06 IP=04AC NV UP EI PL ZR NA PE NC
0E06:04AC C7070000          MOV     WORD PTR [BX],0000             DS:0B28=052E
AX=0B0D BX=0B28 CX=000E DX=0014 SP=0B26 BP=0000 SI=0082 DI=0B38
DS=0F18 ES=0F18 SS=0F18 CS=0E06 IP=04B0 NV UP EI PL ZR NA PE NC
0E06:04B0 FF26CC00          JMP     WORD PTR [00CC]                DS:00CC=00D9
AX=0B0D BX=0B28 CX=000E DX=0014 SP=0B26 BP=0000 SI=0082 DI=0B38
DS=0F18 ES=0F18 SS=0F18 CS=0E06 IP=00D9 NV UP EI PL ZR NA PE NC
0E06:00D9 33ED              XOR     BP,BP
AX=0B0D BX=0B28 CX=000E DX=0014 SP=0B26 BP=0000 SI=0082 DI=0B38
DS=0F18 ES=0F18 SS=0F18 CS=0E06 IP=00DB NV UP EI PL ZR NA PE NC
0E06:00DB E85000            CALL    012E
AX=0B0D BX=0B28 CX=000E DX=0014 SP=0B24 BP=0000 SI=0082 DI=0B38
DS=0F18 ES=0F18 SS=0F18 CS=0E06 IP=012E NV UP EI PL ZR NA PE NC
0E06:012E B80035            MOV     AX,3500
AX=3500 BX=0B28 CX=000E DX=0014 SP=0B24 BP=0000 SI=0082 DI=0B38
DS=0F18 ES=0F18 SS=0F18 CS=0E06 IP=0131 NV UP EI PL ZR NA PE NC
0E06:0131 CD21              INT     21
AX=3500 BX=1DB6 CX=000E DX=0014 SP=0B24 BP=0000 SI=0082 DI=0B38
DS=0F18 ES=0814 SS=0F18 CS=0E06 IP=0133 NV UP EI PL ZR NA PE NC
0E06:0133 891E7E00          MOV     [007E],BX                      DS:007E=0000
AX=3500 BX=1DB6 CX=000E DX=0014 SP=0B24 BP=0000 SI=0082 DI=0B38
DS=0F18 ES=0814 SS=0F18 CS=0E06 IP=0137 NV UP EI PL ZR NA PE NC
0E06:0137 8C068000          MOV     WORD PTR [0080],ES             DS:0080=0000
AX=3500 BX=1DB6 CX=000E DX=0014 SP=0B24 BP=0000 SI=0082 DI=0B38
DS=0F18 ES=0814 SS=0F18 CS=0E06 IP=013B NV UP EI PL ZR NA PE NC
0E06:013B 0E                PUSH    CS
AX=3500 BX=1DB6 CX=000E DX=0014 SP=0B22 BP=0000 SI=0082 DI=0B38
DS=0F18 ES=0814 SS=0F18 CS=0E06 IP=013C NV UP EI PL ZR NA PE NC
0E06:013C 1F                POP     DS
AX=3500 BX=1DB6 CX=000E DX=0014 SP=0B24 BP=0000 SI=0082 DI=0B38
DS=0E06 ES=0814 SS=0F18 CS=0E06 IP=013D NV UP EI PL ZR NA PE NC
0E06:013D B80025            MOV     AX,2500
AX=2500 BX=1DB6 CX=000E DX=0014 SP=0B24 BP=0000 SI=0082 DI=0B38
DS=0E06 ES=0814 SS=0F18 CS=0E06 IP=0140 NV UP EI PL ZR NA PE NC
0E06:0140 BAF400            MOV     DX,00F4
AX=2500 BX=1DB6 CX=000E DX=00F4 SP=0B24 BP=0000 SI=0082 DI=0B38
DS=0E06 ES=0814 SS=0F18 CS=0E06 IP=0143 NV UP EI PL ZR NA PE NC
0E06:0143 CD21              INT     21
AX=2500 BX=1DB6 CX=000E DX=00F4 SP=0B24 BP=0000 SI=0082 DI=0B38
DS=0E06 ES=0814 SS=0F18 CS=0E06 IP=0145 NV UP EI PL ZR NA PE NC
0E06:0145 16                PUSH    SS
AX=2500 BX=1DB6 CX=000E DX=00F4 SP=0B22 BP=0000 SI=0082 DI=0B38
DS=0E06 ES=0814 SS=0F18 CS=0E06 IP=0146 NV UP EI PL ZR NA PE NC
0E06:0146 1F                POP     DS
AX=2500 BX=1DB6 CX=000E DX=00F4 SP=0B24 BP=0000 SI=0082 DI=0B38
DS=0F18 ES=0814 SS=0F18 CS=0E06 IP=0147 NV UP EI PL ZR NA PE NC
0E06:0147 833E460200        CMP     WORD PTR [0246],+00            DS:0246=0000
AX=2500 BX=1DB6 CX=000E DX=00F4 SP=0B24 BP=0000 SI=0082 DI=0B38
DS=0F18 ES=0814 SS=0F18 CS=0E06 IP=014C NV UP EI PL ZR NA PE NC
0E06:014C 7431              JZ      017F
AX=2500 BX=1DB6 CX=000E DX=00F4 SP=0B24 BP=0000 SI=0082 DI=0B38
DS=0F18 ES=0814 SS=0F18 CS=0E06 IP=017F NV UP EI PL ZR NA PE NC
0E06:017F 8E069200          MOV     ES,WORD PTR [0092]             DS:0092=0DF6
AX=2500 BX=1DB6 CX=000E DX=00F4 SP=0B24 BP=0000 SI=0082 DI=0B38
DS=0F18 ES=0DF6 SS=0F18 CS=0E06 IP=0183 NV UP EI PL ZR NA PE NC
0E06:0183 268B0E2C00        MOV     CX,ES:[002C]                   ES:002C=0DAC
AX=2500 BX=1DB6 CX=0DAC DX=00F4 SP=0B24 BP=0000 SI=0082 DI=0B38
DS=0F18 ES=0DF6 SS=0F18 CS=0E06 IP=0188 NV UP EI PL ZR NA PE NC
0E06:0188 E33E              JCXZ    01C8
AX=2500 BX=1DB6 CX=0DAC DX=00F4 SP=0B24 BP=0000 SI=0082 DI=0B38
DS=0F18 ES=0DF6 SS=0F18 CS=0E06 IP=018A NV UP EI PL ZR NA PE NC
0E06:018A 8EC1              MOV     ES,CX
AX=2500 BX=1DB6 CX=0DAC DX=00F4 SP=0B24 BP=0000 SI=0082 DI=0B38
DS=0F18 ES=0DAC SS=0F18 CS=0E06 IP=018C NV UP EI PL ZR NA PE NC
0E06:018C 33FF              XOR     DI,DI
AX=2500 BX=1DB6 CX=0DAC DX=00F4 SP=0B24 BP=0000 SI=0082 DI=0000
DS=0F18 ES=0DAC SS=0F18 CS=0E06 IP=018E NV UP EI PL ZR NA PE NC
0E06:018E 26803D00          CMP     BYTE PTR ES:[DI],00              ES:0000=43
AX=2500 BX=1DB6 CX=0DAC DX=00F4 SP=0B24 BP=0000 SI=0082 DI=0000
DS=0F18 ES=0DAC SS=0F18 CS=0E06 IP=0192 NV UP EI PL NZ NA PO NC
0E06:0192 7434              JZ      01C8
AX=2500 BX=1DB6 CX=0DAC DX=00F4 SP=0B24 BP=0000 SI=0082 DI=0000
DS=0F18 ES=0DAC SS=0F18 CS=0E06 IP=0194 NV UP EI PL NZ NA PO NC
0E06:0194 B90D00            MOV     CX,000D
AX=2500 BX=1DB6 CX=000D DX=00F4 SP=0B24 BP=0000 SI=0082 DI=0000
DS=0F18 ES=0DAC SS=0F18 CS=0E06 IP=0197 NV UP EI PL NZ NA PO NC
0E06:0197 BE7000            MOV     SI,0070
AX=2500 BX=1DB6 CX=000D DX=00F4 SP=0B24 BP=0000 SI=0070 DI=0000
DS=0F18 ES=0DAC SS=0F18 CS=0E06 IP=019A NV UP EI PL NZ NA PO NC
0E06:019A F3A6              REPE    CMPSB
AX=2500 BX=1DB6 CX=000C DX=00F4 SP=0B24 BP=0000 SI=0071 DI=0001
DS=0F18 ES=0DAC SS=0F18 CS=0E06 IP=019C NV UP EI PL NZ NA PO NC
0E06:019C 740B              JZ      01A9
AX=2500 BX=1DB6 CX=000C DX=00F4 SP=0B24 BP=0000 SI=0071 DI=0001
DS=0F18 ES=0DAC SS=0F18 CS=0E06 IP=019E NV UP EI PL NZ NA PO NC
0E06:019E B9FF7F            MOV     CX,7FFF
AX=2500 BX=1DB6 CX=7FFF DX=00F4 SP=0B24 BP=0000 SI=0071 DI=0001
DS=0F18 ES=0DAC SS=0F18 CS=0E06 IP=01A1 NV UP EI PL NZ NA PO NC
0E06:01A1 33C0              XOR     AX,AX
AX=0000 BX=1DB6 CX=7FFF DX=00F4 SP=0B24 BP=0000 SI=0071 DI=0001
DS=0F18 ES=0DAC SS=0F18 CS=0E06 IP=01A3 NV UP EI PL ZR NA PE NC
0E06:01A3 F2AE              REPNE   SCASB
AX=0000 BX=1DB6 CX=7FFE DX=00F4 SP=0B24 BP=0000 SI=0071 DI=0002
DS=0F18 ES=0DAC SS=0F18 CS=0E06 IP=01A3 NV UP EI NG NZ AC PE CY
0E06:01A3 F2AE              REPNE   SCASB
AX=0000 BX=1DB6 CX=7FFD DX=00F4 SP=0B24 BP=0000 SI=0071 DI=0003
DS=0F18 ES=0DAC SS=0F18 CS=0E06 IP=01A3 NV UP EI NG NZ AC PO CY
0E06:01A3 F2AE              REPNE   SCASB
AX=0000 BX=1DB6 CX=7FFC DX=00F4 SP=0B24 BP=0000 SI=0071 DI=0004
DS=0F18 ES=0DAC SS=0F18 CS=0E06 IP=01A3 NV UP EI NG NZ AC PO CY
0E06:01A3 F2AE              REPNE   SCASB
AX=0000 BX=1DB6 CX=7FFB DX=00F4 SP=0B24 BP=0000 SI=0071 DI=0005
DS=0F18 ES=0DAC SS=0F18 CS=0E06 IP=01A3 NV UP EI NG NZ NA PO CY
0E06:01A3 F2AE              REPNE   SCASB
AX=0000 BX=1DB6 CX=7FFA DX=00F4 SP=0B24 BP=0000 SI=0071 DI=0006
DS=0F18 ES=0DAC SS=0F18 CS=0E06 IP=01A3 NV UP EI NG NZ AC PE CY
0E06:01A3 F2AE              REPNE   SCASB
AX=0000 BX=1DB6 CX=7FF9 DX=00F4 SP=0B24 BP=0000 SI=0071 DI=0007
DS=0F18 ES=0DAC SS=0F18 CS=0E06 IP=01A3 NV UP EI NG NZ AC PE CY
0E06:01A3 F2AE              REPNE   SCASB
AX=0000 BX=1DB6 CX=7FF8 DX=00F4 SP=0B24 BP=0000 SI=0071 DI=0008
DS=0F18 ES=0DAC SS=0F18 CS=0E06 IP=01A3 NV UP EI NG NZ AC PE CY
0E06:01A3 F2AE              REPNE   SCASB
AX=0000 BX=1DB6 CX=7FF7 DX=00F4 SP=0B24 BP=0000 SI=0071 DI=0009
DS=0F18 ES=0DAC SS=0F18 CS=0E06 IP=01A3 NV UP EI NG NZ AC PE CY
0E06:01A3 F2AE              REPNE   SCASB
AX=0000 BX=1DB6 CX=7FF6 DX=00F4 SP=0B24 BP=0000 SI=0071 DI=000A
DS=0F18 ES=0DAC SS=0F18 CS=0E06 IP=01A3 NV UP EI NG NZ AC PE CY
0E06:01A3 F2AE              REPNE   SCASB
AX=0000 BX=1DB6 CX=7FF5 DX=00F4 SP=0B24 BP=0000 SI=0071 DI=000B
DS=0F18 ES=0DAC SS=0F18 CS=0E06 IP=01A3 NV UP EI NG NZ AC PO CY
0E06:01A3 F2AE              REPNE   SCASB
AX=0000 BX=1DB6 CX=7FF4 DX=00F4 SP=0B24 BP=0000 SI=0071 DI=000C
DS=0F18 ES=0DAC SS=0F18 CS=0E06 IP=01A3 NV UP EI NG NZ AC PE CY
0E06:01A3 F2AE              REPNE   SCASB
AX=0000 BX=1DB6 CX=7FF3 DX=00F4 SP=0B24 BP=0000 SI=0071 DI=000D
DS=0F18 ES=0DAC SS=0F18 CS=0E06 IP=01A3 NV UP EI NG NZ AC PE CY
0E06:01A3 F2AE              REPNE   SCASB
AX=0000 BX=1DB6 CX=7FF2 DX=00F4 SP=0B24 BP=0000 SI=0071 DI=000E
DS=0F18 ES=0DAC SS=0F18 CS=0E06 IP=01A3 NV UP EI NG NZ AC PO CY
0E06:01A3 F2AE              REPNE   SCASB
AX=0000 BX=1DB6 CX=7FF1 DX=00F4 SP=0B24 BP=0000 SI=0071 DI=000F
DS=0F18 ES=0DAC SS=0F18 CS=0E06 IP=01A3 NV UP EI NG NZ AC PO CY
0E06:01A3 F2AE              REPNE   SCASB
AX=0000 BX=1DB6 CX=7FF0 DX=00F4 SP=0B24 BP=0000 SI=0071 DI=0010
DS=0F18 ES=0DAC SS=0F18 CS=0E06 IP=01A3 NV UP EI NG NZ AC PO CY
0E06:01A3 F2AE              REPNE   SCASB
AX=0000 BX=1DB6 CX=7FEF DX=00F4 SP=0B24 BP=0000 SI=0071 DI=0011
DS=0F18 ES=0DAC SS=0F18 CS=0E06 IP=01A3 NV UP EI NG NZ AC PE CY
0E06:01A3 F2AE              REPNE   SCASB
AX=0000 BX=1DB6 CX=7FEE DX=00F4 SP=0B24 BP=0000 SI=0071 DI=0012
DS=0F18 ES=0DAC SS=0F18 CS=0E06 IP=01A3 NV UP EI NG NZ AC PO CY
0E06:01A3 F2AE              REPNE   SCASB
AX=0000 BX=1DB6 CX=7FED DX=00F4 SP=0B24 BP=0000 SI=0071 DI=0013
DS=0F18 ES=0DAC SS=0F18 CS=0E06 IP=01A3 NV UP EI NG NZ AC PE CY
0E06:01A3 F2AE              REPNE   SCASB
AX=0000 BX=1DB6 CX=7FEC DX=00F4 SP=0B24 BP=0000 SI=0071 DI=0014
DS=0F18 ES=0DAC SS=0F18 CS=0E06 IP=01A3 NV UP EI NG NZ AC PE CY
0E06:01A3 F2AE              REPNE   SCASB
AX=0000 BX=1DB6 CX=7FEB DX=00F4 SP=0B24 BP=0000 SI=0071 DI=0015
DS=0F18 ES=0DAC SS=0F18 CS=0E06 IP=01A3 NV UP EI NG NZ AC PE CY
0E06:01A3 F2AE              REPNE   SCASB
AX=0000 BX=1DB6 CX=7FEA DX=00F4 SP=0B24 BP=0000 SI=0071 DI=0016
DS=0F18 ES=0DAC SS=0F18 CS=0E06 IP=01A3 NV UP EI NG NZ AC PO CY
0E06:01A3 F2AE              REPNE   SCASB
AX=0000 BX=1DB6 CX=7FE9 DX=00F4 SP=0B24 BP=0000 SI=0071 DI=0017
DS=0F18 ES=0DAC SS=0F18 CS=0E06 IP=01A5 NV UP EI PL ZR NA PE NC
0E06:01A5 7521              JNZ     01C8
AX=0000 BX=1DB6 CX=7FE9 DX=00F4 SP=0B24 BP=0000 SI=0071 DI=0017
DS=0F18 ES=0DAC SS=0F18 CS=0E06 IP=01A7 NV UP EI PL ZR NA PE NC
0E06:01A7 EBE5              JMP     018E
AX=0000 BX=1DB6 CX=7FE9 DX=00F4 SP=0B24 BP=0000 SI=0071 DI=0017
DS=0F18 ES=0DAC SS=0F18 CS=0E06 IP=018E NV UP EI PL ZR NA PE NC
0E06:018E 26803D00          CMP     BYTE PTR ES:[DI],00              ES:0017=50
AX=0000 BX=1DB6 CX=7FE9 DX=00F4 SP=0B24 BP=0000 SI=0071 DI=0017
DS=0F18 ES=0DAC SS=0F18 CS=0E06 IP=0192 NV UP EI PL NZ NA PE NC
0E06:0192 7434              JZ      01C8
AX=0000 BX=1DB6 CX=7FE9 DX=00F4 SP=0B24 BP=0000 SI=0071 DI=0017
DS=0F18 ES=0DAC SS=0F18 CS=0E06 IP=0194 NV UP EI PL NZ NA PE NC
0E06:0194 B90D00            MOV     CX,000D
AX=0000 BX=1DB6 CX=000D DX=00F4 SP=0B24 BP=0000 SI=0071 DI=0017
DS=0F18 ES=0DAC SS=0F18 CS=0E06 IP=0197 NV UP EI PL NZ NA PE NC
0E06:0197 BE7000            MOV     SI,0070
AX=0000 BX=1DB6 CX=000D DX=00F4 SP=0B24 BP=0000 SI=0070 DI=0017
DS=0F18 ES=0DAC SS=0F18 CS=0E06 IP=019A NV UP EI PL NZ NA PE NC
0E06:019A F3A6              REPE    CMPSB
AX=0000 BX=1DB6 CX=000C DX=00F4 SP=0B24 BP=0000 SI=0071 DI=0018
DS=0F18 ES=0DAC SS=0F18 CS=0E06 IP=019C NV UP EI PL NZ NA PE NC
0E06:019C 740B              JZ      01A9
AX=0000 BX=1DB6 CX=000C DX=00F4 SP=0B24 BP=0000 SI=0071 DI=0018
DS=0F18 ES=0DAC SS=0F18 CS=0E06 IP=019E NV UP EI PL NZ NA PE NC
0E06:019E B9FF7F            MOV     CX,7FFF
AX=0000 BX=1DB6 CX=7FFF DX=00F4 SP=0B24 BP=0000 SI=0071 DI=0018
DS=0F18 ES=0DAC SS=0F18 CS=0E06 IP=01A1 NV UP EI PL NZ NA PE NC
0E06:01A1 33C0              XOR     AX,AX
AX=0000 BX=1DB6 CX=7FFF DX=00F4 SP=0B24 BP=0000 SI=0071 DI=0018
DS=0F18 ES=0DAC SS=0F18 CS=0E06 IP=01A3 NV UP EI PL ZR NA PE NC
0E06:01A3 F2AE              REPNE   SCASB
AX=0000 BX=1DB6 CX=7FFE DX=00F4 SP=0B24 BP=0000 SI=0071 DI=0019
DS=0F18 ES=0DAC SS=0F18 CS=0E06 IP=01A3 NV UP EI NG NZ AC PO CY
0E06:01A3 F2AE              REPNE   SCASB
AX=0000 BX=1DB6 CX=7FFD DX=00F4 SP=0B24 BP=0000 SI=0071 DI=001A
DS=0F18 ES=0DAC SS=0F18 CS=0E06 IP=01A3 NV UP EI NG NZ AC PE CY
0E06:01A3 F2AE              REPNE   SCASB
AX=0000 BX=1DB6 CX=7FFC DX=00F4 SP=0B24 BP=0000 SI=0071 DI=001B
DS=0F18 ES=0DAC SS=0F18 CS=0E06 IP=01A3 NV UP EI NG NZ AC PE CY
0E06:01A3 F2AE              REPNE   SCASB
AX=0000 BX=1DB6 CX=7FFB DX=00F4 SP=0B24 BP=0000 SI=0071 DI=001C
DS=0F18 ES=0DAC SS=0F18 CS=0E06 IP=01A3 NV UP EI NG NZ AC PE CY
0E06:01A3 F2AE              REPNE   SCASB
AX=0000 BX=1DB6 CX=7FFA DX=00F4 SP=0B24 BP=0000 SI=0071 DI=001D
DS=0F18 ES=0DAC SS=0F18 CS=0E06 IP=01A3 NV UP EI NG NZ AC PE CY
0E06:01A3 F2AE              REPNE   SCASB
AX=0000 BX=1DB6 CX=7FF9 DX=00F4 SP=0B24 BP=0000 SI=0071 DI=001E
DS=0F18 ES=0DAC SS=0F18 CS=0E06 IP=01A3 NV UP EI NG NZ AC PE CY
0E06:01A3 F2AE              REPNE   SCASB
AX=0000 BX=1DB6 CX=7FF8 DX=00F4 SP=0B24 BP=0000 SI=0071 DI=001F
DS=0F18 ES=0DAC SS=0F18 CS=0E06 IP=01A3 NV UP EI NG NZ AC PO CY
0E06:01A3 F2AE              REPNE   SCASB
AX=0000 BX=1DB6 CX=7FF7 DX=00F4 SP=0B24 BP=0000 SI=0071 DI=0020
DS=0F18 ES=0DAC SS=0F18 CS=0E06 IP=01A3 NV UP EI NG NZ AC PE CY
0E06:01A3 F2AE              REPNE   SCASB
AX=0000 BX=1DB6 CX=7FF6 DX=00F4 SP=0B24 BP=0000 SI=0071 DI=0021
DS=0F18 ES=0DAC SS=0F18 CS=0E06 IP=01A3 NV UP EI NG NZ AC PE CY
0E06:01A3 F2AE              REPNE   SCASB
AX=0000 BX=1DB6 CX=7FF5 DX=00F4 SP=0B24 BP=0000 SI=0071 DI=0022
DS=0F18 ES=0DAC SS=0F18 CS=0E06 IP=01A3 NV UP EI NG NZ AC PE CY
0E06:01A3 F2AE              REPNE   SCASB
AX=0000 BX=1DB6 CX=7FF4 DX=00F4 SP=0B24 BP=0000 SI=0071 DI=0023
DS=0F18 ES=0DAC SS=0F18 CS=0E06 IP=01A3 NV UP EI NG NZ AC PO CY
0E06:01A3 F2AE              REPNE   SCASB
AX=0000 BX=1DB6 CX=7FF3 DX=00F4 SP=0B24 BP=0000 SI=0071 DI=0024
DS=0F18 ES=0DAC SS=0F18 CS=0E06 IP=01A3 NV UP EI NG NZ AC PO CY
0E06:01A3 F2AE              REPNE   SCASB
AX=0000 BX=1DB6 CX=7FF2 DX=00F4 SP=0B24 BP=0000 SI=0071 DI=0025
DS=0F18 ES=0DAC SS=0F18 CS=0E06 IP=01A3 NV UP EI NG NZ AC PO CY
0E06:01A3 F2AE              REPNE   SCASB
AX=0000 BX=1DB6 CX=7FF1 DX=00F4 SP=0B24 BP=0000 SI=0071 DI=0026
DS=0F18 ES=0DAC SS=0F18 CS=0E06 IP=01A3 NV UP EI NG NZ AC PO CY
0E06:01A3 F2AE              REPNE   SCASB
AX=0000 BX=1DB6 CX=7FF0 DX=00F4 SP=0B24 BP=0000 SI=0071 DI=0027
DS=0F18 ES=0DAC SS=0F18 CS=0E06 IP=01A3 NV UP EI NG NZ AC PE CY
0E06:01A3 F2AE              REPNE   SCASB
AX=0000 BX=1DB6 CX=7FEF DX=00F4 SP=0B24 BP=0000 SI=0071 DI=0028
DS=0F18 ES=0DAC SS=0F18 CS=0E06 IP=01A3 NV UP EI NG NZ AC PE CY
0E06:01A3 F2AE              REPNE   SCASB
AX=0000 BX=1DB6 CX=7FEE DX=00F4 SP=0B24 BP=0000 SI=0071 DI=0029
DS=0F18 ES=0DAC SS=0F18 CS=0E06 IP=01A3 NV UP EI NG NZ AC PO CY
0E06:01A3 F2AE              REPNE   SCASB
AX=0000 BX=1DB6 CX=7FED DX=00F4 SP=0B24 BP=0000 SI=0071 DI=002A
DS=0F18 ES=0DAC SS=0F18 CS=0E06 IP=01A3 NV UP EI NG NZ AC PE CY
0E06:01A3 F2AE              REPNE   SCASB
AX=0000 BX=1DB6 CX=7FEC DX=00F4 SP=0B24 BP=0000 SI=0071 DI=002B
DS=0F18 ES=0DAC SS=0F18 CS=0E06 IP=01A3 NV UP EI NG NZ AC PE CY
0E06:01A3 F2AE              REPNE   SCASB
AX=0000 BX=1DB6 CX=7FEB DX=00F4 SP=0B24 BP=0000 SI=0071 DI=002C
DS=0F18 ES=0DAC SS=0F18 CS=0E06 IP=01A3 NV UP EI NG NZ AC PE CY
0E06:01A3 F2AE              REPNE   SCASB
AX=0000 BX=1DB6 CX=7FEA DX=00F4 SP=0B24 BP=0000 SI=0071 DI=002D
DS=0F18 ES=0DAC SS=0F18 CS=0E06 IP=01A3 NV UP EI NG NZ AC PO CY
0E06:01A3 F2AE              REPNE   SCASB
AX=0000 BX=1DB6 CX=7FE9 DX=00F4 SP=0B24 BP=0000 SI=0071 DI=002E
DS=0F18 ES=0DAC SS=0F18 CS=0E06 IP=01A3 NV UP EI NG NZ AC PE CY
0E06:01A3 F2AE              REPNE   SCASB
AX=0000 BX=1DB6 CX=7FE8 DX=00F4 SP=0B24 BP=0000 SI=0071 DI=002F
DS=0F18 ES=0DAC SS=0F18 CS=0E06 IP=01A3 NV UP EI NG NZ AC PE CY
0E06:01A3 F2AE              REPNE   SCASB
AX=0000 BX=1DB6 CX=7FE7 DX=00F4 SP=0B24 BP=0000 SI=0071 DI=0030
DS=0F18 ES=0DAC SS=0F18 CS=0E06 IP=01A3 NV UP EI NG NZ AC PE CY
0E06:01A3 F2AE              REPNE   SCASB
AX=0000 BX=1DB6 CX=7FE6 DX=00F4 SP=0B24 BP=0000 SI=0071 DI=0031
DS=0F18 ES=0DAC SS=0F18 CS=0E06 IP=01A3 NV UP EI NG NZ AC PE CY
0E06:01A3 F2AE              REPNE   SCASB
AX=0000 BX=1DB6 CX=7FE5 DX=00F4 SP=0B24 BP=0000 SI=0071 DI=0032
DS=0F18 ES=0DAC SS=0F18 CS=0E06 IP=01A3 NV UP EI NG NZ AC PE CY
0E06:01A3 F2AE              REPNE   SCASB
AX=0000 BX=1DB6 CX=7FE4 DX=00F4 SP=0B24 BP=0000 SI=0071 DI=0033
DS=0F18 ES=0DAC SS=0F18 CS=0E06 IP=01A3 NV UP EI NG NZ AC PE CY
0E06:01A3 F2AE              REPNE   SCASB
AX=0000 BX=1DB6 CX=7FE3 DX=00F4 SP=0B24 BP=0000 SI=0071 DI=0034
DS=0F18 ES=0DAC SS=0F18 CS=0E06 IP=01A3 NV UP EI NG NZ AC PO CY
0E06:01A3 F2AE              REPNE   SCASB
AX=0000 BX=1DB6 CX=7FE2 DX=00F4 SP=0B24 BP=0000 SI=0071 DI=0035
DS=0F18 ES=0DAC SS=0F18 CS=0E06 IP=01A3 NV UP EI NG NZ AC PO CY
0E06:01A3 F2AE              REPNE   SCASB
AX=0000 BX=1DB6 CX=7FE1 DX=00F4 SP=0B24 BP=0000 SI=0071 DI=0036
DS=0F18 ES=0DAC SS=0F18 CS=0E06 IP=01A3 NV UP EI NG NZ AC PE CY
0E06:01A3 F2AE              REPNE   SCASB
AX=0000 BX=1DB6 CX=7FE0 DX=00F4 SP=0B24 BP=0000 SI=0071 DI=0037
DS=0F18 ES=0DAC SS=0F18 CS=0E06 IP=01A3 NV UP EI NG NZ AC PO CY
0E06:01A3 F2AE              REPNE   SCASB
AX=0000 BX=1DB6 CX=7FDF DX=00F4 SP=0B24 BP=0000 SI=0071 DI=0038
DS=0F18 ES=0DAC SS=0F18 CS=0E06 IP=01A3 NV UP EI NG NZ AC PE CY
0E06:01A3 F2AE              REPNE   SCASB
AX=0000 BX=1DB6 CX=7FDE DX=00F4 SP=0B24 BP=0000 SI=0071 DI=0039
DS=0F18 ES=0DAC SS=0F18 CS=0E06 IP=01A3 NV UP EI NG NZ AC PE CY
0E06:01A3 F2AE              REPNE   SCASB
AX=0000 BX=1DB6 CX=7FDD DX=00F4 SP=0B24 BP=0000 SI=0071 DI=003A
DS=0F18 ES=0DAC SS=0F18 CS=0E06 IP=01A3 NV UP EI NG NZ AC PE CY
0E06:01A3 F2AE              REPNE   SCASB
AX=0000 BX=1DB6 CX=7FDC DX=00F4 SP=0B24 BP=0000 SI=0071 DI=003B
DS=0F18 ES=0DAC SS=0F18 CS=0E06 IP=01A3 NV UP EI NG NZ AC PO CY
0E06:01A3 F2AE              REPNE   SCASB
AX=0000 BX=1DB6 CX=7FDB DX=00F4 SP=0B24 BP=0000 SI=0071 DI=003C
DS=0F18 ES=0DAC SS=0F18 CS=0E06 IP=01A3 NV UP EI NG NZ AC PE CY
0E06:01A3 F2AE              REPNE   SCASB
AX=0000 BX=1DB6 CX=7FDA DX=00F4 SP=0B24 BP=0000 SI=0071 DI=003D
DS=0F18 ES=0DAC SS=0F18 CS=0E06 IP=01A3 NV UP EI NG NZ AC PO CY
0E06:01A3 F2AE              REPNE   SCASB
AX=0000 BX=1DB6 CX=7FD9 DX=00F4 SP=0B24 BP=0000 SI=0071 DI=003E
DS=0F18 ES=0DAC SS=0F18 CS=0E06 IP=01A3 NV UP EI NG NZ AC PE CY
0E06:01A3 F2AE              REPNE   SCASB
AX=0000 BX=1DB6 CX=7FD8 DX=00F4 SP=0B24 BP=0000 SI=0071 DI=003F
DS=0F18 ES=0DAC SS=0F18 CS=0E06 IP=01A3 NV UP EI NG NZ AC PO CY
0E06:01A3 F2AE              REPNE   SCASB
AX=0000 BX=1DB6 CX=7FD7 DX=00F4 SP=0B24 BP=0000 SI=0071 DI=0040
DS=0F18 ES=0DAC SS=0F18 CS=0E06 IP=01A3 NV UP EI NG NZ AC PE CY
0E06:01A3 F2AE              REPNE   SCASB
AX=0000 BX=1DB6 CX=7FD6 DX=00F4 SP=0B24 BP=0000 SI=0071 DI=0041
DS=0F18 ES=0DAC SS=0F18 CS=0E06 IP=01A3 NV UP EI NG NZ AC PE CY
0E06:01A3 F2AE              REPNE   SCASB
AX=0000 BX=1DB6 CX=7FD5 DX=00F4 SP=0B24 BP=0000 SI=0071 DI=0042
DS=0F18 ES=0DAC SS=0F18 CS=0E06 IP=01A3 NV UP EI NG NZ AC PE CY
0E06:01A3 F2AE              REPNE   SCASB
AX=0000 BX=1DB6 CX=7FD4 DX=00F4 SP=0B24 BP=0000 SI=0071 DI=0043
DS=0F18 ES=0DAC SS=0F18 CS=0E06 IP=01A3 NV UP EI NG NZ AC PO CY
0E06:01A3 F2AE              REPNE   SCASB
AX=0000 BX=1DB6 CX=7FD3 DX=00F4 SP=0B24 BP=0000 SI=0071 DI=0044
DS=0F18 ES=0DAC SS=0F18 CS=0E06 IP=01A3 NV UP EI NG NZ AC PO CY
0E06:01A3 F2AE              REPNE   SCASB
AX=0000 BX=1DB6 CX=7FD2 DX=00F4 SP=0B24 BP=0000 SI=0071 DI=0045
DS=0F18 ES=0DAC SS=0F18 CS=0E06 IP=01A3 NV UP EI NG NZ AC PE CY
0E06:01A3 F2AE              REPNE   SCASB
AX=0000 BX=1DB6 CX=7FD1 DX=00F4 SP=0B24 BP=0000 SI=0071 DI=0046
DS=0F18 ES=0DAC SS=0F18 CS=0E06 IP=01A3 NV UP EI NG NZ AC PE CY
0E06:01A3 F2AE              REPNE   SCASB
AX=0000 BX=1DB6 CX=7FD0 DX=00F4 SP=0B24 BP=0000 SI=0071 DI=0047
DS=0F18 ES=0DAC SS=0F18 CS=0E06 IP=01A3 NV UP EI NG NZ AC PO CY
0E06:01A3 F2AE              REPNE   SCASB
AX=0000 BX=1DB6 CX=7FCF DX=00F4 SP=0B24 BP=0000 SI=0071 DI=0048
DS=0F18 ES=0DAC SS=0F18 CS=0E06 IP=01A3 NV UP EI NG NZ AC PO CY
0E06:01A3 F2AE              REPNE   SCASB
AX=0000 BX=1DB6 CX=7FCE DX=00F4 SP=0B24 BP=0000 SI=0071 DI=0049
DS=0F18 ES=0DAC SS=0F18 CS=0E06 IP=01A3 NV UP EI NG NZ AC PE CY
0E06:01A3 F2AE              REPNE   SCASB
AX=0000 BX=1DB6 CX=7FCD DX=00F4 SP=0B24 BP=0000 SI=0071 DI=004A
DS=0F18 ES=0DAC SS=0F18 CS=0E06 IP=01A3 NV UP EI NG NZ AC PE CY
0E06:01A3 F2AE              REPNE   SCASB
AX=0000 BX=1DB6 CX=7FCC DX=00F4 SP=0B24 BP=0000 SI=0071 DI=004B
DS=0F18 ES=0DAC SS=0F18 CS=0E06 IP=01A3 NV UP EI NG NZ AC PE CY
0E06:01A3 F2AE              REPNE   SCASB
AX=0000 BX=1DB6 CX=7FCB DX=00F4 SP=0B24 BP=0000 SI=0071 DI=004C
DS=0F18 ES=0DAC SS=0F18 CS=0E06 IP=01A3 NV UP EI NG NZ AC PO CY
0E06:01A3 F2AE              REPNE   SCASB
AX=0000 BX=1DB6 CX=7FCA DX=00F4 SP=0B24 BP=0000 SI=0071 DI=004D
DS=0F18 ES=0DAC SS=0F18 CS=0E06 IP=01A3 NV UP EI NG NZ AC PE CY
0E06:01A3 F2AE              REPNE   SCASB
AX=0000 BX=1DB6 CX=7FC9 DX=00F4 SP=0B24 BP=0000 SI=0071 DI=004E
DS=0F18 ES=0DAC SS=0F18 CS=0E06 IP=01A3 NV UP EI NG NZ AC PE CY
0E06:01A3 F2AE              REPNE   SCASB
AX=0000 BX=1DB6 CX=7FC8 DX=00F4 SP=0B24 BP=0000 SI=0071 DI=004F
DS=0F18 ES=0DAC SS=0F18 CS=0E06 IP=01A3 NV UP EI NG NZ AC PO CY
0E06:01A3 F2AE              REPNE   SCASB
AX=0000 BX=1DB6 CX=7FC7 DX=00F4 SP=0B24 BP=0000 SI=0071 DI=0050
DS=0F18 ES=0DAC SS=0F18 CS=0E06 IP=01A3 NV UP EI NG NZ AC PE CY
0E06:01A3 F2AE              REPNE   SCASB
AX=0000 BX=1DB6 CX=7FC6 DX=00F4 SP=0B24 BP=0000 SI=0071 DI=0051
DS=0F18 ES=0DAC SS=0F18 CS=0E06 IP=01A3 NV UP EI NG NZ AC PO CY
0E06:01A3 F2AE              REPNE   SCASB
AX=0000 BX=1DB6 CX=7FC5 DX=00F4 SP=0B24 BP=0000 SI=0071 DI=0052
DS=0F18 ES=0DAC SS=0F18 CS=0E06 IP=01A3 NV UP EI NG NZ AC PE CY
0E06:01A3 F2AE              REPNE   SCASB
AX=0000 BX=1DB6 CX=7FC4 DX=00F4 SP=0B24 BP=0000 SI=0071 DI=0053
DS=0F18 ES=0DAC SS=0F18 CS=0E06 IP=01A3 NV UP EI NG NZ AC PE CY
0E06:01A3 F2AE              REPNE   SCASB
AX=0000 BX=1DB6 CX=7FC3 DX=00F4 SP=0B24 BP=0000 SI=0071 DI=0054
DS=0F18 ES=0DAC SS=0F18 CS=0E06 IP=01A3 NV UP EI NG NZ AC PE CY
0E06:01A3 F2AE              REPNE   SCASB
AX=0000 BX=1DB6 CX=7FC2 DX=00F4 SP=0B24 BP=0000 SI=0071 DI=0055
DS=0F18 ES=0DAC SS=0F18 CS=0E06 IP=01A3 NV UP EI NG NZ AC PE CY
0E06:01A3 F2AE              REPNE   SCASB
AX=0000 BX=1DB6 CX=7FC1 DX=00F4 SP=0B24 BP=0000 SI=0071 DI=0056
DS=0F18 ES=0DAC SS=0F18 CS=0E06 IP=01A3 NV UP EI NG NZ AC PE CY
0E06:01A3 F2AE              REPNE   SCASB
AX=0000 BX=1DB6 CX=7FC0 DX=00F4 SP=0B24 BP=0000 SI=0071 DI=0057
DS=0F18 ES=0DAC SS=0F18 CS=0E06 IP=01A3 NV UP EI NG NZ AC PE CY
0E06:01A3 F2AE              REPNE   SCASB
AX=0000 BX=1DB6 CX=7FBF DX=00F4 SP=0B24 BP=0000 SI=0071 DI=0058
DS=0F18 ES=0DAC SS=0F18 CS=0E06 IP=01A3 NV UP EI NG NZ AC PO CY
0E06:01A3 F2AE              REPNE   SCASB
AX=0000 BX=1DB6 CX=7FBE DX=00F4 SP=0B24 BP=0000 SI=0071 DI=0059
DS=0F18 ES=0DAC SS=0F18 CS=0E06 IP=01A3 NV UP EI NG NZ AC PO CY
0E06:01A3 F2AE              REPNE   SCASB
AX=0000 BX=1DB6 CX=7FBD DX=00F4 SP=0B24 BP=0000 SI=0071 DI=005A
DS=0F18 ES=0DAC SS=0F18 CS=0E06 IP=01A3 NV UP EI NG NZ AC PO CY
0E06:01A3 F2AE              REPNE   SCASB
AX=0000 BX=1DB6 CX=7FBC DX=00F4 SP=0B24 BP=0000 SI=0071 DI=005B
DS=0F18 ES=0DAC SS=0F18 CS=0E06 IP=01A3 NV UP EI NG NZ AC PE CY
0E06:01A3 F2AE              REPNE   SCASB
AX=0000 BX=1DB6 CX=7FBB DX=00F4 SP=0B24 BP=0000 SI=0071 DI=005C
DS=0F18 ES=0DAC SS=0F18 CS=0E06 IP=01A3 NV UP EI NG NZ AC PE CY
0E06:01A3 F2AE              REPNE   SCASB
AX=0000 BX=1DB6 CX=7FBA DX=00F4 SP=0B24 BP=0000 SI=0071 DI=005D
DS=0F18 ES=0DAC SS=0F18 CS=0E06 IP=01A3 NV UP EI NG NZ AC PO CY
0E06:01A3 F2AE              REPNE   SCASB
AX=0000 BX=1DB6 CX=7FB9 DX=00F4 SP=0B24 BP=0000 SI=0071 DI=005E
DS=0F18 ES=0DAC SS=0F18 CS=0E06 IP=01A3 NV UP EI NG NZ AC PE CY
0E06:01A3 F2AE              REPNE   SCASB
AX=0000 BX=1DB6 CX=7FB8 DX=00F4 SP=0B24 BP=0000 SI=0071 DI=005F
DS=0F18 ES=0DAC SS=0F18 CS=0E06 IP=01A3 NV UP EI NG NZ AC PE CY
0E06:01A3 F2AE              REPNE   SCASB
AX=0000 BX=1DB6 CX=7FB7 DX=00F4 SP=0B24 BP=0000 SI=0071 DI=0060
DS=0F18 ES=0DAC SS=0F18 CS=0E06 IP=01A3 NV UP EI NG NZ AC PE CY
0E06:01A3 F2AE              REPNE   SCASB
AX=0000 BX=1DB6 CX=7FB6 DX=00F4 SP=0B24 BP=0000 SI=0071 DI=0061
DS=0F18 ES=0DAC SS=0F18 CS=0E06 IP=01A5 NV UP EI PL ZR NA PE NC
0E06:01A5 7521              JNZ     01C8
AX=0000 BX=1DB6 CX=7FB6 DX=00F4 SP=0B24 BP=0000 SI=0071 DI=0061
DS=0F18 ES=0DAC SS=0F18 CS=0E06 IP=01A7 NV UP EI PL ZR NA PE NC
0E06:01A7 EBE5              JMP     018E
AX=0000 BX=1DB6 CX=7FB6 DX=00F4 SP=0B24 BP=0000 SI=0071 DI=0061
DS=0F18 ES=0DAC SS=0F18 CS=0E06 IP=018E NV UP EI PL ZR NA PE NC
0E06:018E 26803D00          CMP     BYTE PTR ES:[DI],00              ES:0061=50
AX=0000 BX=1DB6 CX=7FB6 DX=00F4 SP=0B24 BP=0000 SI=0071 DI=0061
DS=0F18 ES=0DAC SS=0F18 CS=0E06 IP=0192 NV UP EI PL NZ NA PE NC
0E06:0192 7434              JZ      01C8
AX=0000 BX=1DB6 CX=7FB6 DX=00F4 SP=0B24 BP=0000 SI=0071 DI=0061
DS=0F18 ES=0DAC SS=0F18 CS=0E06 IP=0194 NV UP EI PL NZ NA PE NC
0E06:0194 B90D00            MOV     CX,000D
AX=0000 BX=1DB6 CX=000D DX=00F4 SP=0B24 BP=0000 SI=0071 DI=0061
DS=0F18 ES=0DAC SS=0F18 CS=0E06 IP=0197 NV UP EI PL NZ NA PE NC
0E06:0197 BE7000            MOV     SI,0070
AX=0000 BX=1DB6 CX=000D DX=00F4 SP=0B24 BP=0000 SI=0070 DI=0061
DS=0F18 ES=0DAC SS=0F18 CS=0E06 IP=019A NV UP EI PL NZ NA PE NC
0E06:019A F3A6              REPE    CMPSB
AX=0000 BX=1DB6 CX=000C DX=00F4 SP=0B24 BP=0000 SI=0071 DI=0062
DS=0F18 ES=0DAC SS=0F18 CS=0E06 IP=019C NV UP EI PL NZ NA PE NC
0E06:019C 740B              JZ      01A9
AX=0000 BX=1DB6 CX=000C DX=00F4 SP=0B24 BP=0000 SI=0071 DI=0062
DS=0F18 ES=0DAC SS=0F18 CS=0E06 IP=019E NV UP EI PL NZ NA PE NC
0E06:019E B9FF7F            MOV     CX,7FFF
AX=0000 BX=1DB6 CX=7FFF DX=00F4 SP=0B24 BP=0000 SI=0071 DI=0062
DS=0F18 ES=0DAC SS=0F18 CS=0E06 IP=01A1 NV UP EI PL NZ NA PE NC
0E06:01A1 33C0              XOR     AX,AX
AX=0000 BX=1DB6 CX=7FFF DX=00F4 SP=0B24 BP=0000 SI=0071 DI=0062
DS=0F18 ES=0DAC SS=0F18 CS=0E06 IP=01A3 NV UP EI PL ZR NA PE NC
0E06:01A3 F2AE              REPNE   SCASB
AX=0000 BX=1DB6 CX=7FFE DX=00F4 SP=0B24 BP=0000 SI=0071 DI=0063
DS=0F18 ES=0DAC SS=0F18 CS=0E06 IP=01A3 NV UP EI NG NZ AC PO CY
0E06:01A3 F2AE              REPNE   SCASB
AX=0000 BX=1DB6 CX=7FFD DX=00F4 SP=0B24 BP=0000 SI=0071 DI=0064
DS=0F18 ES=0DAC SS=0F18 CS=0E06 IP=01A3 NV UP EI NG NZ AC PE CY
0E06:01A3 F2AE              REPNE   SCASB
AX=0000 BX=1DB6 CX=7FFC DX=00F4 SP=0B24 BP=0000 SI=0071 DI=0065
DS=0F18 ES=0DAC SS=0F18 CS=0E06 IP=01A3 NV UP EI NG NZ AC PO CY
0E06:01A3 F2AE              REPNE   SCASB
AX=0000 BX=1DB6 CX=7FFB DX=00F4 SP=0B24 BP=0000 SI=0071 DI=0066
DS=0F18 ES=0DAC SS=0F18 CS=0E06 IP=01A3 NV UP EI NG NZ NA PO CY
0E06:01A3 F2AE              REPNE   SCASB
AX=0000 BX=1DB6 CX=7FFA DX=00F4 SP=0B24 BP=0000 SI=0071 DI=0067
DS=0F18 ES=0DAC SS=0F18 CS=0E06 IP=01A3 NV UP EI NG NZ AC PE CY
0E06:01A3 F2AE              REPNE   SCASB
AX=0000 BX=1DB6 CX=7FF9 DX=00F4 SP=0B24 BP=0000 SI=0071 DI=0068
DS=0F18 ES=0DAC SS=0F18 CS=0E06 IP=01A3 NV UP EI NG NZ AC PE CY
0E06:01A3 F2AE              REPNE   SCASB
AX=0000 BX=1DB6 CX=7FF8 DX=00F4 SP=0B24 BP=0000 SI=0071 DI=0069
DS=0F18 ES=0DAC SS=0F18 CS=0E06 IP=01A3 NV UP EI NG NZ AC PO CY
0E06:01A3 F2AE              REPNE   SCASB
AX=0000 BX=1DB6 CX=7FF7 DX=00F4 SP=0B24 BP=0000 SI=0071 DI=006A
DS=0F18 ES=0DAC SS=0F18 CS=0E06 IP=01A3 NV UP EI NG NZ NA PO CY
0E06:01A3 F2AE              REPNE   SCASB
AX=0000 BX=1DB6 CX=7FF6 DX=00F4 SP=0B24 BP=0000 SI=0071 DI=006B
DS=0F18 ES=0DAC SS=0F18 CS=0E06 IP=01A3 NV UP EI NG NZ AC PO CY
0E06:01A3 F2AE              REPNE   SCASB
AX=0000 BX=1DB6 CX=7FF5 DX=00F4 SP=0B24 BP=0000 SI=0071 DI=006C
DS=0F18 ES=0DAC SS=0F18 CS=0E06 IP=01A3 NV UP EI NG NZ AC PO CY
0E06:01A3 F2AE              REPNE   SCASB
AX=0000 BX=1DB6 CX=7FF4 DX=00F4 SP=0B24 BP=0000 SI=0071 DI=006D
DS=0F18 ES=0DAC SS=0F18 CS=0E06 IP=01A5 NV UP EI PL ZR NA PE NC
0E06:01A5 7521              JNZ     01C8
AX=0000 BX=1DB6 CX=7FF4 DX=00F4 SP=0B24 BP=0000 SI=0071 DI=006D
DS=0F18 ES=0DAC SS=0F18 CS=0E06 IP=01A7 NV UP EI PL ZR NA PE NC
0E06:01A7 EBE5              JMP     018E
AX=0000 BX=1DB6 CX=7FF4 DX=00F4 SP=0B24 BP=0000 SI=0071 DI=006D
DS=0F18 ES=0DAC SS=0F18 CS=0E06 IP=018E NV UP EI PL ZR NA PE NC
0E06:018E 26803D00          CMP     BYTE PTR ES:[DI],00              ES:006D=42
AX=0000 BX=1DB6 CX=7FF4 DX=00F4 SP=0B24 BP=0000 SI=0071 DI=006D
DS=0F18 ES=0DAC SS=0F18 CS=0E06 IP=0192 NV UP EI PL NZ NA PE NC
0E06:0192 7434              JZ      01C8
AX=0000 BX=1DB6 CX=7FF4 DX=00F4 SP=0B24 BP=0000 SI=0071 DI=006D
DS=0F18 ES=0DAC SS=0F18 CS=0E06 IP=0194 NV UP EI PL NZ NA PE NC
0E06:0194 B90D00            MOV     CX,000D
AX=0000 BX=1DB6 CX=000D DX=00F4 SP=0B24 BP=0000 SI=0071 DI=006D
DS=0F18 ES=0DAC SS=0F18 CS=0E06 IP=0197 NV UP EI PL NZ NA PE NC
0E06:0197 BE7000            MOV     SI,0070
AX=0000 BX=1DB6 CX=000D DX=00F4 SP=0B24 BP=0000 SI=0070 DI=006D
DS=0F18 ES=0DAC SS=0F18 CS=0E06 IP=019A NV UP EI PL NZ NA PE NC
0E06:019A F3A6              REPE    CMPSB
AX=0000 BX=1DB6 CX=000C DX=00F4 SP=0B24 BP=0000 SI=0071 DI=006E
DS=0F18 ES=0DAC SS=0F18 CS=0E06 IP=019C NV UP EI PL NZ NA PE NC
0E06:019C 740B              JZ      01A9
AX=0000 BX=1DB6 CX=000C DX=00F4 SP=0B24 BP=0000 SI=0071 DI=006E
DS=0F18 ES=0DAC SS=0F18 CS=0E06 IP=019E NV UP EI PL NZ NA PE NC
0E06:019E B9FF7F            MOV     CX,7FFF
AX=0000 BX=1DB6 CX=7FFF DX=00F4 SP=0B24 BP=0000 SI=0071 DI=006E
DS=0F18 ES=0DAC SS=0F18 CS=0E06 IP=01A1 NV UP EI PL NZ NA PE NC
0E06:01A1 33C0              XOR     AX,AX
AX=0000 BX=1DB6 CX=7FFF DX=00F4 SP=0B24 BP=0000 SI=0071 DI=006E
DS=0F18 ES=0DAC SS=0F18 CS=0E06 IP=01A3 NV UP EI PL ZR NA PE NC
0E06:01A3 F2AE              REPNE   SCASB
AX=0000 BX=1DB6 CX=7FFE DX=00F4 SP=0B24 BP=0000 SI=0071 DI=006F
DS=0F18 ES=0DAC SS=0F18 CS=0E06 IP=01A3 NV UP EI NG NZ AC PE CY
0E06:01A3 F2AE              REPNE   SCASB
AX=0000 BX=1DB6 CX=7FFD DX=00F4 SP=0B24 BP=0000 SI=0071 DI=0070
DS=0F18 ES=0DAC SS=0F18 CS=0E06 IP=01A3 NV UP EI NG NZ AC PO CY
0E06:01A3 F2AE              REPNE   SCASB
AX=0000 BX=1DB6 CX=7FFC DX=00F4 SP=0B24 BP=0000 SI=0071 DI=0071
DS=0F18 ES=0DAC SS=0F18 CS=0E06 IP=01A3 NV UP EI NG NZ AC PO CY
0E06:01A3 F2AE              REPNE   SCASB
AX=0000 BX=1DB6 CX=7FFB DX=00F4 SP=0B24 BP=0000 SI=0071 DI=0072
DS=0F18 ES=0DAC SS=0F18 CS=0E06 IP=01A3 NV UP EI NG NZ AC PE CY
0E06:01A3 F2AE              REPNE   SCASB
AX=0000 BX=1DB6 CX=7FFA DX=00F4 SP=0B24 BP=0000 SI=0071 DI=0073
DS=0F18 ES=0DAC SS=0F18 CS=0E06 IP=01A3 NV UP EI NG NZ AC PE CY
0E06:01A3 F2AE              REPNE   SCASB
AX=0000 BX=1DB6 CX=7FF9 DX=00F4 SP=0B24 BP=0000 SI=0071 DI=0074
DS=0F18 ES=0DAC SS=0F18 CS=0E06 IP=01A3 NV UP EI NG NZ AC PO CY
0E06:01A3 F2AE              REPNE   SCASB
AX=0000 BX=1DB6 CX=7FF8 DX=00F4 SP=0B24 BP=0000 SI=0071 DI=0075
DS=0F18 ES=0DAC SS=0F18 CS=0E06 IP=01A3 NV UP EI NG NZ AC PE CY
0E06:01A3 F2AE              REPNE   SCASB
AX=0000 BX=1DB6 CX=7FF7 DX=00F4 SP=0B24 BP=0000 SI=0071 DI=0076
DS=0F18 ES=0DAC SS=0F18 CS=0E06 IP=01A3 NV UP EI NG NZ AC PO CY
0E06:01A3 F2AE              REPNE   SCASB
AX=0000 BX=1DB6 CX=7FF6 DX=00F4 SP=0B24 BP=0000 SI=0071 DI=0077
DS=0F18 ES=0DAC SS=0F18 CS=0E06 IP=01A3 NV UP EI NG NZ AC PO CY
0E06:01A3 F2AE              REPNE   SCASB
AX=0000 BX=1DB6 CX=7FF5 DX=00F4 SP=0B24 BP=0000 SI=0071 DI=0078
DS=0F18 ES=0DAC SS=0F18 CS=0E06 IP=01A3 NV UP EI NG NZ AC PO CY
0E06:01A3 F2AE              REPNE   SCASB
AX=0000 BX=1DB6 CX=7FF4 DX=00F4 SP=0B24 BP=0000 SI=0071 DI=0079
DS=0F18 ES=0DAC SS=0F18 CS=0E06 IP=01A3 NV UP EI NG NZ NA PO CY
0E06:01A3 F2AE              REPNE   SCASB
AX=0000 BX=1DB6 CX=7FF3 DX=00F4 SP=0B24 BP=0000 SI=0071 DI=007A
DS=0F18 ES=0DAC SS=0F18 CS=0E06 IP=01A3 NV UP EI NG NZ NA PO CY
0E06:01A3 F2AE              REPNE   SCASB
AX=0000 BX=1DB6 CX=7FF2 DX=00F4 SP=0B24 BP=0000 SI=0071 DI=007B
DS=0F18 ES=0DAC SS=0F18 CS=0E06 IP=01A3 NV UP EI NG NZ AC PE CY
0E06:01A3 F2AE              REPNE   SCASB
AX=0000 BX=1DB6 CX=7FF1 DX=00F4 SP=0B24 BP=0000 SI=0071 DI=007C
DS=0F18 ES=0DAC SS=0F18 CS=0E06 IP=01A3 NV UP EI NG NZ AC PE CY
0E06:01A3 F2AE              REPNE   SCASB
AX=0000 BX=1DB6 CX=7FF0 DX=00F4 SP=0B24 BP=0000 SI=0071 DI=007D
DS=0F18 ES=0DAC SS=0F18 CS=0E06 IP=01A3 NV UP EI NG NZ NA PO CY
0E06:01A3 F2AE              REPNE   SCASB
AX=0000 BX=1DB6 CX=7FEF DX=00F4 SP=0B24 BP=0000 SI=0071 DI=007E
DS=0F18 ES=0DAC SS=0F18 CS=0E06 IP=01A3 NV UP EI NG NZ AC PO CY
0E06:01A3 F2AE              REPNE   SCASB
AX=0000 BX=1DB6 CX=7FEE DX=00F4 SP=0B24 BP=0000 SI=0071 DI=007F
DS=0F18 ES=0DAC SS=0F18 CS=0E06 IP=01A3 NV UP EI NG NZ AC PE CY
0E06:01A3 F2AE              REPNE   SCASB
AX=0000 BX=1DB6 CX=7FED DX=00F4 SP=0B24 BP=0000 SI=0071 DI=0080
DS=0F18 ES=0DAC SS=0F18 CS=0E06 IP=01A3 NV UP EI NG NZ NA PO CY
0E06:01A3 F2AE              REPNE   SCASB
AX=0000 BX=1DB6 CX=7FEC DX=00F4 SP=0B24 BP=0000 SI=0071 DI=0081
DS=0F18 ES=0DAC SS=0F18 CS=0E06 IP=01A3 NV UP EI NG NZ AC PE CY
0E06:01A3 F2AE              REPNE   SCASB
AX=0000 BX=1DB6 CX=7FEB DX=00F4 SP=0B24 BP=0000 SI=0071 DI=0082
DS=0F18 ES=0DAC SS=0F18 CS=0E06 IP=01A3 NV UP EI NG NZ AC PO CY
0E06:01A3 F2AE              REPNE   SCASB
AX=0000 BX=1DB6 CX=7FEA DX=00F4 SP=0B24 BP=0000 SI=0071 DI=0083
DS=0F18 ES=0DAC SS=0F18 CS=0E06 IP=01A3 NV UP EI NG NZ NA PO CY
0E06:01A3 F2AE              REPNE   SCASB
AX=0000 BX=1DB6 CX=7FE9 DX=00F4 SP=0B24 BP=0000 SI=0071 DI=0084
DS=0F18 ES=0DAC SS=0F18 CS=0E06 IP=01A3 NV UP EI NG NZ NA PO CY
0E06:01A3 F2AE              REPNE   SCASB
AX=0000 BX=1DB6 CX=7FE8 DX=00F4 SP=0B24 BP=0000 SI=0071 DI=0085
DS=0F18 ES=0DAC SS=0F18 CS=0E06 IP=01A3 NV UP EI NG NZ AC PO CY
0E06:01A3 F2AE              REPNE   SCASB
AX=0000 BX=1DB6 CX=7FE7 DX=00F4 SP=0B24 BP=0000 SI=0071 DI=0086
DS=0F18 ES=0DAC SS=0F18 CS=0E06 IP=01A3 NV UP EI NG NZ AC PO CY
0E06:01A3 F2AE              REPNE   SCASB
AX=0000 BX=1DB6 CX=7FE6 DX=00F4 SP=0B24 BP=0000 SI=0071 DI=0087
DS=0F18 ES=0DAC SS=0F18 CS=0E06 IP=01A3 NV UP EI NG NZ NA PO CY
0E06:01A3 F2AE              REPNE   SCASB
AX=0000 BX=1DB6 CX=7FE5 DX=00F4 SP=0B24 BP=0000 SI=0071 DI=0088
DS=0F18 ES=0DAC SS=0F18 CS=0E06 IP=01A3 NV UP EI NG NZ NA PO CY
0E06:01A3 F2AE              REPNE   SCASB
AX=0000 BX=1DB6 CX=7FE4 DX=00F4 SP=0B24 BP=0000 SI=0071 DI=0089
DS=0F18 ES=0DAC SS=0F18 CS=0E06 IP=01A3 NV UP EI NG NZ AC PE CY
0E06:01A3 F2AE              REPNE   SCASB
AX=0000 BX=1DB6 CX=7FE3 DX=00F4 SP=0B24 BP=0000 SI=0071 DI=008A
DS=0F18 ES=0DAC SS=0F18 CS=0E06 IP=01A3 NV UP EI NG NZ AC PE CY
0E06:01A3 F2AE              REPNE   SCASB
AX=0000 BX=1DB6 CX=7FE2 DX=00F4 SP=0B24 BP=0000 SI=0071 DI=008B
DS=0F18 ES=0DAC SS=0F18 CS=0E06 IP=01A5 NV UP EI PL ZR NA PE NC
0E06:01A5 7521              JNZ     01C8
AX=0000 BX=1DB6 CX=7FE2 DX=00F4 SP=0B24 BP=0000 SI=0071 DI=008B
DS=0F18 ES=0DAC SS=0F18 CS=0E06 IP=01A7 NV UP EI PL ZR NA PE NC
0E06:01A7 EBE5              JMP     018E
AX=0000 BX=1DB6 CX=7FE2 DX=00F4 SP=0B24 BP=0000 SI=0071 DI=008B
DS=0F18 ES=0DAC SS=0F18 CS=0E06 IP=018E NV UP EI PL ZR NA PE NC
0E06:018E 26803D00          CMP     BYTE PTR ES:[DI],00              ES:008B=00
AX=0000 BX=1DB6 CX=7FE2 DX=00F4 SP=0B24 BP=0000 SI=0071 DI=008B
DS=0F18 ES=0DAC SS=0F18 CS=0E06 IP=0192 NV UP EI PL ZR NA PE NC
0E06:0192 7434              JZ      01C8
AX=0000 BX=1DB6 CX=7FE2 DX=00F4 SP=0B24 BP=0000 SI=0071 DI=008B
DS=0F18 ES=0DAC SS=0F18 CS=0E06 IP=01C8 NV UP EI PL ZR NA PE NC
0E06:01C8 BB0400            MOV     BX,0004
AX=0000 BX=0004 CX=7FE2 DX=00F4 SP=0B24 BP=0000 SI=0071 DI=008B
DS=0F18 ES=0DAC SS=0F18 CS=0E06 IP=01CB NV UP EI PL ZR NA PE NC
0E06:01CB 80A79E00BF        AND     BYTE PTR [BX+009E],BF            DS:00A2=01
AX=0000 BX=0004 CX=7FE2 DX=00F4 SP=0B24 BP=0000 SI=0071 DI=008B
DS=0F18 ES=0DAC SS=0F18 CS=0E06 IP=01D0 NV UP EI PL NZ NA PO NC
0E06:01D0 B80044            MOV     AX,4400
AX=4400 BX=0004 CX=7FE2 DX=00F4 SP=0B24 BP=0000 SI=0071 DI=008B
DS=0F18 ES=0DAC SS=0F18 CS=0E06 IP=01D3 NV UP EI PL NZ NA PO NC
0E06:01D3 CD21              INT     21
AX=80A0 BX=0004 CX=7FE2 DX=80A0 SP=0B24 BP=0000 SI=0071 DI=008B
DS=0F18 ES=0DAC SS=0F18 CS=0E06 IP=01D5 NV UP EI PL NZ NA PO NC
0E06:01D5 720A              JB      01E1
AX=80A0 BX=0004 CX=7FE2 DX=80A0 SP=0B24 BP=0000 SI=0071 DI=008B
DS=0F18 ES=0DAC SS=0F18 CS=0E06 IP=01D7 NV UP EI PL NZ NA PO NC
0E06:01D7 F6C280            TEST    DL,80
AX=80A0 BX=0004 CX=7FE2 DX=80A0 SP=0B24 BP=0000 SI=0071 DI=008B
DS=0F18 ES=0DAC SS=0F18 CS=0E06 IP=01DA NV UP EI NG NZ NA PO NC
0E06:01DA 7405              JZ      01E1
AX=80A0 BX=0004 CX=7FE2 DX=80A0 SP=0B24 BP=0000 SI=0071 DI=008B
DS=0F18 ES=0DAC SS=0F18 CS=0E06 IP=01DC NV UP EI NG NZ NA PO NC
0E06:01DC 808F9E0040        OR      BYTE PTR [BX+009E],40            DS:00A2=01
AX=80A0 BX=0004 CX=7FE2 DX=80A0 SP=0B24 BP=0000 SI=0071 DI=008B
DS=0F18 ES=0DAC SS=0F18 CS=0E06 IP=01E1 NV UP EI PL NZ NA PE NC
0E06:01E1 4B                DEC     BX
AX=80A0 BX=0003 CX=7FE2 DX=80A0 SP=0B24 BP=0000 SI=0071 DI=008B
DS=0F18 ES=0DAC SS=0F18 CS=0E06 IP=01E2 NV UP EI PL NZ NA PE NC
0E06:01E2 79E7              JNS     01CB
AX=80A0 BX=0003 CX=7FE2 DX=80A0 SP=0B24 BP=0000 SI=0071 DI=008B
DS=0F18 ES=0DAC SS=0F18 CS=0E06 IP=01CB NV UP EI PL NZ NA PE NC
0E06:01CB 80A79E00BF        AND     BYTE PTR [BX+009E],BF            DS:00A1=01
AX=80A0 BX=0003 CX=7FE2 DX=80A0 SP=0B24 BP=0000 SI=0071 DI=008B
DS=0F18 ES=0DAC SS=0F18 CS=0E06 IP=01D0 NV UP EI PL NZ NA PO NC
0E06:01D0 B80044            MOV     AX,4400
AX=4400 BX=0003 CX=7FE2 DX=80A0 SP=0B24 BP=0000 SI=0071 DI=008B
DS=0F18 ES=0DAC SS=0F18 CS=0E06 IP=01D3 NV UP EI PL NZ NA PO NC
0E06:01D3 CD21              INT     21
AX=80D3 BX=0003 CX=7FE2 DX=80D3 SP=0B24 BP=0000 SI=0071 DI=008B
DS=0F18 ES=0DAC SS=0F18 CS=0E06 IP=01D5 NV UP EI PL NZ NA PO NC
0E06:01D5 720A              JB      01E1
AX=80D3 BX=0003 CX=7FE2 DX=80D3 SP=0B24 BP=0000 SI=0071 DI=008B
DS=0F18 ES=0DAC SS=0F18 CS=0E06 IP=01D7 NV UP EI PL NZ NA PO NC
0E06:01D7 F6C280            TEST    DL,80
AX=80D3 BX=0003 CX=7FE2 DX=80D3 SP=0B24 BP=0000 SI=0071 DI=008B
DS=0F18 ES=0DAC SS=0F18 CS=0E06 IP=01DA NV UP EI NG NZ NA PO NC
0E06:01DA 7405              JZ      01E1
AX=80D3 BX=0003 CX=7FE2 DX=80D3 SP=0B24 BP=0000 SI=0071 DI=008B
DS=0F18 ES=0DAC SS=0F18 CS=0E06 IP=01DC NV UP EI NG NZ NA PO NC
0E06:01DC 808F9E0040        OR      BYTE PTR [BX+009E],40            DS:00A1=01
AX=80D3 BX=0003 CX=7FE2 DX=80D3 SP=0B24 BP=0000 SI=0071 DI=008B
DS=0F18 ES=0DAC SS=0F18 CS=0E06 IP=01E1 NV UP EI PL NZ NA PE NC
0E06:01E1 4B                DEC     BX
AX=80D3 BX=0002 CX=7FE2 DX=80D3 SP=0B24 BP=0000 SI=0071 DI=008B
DS=0F18 ES=0DAC SS=0F18 CS=0E06 IP=01E2 NV UP EI PL NZ NA PO NC
0E06:01E2 79E7              JNS     01CB
AX=80D3 BX=0002 CX=7FE2 DX=80D3 SP=0B24 BP=0000 SI=0071 DI=008B
DS=0F18 ES=0DAC SS=0F18 CS=0E06 IP=01CB NV UP EI PL NZ NA PO NC
0E06:01CB 80A79E00BF        AND     BYTE PTR [BX+009E],BF            DS:00A0=81
AX=80D3 BX=0002 CX=7FE2 DX=80D3 SP=0B24 BP=0000 SI=0071 DI=008B
DS=0F18 ES=0DAC SS=0F18 CS=0E06 IP=01D0 NV UP EI NG NZ NA PE NC
0E06:01D0 B80044            MOV     AX,4400
AX=4400 BX=0002 CX=7FE2 DX=80D3 SP=0B24 BP=0000 SI=0071 DI=008B
DS=0F18 ES=0DAC SS=0F18 CS=0E06 IP=01D3 NV UP EI NG NZ NA PE NC
0E06:01D3 CD21              INT     21
AX=80D3 BX=0002 CX=7FE2 DX=80D3 SP=0B24 BP=0000 SI=0071 DI=008B
DS=0F18 ES=0DAC SS=0F18 CS=0E06 IP=01D5 NV UP EI NG NZ NA PE NC
0E06:01D5 720A              JB      01E1
AX=80D3 BX=0002 CX=7FE2 DX=80D3 SP=0B24 BP=0000 SI=0071 DI=008B
DS=0F18 ES=0DAC SS=0F18 CS=0E06 IP=01D7 NV UP EI NG NZ NA PE NC
0E06:01D7 F6C280            TEST    DL,80
AX=80D3 BX=0002 CX=7FE2 DX=80D3 SP=0B24 BP=0000 SI=0071 DI=008B
DS=0F18 ES=0DAC SS=0F18 CS=0E06 IP=01DA NV UP EI NG NZ NA PO NC
0E06:01DA 7405              JZ      01E1
AX=80D3 BX=0002 CX=7FE2 DX=80D3 SP=0B24 BP=0000 SI=0071 DI=008B
DS=0F18 ES=0DAC SS=0F18 CS=0E06 IP=01DC NV UP EI NG NZ NA PO NC
0E06:01DC 808F9E0040        OR      BYTE PTR [BX+009E],40            DS:00A0=81
AX=80D3 BX=0002 CX=7FE2 DX=80D3 SP=0B24 BP=0000 SI=0071 DI=008B
DS=0F18 ES=0DAC SS=0F18 CS=0E06 IP=01E1 NV UP EI NG NZ NA PO NC
0E06:01E1 4B                DEC     BX
AX=80D3 BX=0001 CX=7FE2 DX=80D3 SP=0B24 BP=0000 SI=0071 DI=008B
DS=0F18 ES=0DAC SS=0F18 CS=0E06 IP=01E2 NV UP EI PL NZ NA PO NC
0E06:01E2 79E7              JNS     01CB
AX=80D3 BX=0001 CX=7FE2 DX=80D3 SP=0B24 BP=0000 SI=0071 DI=008B
DS=0F18 ES=0DAC SS=0F18 CS=0E06 IP=01CB NV UP EI PL NZ NA PO NC
0E06:01CB 80A79E00BF        AND     BYTE PTR [BX+009E],BF            DS:009F=81
AX=80D3 BX=0001 CX=7FE2 DX=80D3 SP=0B24 BP=0000 SI=0071 DI=008B
DS=0F18 ES=0DAC SS=0F18 CS=0E06 IP=01D0 NV UP EI NG NZ NA PE NC
0E06:01D0 B80044            MOV     AX,4400
AX=4400 BX=0001 CX=7FE2 DX=80D3 SP=0B24 BP=0000 SI=0071 DI=008B
DS=0F18 ES=0DAC SS=0F18 CS=0E06 IP=01D3 NV UP EI NG NZ NA PE NC
0E06:01D3 CD21              INT     21
AX=0003 BX=0001 CX=7FE2 DX=0003 SP=0B24 BP=0000 SI=0071 DI=008B
DS=0F18 ES=0DAC SS=0F18 CS=0E06 IP=01D5 NV UP EI NG NZ NA PE NC
0E06:01D5 720A              JB      01E1
AX=0003 BX=0001 CX=7FE2 DX=0003 SP=0B24 BP=0000 SI=0071 DI=008B
DS=0F18 ES=0DAC SS=0F18 CS=0E06 IP=01D7 NV UP EI NG NZ NA PE NC
0E06:01D7 F6C280            TEST    DL,80
AX=0003 BX=0001 CX=7FE2 DX=0003 SP=0B24 BP=0000 SI=0071 DI=008B
DS=0F18 ES=0DAC SS=0F18 CS=0E06 IP=01DA NV UP EI PL ZR NA PE NC
0E06:01DA 7405              JZ      01E1
AX=0003 BX=0001 CX=7FE2 DX=0003 SP=0B24 BP=0000 SI=0071 DI=008B
DS=0F18 ES=0DAC SS=0F18 CS=0E06 IP=01E1 NV UP EI PL ZR NA PE NC
0E06:01E1 4B                DEC     BX
AX=0003 BX=0000 CX=7FE2 DX=0003 SP=0B24 BP=0000 SI=0071 DI=008B
DS=0F18 ES=0DAC SS=0F18 CS=0E06 IP=01E2 NV UP EI PL ZR NA PE NC
0E06:01E2 79E7              JNS     01CB
AX=0003 BX=0000 CX=7FE2 DX=0003 SP=0B24 BP=0000 SI=0071 DI=008B
DS=0F18 ES=0DAC SS=0F18 CS=0E06 IP=01CB NV UP EI PL ZR NA PE NC
0E06:01CB 80A79E00BF        AND     BYTE PTR [BX+009E],BF            DS:009E=81
AX=0003 BX=0000 CX=7FE2 DX=0003 SP=0B24 BP=0000 SI=0071 DI=008B
DS=0F18 ES=0DAC SS=0F18 CS=0E06 IP=01D0 NV UP EI NG NZ NA PE NC
0E06:01D0 B80044            MOV     AX,4400
AX=4400 BX=0000 CX=7FE2 DX=0003 SP=0B24 BP=0000 SI=0071 DI=008B
DS=0F18 ES=0DAC SS=0F18 CS=0E06 IP=01D3 NV UP EI NG NZ NA PE NC
0E06:01D3 CD21              INT     21
AX=0003 BX=0000 CX=7FE2 DX=0003 SP=0B24 BP=0000 SI=0071 DI=008B
DS=0F18 ES=0DAC SS=0F18 CS=0E06 IP=01D5 NV UP EI NG NZ NA PE NC
0E06:01D5 720A              JB      01E1
AX=0003 BX=0000 CX=7FE2 DX=0003 SP=0B24 BP=0000 SI=0071 DI=008B
DS=0F18 ES=0DAC SS=0F18 CS=0E06 IP=01D7 NV UP EI NG NZ NA PE NC
0E06:01D7 F6C280            TEST    DL,80
AX=0003 BX=0000 CX=7FE2 DX=0003 SP=0B24 BP=0000 SI=0071 DI=008B
DS=0F18 ES=0DAC SS=0F18 CS=0E06 IP=01DA NV UP EI PL ZR NA PE NC
0E06:01DA 7405              JZ      01E1
AX=0003 BX=0000 CX=7FE2 DX=0003 SP=0B24 BP=0000 SI=0071 DI=008B
DS=0F18 ES=0DAC SS=0F18 CS=0E06 IP=01E1 NV UP EI PL ZR NA PE NC
0E06:01E1 4B                DEC     BX
AX=0003 BX=FFFF CX=7FE2 DX=0003 SP=0B24 BP=0000 SI=0071 DI=008B
DS=0F18 ES=0DAC SS=0F18 CS=0E06 IP=01E2 NV UP EI NG NZ AC PE NC
0E06:01E2 79E7              JNS     01CB
AX=0003 BX=FFFF CX=7FE2 DX=0003 SP=0B24 BP=0000 SI=0071 DI=008B
DS=0F18 ES=0DAC SS=0F18 CS=0E06 IP=01E4 NV UP EI NG NZ AC PE NC
0E06:01E4 BE5202            MOV     SI,0252
AX=0003 BX=FFFF CX=7FE2 DX=0003 SP=0B24 BP=0000 SI=0252 DI=008B
DS=0F18 ES=0DAC SS=0F18 CS=0E06 IP=01E7 NV UP EI NG NZ AC PE NC
0E06:01E7 BF5202            MOV     DI,0252
AX=0003 BX=FFFF CX=7FE2 DX=0003 SP=0B24 BP=0000 SI=0252 DI=0252
DS=0F18 ES=0DAC SS=0F18 CS=0E06 IP=01EA NV UP EI NG NZ AC PE NC
0E06:01EA E8C900            CALL    02B6
AX=0003 BX=FFFF CX=7FE2 DX=0003 SP=0B22 BP=0000 SI=0252 DI=0252
DS=0F18 ES=0DAC SS=0F18 CS=0E06 IP=02B6 NV UP EI NG NZ AC PE NC
0E06:02B6 3BF7              CMP     SI,DI
AX=0003 BX=FFFF CX=7FE2 DX=0003 SP=0B22 BP=0000 SI=0252 DI=0252
DS=0F18 ES=0DAC SS=0F18 CS=0E06 IP=02B8 NV UP EI PL ZR NA PE NC
0E06:02B8 730E              JAE     02C8
AX=0003 BX=FFFF CX=7FE2 DX=0003 SP=0B22 BP=0000 SI=0252 DI=0252
DS=0F18 ES=0DAC SS=0F18 CS=0E06 IP=02C8 NV UP EI PL ZR NA PE NC
0E06:02C8 C3                RET
AX=0003 BX=FFFF CX=7FE2 DX=0003 SP=0B24 BP=0000 SI=0252 DI=0252
DS=0F18 ES=0DAC SS=0F18 CS=0E06 IP=01ED NV UP EI PL ZR NA PE NC
0E06:01ED BE5202            MOV     SI,0252
AX=0003 BX=FFFF CX=7FE2 DX=0003 SP=0B24 BP=0000 SI=0252 DI=0252
DS=0F18 ES=0DAC SS=0F18 CS=0E06 IP=01F0 NV UP EI PL ZR NA PE NC
0E06:01F0 BF5202            MOV     DI,0252
AX=0003 BX=FFFF CX=7FE2 DX=0003 SP=0B24 BP=0000 SI=0252 DI=0252
DS=0F18 ES=0DAC SS=0F18 CS=0E06 IP=01F3 NV UP EI PL ZR NA PE NC
0E06:01F3 E8B100            CALL    02A7
AX=0003 BX=FFFF CX=7FE2 DX=0003 SP=0B22 BP=0000 SI=0252 DI=0252
DS=0F18 ES=0DAC SS=0F18 CS=0E06 IP=02A7 NV UP EI PL ZR NA PE NC
0E06:02A7 3BF7              CMP     SI,DI
AX=0003 BX=FFFF CX=7FE2 DX=0003 SP=0B22 BP=0000 SI=0252 DI=0252
DS=0F18 ES=0DAC SS=0F18 CS=0E06 IP=02A9 NV UP EI PL ZR NA PE NC
0E06:02A9 730A              JAE     02B5
AX=0003 BX=FFFF CX=7FE2 DX=0003 SP=0B22 BP=0000 SI=0252 DI=0252
DS=0F18 ES=0DAC SS=0F18 CS=0E06 IP=02B5 NV UP EI PL ZR NA PE NC
0E06:02B5 C3                RET
AX=0003 BX=FFFF CX=7FE2 DX=0003 SP=0B24 BP=0000 SI=0252 DI=0252
DS=0F18 ES=0DAC SS=0F18 CS=0E06 IP=01F6 NV UP EI PL ZR NA PE NC
0E06:01F6 BE5402            MOV     SI,0254
AX=0003 BX=FFFF CX=7FE2 DX=0003 SP=0B24 BP=0000 SI=0254 DI=0252
DS=0F18 ES=0DAC SS=0F18 CS=0E06 IP=01F9 NV UP EI PL ZR NA PE NC
0E06:01F9 BF5402            MOV     DI,0254
AX=0003 BX=FFFF CX=7FE2 DX=0003 SP=0B24 BP=0000 SI=0254 DI=0254
DS=0F18 ES=0DAC SS=0F18 CS=0E06 IP=01FC NV UP EI PL ZR NA PE NC
0E06:01FC E8B700            CALL    02B6
AX=0003 BX=FFFF CX=7FE2 DX=0003 SP=0B22 BP=0000 SI=0254 DI=0254
DS=0F18 ES=0DAC SS=0F18 CS=0E06 IP=02B6 NV UP EI PL ZR NA PE NC
0E06:02B6 3BF7              CMP     SI,DI
AX=0003 BX=FFFF CX=7FE2 DX=0003 SP=0B22 BP=0000 SI=0254 DI=0254
DS=0F18 ES=0DAC SS=0F18 CS=0E06 IP=02B8 NV UP EI PL ZR NA PE NC
0E06:02B8 730E              JAE     02C8
AX=0003 BX=FFFF CX=7FE2 DX=0003 SP=0B22 BP=0000 SI=0254 DI=0254
DS=0F18 ES=0DAC SS=0F18 CS=0E06 IP=02C8 NV UP EI PL ZR NA PE NC
0E06:02C8 C3                RET
AX=0003 BX=FFFF CX=7FE2 DX=0003 SP=0B24 BP=0000 SI=0254 DI=0254
DS=0F18 ES=0DAC SS=0F18 CS=0E06 IP=01FF NV UP EI PL ZR NA PE NC
0E06:01FF C3                RET
AX=0003 BX=FFFF CX=7FE2 DX=0003 SP=0B26 BP=0000 SI=0254 DI=0254
DS=0F18 ES=0DAC SS=0F18 CS=0E06 IP=00DE NV UP EI PL ZR NA PE NC
0E06:00DE 16                PUSH    SS
AX=0003 BX=FFFF CX=7FE2 DX=0003 SP=0B24 BP=0000 SI=0254 DI=0254
DS=0F18 ES=0DAC SS=0F18 CS=0E06 IP=00DF NV UP EI PL ZR NA PE NC
0E06:00DF 1F                POP     DS
AX=0003 BX=FFFF CX=7FE2 DX=0003 SP=0B26 BP=0000 SI=0254 DI=0254
DS=0F18 ES=0DAC SS=0F18 CS=0E06 IP=00E0 NV UP EI PL ZR NA PE NC
0E06:00E0 FF36B600          PUSH    WORD PTR [00B6]                DS:00B6=0BCA
AX=0003 BX=FFFF CX=7FE2 DX=0003 SP=0B24 BP=0000 SI=0254 DI=0254
DS=0F18 ES=0DAC SS=0F18 CS=0E06 IP=00E4 NV UP EI PL ZR NA PE NC
0E06:00E4 FF36B400          PUSH    WORD PTR [00B4]                DS:00B4=0B26
AX=0003 BX=FFFF CX=7FE2 DX=0003 SP=0B22 BP=0000 SI=0254 DI=0254
DS=0F18 ES=0DAC SS=0F18 CS=0E06 IP=00E8 NV UP EI PL ZR NA PE NC
0E06:00E8 FF36B200          PUSH    WORD PTR [00B2]                DS:00B2=0001
AX=0003 BX=FFFF CX=7FE2 DX=0003 SP=0B20 BP=0000 SI=0254 DI=0254
DS=0F18 ES=0DAC SS=0F18 CS=0E06 IP=00EC NV UP EI PL ZR NA PE NC
0E06:00EC E821FF            CALL    0010
AX=0003 BX=FFFF CX=7FE2 DX=0003 SP=0B1E BP=0000 SI=0254 DI=0254
DS=0F18 ES=0DAC SS=0F18 CS=0E06 IP=0010 NV UP EI PL ZR NA PE NC
0E06:0010 55                PUSH    BP
AX=0003 BX=FFFF CX=7FE2 DX=0003 SP=0B1C BP=0000 SI=0254 DI=0254
DS=0F18 ES=0DAC SS=0F18 CS=0E06 IP=0011 NV UP EI PL ZR NA PE NC
0E06:0011 8BEC              MOV     BP,SP
AX=0003 BX=FFFF CX=7FE2 DX=0003 SP=0B1C BP=0B1C SI=0254 DI=0254
DS=0F18 ES=0DAC SS=0F18 CS=0E06 IP=0013 NV UP EI PL ZR NA PE NC
0E06:0013 B80200            MOV     AX,0002
AX=0002 BX=FFFF CX=7FE2 DX=0003 SP=0B1C BP=0B1C SI=0254 DI=0254
DS=0F18 ES=0DAC SS=0F18 CS=0E06 IP=0016 NV UP EI PL ZR NA PE NC
0E06:0016 E8D702            CALL    02F0
AX=0002 BX=FFFF CX=7FE2 DX=0003 SP=0B1A BP=0B1C SI=0254 DI=0254
DS=0F18 ES=0DAC SS=0F18 CS=0E06 IP=02F0 NV UP EI PL ZR NA PE NC
0E06:02F0 59                POP     CX
AX=0002 BX=FFFF CX=0019 DX=0003 SP=0B1C BP=0B1C SI=0254 DI=0254
DS=0F18 ES=0DAC SS=0F18 CS=0E06 IP=02F1 NV UP EI PL ZR NA PE NC
0E06:02F1 8BDC              MOV     BX,SP
AX=0002 BX=0B1C CX=0019 DX=0003 SP=0B1C BP=0B1C SI=0254 DI=0254
DS=0F18 ES=0DAC SS=0F18 CS=0E06 IP=02F3 NV UP EI PL ZR NA PE NC
0E06:02F3 2BD8              SUB     BX,AX
AX=0002 BX=0B1A CX=0019 DX=0003 SP=0B1C BP=0B1C SI=0254 DI=0254
DS=0F18 ES=0DAC SS=0F18 CS=0E06 IP=02F5 NV UP EI PL NZ NA PO NC
0E06:02F5 720A              JB      0301
AX=0002 BX=0B1A CX=0019 DX=0003 SP=0B1C BP=0B1C SI=0254 DI=0254
DS=0F18 ES=0DAC SS=0F18 CS=0E06 IP=02F7 NV UP EI PL NZ NA PO NC
0E06:02F7 3B1ECA00          CMP     BX,[00CA]                      DS:00CA=0440
AX=0002 BX=0B1A CX=0019 DX=0003 SP=0B1C BP=0B1C SI=0254 DI=0254
DS=0F18 ES=0DAC SS=0F18 CS=0E06 IP=02FB NV UP EI PL NZ NA PO NC
0E06:02FB 7204              JB      0301
AX=0002 BX=0B1A CX=0019 DX=0003 SP=0B1C BP=0B1C SI=0254 DI=0254
DS=0F18 ES=0DAC SS=0F18 CS=0E06 IP=02FD NV UP EI PL NZ NA PO NC
0E06:02FD 8BE3              MOV     SP,BX
AX=0002 BX=0B1A CX=0019 DX=0003 SP=0B1A BP=0B1C SI=0254 DI=0254
DS=0F18 ES=0DAC SS=0F18 CS=0E06 IP=02FF NV UP EI PL NZ NA PO NC
0E06:02FF FFE1              JMP     CX
AX=0002 BX=0B1A CX=0019 DX=0003 SP=0B1A BP=0B1C SI=0254 DI=0254
DS=0F18 ES=0DAC SS=0F18 CS=0E06 IP=0019 NV UP EI PL NZ NA PO NC
0E06:0019 56                PUSH    SI
AX=0002 BX=0B1A CX=0019 DX=0003 SP=0B18 BP=0B1C SI=0254 DI=0254
DS=0F18 ES=0DAC SS=0F18 CS=0E06 IP=001A NV UP EI PL NZ NA PO NC
0E06:001A 57                PUSH    DI
AX=0002 BX=0B1A CX=0019 DX=0003 SP=0B16 BP=0B1C SI=0254 DI=0254
DS=0F18 ES=0DAC SS=0F18 CS=0E06 IP=001B NV UP EI PL NZ NA PO NC
0E06:001B B84200            MOV     AX,0042
AX=0042 BX=0B1A CX=0019 DX=0003 SP=0B16 BP=0B1C SI=0254 DI=0254
DS=0F18 ES=0DAC SS=0F18 CS=0E06 IP=001E NV UP EI PL NZ NA PO NC
0E06:001E 50                PUSH    AX
AX=0042 BX=0B1A CX=0019 DX=0003 SP=0B14 BP=0B1C SI=0254 DI=0254
DS=0F18 ES=0DAC SS=0F18 CS=0E06 IP=001F NV UP EI PL NZ NA PO NC
0E06:001F E8520D            CALL    0D74
AX=0042 BX=0B1A CX=0019 DX=0003 SP=0B12 BP=0B1C SI=0254 DI=0254
DS=0F18 ES=0DAC SS=0F18 CS=0E06 IP=0D74 NV UP EI PL NZ NA PO NC
0E06:0D74 55                PUSH    BP
AX=0042 BX=0B1A CX=0019 DX=0003 SP=0B10 BP=0B1C SI=0254 DI=0254
DS=0F18 ES=0DAC SS=0F18 CS=0E06 IP=0D75 NV UP EI PL NZ NA PO NC
0E06:0D75 8BEC              MOV     BP,SP
AX=0042 BX=0B1A CX=0019 DX=0003 SP=0B10 BP=0B10 SI=0254 DI=0254
DS=0F18 ES=0DAC SS=0F18 CS=0E06 IP=0D77 NV UP EI PL NZ NA PO NC
0E06:0D77 83EC06            SUB     SP,+06
AX=0042 BX=0B1A CX=0019 DX=0003 SP=0B0A BP=0B10 SI=0254 DI=0254
DS=0F18 ES=0DAC SS=0F18 CS=0E06 IP=0D7A NV UP EI PL NZ AC PE NC
0E06:0D7A 57                PUSH    DI
AX=0042 BX=0B1A CX=0019 DX=0003 SP=0B08 BP=0B10 SI=0254 DI=0254
DS=0F18 ES=0DAC SS=0F18 CS=0E06 IP=0D7B NV UP EI PL NZ AC PE NC
0E06:0D7B 56                PUSH    SI
AX=0042 BX=0B1A CX=0019 DX=0003 SP=0B06 BP=0B10 SI=0254 DI=0254
DS=0F18 ES=0DAC SS=0F18 CS=0E06 IP=0D7C NV UP EI PL NZ AC PE NC
0E06:0D7C FF7604            PUSH    WORD PTR [BP+04]               SS:0B14=0042
AX=0042 BX=0B1A CX=0019 DX=0003 SP=0B04 BP=0B10 SI=0254 DI=0254
DS=0F18 ES=0DAC SS=0F18 CS=0E06 IP=0D7F NV UP EI PL NZ AC PE NC
0E06:0D7F E896FF            CALL    0D18
AX=0042 BX=0B1A CX=0019 DX=0003 SP=0B02 BP=0B10 SI=0254 DI=0254
DS=0F18 ES=0DAC SS=0F18 CS=0E06 IP=0D18 NV UP EI PL NZ AC PE NC
0E06:0D18 55                PUSH    BP
AX=0042 BX=0B1A CX=0019 DX=0003 SP=0B00 BP=0B10 SI=0254 DI=0254
DS=0F18 ES=0DAC SS=0F18 CS=0E06 IP=0D19 NV UP EI PL NZ AC PE NC
0E06:0D19 8BEC              MOV     BP,SP
AX=0042 BX=0B1A CX=0019 DX=0003 SP=0B00 BP=0B00 SI=0254 DI=0254
DS=0F18 ES=0DAC SS=0F18 CS=0E06 IP=0D1B NV UP EI PL NZ AC PE NC
0E06:0D1B 8BD7              MOV     DX,DI
AX=0042 BX=0B1A CX=0019 DX=0254 SP=0B00 BP=0B00 SI=0254 DI=0254
DS=0F18 ES=0DAC SS=0F18 CS=0E06 IP=0D1D NV UP EI PL NZ AC PE NC
0E06:0D1D 8CD8              MOV     AX,DS
AX=0F18 BX=0B1A CX=0019 DX=0254 SP=0B00 BP=0B00 SI=0254 DI=0254
DS=0F18 ES=0DAC SS=0F18 CS=0E06 IP=0D1F NV UP EI PL NZ AC PE NC
0E06:0D1F 8EC0              MOV     ES,AX
AX=0F18 BX=0B1A CX=0019 DX=0254 SP=0B00 BP=0B00 SI=0254 DI=0254
DS=0F18 ES=0F18 SS=0F18 CS=0E06 IP=0D21 NV UP EI PL NZ AC PE NC
0E06:0D21 8B7E04            MOV     DI,[BP+04]                     SS:0B04=0042
AX=0F18 BX=0B1A CX=0019 DX=0254 SP=0B00 BP=0B00 SI=0254 DI=0042
DS=0F18 ES=0F18 SS=0F18 CS=0E06 IP=0D24 NV UP EI PL NZ AC PE NC
0E06:0D24 33C0              XOR     AX,AX
AX=0000 BX=0B1A CX=0019 DX=0254 SP=0B00 BP=0B00 SI=0254 DI=0042
DS=0F18 ES=0F18 SS=0F18 CS=0E06 IP=0D26 NV UP EI PL ZR NA PE NC
0E06:0D26 B9FFFF            MOV     CX,FFFF
AX=0000 BX=0B1A CX=FFFF DX=0254 SP=0B00 BP=0B00 SI=0254 DI=0042
DS=0F18 ES=0F18 SS=0F18 CS=0E06 IP=0D29 NV UP EI PL ZR NA PE NC
0E06:0D29 F2AE              REPNE   SCASB
AX=0000 BX=0B1A CX=FFFE DX=0254 SP=0B00 BP=0B00 SI=0254 DI=0043
DS=0F18 ES=0F18 SS=0F18 CS=0E06 IP=0D29 NV UP EI NG NZ AC PE CY
0E06:0D29 F2AE              REPNE   SCASB
AX=0000 BX=0B1A CX=FFFD DX=0254 SP=0B00 BP=0B00 SI=0254 DI=0044
DS=0F18 ES=0F18 SS=0F18 CS=0E06 IP=0D29 NV UP EI NG NZ AC PO CY
0E06:0D29 F2AE              REPNE   SCASB
AX=0000 BX=0B1A CX=FFFC DX=0254 SP=0B00 BP=0B00 SI=0254 DI=0045
DS=0F18 ES=0F18 SS=0F18 CS=0E06 IP=0D29 NV UP EI NG NZ AC PO CY
0E06:0D29 F2AE              REPNE   SCASB
AX=0000 BX=0B1A CX=FFFB DX=0254 SP=0B00 BP=0B00 SI=0254 DI=0046
DS=0F18 ES=0F18 SS=0F18 CS=0E06 IP=0D29 NV UP EI NG NZ AC PO CY
0E06:0D29 F2AE              REPNE   SCASB
AX=0000 BX=0B1A CX=FFFA DX=0254 SP=0B00 BP=0B00 SI=0254 DI=0047
DS=0F18 ES=0F18 SS=0F18 CS=0E06 IP=0D29 NV UP EI NG NZ AC PO CY
0E06:0D29 F2AE              REPNE   SCASB
AX=0000 BX=0B1A CX=FFF9 DX=0254 SP=0B00 BP=0B00 SI=0254 DI=0048
DS=0F18 ES=0F18 SS=0F18 CS=0E06 IP=0D29 NV UP EI NG NZ NA PO CY
0E06:0D29 F2AE              REPNE   SCASB
AX=0000 BX=0B1A CX=FFF8 DX=0254 SP=0B00 BP=0B00 SI=0254 DI=0049
DS=0F18 ES=0F18 SS=0F18 CS=0E06 IP=0D29 NV UP EI NG NZ AC PE CY
0E06:0D29 F2AE              REPNE   SCASB
AX=0000 BX=0B1A CX=FFF7 DX=0254 SP=0B00 BP=0B00 SI=0254 DI=004A
DS=0F18 ES=0F18 SS=0F18 CS=0E06 IP=0D29 NV UP EI NG NZ AC PO CY
0E06:0D29 F2AE              REPNE   SCASB
AX=0000 BX=0B1A CX=FFF6 DX=0254 SP=0B00 BP=0B00 SI=0254 DI=004B
DS=0F18 ES=0F18 SS=0F18 CS=0E06 IP=0D29 NV UP EI NG NZ AC PE CY
0E06:0D29 F2AE              REPNE   SCASB
AX=0000 BX=0B1A CX=FFF5 DX=0254 SP=0B00 BP=0B00 SI=0254 DI=004C
DS=0F18 ES=0F18 SS=0F18 CS=0E06 IP=0D29 NV UP EI NG NZ AC PO CY
0E06:0D29 F2AE              REPNE   SCASB
AX=0000 BX=0B1A CX=FFF4 DX=0254 SP=0B00 BP=0B00 SI=0254 DI=004D
DS=0F18 ES=0F18 SS=0F18 CS=0E06 IP=0D29 NV UP EI NG NZ AC PE CY
0E06:0D29 F2AE              REPNE   SCASB
AX=0000 BX=0B1A CX=FFF3 DX=0254 SP=0B00 BP=0B00 SI=0254 DI=004E
DS=0F18 ES=0F18 SS=0F18 CS=0E06 IP=0D29 NV UP EI NG NZ AC PE CY
0E06:0D29 F2AE              REPNE   SCASB
AX=0000 BX=0B1A CX=FFF2 DX=0254 SP=0B00 BP=0B00 SI=0254 DI=004F
DS=0F18 ES=0F18 SS=0F18 CS=0E06 IP=0D29 NV UP EI NG NZ AC PE CY
0E06:0D29 F2AE              REPNE   SCASB
AX=0000 BX=0B1A CX=FFF1 DX=0254 SP=0B00 BP=0B00 SI=0254 DI=0050
DS=0F18 ES=0F18 SS=0F18 CS=0E06 IP=0D2B NV UP EI PL ZR NA PE NC
0E06:0D2B F7D1              NOT     CX
AX=0000 BX=0B1A CX=000E DX=0254 SP=0B00 BP=0B00 SI=0254 DI=0050
DS=0F18 ES=0F18 SS=0F18 CS=0E06 IP=0D2D NV UP EI PL ZR NA PE NC
0E06:0D2D 49                DEC     CX
AX=0000 BX=0B1A CX=000D DX=0254 SP=0B00 BP=0B00 SI=0254 DI=0050
DS=0F18 ES=0F18 SS=0F18 CS=0E06 IP=0D2E NV UP EI PL NZ NA PO NC
0E06:0D2E 91                XCHG    AX,CX
AX=000D BX=0B1A CX=0000 DX=0254 SP=0B00 BP=0B00 SI=0254 DI=0050
DS=0F18 ES=0F18 SS=0F18 CS=0E06 IP=0D2F NV UP EI PL NZ NA PO NC
0E06:0D2F 8BFA              MOV     DI,DX
AX=000D BX=0B1A CX=0000 DX=0254 SP=0B00 BP=0B00 SI=0254 DI=0254
DS=0F18 ES=0F18 SS=0F18 CS=0E06 IP=0D31 NV UP EI PL NZ NA PO NC
0E06:0D31 5D                POP     BP
AX=000D BX=0B1A CX=0000 DX=0254 SP=0B02 BP=0B10 SI=0254 DI=0254
DS=0F18 ES=0F18 SS=0F18 CS=0E06 IP=0D32 NV UP EI PL NZ NA PO NC
0E06:0D32 C3                RET
AX=000D BX=0B1A CX=0000 DX=0254 SP=0B04 BP=0B10 SI=0254 DI=0254
DS=0F18 ES=0F18 SS=0F18 CS=0E06 IP=0D82 NV UP EI PL NZ NA PO NC
0E06:0D82 83C402            ADD     SP,+02
AX=000D BX=0B1A CX=0000 DX=0254 SP=0B06 BP=0B10 SI=0254 DI=0254
DS=0F18 ES=0F18 SS=0F18 CS=0E06 IP=0D85 NV UP EI PL NZ NA PE NC
0E06:0D85 8BF8              MOV     DI,AX
AX=000D BX=0B1A CX=0000 DX=0254 SP=0B06 BP=0B10 SI=0254 DI=000D
DS=0F18 ES=0F18 SS=0F18 CS=0E06 IP=0D87 NV UP EI PL NZ NA PE NC
0E06:0D87 BEF000            MOV     SI,00F0
AX=000D BX=0B1A CX=0000 DX=0254 SP=0B06 BP=0B10 SI=00F0 DI=000D
DS=0F18 ES=0F18 SS=0F18 CS=0E06 IP=0D8A NV UP EI PL NZ NA PE NC
0E06:0D8A 56                PUSH    SI
AX=000D BX=0B1A CX=0000 DX=0254 SP=0B04 BP=0B10 SI=00F0 DI=000D
DS=0F18 ES=0F18 SS=0F18 CS=0E06 IP=0D8B NV UP EI PL NZ NA PE NC
0E06:0D8B E896FB            CALL    0924
AX=000D BX=0B1A CX=0000 DX=0254 SP=0B02 BP=0B10 SI=00F0 DI=000D
DS=0F18 ES=0F18 SS=0F18 CS=0E06 IP=0924 NV UP EI PL NZ NA PE NC
0E06:0924 55                PUSH    BP
AX=000D BX=0B1A CX=0000 DX=0254 SP=0B00 BP=0B10 SI=00F0 DI=000D
DS=0F18 ES=0F18 SS=0F18 CS=0E06 IP=0925 NV UP EI PL NZ NA PE NC
0E06:0925 8BEC              MOV     BP,SP
AX=000D BX=0B1A CX=0000 DX=0254 SP=0B00 BP=0B00 SI=00F0 DI=000D
DS=0F18 ES=0F18 SS=0F18 CS=0E06 IP=0927 NV UP EI PL NZ NA PE NC
0E06:0927 56                PUSH    SI
AX=000D BX=0B1A CX=0000 DX=0254 SP=0AFE BP=0B00 SI=00F0 DI=000D
DS=0F18 ES=0F18 SS=0F18 CS=0E06 IP=0928 NV UP EI PL NZ NA PE NC
0E06:0928 57                PUSH    DI
AX=000D BX=0B1A CX=0000 DX=0254 SP=0AFC BP=0B00 SI=00F0 DI=000D
DS=0F18 ES=0F18 SS=0F18 CS=0E06 IP=0929 NV UP EI PL NZ NA PE NC
0E06:0929 8B7604            MOV     SI,[BP+04]                     SS:0B04=00F0
AX=000D BX=0B1A CX=0000 DX=0254 SP=0AFC BP=0B00 SI=00F0 DI=000D
DS=0F18 ES=0F18 SS=0F18 CS=0E06 IP=092C NV UP EI PL NZ NA PE NC
0E06:092C BB2A02            MOV     BX,022A
AX=000D BX=022A CX=0000 DX=0254 SP=0AFC BP=0B00 SI=00F0 DI=000D
DS=0F18 ES=0F18 SS=0F18 CS=0E06 IP=092F NV UP EI PL NZ NA PE NC
0E06:092F 81FEF000          CMP     SI,00F0
AX=000D BX=022A CX=0000 DX=0254 SP=0AFC BP=0B00 SI=00F0 DI=000D
DS=0F18 ES=0F18 SS=0F18 CS=0E06 IP=0933 NV UP EI PL ZR NA PE NC
0E06:0933 7412              JZ      0947
AX=000D BX=022A CX=0000 DX=0254 SP=0AFC BP=0B00 SI=00F0 DI=000D
DS=0F18 ES=0F18 SS=0F18 CS=0E06 IP=0947 NV UP EI PL ZR NA PE NC
0E06:0947 8BFE              MOV     DI,SI
AX=000D BX=022A CX=0000 DX=0254 SP=0AFC BP=0B00 SI=00F0 DI=00F0
DS=0F18 ES=0F18 SS=0F18 CS=0E06 IP=0949 NV UP EI PL ZR NA PE NC
0E06:0949 81EFE800          SUB     DI,00E8
AX=000D BX=022A CX=0000 DX=0254 SP=0AFC BP=0B00 SI=00F0 DI=0008
DS=0F18 ES=0F18 SS=0F18 CS=0E06 IP=094D NV UP EI PL NZ AC PO NC
0E06:094D 81C78801          ADD     DI,0188
AX=000D BX=022A CX=0000 DX=0254 SP=0AFC BP=0B00 SI=00F0 DI=0190
DS=0F18 ES=0F18 SS=0F18 CS=0E06 IP=0951 NV UP EI PL NZ AC PE NC
0E06:0951 F644060C          TEST    BYTE PTR [SI+06],0C              DS:00F6=02
AX=000D BX=022A CX=0000 DX=0254 SP=0AFC BP=0B00 SI=00F0 DI=0190
DS=0F18 ES=0F18 SS=0F18 CS=0E06 IP=0955 NV UP EI PL ZR NA PE NC
0E06:0955 7538              JNZ     098F
AX=000D BX=022A CX=0000 DX=0254 SP=0AFC BP=0B00 SI=00F0 DI=0190
DS=0F18 ES=0F18 SS=0F18 CS=0E06 IP=0957 NV UP EI PL ZR NA PE NC
0E06:0957 F60501            TEST    BYTE PTR [DI],01                 DS:0190=00
AX=000D BX=022A CX=0000 DX=0254 SP=0AFC BP=0B00 SI=00F0 DI=0190
DS=0F18 ES=0F18 SS=0F18 CS=0E06 IP=095A NV UP EI PL ZR NA PE NC
0E06:095A 7533              JNZ     098F
AX=000D BX=022A CX=0000 DX=0254 SP=0AFC BP=0B00 SI=00F0 DI=0190
DS=0F18 ES=0F18 SS=0F18 CS=0E06 IP=095C NV UP EI PL ZR NA PE NC
0E06:095C 8B07              MOV     AX,[BX]                        DS:022A=0000
AX=0000 BX=022A CX=0000 DX=0254 SP=0AFC BP=0B00 SI=00F0 DI=0190
DS=0F18 ES=0F18 SS=0F18 CS=0E06 IP=095E NV UP EI PL ZR NA PE NC
0E06:095E 0BC0              OR      AX,AX
AX=0000 BX=022A CX=0000 DX=0254 SP=0AFC BP=0B00 SI=00F0 DI=0190
DS=0F18 ES=0F18 SS=0F18 CS=0E06 IP=0960 NV UP EI PL ZR NA PE NC
0E06:0960 741B              JZ      097D
AX=0000 BX=022A CX=0000 DX=0254 SP=0AFC BP=0B00 SI=00F0 DI=0190
DS=0F18 ES=0F18 SS=0F18 CS=0E06 IP=097D NV UP EI PL ZR NA PE NC
0E06:097D 53                PUSH    BX
AX=0000 BX=022A CX=0000 DX=0254 SP=0AFA BP=0B00 SI=00F0 DI=0190
DS=0F18 ES=0F18 SS=0F18 CS=0E06 IP=097E NV UP EI PL ZR NA PE NC
0E06:097E B80002            MOV     AX,0200
AX=0200 BX=022A CX=0000 DX=0254 SP=0AFA BP=0B00 SI=00F0 DI=0190
DS=0F18 ES=0F18 SS=0F18 CS=0E06 IP=0981 NV UP EI PL ZR NA PE NC
0E06:0981 50                PUSH    AX
AX=0200 BX=022A CX=0000 DX=0254 SP=0AF8 BP=0B00 SI=00F0 DI=0190
DS=0F18 ES=0F18 SS=0F18 CS=0E06 IP=0982 NV UP EI PL ZR NA PE NC
0E06:0982 E8C606            CALL    104B
AX=0200 BX=022A CX=0000 DX=0254 SP=0AF6 BP=0B00 SI=00F0 DI=0190
DS=0F18 ES=0F18 SS=0F18 CS=0E06 IP=104B NV UP EI PL ZR NA PE NC
0E06:104B 55                PUSH    BP
AX=0200 BX=022A CX=0000 DX=0254 SP=0AF4 BP=0B00 SI=00F0 DI=0190
DS=0F18 ES=0F18 SS=0F18 CS=0E06 IP=104C NV UP EI PL ZR NA PE NC
0E06:104C 8BEC              MOV     BP,SP
AX=0200 BX=022A CX=0000 DX=0254 SP=0AF4 BP=0AF4 SI=00F0 DI=0190
DS=0F18 ES=0F18 SS=0F18 CS=0E06 IP=104E NV UP EI PL ZR NA PE NC
0E06:104E 56                PUSH    SI
AX=0200 BX=022A CX=0000 DX=0254 SP=0AF2 BP=0AF4 SI=00F0 DI=0190
DS=0F18 ES=0F18 SS=0F18 CS=0E06 IP=104F NV UP EI PL ZR NA PE NC
0E06:104F 57                PUSH    DI
AX=0200 BX=022A CX=0000 DX=0254 SP=0AF0 BP=0AF4 SI=00F0 DI=0190
DS=0F18 ES=0F18 SS=0F18 CS=0E06 IP=1050 NV UP EI PL ZR NA PE NC
0E06:1050 8B4E04            MOV     CX,[BP+04]                     SS:0AF8=0200
AX=0200 BX=022A CX=0200 DX=0254 SP=0AF0 BP=0AF4 SI=00F0 DI=0190
DS=0F18 ES=0F18 SS=0F18 CS=0E06 IP=1053 NV UP EI PL ZR NA PE NC
0E06:1053 83F9E8            CMP     CX,-18
AX=0200 BX=022A CX=0200 DX=0254 SP=0AF0 BP=0AF4 SI=00F0 DI=0190
DS=0F18 ES=0F18 SS=0F18 CS=0E06 IP=1056 NV UP EI PL NZ AC PE CY
0E06:1056 7712              JA      106A
AX=0200 BX=022A CX=0200 DX=0254 SP=0AF0 BP=0AF4 SI=00F0 DI=0190
DS=0F18 ES=0F18 SS=0F18 CS=0E06 IP=1058 NV UP EI PL NZ AC PE CY
0E06:1058 BB5600            MOV     BX,0056
AX=0200 BX=0056 CX=0200 DX=0254 SP=0AF0 BP=0AF4 SI=00F0 DI=0190
DS=0F18 ES=0F18 SS=0F18 CS=0E06 IP=105B NV UP EI PL NZ AC PE CY
0E06:105B E82800            CALL    1086
AX=0200 BX=0056 CX=0200 DX=0254 SP=0AEE BP=0AF4 SI=00F0 DI=0190
DS=0F18 ES=0F18 SS=0F18 CS=0E06 IP=1086 NV UP EI PL NZ AC PE CY
0E06:1086 41                INC     CX
AX=0200 BX=0056 CX=0201 DX=0254 SP=0AEE BP=0AF4 SI=00F0 DI=0190
DS=0F18 ES=0F18 SS=0F18 CS=0E06 IP=1087 NV UP EI PL NZ NA PO CY
0E06:1087 80E1FE            AND     CL,FE
AX=0200 BX=0056 CX=0200 DX=0254 SP=0AEE BP=0AF4 SI=00F0 DI=0190
DS=0F18 ES=0F18 SS=0F18 CS=0E06 IP=108A NV UP EI PL ZR NA PE NC
0E06:108A 53                PUSH    BX
AX=0200 BX=0056 CX=0200 DX=0254 SP=0AEC BP=0AF4 SI=00F0 DI=0190
DS=0F18 ES=0F18 SS=0F18 CS=0E06 IP=108B NV UP EI PL ZR NA PE NC
0E06:108B FC                CLD
AX=0200 BX=0056 CX=0200 DX=0254 SP=0AEC BP=0AF4 SI=00F0 DI=0190
DS=0F18 ES=0F18 SS=0F18 CS=0E06 IP=108C NV UP EI PL ZR NA PE NC
0E06:108C 8B7708            MOV     SI,[BX+08]                     DS:005E=0BD4
AX=0200 BX=0056 CX=0200 DX=0254 SP=0AEC BP=0AF4 SI=0BD4 DI=0190
DS=0F18 ES=0F18 SS=0F18 CS=0E06 IP=108F NV UP EI PL ZR NA PE NC
0E06:108F 8B5F0A            MOV     BX,[BX+0A]                     DS:0060=0BFE
AX=0200 BX=0BFE CX=0200 DX=0254 SP=0AEC BP=0AF4 SI=0BD4 DI=0190
DS=0F18 ES=0F18 SS=0F18 CS=0E06 IP=1092 NV UP EI PL ZR NA PE NC
0E06:1092 33FF              XOR     DI,DI
AX=0200 BX=0BFE CX=0200 DX=0254 SP=0AEC BP=0AF4 SI=0BD4 DI=0000
DS=0F18 ES=0F18 SS=0F18 CS=0E06 IP=1094 NV UP EI PL ZR NA PE NC
0E06:1094 EB23              JMP     10B9
AX=0200 BX=0BFE CX=0200 DX=0254 SP=0AEC BP=0AF4 SI=0BD4 DI=0000
DS=0F18 ES=0F18 SS=0F18 CS=0E06 IP=10B9 NV UP EI PL ZR NA PE NC
0E06:10B9 AD                LODSW
AX=0029 BX=0BFE CX=0200 DX=0254 SP=0AEC BP=0AF4 SI=0BD6 DI=0000
DS=0F18 ES=0F18 SS=0F18 CS=0E06 IP=10BA NV UP EI PL ZR NA PE NC
0E06:10BA A801              TEST    AL,01
AX=0029 BX=0BFE CX=0200 DX=0254 SP=0AEC BP=0AF4 SI=0BD6 DI=0000
DS=0F18 ES=0F18 SS=0F18 CS=0E06 IP=10BC NV UP EI PL NZ NA PO NC
0E06:10BC 74F0              JZ      10AE
AX=0029 BX=0BFE CX=0200 DX=0254 SP=0AEC BP=0AF4 SI=0BD6 DI=0000
DS=0F18 ES=0F18 SS=0F18 CS=0E06 IP=10BE NV UP EI PL NZ NA PO NC
0E06:10BE 8BFE              MOV     DI,SI
AX=0029 BX=0BFE CX=0200 DX=0254 SP=0AEC BP=0AF4 SI=0BD6 DI=0BD6
DS=0F18 ES=0F18 SS=0F18 CS=0E06 IP=10C0 NV UP EI PL NZ NA PO NC
0E06:10C0 48                DEC     AX
AX=0028 BX=0BFE CX=0200 DX=0254 SP=0AEC BP=0AF4 SI=0BD6 DI=0BD6
DS=0F18 ES=0F18 SS=0F18 CS=0E06 IP=10C1 NV UP EI PL NZ NA PE NC
0E06:10C1 3BC1              CMP     AX,CX
AX=0028 BX=0BFE CX=0200 DX=0254 SP=0AEC BP=0AF4 SI=0BD6 DI=0BD6
DS=0F18 ES=0F18 SS=0F18 CS=0E06 IP=10C3 NV UP EI NG NZ NA PE CY
0E06:10C3 7323              JAE     10E8
AX=0028 BX=0BFE CX=0200 DX=0254 SP=0AEC BP=0AF4 SI=0BD6 DI=0BD6
DS=0F18 ES=0F18 SS=0F18 CS=0E06 IP=10C5 NV UP EI NG NZ NA PE CY
0E06:10C5 03F0              ADD     SI,AX
AX=0028 BX=0BFE CX=0200 DX=0254 SP=0AEC BP=0AF4 SI=0BFE DI=0BD6
DS=0F18 ES=0F18 SS=0F18 CS=0E06 IP=10C7 NV UP EI PL NZ NA PO NC
0E06:10C7 7213              JB      10DC
AX=0028 BX=0BFE CX=0200 DX=0254 SP=0AEC BP=0AF4 SI=0BFE DI=0BD6
DS=0F18 ES=0F18 SS=0F18 CS=0E06 IP=10C9 NV UP EI PL NZ NA PO NC
0E06:10C9 8BD0              MOV     DX,AX
AX=0028 BX=0BFE CX=0200 DX=0028 SP=0AEC BP=0AF4 SI=0BFE DI=0BD6
DS=0F18 ES=0F18 SS=0F18 CS=0E06 IP=10CB NV UP EI PL NZ NA PO NC
0E06:10CB AD                LODSW
AX=FFFE BX=0BFE CX=0200 DX=0028 SP=0AEC BP=0AF4 SI=0C00 DI=0BD6
DS=0F18 ES=0F18 SS=0F18 CS=0E06 IP=10CC NV UP EI PL NZ NA PO NC
0E06:10CC A801              TEST    AL,01
AX=FFFE BX=0BFE CX=0200 DX=0028 SP=0AEC BP=0AF4 SI=0C00 DI=0BD6
DS=0F18 ES=0F18 SS=0F18 CS=0E06 IP=10CE NV UP EI PL ZR NA PE NC
0E06:10CE 74DE              JZ      10AE
AX=FFFE BX=0BFE CX=0200 DX=0028 SP=0AEC BP=0AF4 SI=0C00 DI=0BD6
DS=0F18 ES=0F18 SS=0F18 CS=0E06 IP=10AE NV UP EI PL ZR NA PE NC
0E06:10AE 8D54FE            LEA     DX,[SI-02]                     DS:0BFE=FFFE
AX=FFFE BX=0BFE CX=0200 DX=0BFE SP=0AEC BP=0AF4 SI=0C00 DI=0BD6
DS=0F18 ES=0F18 SS=0F18 CS=0E06 IP=10B1 NV UP EI PL ZR NA PE NC
0E06:10B1 3BD3              CMP     DX,BX
AX=FFFE BX=0BFE CX=0200 DX=0BFE SP=0AEC BP=0AF4 SI=0C00 DI=0BD6
DS=0F18 ES=0F18 SS=0F18 CS=0E06 IP=10B3 NV UP EI PL ZR NA PE NC
0E06:10B3 73E1              JAE     1096
AX=FFFE BX=0BFE CX=0200 DX=0BFE SP=0AEC BP=0AF4 SI=0C00 DI=0BD6
DS=0F18 ES=0F18 SS=0F18 CS=0E06 IP=1096 NV UP EI PL ZR NA PE NC
0E06:1096 8BC3              MOV     AX,BX
AX=0BFE BX=0BFE CX=0200 DX=0BFE SP=0AEC BP=0AF4 SI=0C00 DI=0BD6
DS=0F18 ES=0F18 SS=0F18 CS=0E06 IP=1098 NV UP EI PL ZR NA PE NC
0E06:1098 5B                POP     BX
AX=0BFE BX=0056 CX=0200 DX=0BFE SP=0AEE BP=0AF4 SI=0C00 DI=0BD6
DS=0F18 ES=0F18 SS=0F18 CS=0E06 IP=1099 NV UP EI PL ZR NA PE NC
0E06:1099 A801              TEST    AL,01
AX=0BFE BX=0056 CX=0200 DX=0BFE SP=0AEE BP=0AF4 SI=0C00 DI=0BD6
DS=0F18 ES=0F18 SS=0F18 CS=0E06 IP=109B NV UP EI PL ZR NA PE NC
0E06:109B 7542              JNZ     10DF
AX=0BFE BX=0056 CX=0200 DX=0BFE SP=0AEE BP=0AF4 SI=0C00 DI=0BD6
DS=0F18 ES=0F18 SS=0F18 CS=0E06 IP=109D NV UP EI PL ZR NA PE NC
0E06:109D 53                PUSH    BX
AX=0BFE BX=0056 CX=0200 DX=0BFE SP=0AEC BP=0AF4 SI=0C00 DI=0BD6
DS=0F18 ES=0F18 SS=0F18 CS=0E06 IP=109E NV UP EI PL ZR NA PE NC
0E06:109E 8B7706            MOV     SI,[BX+06]                     DS:005C=0B3A
AX=0BFE BX=0056 CX=0200 DX=0BFE SP=0AEC BP=0AF4 SI=0B3A DI=0BD6
DS=0F18 ES=0F18 SS=0F18 CS=0E06 IP=10A1 NV UP EI PL ZR NA PE NC
0E06:10A1 8B5F08            MOV     BX,[BX+08]                     DS:005E=0BD4
AX=0BFE BX=0BD4 CX=0200 DX=0BFE SP=0AEC BP=0AF4 SI=0B3A DI=0BD6
DS=0F18 ES=0F18 SS=0F18 CS=0E06 IP=10A4 NV UP EI PL ZR NA PE NC
0E06:10A4 3BDE              CMP     BX,SI
AX=0BFE BX=0BD4 CX=0200 DX=0BFE SP=0AEC BP=0AF4 SI=0B3A DI=0BD6
DS=0F18 ES=0F18 SS=0F18 CS=0E06 IP=10A6 NV UP EI PL NZ AC PE NC
0E06:10A6 7436              JZ      10DE
AX=0BFE BX=0BD4 CX=0200 DX=0BFE SP=0AEC BP=0AF4 SI=0B3A DI=0BD6
DS=0F18 ES=0F18 SS=0F18 CS=0E06 IP=10A8 NV UP EI PL NZ AC PE NC
0E06:10A8 4B                DEC     BX
AX=0BFE BX=0BD3 CX=0200 DX=0BFE SP=0AEC BP=0AF4 SI=0B3A DI=0BD6
DS=0F18 ES=0F18 SS=0F18 CS=0E06 IP=10A9 NV UP EI PL NZ NA PO NC
0E06:10A9 33FF              XOR     DI,DI
AX=0BFE BX=0BD3 CX=0200 DX=0BFE SP=0AEC BP=0AF4 SI=0B3A DI=0000
DS=0F18 ES=0F18 SS=0F18 CS=0E06 IP=10AB NV UP EI PL ZR NA PE NC
0E06:10AB EB0C              JMP     10B9
AX=0BFE BX=0BD3 CX=0200 DX=0BFE SP=0AEC BP=0AF4 SI=0B3A DI=0000
DS=0F18 ES=0F18 SS=0F18 CS=0E06 IP=10B9 NV UP EI PL ZR NA PE NC
0E06:10B9 AD                LODSW
AX=008C BX=0BD3 CX=0200 DX=0BFE SP=0AEC BP=0AF4 SI=0B3C DI=0000
DS=0F18 ES=0F18 SS=0F18 CS=0E06 IP=10BA NV UP EI PL ZR NA PE NC
0E06:10BA A801              TEST    AL,01
AX=008C BX=0BD3 CX=0200 DX=0BFE SP=0AEC BP=0AF4 SI=0B3C DI=0000
DS=0F18 ES=0F18 SS=0F18 CS=0E06 IP=10BC NV UP EI PL ZR NA PE NC
0E06:10BC 74F0              JZ      10AE
AX=008C BX=0BD3 CX=0200 DX=0BFE SP=0AEC BP=0AF4 SI=0B3C DI=0000
DS=0F18 ES=0F18 SS=0F18 CS=0E06 IP=10AE NV UP EI PL ZR NA PE NC
0E06:10AE 8D54FE            LEA     DX,[SI-02]                     DS:0B3A=008C
AX=008C BX=0BD3 CX=0200 DX=0B3A SP=0AEC BP=0AF4 SI=0B3C DI=0000
DS=0F18 ES=0F18 SS=0F18 CS=0E06 IP=10B1 NV UP EI PL ZR NA PE NC
0E06:10B1 3BD3              CMP     DX,BX
AX=008C BX=0BD3 CX=0200 DX=0B3A SP=0AEC BP=0AF4 SI=0B3C DI=0000
DS=0F18 ES=0F18 SS=0F18 CS=0E06 IP=10B3 NV UP EI NG NZ NA PO CY
0E06:10B3 73E1              JAE     1096
AX=008C BX=0BD3 CX=0200 DX=0B3A SP=0AEC BP=0AF4 SI=0B3C DI=0000
DS=0F18 ES=0F18 SS=0F18 CS=0E06 IP=10B5 NV UP EI NG NZ NA PO CY
0E06:10B5 03F0              ADD     SI,AX
AX=008C BX=0BD3 CX=0200 DX=0B3A SP=0AEC BP=0AF4 SI=0BC8 DI=0000
DS=0F18 ES=0F18 SS=0F18 CS=0E06 IP=10B7 NV UP EI PL NZ AC PO NC
0E06:10B7 7223              JB      10DC
AX=008C BX=0BD3 CX=0200 DX=0B3A SP=0AEC BP=0AF4 SI=0BC8 DI=0000
DS=0F18 ES=0F18 SS=0F18 CS=0E06 IP=10B9 NV UP EI PL NZ AC PO NC
0E06:10B9 AD                LODSW
AX=000A BX=0BD3 CX=0200 DX=0B3A SP=0AEC BP=0AF4 SI=0BCA DI=0000
DS=0F18 ES=0F18 SS=0F18 CS=0E06 IP=10BA NV UP EI PL NZ AC PO NC
0E06:10BA A801              TEST    AL,01
AX=000A BX=0BD3 CX=0200 DX=0B3A SP=0AEC BP=0AF4 SI=0BCA DI=0000
DS=0F18 ES=0F18 SS=0F18 CS=0E06 IP=10BC NV UP EI PL ZR NA PE NC
0E06:10BC 74F0              JZ      10AE
AX=000A BX=0BD3 CX=0200 DX=0B3A SP=0AEC BP=0AF4 SI=0BCA DI=0000
DS=0F18 ES=0F18 SS=0F18 CS=0E06 IP=10AE NV UP EI PL ZR NA PE NC
0E06:10AE 8D54FE            LEA     DX,[SI-02]                     DS:0BC8=000A
AX=000A BX=0BD3 CX=0200 DX=0BC8 SP=0AEC BP=0AF4 SI=0BCA DI=0000
DS=0F18 ES=0F18 SS=0F18 CS=0E06 IP=10B1 NV UP EI PL ZR NA PE NC
0E06:10B1 3BD3              CMP     DX,BX
AX=000A BX=0BD3 CX=0200 DX=0BC8 SP=0AEC BP=0AF4 SI=0BCA DI=0000
DS=0F18 ES=0F18 SS=0F18 CS=0E06 IP=10B3 NV UP EI NG NZ NA PE CY
0E06:10B3 73E1              JAE     1096
AX=000A BX=0BD3 CX=0200 DX=0BC8 SP=0AEC BP=0AF4 SI=0BCA DI=0000
DS=0F18 ES=0F18 SS=0F18 CS=0E06 IP=10B5 NV UP EI NG NZ NA PE CY
0E06:10B5 03F0              ADD     SI,AX
AX=000A BX=0BD3 CX=0200 DX=0BC8 SP=0AEC BP=0AF4 SI=0BD4 DI=0000
DS=0F18 ES=0F18 SS=0F18 CS=0E06 IP=10B7 NV UP EI PL NZ AC PE NC
0E06:10B7 7223              JB      10DC
AX=000A BX=0BD3 CX=0200 DX=0BC8 SP=0AEC BP=0AF4 SI=0BD4 DI=0000
DS=0F18 ES=0F18 SS=0F18 CS=0E06 IP=10B9 NV UP EI PL NZ AC PE NC
0E06:10B9 AD                LODSW
AX=0029 BX=0BD3 CX=0200 DX=0BC8 SP=0AEC BP=0AF4 SI=0BD6 DI=0000
DS=0F18 ES=0F18 SS=0F18 CS=0E06 IP=10BA NV UP EI PL NZ AC PE NC
0E06:10BA A801              TEST    AL,01
AX=0029 BX=0BD3 CX=0200 DX=0BC8 SP=0AEC BP=0AF4 SI=0BD6 DI=0000
DS=0F18 ES=0F18 SS=0F18 CS=0E06 IP=10BC NV UP EI PL NZ NA PO NC
0E06:10BC 74F0              JZ      10AE
AX=0029 BX=0BD3 CX=0200 DX=0BC8 SP=0AEC BP=0AF4 SI=0BD6 DI=0000
DS=0F18 ES=0F18 SS=0F18 CS=0E06 IP=10BE NV UP EI PL NZ NA PO NC
0E06:10BE 8BFE              MOV     DI,SI
AX=0029 BX=0BD3 CX=0200 DX=0BC8 SP=0AEC BP=0AF4 SI=0BD6 DI=0BD6
DS=0F18 ES=0F18 SS=0F18 CS=0E06 IP=10C0 NV UP EI PL NZ NA PO NC
0E06:10C0 48                DEC     AX
AX=0028 BX=0BD3 CX=0200 DX=0BC8 SP=0AEC BP=0AF4 SI=0BD6 DI=0BD6
DS=0F18 ES=0F18 SS=0F18 CS=0E06 IP=10C1 NV UP EI PL NZ NA PE NC
0E06:10C1 3BC1              CMP     AX,CX
AX=0028 BX=0BD3 CX=0200 DX=0BC8 SP=0AEC BP=0AF4 SI=0BD6 DI=0BD6
DS=0F18 ES=0F18 SS=0F18 CS=0E06 IP=10C3 NV UP EI NG NZ NA PE CY
0E06:10C3 7323              JAE     10E8
AX=0028 BX=0BD3 CX=0200 DX=0BC8 SP=0AEC BP=0AF4 SI=0BD6 DI=0BD6
DS=0F18 ES=0F18 SS=0F18 CS=0E06 IP=10C5 NV UP EI NG NZ NA PE CY
0E06:10C5 03F0              ADD     SI,AX
AX=0028 BX=0BD3 CX=0200 DX=0BC8 SP=0AEC BP=0AF4 SI=0BFE DI=0BD6
DS=0F18 ES=0F18 SS=0F18 CS=0E06 IP=10C7 NV UP EI PL NZ NA PO NC
0E06:10C7 7213              JB      10DC
AX=0028 BX=0BD3 CX=0200 DX=0BC8 SP=0AEC BP=0AF4 SI=0BFE DI=0BD6
DS=0F18 ES=0F18 SS=0F18 CS=0E06 IP=10C9 NV UP EI PL NZ NA PO NC
0E06:10C9 8BD0              MOV     DX,AX
AX=0028 BX=0BD3 CX=0200 DX=0028 SP=0AEC BP=0AF4 SI=0BFE DI=0BD6
DS=0F18 ES=0F18 SS=0F18 CS=0E06 IP=10CB NV UP EI PL NZ NA PO NC
0E06:10CB AD                LODSW
AX=FFFE BX=0BD3 CX=0200 DX=0028 SP=0AEC BP=0AF4 SI=0C00 DI=0BD6
DS=0F18 ES=0F18 SS=0F18 CS=0E06 IP=10CC NV UP EI PL NZ NA PO NC
0E06:10CC A801              TEST    AL,01
AX=FFFE BX=0BD3 CX=0200 DX=0028 SP=0AEC BP=0AF4 SI=0C00 DI=0BD6
DS=0F18 ES=0F18 SS=0F18 CS=0E06 IP=10CE NV UP EI PL ZR NA PE NC
0E06:10CE 74DE              JZ      10AE
AX=FFFE BX=0BD3 CX=0200 DX=0028 SP=0AEC BP=0AF4 SI=0C00 DI=0BD6
DS=0F18 ES=0F18 SS=0F18 CS=0E06 IP=10AE NV UP EI PL ZR NA PE NC
0E06:10AE 8D54FE            LEA     DX,[SI-02]                     DS:0BFE=FFFE
AX=FFFE BX=0BD3 CX=0200 DX=0BFE SP=0AEC BP=0AF4 SI=0C00 DI=0BD6
DS=0F18 ES=0F18 SS=0F18 CS=0E06 IP=10B1 NV UP EI PL ZR NA PE NC
0E06:10B1 3BD3              CMP     DX,BX
AX=FFFE BX=0BD3 CX=0200 DX=0BFE SP=0AEC BP=0AF4 SI=0C00 DI=0BD6
DS=0F18 ES=0F18 SS=0F18 CS=0E06 IP=10B3 NV UP EI PL NZ NA PE NC
0E06:10B3 73E1              JAE     1096
AX=FFFE BX=0BD3 CX=0200 DX=0BFE SP=0AEC BP=0AF4 SI=0C00 DI=0BD6
DS=0F18 ES=0F18 SS=0F18 CS=0E06 IP=1096 NV UP EI PL NZ NA PE NC
0E06:1096 8BC3              MOV     AX,BX
AX=0BD3 BX=0BD3 CX=0200 DX=0BFE SP=0AEC BP=0AF4 SI=0C00 DI=0BD6
DS=0F18 ES=0F18 SS=0F18 CS=0E06 IP=1098 NV UP EI PL NZ NA PE NC
0E06:1098 5B                POP     BX
AX=0BD3 BX=0056 CX=0200 DX=0BFE SP=0AEE BP=0AF4 SI=0C00 DI=0BD6
DS=0F18 ES=0F18 SS=0F18 CS=0E06 IP=1099 NV UP EI PL NZ NA PE NC
0E06:1099 A801              TEST    AL,01
AX=0BD3 BX=0056 CX=0200 DX=0BFE SP=0AEE BP=0AF4 SI=0C00 DI=0BD6
DS=0F18 ES=0F18 SS=0F18 CS=0E06 IP=109B NV UP EI PL NZ NA PO NC
0E06:109B 7542              JNZ     10DF
AX=0BD3 BX=0056 CX=0200 DX=0BFE SP=0AEE BP=0AF4 SI=0C00 DI=0BD6
DS=0F18 ES=0F18 SS=0F18 CS=0E06 IP=10DF NV UP EI PL NZ NA PO NC
0E06:10DF 8B4706            MOV     AX,[BX+06]                     DS:005C=0B3A
AX=0B3A BX=0056 CX=0200 DX=0BFE SP=0AEE BP=0AF4 SI=0C00 DI=0BD6
DS=0F18 ES=0F18 SS=0F18 CS=0E06 IP=10E2 NV UP EI PL NZ NA PO NC
0E06:10E2 894708            MOV     [BX+08],AX                     DS:005E=0BD4
AX=0B3A BX=0056 CX=0200 DX=0BFE SP=0AEE BP=0AF4 SI=0C00 DI=0BD6
DS=0F18 ES=0F18 SS=0F18 CS=0E06 IP=10E5 NV UP EI PL NZ NA PO NC
0E06:10E5 F9                STC
AX=0B3A BX=0056 CX=0200 DX=0BFE SP=0AEE BP=0AF4 SI=0C00 DI=0BD6
DS=0F18 ES=0F18 SS=0F18 CS=0E06 IP=10E6 NV UP EI PL NZ NA PO CY
0E06:10E6 EB19              JMP     1101
AX=0B3A BX=0056 CX=0200 DX=0BFE SP=0AEE BP=0AF4 SI=0C00 DI=0BD6
DS=0F18 ES=0F18 SS=0F18 CS=0E06 IP=1101 NV UP EI PL NZ NA PO CY
0E06:1101 C3                RET
AX=0B3A BX=0056 CX=0200 DX=0BFE SP=0AF0 BP=0AF4 SI=0C00 DI=0BD6
DS=0F18 ES=0F18 SS=0F18 CS=0E06 IP=105E NV UP EI PL NZ NA PO CY
0E06:105E 7321              JAE     1081
AX=0B3A BX=0056 CX=0200 DX=0BFE SP=0AF0 BP=0AF4 SI=0C00 DI=0BD6
DS=0F18 ES=0F18 SS=0F18 CS=0E06 IP=1060 NV UP EI PL NZ NA PO CY
0E06:1060 E845FB            CALL    0BA8
AX=0B3A BX=0056 CX=0200 DX=0BFE SP=0AEE BP=0AF4 SI=0C00 DI=0BD6
DS=0F18 ES=0F18 SS=0F18 CS=0E06 IP=0BA8 NV UP EI PL NZ NA PO CY
0E06:0BA8 51                PUSH    CX
AX=0B3A BX=0056 CX=0200 DX=0BFE SP=0AEC BP=0AF4 SI=0C00 DI=0BD6
DS=0F18 ES=0F18 SS=0F18 CS=0E06 IP=0BA9 NV UP EI PL NZ NA PO CY
0E06:0BA9 57                PUSH    DI
AX=0B3A BX=0056 CX=0200 DX=0BFE SP=0AEA BP=0AF4 SI=0C00 DI=0BD6
DS=0F18 ES=0F18 SS=0F18 CS=0E06 IP=0BAA NV UP EI PL NZ NA PO CY
0E06:0BAA F6470201          TEST    BYTE PTR [BX+02],01              DS:0058=05
AX=0B3A BX=0056 CX=0200 DX=0BFE SP=0AEA BP=0AF4 SI=0C00 DI=0BD6
DS=0F18 ES=0F18 SS=0F18 CS=0E06 IP=0BAE NV UP EI PL NZ NA PO NC
0E06:0BAE 7463              JZ      0C13
AX=0B3A BX=0056 CX=0200 DX=0BFE SP=0AEA BP=0AF4 SI=0C00 DI=0BD6
DS=0F18 ES=0F18 SS=0F18 CS=0E06 IP=0BB0 NV UP EI PL NZ NA PO NC
0E06:0BB0 E8D200            CALL    0C85
AX=0B3A BX=0056 CX=0200 DX=0BFE SP=0AE8 BP=0AF4 SI=0C00 DI=0BD6
DS=0F18 ES=0F18 SS=0F18 CS=0E06 IP=0C85 NV UP EI PL NZ NA PO NC
0E06:0C85 57                PUSH    DI
AX=0B3A BX=0056 CX=0200 DX=0BFE SP=0AE6 BP=0AF4 SI=0C00 DI=0BD6
DS=0F18 ES=0F18 SS=0F18 CS=0E06 IP=0C86 NV UP EI PL NZ NA PO NC
0E06:0C86 8B7708            MOV     SI,[BX+08]                     DS:005E=0B3A
AX=0B3A BX=0056 CX=0200 DX=0BFE SP=0AE6 BP=0AF4 SI=0B3A DI=0BD6
DS=0F18 ES=0F18 SS=0F18 CS=0E06 IP=0C89 NV UP EI PL NZ NA PO NC
0E06:0C89 3B770A            CMP     SI,[BX+0A]                     DS:0060=0BFE
AX=0B3A BX=0056 CX=0200 DX=0BFE SP=0AE6 BP=0AF4 SI=0B3A DI=0BD6
DS=0F18 ES=0F18 SS=0F18 CS=0E06 IP=0C8C NV UP EI NG NZ AC PE CY
0E06:0C8C 7503              JNZ     0C91
AX=0B3A BX=0056 CX=0200 DX=0BFE SP=0AE6 BP=0AF4 SI=0B3A DI=0BD6
DS=0F18 ES=0F18 SS=0F18 CS=0E06 IP=0C91 NV UP EI NG NZ AC PE CY
0E06:0C91 AD                LODSW
AX=008C BX=0056 CX=0200 DX=0BFE SP=0AE6 BP=0AF4 SI=0B3C DI=0BD6
DS=0F18 ES=0F18 SS=0F18 CS=0E06 IP=0C92 NV UP EI NG NZ AC PE CY
0E06:0C92 83F8FE            CMP     AX,-02
AX=008C BX=0056 CX=0200 DX=0BFE SP=0AE6 BP=0AF4 SI=0B3C DI=0BD6
DS=0F18 ES=0F18 SS=0F18 CS=0E06 IP=0C95 NV UP EI PL NZ AC PE CY
0E06:0C95 7408              JZ      0C9F
AX=008C BX=0056 CX=0200 DX=0BFE SP=0AE6 BP=0AF4 SI=0B3C DI=0BD6
DS=0F18 ES=0F18 SS=0F18 CS=0E06 IP=0C97 NV UP EI PL NZ AC PE CY
0E06:0C97 8BFE              MOV     DI,SI
AX=008C BX=0056 CX=0200 DX=0BFE SP=0AE6 BP=0AF4 SI=0B3C DI=0B3C
DS=0F18 ES=0F18 SS=0F18 CS=0E06 IP=0C99 NV UP EI PL NZ AC PE CY
0E06:0C99 24FE              AND     AL,FE
AX=008C BX=0056 CX=0200 DX=0BFE SP=0AE6 BP=0AF4 SI=0B3C DI=0B3C
DS=0F18 ES=0F18 SS=0F18 CS=0E06 IP=0C9B NV UP EI NG NZ NA PO NC
0E06:0C9B 03F0              ADD     SI,AX
AX=008C BX=0056 CX=0200 DX=0BFE SP=0AE6 BP=0AF4 SI=0BC8 DI=0B3C
DS=0F18 ES=0F18 SS=0F18 CS=0E06 IP=0C9D NV UP EI PL NZ AC PO NC
0E06:0C9D EBF2              JMP     0C91
AX=008C BX=0056 CX=0200 DX=0BFE SP=0AE6 BP=0AF4 SI=0BC8 DI=0B3C
DS=0F18 ES=0F18 SS=0F18 CS=0E06 IP=0C91 NV UP EI PL NZ AC PO NC
0E06:0C91 AD                LODSW
AX=000A BX=0056 CX=0200 DX=0BFE SP=0AE6 BP=0AF4 SI=0BCA DI=0B3C
DS=0F18 ES=0F18 SS=0F18 CS=0E06 IP=0C92 NV UP EI PL NZ AC PO NC
0E06:0C92 83F8FE            CMP     AX,-02
AX=000A BX=0056 CX=0200 DX=0BFE SP=0AE6 BP=0AF4 SI=0BCA DI=0B3C
DS=0F18 ES=0F18 SS=0F18 CS=0E06 IP=0C95 NV UP EI PL NZ AC PE CY
0E06:0C95 7408              JZ      0C9F
AX=000A BX=0056 CX=0200 DX=0BFE SP=0AE6 BP=0AF4 SI=0BCA DI=0B3C
DS=0F18 ES=0F18 SS=0F18 CS=0E06 IP=0C97 NV UP EI PL NZ AC PE CY
0E06:0C97 8BFE              MOV     DI,SI
AX=000A BX=0056 CX=0200 DX=0BFE SP=0AE6 BP=0AF4 SI=0BCA DI=0BCA
DS=0F18 ES=0F18 SS=0F18 CS=0E06 IP=0C99 NV UP EI PL NZ AC PE CY
0E06:0C99 24FE              AND     AL,FE
AX=000A BX=0056 CX=0200 DX=0BFE SP=0AE6 BP=0AF4 SI=0BCA DI=0BCA
DS=0F18 ES=0F18 SS=0F18 CS=0E06 IP=0C9B NV UP EI PL NZ NA PE NC
0E06:0C9B 03F0              ADD     SI,AX
AX=000A BX=0056 CX=0200 DX=0BFE SP=0AE6 BP=0AF4 SI=0BD4 DI=0BCA
DS=0F18 ES=0F18 SS=0F18 CS=0E06 IP=0C9D NV UP EI PL NZ AC PE NC
0E06:0C9D EBF2              JMP     0C91
AX=000A BX=0056 CX=0200 DX=0BFE SP=0AE6 BP=0AF4 SI=0BD4 DI=0BCA
DS=0F18 ES=0F18 SS=0F18 CS=0E06 IP=0C91 NV UP EI PL NZ AC PE NC
0E06:0C91 AD                LODSW
AX=0029 BX=0056 CX=0200 DX=0BFE SP=0AE6 BP=0AF4 SI=0BD6 DI=0BCA
DS=0F18 ES=0F18 SS=0F18 CS=0E06 IP=0C92 NV UP EI PL NZ AC PE NC
0E06:0C92 83F8FE            CMP     AX,-02
AX=0029 BX=0056 CX=0200 DX=0BFE SP=0AE6 BP=0AF4 SI=0BD6 DI=0BCA
DS=0F18 ES=0F18 SS=0F18 CS=0E06 IP=0C95 NV UP EI PL NZ AC PE CY
0E06:0C95 7408              JZ      0C9F
AX=0029 BX=0056 CX=0200 DX=0BFE SP=0AE6 BP=0AF4 SI=0BD6 DI=0BCA
DS=0F18 ES=0F18 SS=0F18 CS=0E06 IP=0C97 NV UP EI PL NZ AC PE CY
0E06:0C97 8BFE              MOV     DI,SI
AX=0029 BX=0056 CX=0200 DX=0BFE SP=0AE6 BP=0AF4 SI=0BD6 DI=0BD6
DS=0F18 ES=0F18 SS=0F18 CS=0E06 IP=0C99 NV UP EI PL NZ AC PE CY
0E06:0C99 24FE              AND     AL,FE
AX=0028 BX=0056 CX=0200 DX=0BFE SP=0AE6 BP=0AF4 SI=0BD6 DI=0BD6
DS=0F18 ES=0F18 SS=0F18 CS=0E06 IP=0C9B NV UP EI PL NZ NA PE NC
0E06:0C9B 03F0              ADD     SI,AX
AX=0028 BX=0056 CX=0200 DX=0BFE SP=0AE6 BP=0AF4 SI=0BFE DI=0BD6
DS=0F18 ES=0F18 SS=0F18 CS=0E06 IP=0C9D NV UP EI PL NZ NA PO NC
0E06:0C9D EBF2              JMP     0C91
AX=0028 BX=0056 CX=0200 DX=0BFE SP=0AE6 BP=0AF4 SI=0BFE DI=0BD6
DS=0F18 ES=0F18 SS=0F18 CS=0E06 IP=0C91 NV UP EI PL NZ NA PO NC
0E06:0C91 AD                LODSW
AX=FFFE BX=0056 CX=0200 DX=0BFE SP=0AE6 BP=0AF4 SI=0C00 DI=0BD6
DS=0F18 ES=0F18 SS=0F18 CS=0E06 IP=0C92 NV UP EI PL NZ NA PO NC
0E06:0C92 83F8FE            CMP     AX,-02
AX=FFFE BX=0056 CX=0200 DX=0BFE SP=0AE6 BP=0AF4 SI=0C00 DI=0BD6
DS=0F18 ES=0F18 SS=0F18 CS=0E06 IP=0C95 NV UP EI PL ZR NA PE NC
0E06:0C95 7408              JZ      0C9F
AX=FFFE BX=0056 CX=0200 DX=0BFE SP=0AE6 BP=0AF4 SI=0C00 DI=0BD6
DS=0F18 ES=0F18 SS=0F18 CS=0E06 IP=0C9F NV UP EI PL ZR NA PE NC
0E06:0C9F 4F                DEC     DI
AX=FFFE BX=0056 CX=0200 DX=0BFE SP=0AE6 BP=0AF4 SI=0C00 DI=0BD5
DS=0F18 ES=0F18 SS=0F18 CS=0E06 IP=0CA0 NV UP EI PL NZ NA PO NC
0E06:0CA0 4F                DEC     DI
AX=FFFE BX=0056 CX=0200 DX=0BFE SP=0AE6 BP=0AF4 SI=0C00 DI=0BD4
DS=0F18 ES=0F18 SS=0F18 CS=0E06 IP=0CA1 NV UP EI PL NZ NA PE NC
0E06:0CA1 8BF7              MOV     SI,DI
AX=FFFE BX=0056 CX=0200 DX=0BFE SP=0AE6 BP=0AF4 SI=0BD4 DI=0BD4
DS=0F18 ES=0F18 SS=0F18 CS=0E06 IP=0CA3 NV UP EI PL NZ NA PE NC
0E06:0CA3 5F                POP     DI
AX=FFFE BX=0056 CX=0200 DX=0BFE SP=0AE8 BP=0AF4 SI=0BD4 DI=0BD6
DS=0F18 ES=0F18 SS=0F18 CS=0E06 IP=0CA4 NV UP EI PL NZ NA PE NC
0E06:0CA4 C3                RET
AX=FFFE BX=0056 CX=0200 DX=0BFE SP=0AEA BP=0AF4 SI=0BD4 DI=0BD6
DS=0F18 ES=0F18 SS=0F18 CS=0E06 IP=0BB3 NV UP EI PL NZ NA PE NC
0E06:0BB3 8BFE              MOV     DI,SI
AX=FFFE BX=0056 CX=0200 DX=0BFE SP=0AEA BP=0AF4 SI=0BD4 DI=0BD4
DS=0F18 ES=0F18 SS=0F18 CS=0E06 IP=0BB5 NV UP EI PL NZ NA PE NC
0E06:0BB5 8B04              MOV     AX,[SI]                        DS:0BD4=0029
AX=0029 BX=0056 CX=0200 DX=0BFE SP=0AEA BP=0AF4 SI=0BD4 DI=0BD4
DS=0F18 ES=0F18 SS=0F18 CS=0E06 IP=0BB7 NV UP EI PL NZ NA PE NC
0E06:0BB7 A801              TEST    AL,01
AX=0029 BX=0056 CX=0200 DX=0BFE SP=0AEA BP=0AF4 SI=0BD4 DI=0BD4
DS=0F18 ES=0F18 SS=0F18 CS=0E06 IP=0BB9 NV UP EI PL NZ NA PO NC
0E06:0BB9 7403              JZ      0BBE
AX=0029 BX=0056 CX=0200 DX=0BFE SP=0AEA BP=0AF4 SI=0BD4 DI=0BD4
DS=0F18 ES=0F18 SS=0F18 CS=0E06 IP=0BBB NV UP EI PL NZ NA PO NC
0E06:0BBB 2BC8              SUB     CX,AX
AX=0029 BX=0056 CX=01D7 DX=0BFE SP=0AEA BP=0AF4 SI=0BD4 DI=0BD4
DS=0F18 ES=0F18 SS=0F18 CS=0E06 IP=0BBD NV UP EI PL NZ AC PE NC
0E06:0BBD 49                DEC     CX
AX=0029 BX=0056 CX=01D6 DX=0BFE SP=0AEA BP=0AF4 SI=0BD4 DI=0BD4
DS=0F18 ES=0F18 SS=0F18 CS=0E06 IP=0BBE NV UP EI PL NZ NA PO NC
0E06:0BBE 41                INC     CX
AX=0029 BX=0056 CX=01D7 DX=0BFE SP=0AEA BP=0AF4 SI=0BD4 DI=0BD4
DS=0F18 ES=0F18 SS=0F18 CS=0E06 IP=0BBF NV UP EI PL NZ NA PE NC
0E06:0BBF 41                INC     CX
AX=0029 BX=0056 CX=01D8 DX=0BFE SP=0AEA BP=0AF4 SI=0BD4 DI=0BD4
DS=0F18 ES=0F18 SS=0F18 CS=0E06 IP=0BC0 NV UP EI PL NZ NA PE NC
0E06:0BC0 8B7704            MOV     SI,[BX+04]                     DS:005A=0C00
AX=0029 BX=0056 CX=01D8 DX=0BFE SP=0AEA BP=0AF4 SI=0C00 DI=0BD4
DS=0F18 ES=0F18 SS=0F18 CS=0E06 IP=0BC3 NV UP EI PL NZ NA PE NC
0E06:0BC3 0BF6              OR      SI,SI
AX=0029 BX=0056 CX=01D8 DX=0BFE SP=0AEA BP=0AF4 SI=0C00 DI=0BD4
DS=0F18 ES=0F18 SS=0F18 CS=0E06 IP=0BC5 NV UP EI PL NZ NA PE NC
0E06:0BC5 744C              JZ      0C13
AX=0029 BX=0056 CX=01D8 DX=0BFE SP=0AEA BP=0AF4 SI=0C00 DI=0BD4
DS=0F18 ES=0F18 SS=0F18 CS=0E06 IP=0BC7 NV UP EI PL NZ NA PE NC
0E06:0BC7 03CE              ADD     CX,SI
AX=0029 BX=0056 CX=0DD8 DX=0BFE SP=0AEA BP=0AF4 SI=0C00 DI=0BD4
DS=0F18 ES=0F18 SS=0F18 CS=0E06 IP=0BC9 NV UP EI PL NZ NA PE NC
0E06:0BC9 7309              JAE     0BD4
AX=0029 BX=0056 CX=0DD8 DX=0BFE SP=0AEA BP=0AF4 SI=0C00 DI=0BD4
DS=0F18 ES=0F18 SS=0F18 CS=0E06 IP=0BD4 NV UP EI PL NZ NA PE NC
0E06:0BD4 16                PUSH    SS
AX=0029 BX=0056 CX=0DD8 DX=0BFE SP=0AE8 BP=0AF4 SI=0C00 DI=0BD4
DS=0F18 ES=0F18 SS=0F18 CS=0E06 IP=0BD5 NV UP EI PL NZ NA PE NC
0E06:0BD5 07                POP     ES
AX=0029 BX=0056 CX=0DD8 DX=0BFE SP=0AEA BP=0AF4 SI=0C00 DI=0BD4
DS=0F18 ES=0F18 SS=0F18 CS=0E06 IP=0BD6 NV UP EI PL NZ NA PE NC
0E06:0BD6 26A13202          MOV     AX,ES:[0232]                   ES:0232=2000
AX=2000 BX=0056 CX=0DD8 DX=0BFE SP=0AEA BP=0AF4 SI=0C00 DI=0BD4
DS=0F18 ES=0F18 SS=0F18 CS=0E06 IP=0BDA NV UP EI PL NZ NA PE NC
0E06:0BDA 3D0020            CMP     AX,2000
AX=2000 BX=0056 CX=0DD8 DX=0BFE SP=0AEA BP=0AF4 SI=0C00 DI=0BD4
DS=0F18 ES=0F18 SS=0F18 CS=0E06 IP=0BDD NV UP EI PL ZR NA PE NC
0E06:0BDD 7416              JZ      0BF5
AX=2000 BX=0056 CX=0DD8 DX=0BFE SP=0AEA BP=0AF4 SI=0C00 DI=0BD4
DS=0F18 ES=0F18 SS=0F18 CS=0E06 IP=0BF5 NV UP EI PL ZR NA PE NC
0E06:0BF5 48                DEC     AX
AX=1FFF BX=0056 CX=0DD8 DX=0BFE SP=0AEA BP=0AF4 SI=0C00 DI=0BD4
DS=0F18 ES=0F18 SS=0F18 CS=0E06 IP=0BF6 NV UP EI PL NZ AC PE NC
0E06:0BF6 8BD0              MOV     DX,AX
AX=1FFF BX=0056 CX=0DD8 DX=1FFF SP=0AEA BP=0AF4 SI=0C00 DI=0BD4
DS=0F18 ES=0F18 SS=0F18 CS=0E06 IP=0BF8 NV UP EI PL NZ AC PE NC
0E06:0BF8 03C1              ADD     AX,CX
AX=2DD7 BX=0056 CX=0DD8 DX=1FFF SP=0AEA BP=0AF4 SI=0C00 DI=0BD4
DS=0F18 ES=0F18 SS=0F18 CS=0E06 IP=0BFA NV UP EI PL NZ AC PE NC
0E06:0BFA 7302              JAE     0BFE
AX=2DD7 BX=0056 CX=0DD8 DX=1FFF SP=0AEA BP=0AF4 SI=0C00 DI=0BD4
DS=0F18 ES=0F18 SS=0F18 CS=0E06 IP=0BFE NV UP EI PL NZ AC PE NC
0E06:0BFE F7D2              NOT     DX
AX=2DD7 BX=0056 CX=0DD8 DX=E000 SP=0AEA BP=0AF4 SI=0C00 DI=0BD4
DS=0F18 ES=0F18 SS=0F18 CS=0E06 IP=0C00 NV UP EI PL NZ AC PE NC
0E06:0C00 23C2              AND     AX,DX
AX=2000 BX=0056 CX=0DD8 DX=E000 SP=0AEA BP=0AF4 SI=0C00 DI=0BD4
DS=0F18 ES=0F18 SS=0F18 CS=0E06 IP=0C02 NV UP EI PL NZ NA PE NC
0E06:0C02 52                PUSH    DX
AX=2000 BX=0056 CX=0DD8 DX=E000 SP=0AE8 BP=0AF4 SI=0C00 DI=0BD4
DS=0F18 ES=0F18 SS=0F18 CS=0E06 IP=0C03 NV UP EI PL NZ NA PE NC
0E06:0C03 E82E00            CALL    0C34
AX=2000 BX=0056 CX=0DD8 DX=E000 SP=0AE6 BP=0AF4 SI=0C00 DI=0BD4
DS=0F18 ES=0F18 SS=0F18 CS=0E06 IP=0C34 NV UP EI PL NZ NA PE NC
0E06:0C34 8BD0              MOV     DX,AX
AX=2000 BX=0056 CX=0DD8 DX=2000 SP=0AE6 BP=0AF4 SI=0C00 DI=0BD4
DS=0F18 ES=0F18 SS=0F18 CS=0E06 IP=0C36 NV UP EI PL NZ NA PE NC
0E06:0C36 F6470204          TEST    BYTE PTR [BX+02],04              DS:0058=05
AX=2000 BX=0056 CX=0DD8 DX=2000 SP=0AE6 BP=0AF4 SI=0C00 DI=0BD4
DS=0F18 ES=0F18 SS=0F18 CS=0E06 IP=0C3A NV UP EI PL NZ NA PO NC
0E06:0C3A 740F              JZ      0C4B
AX=2000 BX=0056 CX=0DD8 DX=2000 SP=0AE6 BP=0AF4 SI=0C00 DI=0BD4
DS=0F18 ES=0F18 SS=0F18 CS=0E06 IP=0C3C NV UP EI PL NZ NA PO NC
0E06:0C3C 4A                DEC     DX
AX=2000 BX=0056 CX=0DD8 DX=1FFF SP=0AE6 BP=0AF4 SI=0C00 DI=0BD4
DS=0F18 ES=0F18 SS=0F18 CS=0E06 IP=0C3D NV UP EI PL NZ AC PE NC
0E06:0C3D 8B7704            MOV     SI,[BX+04]                     DS:005A=0C00
AX=2000 BX=0056 CX=0DD8 DX=1FFF SP=0AE6 BP=0AF4 SI=0C00 DI=0BD4
DS=0F18 ES=0F18 SS=0F18 CS=0E06 IP=0C40 NV UP EI PL NZ AC PE NC
0E06:0C40 4E                DEC     SI
AX=2000 BX=0056 CX=0DD8 DX=1FFF SP=0AE6 BP=0AF4 SI=0BFF DI=0BD4
DS=0F18 ES=0F18 SS=0F18 CS=0E06 IP=0C41 NV UP EI PL NZ AC PE NC
0E06:0C41 3BD6              CMP     DX,SI
AX=2000 BX=0056 CX=0DD8 DX=1FFF SP=0AE6 BP=0AF4 SI=0BFF DI=0BD4
DS=0F18 ES=0F18 SS=0F18 CS=0E06 IP=0C43 NV UP EI PL NZ NA PE NC
0E06:0C43 7605              JBE     0C4A
AX=2000 BX=0056 CX=0DD8 DX=1FFF SP=0AE6 BP=0AF4 SI=0BFF DI=0BD4
DS=0F18 ES=0F18 SS=0F18 CS=0E06 IP=0C45 NV UP EI PL NZ NA PE NC
0E06:0C45 3957FE            CMP     [BX-02],DX                     DS:0054=FFFF
AX=2000 BX=0056 CX=0DD8 DX=1FFF SP=0AE6 BP=0AF4 SI=0BFF DI=0BD4
DS=0F18 ES=0F18 SS=0F18 CS=0E06 IP=0C48 NV UP EI NG NZ NA PE NC
0E06:0C48 7336              JAE     0C80
AX=2000 BX=0056 CX=0DD8 DX=1FFF SP=0AE6 BP=0AF4 SI=0BFF DI=0BD4
DS=0F18 ES=0F18 SS=0F18 CS=0E06 IP=0C80 NV UP EI NG NZ NA PE NC
0E06:0C80 F8                CLC
AX=2000 BX=0056 CX=0DD8 DX=1FFF SP=0AE6 BP=0AF4 SI=0BFF DI=0BD4
DS=0F18 ES=0F18 SS=0F18 CS=0E06 IP=0C81 NV UP EI NG NZ NA PE NC
0E06:0C81 EB01              JMP     0C84
AX=2000 BX=0056 CX=0DD8 DX=1FFF SP=0AE6 BP=0AF4 SI=0BFF DI=0BD4
DS=0F18 ES=0F18 SS=0F18 CS=0E06 IP=0C84 NV UP EI NG NZ NA PE NC
0E06:0C84 C3                RET
AX=2000 BX=0056 CX=0DD8 DX=1FFF SP=0AE8 BP=0AF4 SI=0BFF DI=0BD4
DS=0F18 ES=0F18 SS=0F18 CS=0E06 IP=0C06 NV UP EI NG NZ NA PE NC
0E06:0C06 5A                POP     DX
AX=2000 BX=0056 CX=0DD8 DX=E000 SP=0AEA BP=0AF4 SI=0BFF DI=0BD4
DS=0F18 ES=0F18 SS=0F18 CS=0E06 IP=0C07 NV UP EI NG NZ NA PE NC
0E06:0C07 730D              JAE     0C16
AX=2000 BX=0056 CX=0DD8 DX=E000 SP=0AEA BP=0AF4 SI=0BFF DI=0BD4
DS=0F18 ES=0F18 SS=0F18 CS=0E06 IP=0C16 NV UP EI NG NZ NA PE NC
0E06:0C16 8BD0              MOV     DX,AX
AX=2000 BX=0056 CX=0DD8 DX=2000 SP=0AEA BP=0AF4 SI=0BFF DI=0BD4
DS=0F18 ES=0F18 SS=0F18 CS=0E06 IP=0C18 NV UP EI NG NZ NA PE NC
0E06:0C18 2B5704            SUB     DX,[BX+04]                     DS:005A=0C00
AX=2000 BX=0056 CX=0DD8 DX=1400 SP=0AEA BP=0AF4 SI=0BFF DI=0BD4
DS=0F18 ES=0F18 SS=0F18 CS=0E06 IP=0C1B NV UP EI PL NZ NA PE NC
0E06:0C1B 894704            MOV     [BX+04],AX                     DS:005A=0C00
AX=2000 BX=0056 CX=0DD8 DX=1400 SP=0AEA BP=0AF4 SI=0BFF DI=0BD4
DS=0F18 ES=0F18 SS=0F18 CS=0E06 IP=0C1E NV UP EI PL NZ NA PE NC
0E06:0C1E 897F08            MOV     [BX+08],DI                     DS:005E=0B3A
AX=2000 BX=0056 CX=0DD8 DX=1400 SP=0AEA BP=0AF4 SI=0BFF DI=0BD4
DS=0F18 ES=0F18 SS=0F18 CS=0E06 IP=0C21 NV UP EI PL NZ NA PE NC
0E06:0C21 8B770A            MOV     SI,[BX+0A]                     DS:0060=0BFE
AX=2000 BX=0056 CX=0DD8 DX=1400 SP=0AEA BP=0AF4 SI=0BFE DI=0BD4
DS=0F18 ES=0F18 SS=0F18 CS=0E06 IP=0C24 NV UP EI PL NZ NA PE NC
0E06:0C24 4A                DEC     DX
AX=2000 BX=0056 CX=0DD8 DX=13FF SP=0AEA BP=0AF4 SI=0BFE DI=0BD4
DS=0F18 ES=0F18 SS=0F18 CS=0E06 IP=0C25 NV UP EI PL NZ AC PE NC
0E06:0C25 8914              MOV     [SI],DX                        DS:0BFE=FFFE
AX=2000 BX=0056 CX=0DD8 DX=13FF SP=0AEA BP=0AF4 SI=0BFE DI=0BD4
DS=0F18 ES=0F18 SS=0F18 CS=0E06 IP=0C27 NV UP EI PL NZ AC PE NC
0E06:0C27 42                INC     DX
AX=2000 BX=0056 CX=0DD8 DX=1400 SP=0AEA BP=0AF4 SI=0BFE DI=0BD4
DS=0F18 ES=0F18 SS=0F18 CS=0E06 IP=0C28 NV UP EI PL NZ AC PE NC
0E06:0C28 03F2              ADD     SI,DX
AX=2000 BX=0056 CX=0DD8 DX=1400 SP=0AEA BP=0AF4 SI=1FFE DI=0BD4
DS=0F18 ES=0F18 SS=0F18 CS=0E06 IP=0C2A NV UP EI PL NZ NA PO NC
0E06:0C2A C704FEFF          MOV     WORD PTR [SI],FFFE             DS:1FFE=FFFE
AX=2000 BX=0056 CX=0DD8 DX=1400 SP=0AEA BP=0AF4 SI=1FFE DI=0BD4
DS=0F18 ES=0F18 SS=0F18 CS=0E06 IP=0C2E NV UP EI PL NZ NA PO NC
0E06:0C2E 89770A            MOV     [BX+0A],SI                     DS:0060=0BFE
AX=2000 BX=0056 CX=0DD8 DX=1400 SP=0AEA BP=0AF4 SI=1FFE DI=0BD4
DS=0F18 ES=0F18 SS=0F18 CS=0E06 IP=0C31 NV UP EI PL NZ NA PO NC
0E06:0C31 5F                POP     DI
AX=2000 BX=0056 CX=0DD8 DX=1400 SP=0AEC BP=0AF4 SI=1FFE DI=0BD6
DS=0F18 ES=0F18 SS=0F18 CS=0E06 IP=0C32 NV UP EI PL NZ NA PO NC
0E06:0C32 59                POP     CX
AX=2000 BX=0056 CX=0200 DX=1400 SP=0AEE BP=0AF4 SI=1FFE DI=0BD6
DS=0F18 ES=0F18 SS=0F18 CS=0E06 IP=0C33 NV UP EI PL NZ NA PO NC
0E06:0C33 C3                RET
AX=2000 BX=0056 CX=0200 DX=1400 SP=0AF0 BP=0AF4 SI=1FFE DI=0BD6
DS=0F18 ES=0F18 SS=0F18 CS=0E06 IP=1063 NV UP EI PL NZ NA PO NC
0E06:1063 7205              JB      106A
AX=2000 BX=0056 CX=0200 DX=1400 SP=0AF0 BP=0AF4 SI=1FFE DI=0BD6
DS=0F18 ES=0F18 SS=0F18 CS=0E06 IP=1065 NV UP EI PL NZ NA PO NC
0E06:1065 E81E00            CALL    1086
AX=2000 BX=0056 CX=0200 DX=1400 SP=0AEE BP=0AF4 SI=1FFE DI=0BD6
DS=0F18 ES=0F18 SS=0F18 CS=0E06 IP=1086 NV UP EI PL NZ NA PO NC
0E06:1086 41                INC     CX
AX=2000 BX=0056 CX=0201 DX=1400 SP=0AEE BP=0AF4 SI=1FFE DI=0BD6
DS=0F18 ES=0F18 SS=0F18 CS=0E06 IP=1087 NV UP EI PL NZ NA PO NC
0E06:1087 80E1FE            AND     CL,FE
AX=2000 BX=0056 CX=0200 DX=1400 SP=0AEE BP=0AF4 SI=1FFE DI=0BD6
DS=0F18 ES=0F18 SS=0F18 CS=0E06 IP=108A NV UP EI PL ZR NA PE NC
0E06:108A 53                PUSH    BX
AX=2000 BX=0056 CX=0200 DX=1400 SP=0AEC BP=0AF4 SI=1FFE DI=0BD6
DS=0F18 ES=0F18 SS=0F18 CS=0E06 IP=108B NV UP EI PL ZR NA PE NC
0E06:108B FC                CLD
AX=2000 BX=0056 CX=0200 DX=1400 SP=0AEC BP=0AF4 SI=1FFE DI=0BD6
DS=0F18 ES=0F18 SS=0F18 CS=0E06 IP=108C NV UP EI PL ZR NA PE NC
0E06:108C 8B7708            MOV     SI,[BX+08]                     DS:005E=0BD4
AX=2000 BX=0056 CX=0200 DX=1400 SP=0AEC BP=0AF4 SI=0BD4 DI=0BD6
DS=0F18 ES=0F18 SS=0F18 CS=0E06 IP=108F NV UP EI PL ZR NA PE NC
0E06:108F 8B5F0A            MOV     BX,[BX+0A]                     DS:0060=1FFE
AX=2000 BX=1FFE CX=0200 DX=1400 SP=0AEC BP=0AF4 SI=0BD4 DI=0BD6
DS=0F18 ES=0F18 SS=0F18 CS=0E06 IP=1092 NV UP EI PL ZR NA PE NC
0E06:1092 33FF              XOR     DI,DI
AX=2000 BX=1FFE CX=0200 DX=1400 SP=0AEC BP=0AF4 SI=0BD4 DI=0000
DS=0F18 ES=0F18 SS=0F18 CS=0E06 IP=1094 NV UP EI PL ZR NA PE NC
0E06:1094 EB23              JMP     10B9
AX=2000 BX=1FFE CX=0200 DX=1400 SP=0AEC BP=0AF4 SI=0BD4 DI=0000
DS=0F18 ES=0F18 SS=0F18 CS=0E06 IP=10B9 NV UP EI PL ZR NA PE NC
0E06:10B9 AD                LODSW
AX=0029 BX=1FFE CX=0200 DX=1400 SP=0AEC BP=0AF4 SI=0BD6 DI=0000
DS=0F18 ES=0F18 SS=0F18 CS=0E06 IP=10BA NV UP EI PL ZR NA PE NC
0E06:10BA A801              TEST    AL,01
AX=0029 BX=1FFE CX=0200 DX=1400 SP=0AEC BP=0AF4 SI=0BD6 DI=0000
DS=0F18 ES=0F18 SS=0F18 CS=0E06 IP=10BC NV UP EI PL NZ NA PO NC
0E06:10BC 74F0              JZ      10AE
AX=0029 BX=1FFE CX=0200 DX=1400 SP=0AEC BP=0AF4 SI=0BD6 DI=0000
DS=0F18 ES=0F18 SS=0F18 CS=0E06 IP=10BE NV UP EI PL NZ NA PO NC
0E06:10BE 8BFE              MOV     DI,SI
AX=0029 BX=1FFE CX=0200 DX=1400 SP=0AEC BP=0AF4 SI=0BD6 DI=0BD6
DS=0F18 ES=0F18 SS=0F18 CS=0E06 IP=10C0 NV UP EI PL NZ NA PO NC
0E06:10C0 48                DEC     AX
AX=0028 BX=1FFE CX=0200 DX=1400 SP=0AEC BP=0AF4 SI=0BD6 DI=0BD6
DS=0F18 ES=0F18 SS=0F18 CS=0E06 IP=10C1 NV UP EI PL NZ NA PE NC
0E06:10C1 3BC1              CMP     AX,CX
AX=0028 BX=1FFE CX=0200 DX=1400 SP=0AEC BP=0AF4 SI=0BD6 DI=0BD6
DS=0F18 ES=0F18 SS=0F18 CS=0E06 IP=10C3 NV UP EI NG NZ NA PE CY
0E06:10C3 7323              JAE     10E8
AX=0028 BX=1FFE CX=0200 DX=1400 SP=0AEC BP=0AF4 SI=0BD6 DI=0BD6
DS=0F18 ES=0F18 SS=0F18 CS=0E06 IP=10C5 NV UP EI NG NZ NA PE CY
0E06:10C5 03F0              ADD     SI,AX
AX=0028 BX=1FFE CX=0200 DX=1400 SP=0AEC BP=0AF4 SI=0BFE DI=0BD6
DS=0F18 ES=0F18 SS=0F18 CS=0E06 IP=10C7 NV UP EI PL NZ NA PO NC
0E06:10C7 7213              JB      10DC
AX=0028 BX=1FFE CX=0200 DX=1400 SP=0AEC BP=0AF4 SI=0BFE DI=0BD6
DS=0F18 ES=0F18 SS=0F18 CS=0E06 IP=10C9 NV UP EI PL NZ NA PO NC
0E06:10C9 8BD0              MOV     DX,AX
AX=0028 BX=1FFE CX=0200 DX=0028 SP=0AEC BP=0AF4 SI=0BFE DI=0BD6
DS=0F18 ES=0F18 SS=0F18 CS=0E06 IP=10CB NV UP EI PL NZ NA PO NC
0E06:10CB AD                LODSW
AX=13FF BX=1FFE CX=0200 DX=0028 SP=0AEC BP=0AF4 SI=0C00 DI=0BD6
DS=0F18 ES=0F18 SS=0F18 CS=0E06 IP=10CC NV UP EI PL NZ NA PO NC
0E06:10CC A801              TEST    AL,01
AX=13FF BX=1FFE CX=0200 DX=0028 SP=0AEC BP=0AF4 SI=0C00 DI=0BD6
DS=0F18 ES=0F18 SS=0F18 CS=0E06 IP=10CE NV UP EI PL NZ NA PO NC
0E06:10CE 74DE              JZ      10AE
AX=13FF BX=1FFE CX=0200 DX=0028 SP=0AEC BP=0AF4 SI=0C00 DI=0BD6
DS=0F18 ES=0F18 SS=0F18 CS=0E06 IP=10D0 NV UP EI PL NZ NA PO NC
0E06:10D0 03C2              ADD     AX,DX
AX=1427 BX=1FFE CX=0200 DX=0028 SP=0AEC BP=0AF4 SI=0C00 DI=0BD6
DS=0F18 ES=0F18 SS=0F18 CS=0E06 IP=10D2 NV UP EI PL NZ AC PE NC
0E06:10D2 83C002            ADD     AX,+02
AX=1429 BX=1FFE CX=0200 DX=0028 SP=0AEC BP=0AF4 SI=0C00 DI=0BD6
DS=0F18 ES=0F18 SS=0F18 CS=0E06 IP=10D5 NV UP EI PL NZ NA PO NC
0E06:10D5 8BF7              MOV     SI,DI
AX=1429 BX=1FFE CX=0200 DX=0028 SP=0AEC BP=0AF4 SI=0BD6 DI=0BD6
DS=0F18 ES=0F18 SS=0F18 CS=0E06 IP=10D7 NV UP EI PL NZ NA PO NC
0E06:10D7 8944FE            MOV     [SI-02],AX                     DS:0BD4=0029
AX=1429 BX=1FFE CX=0200 DX=0028 SP=0AEC BP=0AF4 SI=0BD6 DI=0BD6
DS=0F18 ES=0F18 SS=0F18 CS=0E06 IP=10DA NV UP EI PL NZ NA PO NC
0E06:10DA EBE4              JMP     10C0
AX=1429 BX=1FFE CX=0200 DX=0028 SP=0AEC BP=0AF4 SI=0BD6 DI=0BD6
DS=0F18 ES=0F18 SS=0F18 CS=0E06 IP=10C0 NV UP EI PL NZ NA PO NC
0E06:10C0 48                DEC     AX
AX=1428 BX=1FFE CX=0200 DX=0028 SP=0AEC BP=0AF4 SI=0BD6 DI=0BD6
DS=0F18 ES=0F18 SS=0F18 CS=0E06 IP=10C1 NV UP EI PL NZ NA PE NC
0E06:10C1 3BC1              CMP     AX,CX
AX=1428 BX=1FFE CX=0200 DX=0028 SP=0AEC BP=0AF4 SI=0BD6 DI=0BD6
DS=0F18 ES=0F18 SS=0F18 CS=0E06 IP=10C3 NV UP EI PL NZ NA PE NC
0E06:10C3 7323              JAE     10E8
AX=1428 BX=1FFE CX=0200 DX=0028 SP=0AEC BP=0AF4 SI=0BD6 DI=0BD6
DS=0F18 ES=0F18 SS=0F18 CS=0E06 IP=10E8 NV UP EI PL NZ NA PE NC
0E06:10E8 5B                POP     BX
AX=1428 BX=0056 CX=0200 DX=0028 SP=0AEE BP=0AF4 SI=0BD6 DI=0BD6
DS=0F18 ES=0F18 SS=0F18 CS=0E06 IP=10E9 NV UP EI PL NZ NA PE NC
0E06:10E9 894CFE            MOV     [SI-02],CX                     DS:0BD4=1429
AX=1428 BX=0056 CX=0200 DX=0028 SP=0AEE BP=0AF4 SI=0BD6 DI=0BD6
DS=0F18 ES=0F18 SS=0F18 CS=0E06 IP=10EC NV UP EI PL NZ NA PE NC
0E06:10EC 7409              JZ      10F7
AX=1428 BX=0056 CX=0200 DX=0028 SP=0AEE BP=0AF4 SI=0BD6 DI=0BD6
DS=0F18 ES=0F18 SS=0F18 CS=0E06 IP=10EE NV UP EI PL NZ NA PE NC
0E06:10EE 03F9              ADD     DI,CX
AX=1428 BX=0056 CX=0200 DX=0028 SP=0AEE BP=0AF4 SI=0BD6 DI=0DD6
DS=0F18 ES=0F18 SS=0F18 CS=0E06 IP=10F0 NV UP EI PL NZ NA PO NC
0E06:10F0 2BC1              SUB     AX,CX
AX=1228 BX=0056 CX=0200 DX=0028 SP=0AEE BP=0AF4 SI=0BD6 DI=0DD6
DS=0F18 ES=0F18 SS=0F18 CS=0E06 IP=10F2 NV UP EI PL NZ NA PE NC
0E06:10F2 48                DEC     AX
AX=1227 BX=0056 CX=0200 DX=0028 SP=0AEE BP=0AF4 SI=0BD6 DI=0DD6
DS=0F18 ES=0F18 SS=0F18 CS=0E06 IP=10F3 NV UP EI PL NZ NA PE NC
0E06:10F3 8905              MOV     [DI],AX                        DS:0DD6=1227
AX=1227 BX=0056 CX=0200 DX=0028 SP=0AEE BP=0AF4 SI=0BD6 DI=0DD6
DS=0F18 ES=0F18 SS=0F18 CS=0E06 IP=10F5 NV UP EI PL NZ NA PE NC
0E06:10F5 2BF9              SUB     DI,CX
AX=1227 BX=0056 CX=0200 DX=0028 SP=0AEE BP=0AF4 SI=0BD6 DI=0BD6
DS=0F18 ES=0F18 SS=0F18 CS=0E06 IP=10F7 NV UP EI PL NZ NA PO NC
0E06:10F7 03F9              ADD     DI,CX
AX=1227 BX=0056 CX=0200 DX=0028 SP=0AEE BP=0AF4 SI=0BD6 DI=0DD6
DS=0F18 ES=0F18 SS=0F18 CS=0E06 IP=10F9 NV UP EI PL NZ NA PO NC
0E06:10F9 897F08            MOV     [BX+08],DI                     DS:005E=0BD4
AX=1227 BX=0056 CX=0200 DX=0028 SP=0AEE BP=0AF4 SI=0BD6 DI=0DD6
DS=0F18 ES=0F18 SS=0F18 CS=0E06 IP=10FC NV UP EI PL NZ NA PO NC
0E06:10FC 8BC6              MOV     AX,SI
AX=0BD6 BX=0056 CX=0200 DX=0028 SP=0AEE BP=0AF4 SI=0BD6 DI=0DD6
DS=0F18 ES=0F18 SS=0F18 CS=0E06 IP=10FE NV UP EI PL NZ NA PO NC
0E06:10FE 8CDA              MOV     DX,DS
AX=0BD6 BX=0056 CX=0200 DX=0F18 SP=0AEE BP=0AF4 SI=0BD6 DI=0DD6
DS=0F18 ES=0F18 SS=0F18 CS=0E06 IP=1100 NV UP EI PL NZ NA PO NC
0E06:1100 F8                CLC
AX=0BD6 BX=0056 CX=0200 DX=0F18 SP=0AEE BP=0AF4 SI=0BD6 DI=0DD6
DS=0F18 ES=0F18 SS=0F18 CS=0E06 IP=1101 NV UP EI PL NZ NA PO NC
0E06:1101 C3                RET
AX=0BD6 BX=0056 CX=0200 DX=0F18 SP=0AF0 BP=0AF4 SI=0BD6 DI=0DD6
DS=0F18 ES=0F18 SS=0F18 CS=0E06 IP=1068 NV UP EI PL NZ NA PO NC
0E06:1068 7317              JAE     1081
AX=0BD6 BX=0056 CX=0200 DX=0F18 SP=0AF0 BP=0AF4 SI=0BD6 DI=0DD6
DS=0F18 ES=0F18 SS=0F18 CS=0E06 IP=1081 NV UP EI PL NZ NA PO NC
0E06:1081 5F                POP     DI
AX=0BD6 BX=0056 CX=0200 DX=0F18 SP=0AF2 BP=0AF4 SI=0BD6 DI=0190
DS=0F18 ES=0F18 SS=0F18 CS=0E06 IP=1082 NV UP EI PL NZ NA PO NC
0E06:1082 5E                POP     SI
AX=0BD6 BX=0056 CX=0200 DX=0F18 SP=0AF4 BP=0AF4 SI=00F0 DI=0190
DS=0F18 ES=0F18 SS=0F18 CS=0E06 IP=1083 NV UP EI PL NZ NA PO NC
0E06:1083 5D                POP     BP
AX=0BD6 BX=0056 CX=0200 DX=0F18 SP=0AF6 BP=0B00 SI=00F0 DI=0190
DS=0F18 ES=0F18 SS=0F18 CS=0E06 IP=1084 NV UP EI PL NZ NA PO NC
0E06:1084 C3                RET
AX=0BD6 BX=0056 CX=0200 DX=0F18 SP=0AF8 BP=0B00 SI=00F0 DI=0190
DS=0F18 ES=0F18 SS=0F18 CS=0E06 IP=0985 NV UP EI PL NZ NA PO NC
0E06:0985 5B                POP     BX
AX=0BD6 BX=0200 CX=0200 DX=0F18 SP=0AFA BP=0B00 SI=00F0 DI=0190
DS=0F18 ES=0F18 SS=0F18 CS=0E06 IP=0986 NV UP EI PL NZ NA PO NC
0E06:0986 5B                POP     BX
AX=0BD6 BX=022A CX=0200 DX=0F18 SP=0AFC BP=0B00 SI=00F0 DI=0190
DS=0F18 ES=0F18 SS=0F18 CS=0E06 IP=0987 NV UP EI PL NZ NA PO NC
0E06:0987 0BC0              OR      AX,AX
AX=0BD6 BX=022A CX=0200 DX=0F18 SP=0AFC BP=0B00 SI=00F0 DI=0190
DS=0F18 ES=0F18 SS=0F18 CS=0E06 IP=0989 NV UP EI PL NZ NA PO NC
0E06:0989 7404              JZ      098F
AX=0BD6 BX=022A CX=0200 DX=0F18 SP=0AFC BP=0B00 SI=00F0 DI=0190
DS=0F18 ES=0F18 SS=0F18 CS=0E06 IP=098B NV UP EI PL NZ NA PO NC
0E06:098B 8907              MOV     [BX],AX                        DS:022A=0000
AX=0BD6 BX=022A CX=0200 DX=0F18 SP=0AFC BP=0B00 SI=00F0 DI=0190
DS=0F18 ES=0F18 SS=0F18 CS=0E06 IP=098D NV UP EI PL NZ NA PO NC
0E06:098D EBD3              JMP     0962
AX=0BD6 BX=022A CX=0200 DX=0F18 SP=0AFC BP=0B00 SI=00F0 DI=0190
DS=0F18 ES=0F18 SS=0F18 CS=0E06 IP=0962 NV UP EI PL NZ NA PO NC
0E06:0962 894404            MOV     [SI+04],AX                     DS:00F4=0000
AX=0BD6 BX=022A CX=0200 DX=0F18 SP=0AFC BP=0B00 SI=00F0 DI=0190
DS=0F18 ES=0F18 SS=0F18 CS=0E06 IP=0965 NV UP EI PL NZ NA PO NC
0E06:0965 8904              MOV     [SI],AX                        DS:00F0=0000
AX=0BD6 BX=022A CX=0200 DX=0F18 SP=0AFC BP=0B00 SI=00F0 DI=0190
DS=0F18 ES=0F18 SS=0F18 CS=0E06 IP=0967 NV UP EI PL NZ NA PO NC
0E06:0967 C744020002        MOV     WORD PTR [SI+02],0200          DS:00F2=0000
AX=0BD6 BX=022A CX=0200 DX=0F18 SP=0AFC BP=0B00 SI=00F0 DI=0190
DS=0F18 ES=0F18 SS=0F18 CS=0E06 IP=096C NV UP EI PL NZ NA PO NC
0E06:096C C745020002        MOV     WORD PTR [DI+02],0200          DS:0192=0000
AX=0BD6 BX=022A CX=0200 DX=0F18 SP=0AFC BP=0B00 SI=00F0 DI=0190
DS=0F18 ES=0F18 SS=0F18 CS=0E06 IP=0971 NV UP EI PL NZ NA PO NC
0E06:0971 804C0602          OR      BYTE PTR [SI+06],02              DS:00F6=02
AX=0BD6 BX=022A CX=0200 DX=0F18 SP=0AFC BP=0B00 SI=00F0 DI=0190
DS=0F18 ES=0F18 SS=0F18 CS=0E06 IP=0975 NV UP EI PL NZ NA PO NC
0E06:0975 C60511            MOV     BYTE PTR [DI],11                 DS:0190=00
AX=0BD6 BX=022A CX=0200 DX=0F18 SP=0AFC BP=0B00 SI=00F0 DI=0190
DS=0F18 ES=0F18 SS=0F18 CS=0E06 IP=0978 NV UP EI PL NZ NA PO NC
0E06:0978 B80100            MOV     AX,0001
AX=0001 BX=022A CX=0200 DX=0F18 SP=0AFC BP=0B00 SI=00F0 DI=0190
DS=0F18 ES=0F18 SS=0F18 CS=0E06 IP=097B NV UP EI PL NZ NA PO NC
0E06:097B EB14              JMP     0991
AX=0001 BX=022A CX=0200 DX=0F18 SP=0AFC BP=0B00 SI=00F0 DI=0190
DS=0F18 ES=0F18 SS=0F18 CS=0E06 IP=0991 NV UP EI PL NZ NA PO NC
0E06:0991 5F                POP     DI
AX=0001 BX=022A CX=0200 DX=0F18 SP=0AFE BP=0B00 SI=00F0 DI=000D
DS=0F18 ES=0F18 SS=0F18 CS=0E06 IP=0992 NV UP EI PL NZ NA PO NC
0E06:0992 5E                POP     SI
AX=0001 BX=022A CX=0200 DX=0F18 SP=0B00 BP=0B00 SI=00F0 DI=000D
DS=0F18 ES=0F18 SS=0F18 CS=0E06 IP=0993 NV UP EI PL NZ NA PO NC
0E06:0993 5D                POP     BP
AX=0001 BX=022A CX=0200 DX=0F18 SP=0B02 BP=0B10 SI=00F0 DI=000D
DS=0F18 ES=0F18 SS=0F18 CS=0E06 IP=0994 NV UP EI PL NZ NA PO NC
0E06:0994 C3                RET
AX=0001 BX=022A CX=0200 DX=0F18 SP=0B04 BP=0B10 SI=00F0 DI=000D
DS=0F18 ES=0F18 SS=0F18 CS=0E06 IP=0D8E NV UP EI PL NZ NA PO NC
0E06:0D8E 83C402            ADD     SP,+02
AX=0001 BX=022A CX=0200 DX=0F18 SP=0B06 BP=0B10 SI=00F0 DI=000D
DS=0F18 ES=0F18 SS=0F18 CS=0E06 IP=0D91 NV UP EI PL NZ NA PE NC
0E06:0D91 8946FE            MOV     [BP-02],AX                     SS:0B0E=0000
AX=0001 BX=022A CX=0200 DX=0F18 SP=0B06 BP=0B10 SI=00F0 DI=000D
DS=0F18 ES=0F18 SS=0F18 CS=0E06 IP=0D94 NV UP EI PL NZ NA PE NC
0E06:0D94 B8F000            MOV     AX,00F0
AX=00F0 BX=022A CX=0200 DX=0F18 SP=0B06 BP=0B10 SI=00F0 DI=000D
DS=0F18 ES=0F18 SS=0F18 CS=0E06 IP=0D97 NV UP EI PL NZ NA PE NC
0E06:0D97 50                PUSH    AX
AX=00F0 BX=022A CX=0200 DX=0F18 SP=0B04 BP=0B10 SI=00F0 DI=000D
DS=0F18 ES=0F18 SS=0F18 CS=0E06 IP=0D98 NV UP EI PL NZ NA PE NC
0E06:0D98 57                PUSH    DI
AX=00F0 BX=022A CX=0200 DX=0F18 SP=0B02 BP=0B10 SI=00F0 DI=000D
DS=0F18 ES=0F18 SS=0F18 CS=0E06 IP=0D99 NV UP EI PL NZ NA PE NC
0E06:0D99 B90100            MOV     CX,0001
AX=00F0 BX=022A CX=0001 DX=0F18 SP=0B02 BP=0B10 SI=00F0 DI=000D
DS=0F18 ES=0F18 SS=0F18 CS=0E06 IP=0D9C NV UP EI PL NZ NA PE NC
0E06:0D9C 51                PUSH    CX
AX=00F0 BX=022A CX=0001 DX=0F18 SP=0B00 BP=0B10 SI=00F0 DI=000D
DS=0F18 ES=0F18 SS=0F18 CS=0E06 IP=0D9D NV UP EI PL NZ NA PE NC
0E06:0D9D FF7604            PUSH    WORD PTR [BP+04]               SS:0B14=0042
AX=00F0 BX=022A CX=0001 DX=0F18 SP=0AFE BP=0B10 SI=00F0 DI=000D
DS=0F18 ES=0F18 SS=0F18 CS=0E06 IP=0DA0 NV UP EI PL NZ NA PE NC
0E06:0DA0 E821F9            CALL    06C4
AX=00F0 BX=022A CX=0001 DX=0F18 SP=0AFC BP=0B10 SI=00F0 DI=000D
DS=0F18 ES=0F18 SS=0F18 CS=0E06 IP=06C4 NV UP EI PL NZ NA PE NC
0E06:06C4 55                PUSH    BP
AX=00F0 BX=022A CX=0001 DX=0F18 SP=0AFA BP=0B10 SI=00F0 DI=000D
DS=0F18 ES=0F18 SS=0F18 CS=0E06 IP=06C5 NV UP EI PL NZ NA PE NC
0E06:06C5 8BEC              MOV     BP,SP
AX=00F0 BX=022A CX=0001 DX=0F18 SP=0AFA BP=0AFA SI=00F0 DI=000D
DS=0F18 ES=0F18 SS=0F18 CS=0E06 IP=06C7 NV UP EI PL NZ NA PE NC
0E06:06C7 83EC04            SUB     SP,+04
AX=00F0 BX=022A CX=0001 DX=0F18 SP=0AF6 BP=0AFA SI=00F0 DI=000D
DS=0F18 ES=0F18 SS=0F18 CS=0E06 IP=06CA NV UP EI PL NZ NA PE NC
0E06:06CA 56                PUSH    SI
AX=00F0 BX=022A CX=0001 DX=0F18 SP=0AF4 BP=0AFA SI=00F0 DI=000D
DS=0F18 ES=0F18 SS=0F18 CS=0E06 IP=06CB NV UP EI PL NZ NA PE NC
0E06:06CB 57                PUSH    DI
AX=00F0 BX=022A CX=0001 DX=0F18 SP=0AF2 BP=0AFA SI=00F0 DI=000D
DS=0F18 ES=0F18 SS=0F18 CS=0E06 IP=06CC NV UP EI PL NZ NA PE NC
0E06:06CC 8B4606            MOV     AX,[BP+06]                     SS:0B00=0001
AX=0001 BX=022A CX=0001 DX=0F18 SP=0AF2 BP=0AFA SI=00F0 DI=000D
DS=0F18 ES=0F18 SS=0F18 CS=0E06 IP=06CF NV UP EI PL NZ NA PE NC
0E06:06CF F76608            MUL     WORD PTR [BP+08]               SS:0B02=000D
AX=000D BX=022A CX=0001 DX=0000 SP=0AF2 BP=0AFA SI=00F0 DI=000D
DS=0F18 ES=0F18 SS=0F18 CS=0E06 IP=06D2 NV UP EI PL NZ NA PO NC
0E06:06D2 8BC8              MOV     CX,AX
AX=000D BX=022A CX=000D DX=0000 SP=0AF2 BP=0AFA SI=00F0 DI=000D
DS=0F18 ES=0F18 SS=0F18 CS=0E06 IP=06D4 NV UP EI PL NZ NA PO NC
0E06:06D4 E35C              JCXZ    0732
AX=000D BX=022A CX=000D DX=0000 SP=0AF2 BP=0AFA SI=00F0 DI=000D
DS=0F18 ES=0F18 SS=0F18 CS=0E06 IP=06D6 NV UP EI PL NZ NA PO NC
0E06:06D6 8946FE            MOV     [BP-02],AX                     SS:0AF8=0000
AX=000D BX=022A CX=000D DX=0000 SP=0AF2 BP=0AFA SI=00F0 DI=000D
DS=0F18 ES=0F18 SS=0F18 CS=0E06 IP=06D9 NV UP EI PL NZ NA PO NC
0E06:06D9 8B5E04            MOV     BX,[BP+04]                     SS:0AFE=0042
AX=000D BX=0042 CX=000D DX=0000 SP=0AF2 BP=0AFA SI=00F0 DI=000D
DS=0F18 ES=0F18 SS=0F18 CS=0E06 IP=06DC NV UP EI PL NZ NA PO NC
0E06:06DC 8B760A            MOV     SI,[BP+0A]                     SS:0B04=00F0
AX=000D BX=0042 CX=000D DX=0000 SP=0AF2 BP=0AFA SI=00F0 DI=000D
DS=0F18 ES=0F18 SS=0F18 CS=0E06 IP=06DF NV UP EI PL NZ NA PO NC
0E06:06DF BF8801            MOV     DI,0188
AX=000D BX=0042 CX=000D DX=0000 SP=0AF2 BP=0AFA SI=00F0 DI=0188
DS=0F18 ES=0F18 SS=0F18 CS=0E06 IP=06E2 NV UP EI PL NZ NA PO NC
0E06:06E2 8BC6              MOV     AX,SI
AX=00F0 BX=0042 CX=000D DX=0000 SP=0AF2 BP=0AFA SI=00F0 DI=0188
DS=0F18 ES=0F18 SS=0F18 CS=0E06 IP=06E4 NV UP EI PL NZ NA PO NC
0E06:06E4 2DE800            SUB     AX,00E8
AX=0008 BX=0042 CX=000D DX=0000 SP=0AF2 BP=0AFA SI=00F0 DI=0188
DS=0F18 ES=0F18 SS=0F18 CS=0E06 IP=06E7 NV UP EI PL NZ AC PO NC
0E06:06E7 03F8              ADD     DI,AX
AX=0008 BX=0042 CX=000D DX=0000 SP=0AF2 BP=0AFA SI=00F0 DI=0190
DS=0F18 ES=0F18 SS=0F18 CS=0E06 IP=06E9 NV UP EI PL NZ AC PE NC
0E06:06E9 F644060C          TEST    BYTE PTR [SI+06],0C              DS:00F6=02
AX=0008 BX=0042 CX=000D DX=0000 SP=0AF2 BP=0AFA SI=00F0 DI=0190
DS=0F18 ES=0F18 SS=0F18 CS=0E06 IP=06ED NV UP EI PL ZR NA PE NC
0E06:06ED 7505              JNZ     06F4
AX=0008 BX=0042 CX=000D DX=0000 SP=0AF2 BP=0AFA SI=00F0 DI=0190
DS=0F18 ES=0F18 SS=0F18 CS=0E06 IP=06EF NV UP EI PL ZR NA PE NC
0E06:06EF F60501            TEST    BYTE PTR [DI],01                 DS:0190=11
AX=0008 BX=0042 CX=000D DX=0000 SP=0AF2 BP=0AFA SI=00F0 DI=0190
DS=0F18 ES=0F18 SS=0F18 CS=0E06 IP=06F2 NV UP EI PL NZ NA PO NC
0E06:06F2 7405              JZ      06F9
AX=0008 BX=0042 CX=000D DX=0000 SP=0AF2 BP=0AFA SI=00F0 DI=0190
DS=0F18 ES=0F18 SS=0F18 CS=0E06 IP=06F4 NV UP EI PL NZ NA PO NC
0E06:06F4 8B4502            MOV     AX,[DI+02]                     DS:0192=0200
AX=0200 BX=0042 CX=000D DX=0000 SP=0AF2 BP=0AFA SI=00F0 DI=0190
DS=0F18 ES=0F18 SS=0F18 CS=0E06 IP=06F7 NV UP EI PL NZ NA PO NC
0E06:06F7 EB03              JMP     06FC
AX=0200 BX=0042 CX=000D DX=0000 SP=0AF2 BP=0AFA SI=00F0 DI=0190
DS=0F18 ES=0F18 SS=0F18 CS=0E06 IP=06FC NV UP EI PL NZ NA PO NC
0E06:06FC 8946FC            MOV     [BP-04],AX                     SS:0AF6=7306
AX=0200 BX=0042 CX=000D DX=0000 SP=0AF2 BP=0AFA SI=00F0 DI=0190
DS=0F18 ES=0F18 SS=0F18 CS=0E06 IP=06FF NV UP EI PL NZ NA PO NC
0E06:06FF F6440608          TEST    BYTE PTR [SI+06],08              DS:00F6=02
AX=0200 BX=0042 CX=000D DX=0000 SP=0AF2 BP=0AFA SI=00F0 DI=0190
DS=0F18 ES=0F18 SS=0F18 CS=0E06 IP=0703 NV UP EI PL ZR NA PE NC
0E06:0703 7505              JNZ     070A
AX=0200 BX=0042 CX=000D DX=0000 SP=0AF2 BP=0AFA SI=00F0 DI=0190
DS=0F18 ES=0F18 SS=0F18 CS=0E06 IP=0705 NV UP EI PL ZR NA PE NC
0E06:0705 F60501            TEST    BYTE PTR [DI],01                 DS:0190=11
AX=0200 BX=0042 CX=000D DX=0000 SP=0AF2 BP=0AFA SI=00F0 DI=0190
DS=0F18 ES=0F18 SS=0F18 CS=0E06 IP=0708 NV UP EI PL NZ NA PO NC
0E06:0708 7431              JZ      073B
AX=0200 BX=0042 CX=000D DX=0000 SP=0AF2 BP=0AFA SI=00F0 DI=0190
DS=0F18 ES=0F18 SS=0F18 CS=0E06 IP=070A NV UP EI PL NZ NA PO NC
0E06:070A 8B4402            MOV     AX,[SI+02]                     DS:00F2=0200
AX=0200 BX=0042 CX=000D DX=0000 SP=0AF2 BP=0AFA SI=00F0 DI=0190
DS=0F18 ES=0F18 SS=0F18 CS=0E06 IP=070D NV UP EI PL NZ NA PO NC
0E06:070D 0BC0              OR      AX,AX
AX=0200 BX=0042 CX=000D DX=0000 SP=0AF2 BP=0AFA SI=00F0 DI=0190
DS=0F18 ES=0F18 SS=0F18 CS=0E06 IP=070F NV UP EI PL NZ NA PE NC
0E06:070F 742A              JZ      073B
AX=0200 BX=0042 CX=000D DX=0000 SP=0AF2 BP=0AFA SI=00F0 DI=0190
DS=0F18 ES=0F18 SS=0F18 CS=0E06 IP=0711 NV UP EI PL NZ NA PE NC
0E06:0711 3BC1              CMP     AX,CX
AX=0200 BX=0042 CX=000D DX=0000 SP=0AF2 BP=0AFA SI=00F0 DI=0190
DS=0F18 ES=0F18 SS=0F18 CS=0E06 IP=0713 NV UP EI PL NZ AC PE NC
0E06:0713 7602              JBE     0717
AX=0200 BX=0042 CX=000D DX=0000 SP=0AF2 BP=0AFA SI=00F0 DI=0190
DS=0F18 ES=0F18 SS=0F18 CS=0E06 IP=0715 NV UP EI PL NZ AC PE NC
0E06:0715 8BC1              MOV     AX,CX
AX=000D BX=0042 CX=000D DX=0000 SP=0AF2 BP=0AFA SI=00F0 DI=0190
DS=0F18 ES=0F18 SS=0F18 CS=0E06 IP=0717 NV UP EI PL NZ AC PE NC
0E06:0717 50                PUSH    AX
AX=000D BX=0042 CX=000D DX=0000 SP=0AF0 BP=0AFA SI=00F0 DI=0190
DS=0F18 ES=0F18 SS=0F18 CS=0E06 IP=0718 NV UP EI PL NZ AC PE NC
0E06:0718 53                PUSH    BX
AX=000D BX=0042 CX=000D DX=0000 SP=0AEE BP=0AFA SI=00F0 DI=0190
DS=0F18 ES=0F18 SS=0F18 CS=0E06 IP=0719 NV UP EI PL NZ AC PE NC
0E06:0719 51                PUSH    CX
AX=000D BX=0042 CX=000D DX=0000 SP=0AEC BP=0AFA SI=00F0 DI=0190
DS=0F18 ES=0F18 SS=0F18 CS=0E06 IP=071A NV UP EI PL NZ AC PE NC
0E06:071A 50                PUSH    AX
AX=000D BX=0042 CX=000D DX=0000 SP=0AEA BP=0AFA SI=00F0 DI=0190
DS=0F18 ES=0F18 SS=0F18 CS=0E06 IP=071B NV UP EI PL NZ AC PE NC
0E06:071B 53                PUSH    BX
AX=000D BX=0042 CX=000D DX=0000 SP=0AE8 BP=0AFA SI=00F0 DI=0190
DS=0F18 ES=0F18 SS=0F18 CS=0E06 IP=071C NV UP EI PL NZ AC PE NC
0E06:071C FF34              PUSH    WORD PTR [SI]                  DS:00F0=0BD6
AX=000D BX=0042 CX=000D DX=0000 SP=0AE6 BP=0AFA SI=00F0 DI=0190
DS=0F18 ES=0F18 SS=0F18 CS=0E06 IP=071E NV UP EI PL NZ AC PE NC
0E06:071E E81F07            CALL    0E40
AX=000D BX=0042 CX=000D DX=0000 SP=0AE4 BP=0AFA SI=00F0 DI=0190
DS=0F18 ES=0F18 SS=0F18 CS=0E06 IP=0E40 NV UP EI PL NZ AC PE NC
0E06:0E40 55                PUSH    BP
AX=000D BX=0042 CX=000D DX=0000 SP=0AE2 BP=0AFA SI=00F0 DI=0190
DS=0F18 ES=0F18 SS=0F18 CS=0E06 IP=0E41 NV UP EI PL NZ AC PE NC
0E06:0E41 8BEC              MOV     BP,SP
AX=000D BX=0042 CX=000D DX=0000 SP=0AE2 BP=0AE2 SI=00F0 DI=0190
DS=0F18 ES=0F18 SS=0F18 CS=0E06 IP=0E43 NV UP EI PL NZ AC PE NC
0E06:0E43 8BD7              MOV     DX,DI
AX=000D BX=0042 CX=000D DX=0190 SP=0AE2 BP=0AE2 SI=00F0 DI=0190
DS=0F18 ES=0F18 SS=0F18 CS=0E06 IP=0E45 NV UP EI PL NZ AC PE NC
0E06:0E45 8BDE              MOV     BX,SI
AX=000D BX=00F0 CX=000D DX=0190 SP=0AE2 BP=0AE2 SI=00F0 DI=0190
DS=0F18 ES=0F18 SS=0F18 CS=0E06 IP=0E47 NV UP EI PL NZ AC PE NC
0E06:0E47 8CD8              MOV     AX,DS
AX=0F18 BX=00F0 CX=000D DX=0190 SP=0AE2 BP=0AE2 SI=00F0 DI=0190
DS=0F18 ES=0F18 SS=0F18 CS=0E06 IP=0E49 NV UP EI PL NZ AC PE NC
0E06:0E49 8EC0              MOV     ES,AX
AX=0F18 BX=00F0 CX=000D DX=0190 SP=0AE2 BP=0AE2 SI=00F0 DI=0190
DS=0F18 ES=0F18 SS=0F18 CS=0E06 IP=0E4B NV UP EI PL NZ AC PE NC
0E06:0E4B 8B7606            MOV     SI,[BP+06]                     SS:0AE8=0042
AX=0F18 BX=00F0 CX=000D DX=0190 SP=0AE2 BP=0AE2 SI=0042 DI=0190
DS=0F18 ES=0F18 SS=0F18 CS=0E06 IP=0E4E NV UP EI PL NZ AC PE NC
0E06:0E4E 8B7E04            MOV     DI,[BP+04]                     SS:0AE6=0BD6
AX=0F18 BX=00F0 CX=000D DX=0190 SP=0AE2 BP=0AE2 SI=0042 DI=0BD6
DS=0F18 ES=0F18 SS=0F18 CS=0E06 IP=0E51 NV UP EI PL NZ AC PE NC
0E06:0E51 8BC7              MOV     AX,DI
AX=0BD6 BX=00F0 CX=000D DX=0190 SP=0AE2 BP=0AE2 SI=0042 DI=0BD6
DS=0F18 ES=0F18 SS=0F18 CS=0E06 IP=0E53 NV UP EI PL NZ AC PE NC
0E06:0E53 8B4E08            MOV     CX,[BP+08]                     SS:0AEA=000D
AX=0BD6 BX=00F0 CX=000D DX=0190 SP=0AE2 BP=0AE2 SI=0042 DI=0BD6
DS=0F18 ES=0F18 SS=0F18 CS=0E06 IP=0E56 NV UP EI PL NZ AC PE NC
0E06:0E56 E30E              JCXZ    0E66
AX=0BD6 BX=00F0 CX=000D DX=0190 SP=0AE2 BP=0AE2 SI=0042 DI=0BD6
DS=0F18 ES=0F18 SS=0F18 CS=0E06 IP=0E58 NV UP EI PL NZ AC PE NC
0E06:0E58 A801              TEST    AL,01
AX=0BD6 BX=00F0 CX=000D DX=0190 SP=0AE2 BP=0AE2 SI=0042 DI=0BD6
DS=0F18 ES=0F18 SS=0F18 CS=0E06 IP=0E5A NV UP EI PL ZR NA PE NC
0E06:0E5A 7402              JZ      0E5E
AX=0BD6 BX=00F0 CX=000D DX=0190 SP=0AE2 BP=0AE2 SI=0042 DI=0BD6
DS=0F18 ES=0F18 SS=0F18 CS=0E06 IP=0E5E NV UP EI PL ZR NA PE NC
0E06:0E5E D1E9              SHR     CX,1
AX=0BD6 BX=00F0 CX=0006 DX=0190 SP=0AE2 BP=0AE2 SI=0042 DI=0BD6
DS=0F18 ES=0F18 SS=0F18 CS=0E06 IP=0E60 NV UP EI PL NZ AC PE CY
0E06:0E60 F3A5              REP     MOVSW
AX=0BD6 BX=00F0 CX=0005 DX=0190 SP=0AE2 BP=0AE2 SI=0044 DI=0BD8
DS=0F18 ES=0F18 SS=0F18 CS=0E06 IP=0E60 NV UP EI PL NZ AC PE CY
0E06:0E60 F3A5              REP     MOVSW
AX=0BD6 BX=00F0 CX=0004 DX=0190 SP=0AE2 BP=0AE2 SI=0046 DI=0BDA
DS=0F18 ES=0F18 SS=0F18 CS=0E06 IP=0E60 NV UP EI PL NZ AC PE CY
0E06:0E60 F3A5              REP     MOVSW
AX=0BD6 BX=00F0 CX=0003 DX=0190 SP=0AE2 BP=0AE2 SI=0048 DI=0BDC
DS=0F18 ES=0F18 SS=0F18 CS=0E06 IP=0E60 NV UP EI PL NZ AC PE CY
0E06:0E60 F3A5              REP     MOVSW
AX=0BD6 BX=00F0 CX=0002 DX=0190 SP=0AE2 BP=0AE2 SI=004A DI=0BDE
DS=0F18 ES=0F18 SS=0F18 CS=0E06 IP=0E60 NV UP EI PL NZ AC PE CY
0E06:0E60 F3A5              REP     MOVSW
AX=0BD6 BX=00F0 CX=0001 DX=0190 SP=0AE2 BP=0AE2 SI=004C DI=0BE0
DS=0F18 ES=0F18 SS=0F18 CS=0E06 IP=0E60 NV UP EI PL NZ AC PE CY
0E06:0E60 F3A5              REP     MOVSW
AX=0BD6 BX=00F0 CX=0000 DX=0190 SP=0AE2 BP=0AE2 SI=004E DI=0BE2
DS=0F18 ES=0F18 SS=0F18 CS=0E06 IP=0E62 NV UP EI PL NZ AC PE CY
0E06:0E62 13C9              ADC     CX,CX
AX=0BD6 BX=00F0 CX=0001 DX=0190 SP=0AE2 BP=0AE2 SI=004E DI=0BE2
DS=0F18 ES=0F18 SS=0F18 CS=0E06 IP=0E64 NV UP EI PL NZ NA PO NC
0E06:0E64 F3A4              REP     MOVSB
AX=0BD6 BX=00F0 CX=0000 DX=0190 SP=0AE2 BP=0AE2 SI=004F DI=0BE3
DS=0F18 ES=0F18 SS=0F18 CS=0E06 IP=0E66 NV UP EI PL NZ NA PO NC
0E06:0E66 8BF3              MOV     SI,BX
AX=0BD6 BX=00F0 CX=0000 DX=0190 SP=0AE2 BP=0AE2 SI=00F0 DI=0BE3
DS=0F18 ES=0F18 SS=0F18 CS=0E06 IP=0E68 NV UP EI PL NZ NA PO NC
0E06:0E68 8BFA              MOV     DI,DX
AX=0BD6 BX=00F0 CX=0000 DX=0190 SP=0AE2 BP=0AE2 SI=00F0 DI=0190
DS=0F18 ES=0F18 SS=0F18 CS=0E06 IP=0E6A NV UP EI PL NZ NA PO NC
0E06:0E6A 5D                POP     BP
AX=0BD6 BX=00F0 CX=0000 DX=0190 SP=0AE4 BP=0AFA SI=00F0 DI=0190
DS=0F18 ES=0F18 SS=0F18 CS=0E06 IP=0E6B NV UP EI PL NZ NA PO NC
0E06:0E6B C3                RET
AX=0BD6 BX=00F0 CX=0000 DX=0190 SP=0AE6 BP=0AFA SI=00F0 DI=0190
DS=0F18 ES=0F18 SS=0F18 CS=0E06 IP=0721 NV UP EI PL NZ NA PO NC
0E06:0721 83C406            ADD     SP,+06
AX=0BD6 BX=00F0 CX=0000 DX=0190 SP=0AEC BP=0AFA SI=00F0 DI=0190
DS=0F18 ES=0F18 SS=0F18 CS=0E06 IP=0724 NV UP EI PL NZ NA PO NC
0E06:0724 59                POP     CX
AX=0BD6 BX=00F0 CX=000D DX=0190 SP=0AEE BP=0AFA SI=00F0 DI=0190
DS=0F18 ES=0F18 SS=0F18 CS=0E06 IP=0725 NV UP EI PL NZ NA PO NC
0E06:0725 5B                POP     BX
AX=0BD6 BX=0042 CX=000D DX=0190 SP=0AF0 BP=0AFA SI=00F0 DI=0190
DS=0F18 ES=0F18 SS=0F18 CS=0E06 IP=0726 NV UP EI PL NZ NA PO NC
0E06:0726 58                POP     AX
AX=000D BX=0042 CX=000D DX=0190 SP=0AF2 BP=0AFA SI=00F0 DI=0190
DS=0F18 ES=0F18 SS=0F18 CS=0E06 IP=0727 NV UP EI PL NZ NA PO NC
0E06:0727 2BC8              SUB     CX,AX
AX=000D BX=0042 CX=0000 DX=0190 SP=0AF2 BP=0AFA SI=00F0 DI=0190
DS=0F18 ES=0F18 SS=0F18 CS=0E06 IP=0729 NV UP EI PL ZR NA PE NC
0E06:0729 294402            SUB     [SI+02],AX                     DS:00F2=0200
AX=000D BX=0042 CX=0000 DX=0190 SP=0AF2 BP=0AFA SI=00F0 DI=0190
DS=0F18 ES=0F18 SS=0F18 CS=0E06 IP=072C NV UP EI PL NZ AC PE NC
0E06:072C 03D8              ADD     BX,AX
AX=000D BX=004F CX=0000 DX=0190 SP=0AF2 BP=0AFA SI=00F0 DI=0190
DS=0F18 ES=0F18 SS=0F18 CS=0E06 IP=072E NV UP EI PL NZ NA PO NC
0E06:072E 0104              ADD     [SI],AX                        DS:00F0=0BD6
AX=000D BX=004F CX=0000 DX=0190 SP=0AF2 BP=0AFA SI=00F0 DI=0190
DS=0F18 ES=0F18 SS=0F18 CS=0E06 IP=0730 NV UP EI PL NZ AC PO NC
0E06:0730 EB03              JMP     0735
AX=000D BX=004F CX=0000 DX=0190 SP=0AF2 BP=0AFA SI=00F0 DI=0190
DS=0F18 ES=0F18 SS=0F18 CS=0E06 IP=0735 NV UP EI PL NZ AC PO NC
0E06:0735 0BC9              OR      CX,CX
AX=000D BX=004F CX=0000 DX=0190 SP=0AF2 BP=0AFA SI=00F0 DI=0190
DS=0F18 ES=0F18 SS=0F18 CS=0E06 IP=0737 NV UP EI PL ZR NA PE NC
0E06:0737 75C6              JNZ     06FF
AX=000D BX=004F CX=0000 DX=0190 SP=0AF2 BP=0AFA SI=00F0 DI=0190
DS=0F18 ES=0F18 SS=0F18 CS=0E06 IP=0739 NV UP EI PL ZR NA PE NC
0E06:0739 EB73              JMP     07AE
AX=000D BX=004F CX=0000 DX=0190 SP=0AF2 BP=0AFA SI=00F0 DI=0190
DS=0F18 ES=0F18 SS=0F18 CS=0E06 IP=07AE NV UP EI PL ZR NA PE NC
0E06:07AE E30C              JCXZ    07BC
AX=000D BX=004F CX=0000 DX=0190 SP=0AF2 BP=0AFA SI=00F0 DI=0190
DS=0F18 ES=0F18 SS=0F18 CS=0E06 IP=07BC NV UP EI PL ZR NA PE NC
0E06:07BC 8B4608            MOV     AX,[BP+08]                     SS:0B02=000D
AX=000D BX=004F CX=0000 DX=0190 SP=0AF2 BP=0AFA SI=00F0 DI=0190
DS=0F18 ES=0F18 SS=0F18 CS=0E06 IP=07BF NV UP EI PL ZR NA PE NC
0E06:07BF 5F                POP     DI
AX=000D BX=004F CX=0000 DX=0190 SP=0AF4 BP=0AFA SI=00F0 DI=000D
DS=0F18 ES=0F18 SS=0F18 CS=0E06 IP=07C0 NV UP EI PL ZR NA PE NC
0E06:07C0 5E                POP     SI
AX=000D BX=004F CX=0000 DX=0190 SP=0AF6 BP=0AFA SI=00F0 DI=000D
DS=0F18 ES=0F18 SS=0F18 CS=0E06 IP=07C1 NV UP EI PL ZR NA PE NC
0E06:07C1 8BE5              MOV     SP,BP
AX=000D BX=004F CX=0000 DX=0190 SP=0AFA BP=0AFA SI=00F0 DI=000D
DS=0F18 ES=0F18 SS=0F18 CS=0E06 IP=07C3 NV UP EI PL ZR NA PE NC
0E06:07C3 5D                POP     BP
AX=000D BX=004F CX=0000 DX=0190 SP=0AFC BP=0B10 SI=00F0 DI=000D
DS=0F18 ES=0F18 SS=0F18 CS=0E06 IP=07C4 NV UP EI PL ZR NA PE NC
0E06:07C4 C3                RET
AX=000D BX=004F CX=0000 DX=0190 SP=0AFE BP=0B10 SI=00F0 DI=000D
DS=0F18 ES=0F18 SS=0F18 CS=0E06 IP=0DA3 NV UP EI PL ZR NA PE NC
0E06:0DA3 83C408            ADD     SP,+08
AX=000D BX=004F CX=0000 DX=0190 SP=0B06 BP=0B10 SI=00F0 DI=000D
DS=0F18 ES=0F18 SS=0F18 CS=0E06 IP=0DA6 NV UP EI PL NZ AC PE NC
0E06:0DA6 3BC7              CMP     AX,DI
AX=000D BX=004F CX=0000 DX=0190 SP=0B06 BP=0B10 SI=00F0 DI=000D
DS=0F18 ES=0F18 SS=0F18 CS=0E06 IP=0DA8 NV UP EI PL ZR NA PE NC
0E06:0DA8 7526              JNZ     0DD0
AX=000D BX=004F CX=0000 DX=0190 SP=0B06 BP=0B10 SI=00F0 DI=000D
DS=0F18 ES=0F18 SS=0F18 CS=0E06 IP=0DAA NV UP EI PL ZR NA PE NC
0E06:0DAA FF0EF200          DEC     WORD PTR [00F2]                DS:00F2=01F3
AX=000D BX=004F CX=0000 DX=0190 SP=0B06 BP=0B10 SI=00F0 DI=000D
DS=0F18 ES=0F18 SS=0F18 CS=0E06 IP=0DAE NV UP EI PL NZ NA PO NC
0E06:0DAE 780E              JS      0DBE
AX=000D BX=004F CX=0000 DX=0190 SP=0B06 BP=0B10 SI=00F0 DI=000D
DS=0F18 ES=0F18 SS=0F18 CS=0E06 IP=0DB0 NV UP EI PL NZ NA PO NC
0E06:0DB0 8B1EF000          MOV     BX,[00F0]                      DS:00F0=0BE3
AX=000D BX=0BE3 CX=0000 DX=0190 SP=0B06 BP=0B10 SI=00F0 DI=000D
DS=0F18 ES=0F18 SS=0F18 CS=0E06 IP=0DB4 NV UP EI PL NZ NA PO NC
0E06:0DB4 FF06F000          INC     WORD PTR [00F0]                DS:00F0=0BE3
AX=000D BX=0BE3 CX=0000 DX=0190 SP=0B06 BP=0B10 SI=00F0 DI=000D
DS=0F18 ES=0F18 SS=0F18 CS=0E06 IP=0DB8 NV UP EI PL NZ NA PE NC
0E06:0DB8 C6070A            MOV     BYTE PTR [BX],0A                 DS:0BE3=0A
AX=000D BX=0BE3 CX=0000 DX=0190 SP=0B06 BP=0B10 SI=00F0 DI=000D
DS=0F18 ES=0F18 SS=0F18 CS=0E06 IP=0DBB NV UP EI PL NZ NA PE NC
0E06:0DBB EB0C              JMP     0DC9
AX=000D BX=0BE3 CX=0000 DX=0190 SP=0B06 BP=0B10 SI=00F0 DI=000D
DS=0F18 ES=0F18 SS=0F18 CS=0E06 IP=0DC9 NV UP EI PL NZ NA PE NC
0E06:0DC9 C746FA0000        MOV     WORD PTR [BP-06],0000          SS:0B0A=0000
AX=000D BX=0BE3 CX=0000 DX=0190 SP=0B06 BP=0B10 SI=00F0 DI=000D
DS=0F18 ES=0F18 SS=0F18 CS=0E06 IP=0DCE NV UP EI PL NZ NA PE NC
0E06:0DCE EB05              JMP     0DD5
AX=000D BX=0BE3 CX=0000 DX=0190 SP=0B06 BP=0B10 SI=00F0 DI=000D
DS=0F18 ES=0F18 SS=0F18 CS=0E06 IP=0DD5 NV UP EI PL NZ NA PE NC
0E06:0DD5 56                PUSH    SI
AX=000D BX=0BE3 CX=0000 DX=0190 SP=0B04 BP=0B10 SI=00F0 DI=000D
DS=0F18 ES=0F18 SS=0F18 CS=0E06 IP=0DD6 NV UP EI PL NZ NA PE NC
0E06:0DD6 FF76FE            PUSH    WORD PTR [BP-02]               SS:0B0E=0001
AX=000D BX=0BE3 CX=0000 DX=0190 SP=0B02 BP=0B10 SI=00F0 DI=000D
DS=0F18 ES=0F18 SS=0F18 CS=0E06 IP=0DD9 NV UP EI PL NZ NA PE NC
0E06:0DD9 E8B9FB            CALL    0995
AX=000D BX=0BE3 CX=0000 DX=0190 SP=0B00 BP=0B10 SI=00F0 DI=000D
DS=0F18 ES=0F18 SS=0F18 CS=0E06 IP=0995 NV UP EI PL NZ NA PE NC
0E06:0995 55                PUSH    BP
AX=000D BX=0BE3 CX=0000 DX=0190 SP=0AFE BP=0B10 SI=00F0 DI=000D
DS=0F18 ES=0F18 SS=0F18 CS=0E06 IP=0996 NV UP EI PL NZ NA PE NC
0E06:0996 8BEC              MOV     BP,SP
AX=000D BX=0BE3 CX=0000 DX=0190 SP=0AFE BP=0AFE SI=00F0 DI=000D
DS=0F18 ES=0F18 SS=0F18 CS=0E06 IP=0998 NV UP EI PL NZ NA PE NC
0E06:0998 56                PUSH    SI
AX=000D BX=0BE3 CX=0000 DX=0190 SP=0AFC BP=0AFE SI=00F0 DI=000D
DS=0F18 ES=0F18 SS=0F18 CS=0E06 IP=0999 NV UP EI PL NZ NA PE NC
0E06:0999 57                PUSH    DI
AX=000D BX=0BE3 CX=0000 DX=0190 SP=0AFA BP=0AFE SI=00F0 DI=000D
DS=0F18 ES=0F18 SS=0F18 CS=0E06 IP=099A NV UP EI PL NZ NA PE NC
0E06:099A 8B7606            MOV     SI,[BP+06]                     SS:0B04=00F0
AX=000D BX=0BE3 CX=0000 DX=0190 SP=0AFA BP=0AFE SI=00F0 DI=000D
DS=0F18 ES=0F18 SS=0F18 CS=0E06 IP=099D NV UP EI PL NZ NA PE NC
0E06:099D 8BFE              MOV     DI,SI
AX=000D BX=0BE3 CX=0000 DX=0190 SP=0AFA BP=0AFE SI=00F0 DI=00F0
DS=0F18 ES=0F18 SS=0F18 CS=0E06 IP=099F NV UP EI PL NZ NA PE NC
0E06:099F 81EFE800          SUB     DI,00E8
AX=000D BX=0BE3 CX=0000 DX=0190 SP=0AFA BP=0AFE SI=00F0 DI=0008
DS=0F18 ES=0F18 SS=0F18 CS=0E06 IP=09A3 NV UP EI PL NZ AC PO NC
0E06:09A3 81C78801          ADD     DI,0188
AX=000D BX=0BE3 CX=0000 DX=0190 SP=0AFA BP=0AFE SI=00F0 DI=0190
DS=0F18 ES=0F18 SS=0F18 CS=0E06 IP=09A7 NV UP EI PL NZ AC PE NC
0E06:09A7 F60510            TEST    BYTE PTR [DI],10                 DS:0190=11
AX=000D BX=0BE3 CX=0000 DX=0190 SP=0AFA BP=0AFE SI=00F0 DI=0190
DS=0F18 ES=0F18 SS=0F18 CS=0E06 IP=09AA NV UP EI PL NZ NA PO NC
0E06:09AA 7423              JZ      09CF
AX=000D BX=0BE3 CX=0000 DX=0190 SP=0AFA BP=0AFE SI=00F0 DI=0190
DS=0F18 ES=0F18 SS=0F18 CS=0E06 IP=09AC NV UP EI PL NZ NA PO NC
0E06:09AC 33DB              XOR     BX,BX
AX=000D BX=0000 CX=0000 DX=0190 SP=0AFA BP=0AFE SI=00F0 DI=0190
DS=0F18 ES=0F18 SS=0F18 CS=0E06 IP=09AE NV UP EI PL ZR NA PE NC
0E06:09AE 8A5C07            MOV     BL,[SI+07]                       DS:00F7=01
AX=000D BX=0001 CX=0000 DX=0190 SP=0AFA BP=0AFE SI=00F0 DI=0190
DS=0F18 ES=0F18 SS=0F18 CS=0E06 IP=09B1 NV UP EI PL ZR NA PE NC
0E06:09B1 F6879E0040        TEST    BYTE PTR [BX+009E],40            DS:009F=81
AX=000D BX=0001 CX=0000 DX=0190 SP=0AFA BP=0AFE SI=00F0 DI=0190
DS=0F18 ES=0F18 SS=0F18 CS=0E06 IP=09B6 NV UP EI PL ZR NA PE NC
0E06:09B6 7417              JZ      09CF
AX=000D BX=0001 CX=0000 DX=0190 SP=0AFA BP=0AFE SI=00F0 DI=0190
DS=0F18 ES=0F18 SS=0F18 CS=0E06 IP=09CF NV UP EI PL ZR NA PE NC
0E06:09CF 5F                POP     DI
AX=000D BX=0001 CX=0000 DX=0190 SP=0AFC BP=0AFE SI=00F0 DI=000D
DS=0F18 ES=0F18 SS=0F18 CS=0E06 IP=09D0 NV UP EI PL ZR NA PE NC
0E06:09D0 5E                POP     SI
AX=000D BX=0001 CX=0000 DX=0190 SP=0AFE BP=0AFE SI=00F0 DI=000D
DS=0F18 ES=0F18 SS=0F18 CS=0E06 IP=09D1 NV UP EI PL ZR NA PE NC
0E06:09D1 5D                POP     BP
AX=000D BX=0001 CX=0000 DX=0190 SP=0B00 BP=0B10 SI=00F0 DI=000D
DS=0F18 ES=0F18 SS=0F18 CS=0E06 IP=09D2 NV UP EI PL ZR NA PE NC
0E06:09D2 C3                RET
AX=000D BX=0001 CX=0000 DX=0190 SP=0B02 BP=0B10 SI=00F0 DI=000D
DS=0F18 ES=0F18 SS=0F18 CS=0E06 IP=0DDC NV UP EI PL ZR NA PE NC
0E06:0DDC 83C404            ADD     SP,+04
AX=000D BX=0001 CX=0000 DX=0190 SP=0B06 BP=0B10 SI=00F0 DI=000D
DS=0F18 ES=0F18 SS=0F18 CS=0E06 IP=0DDF NV UP EI PL NZ NA PE NC
0E06:0DDF 8B46FA            MOV     AX,[BP-06]                     SS:0B0A=0000
AX=0000 BX=0001 CX=0000 DX=0190 SP=0B06 BP=0B10 SI=00F0 DI=000D
DS=0F18 ES=0F18 SS=0F18 CS=0E06 IP=0DE2 NV UP EI PL NZ NA PE NC
0E06:0DE2 5E                POP     SI
AX=0000 BX=0001 CX=0000 DX=0190 SP=0B08 BP=0B10 SI=0254 DI=000D
DS=0F18 ES=0F18 SS=0F18 CS=0E06 IP=0DE3 NV UP EI PL NZ NA PE NC
0E06:0DE3 5F                POP     DI
AX=0000 BX=0001 CX=0000 DX=0190 SP=0B0A BP=0B10 SI=0254 DI=0254
DS=0F18 ES=0F18 SS=0F18 CS=0E06 IP=0DE4 NV UP EI PL NZ NA PE NC
0E06:0DE4 8BE5              MOV     SP,BP
AX=0000 BX=0001 CX=0000 DX=0190 SP=0B10 BP=0B10 SI=0254 DI=0254
DS=0F18 ES=0F18 SS=0F18 CS=0E06 IP=0DE6 NV UP EI PL NZ NA PE NC
0E06:0DE6 5D                POP     BP
AX=0000 BX=0001 CX=0000 DX=0190 SP=0B12 BP=0B1C SI=0254 DI=0254
DS=0F18 ES=0F18 SS=0F18 CS=0E06 IP=0DE7 NV UP EI PL NZ NA PE NC
0E06:0DE7 C3                RET
AX=0000 BX=0001 CX=0000 DX=0190 SP=0B14 BP=0B1C SI=0254 DI=0254
DS=0F18 ES=0F18 SS=0F18 CS=0E06 IP=0022 NV UP EI PL NZ NA PE NC
0E06:0022 83C402            ADD     SP,+02
AX=0000 BX=0001 CX=0000 DX=0190 SP=0B16 BP=0B1C SI=0254 DI=0254
DS=0F18 ES=0F18 SS=0F18 CS=0E06 IP=0025 NV UP EI PL NZ NA PO NC
0E06:0025 B80000            MOV     AX,0000
AX=0000 BX=0001 CX=0000 DX=0190 SP=0B16 BP=0B1C SI=0254 DI=0254
DS=0F18 ES=0F18 SS=0F18 CS=0E06 IP=0028 NV UP EI PL NZ NA PO NC
0E06:0028 E90000            JMP     002B
AX=0000 BX=0001 CX=0000 DX=0190 SP=0B16 BP=0B1C SI=0254 DI=0254
DS=0F18 ES=0F18 SS=0F18 CS=0E06 IP=002B NV UP EI PL NZ NA PO NC
0E06:002B 5F                POP     DI
AX=0000 BX=0001 CX=0000 DX=0190 SP=0B18 BP=0B1C SI=0254 DI=0254
DS=0F18 ES=0F18 SS=0F18 CS=0E06 IP=002C NV UP EI PL NZ NA PO NC
0E06:002C 5E                POP     SI
AX=0000 BX=0001 CX=0000 DX=0190 SP=0B1A BP=0B1C SI=0254 DI=0254
DS=0F18 ES=0F18 SS=0F18 CS=0E06 IP=002D NV UP EI PL NZ NA PO NC
0E06:002D 8BE5              MOV     SP,BP
AX=0000 BX=0001 CX=0000 DX=0190 SP=0B1C BP=0B1C SI=0254 DI=0254
DS=0F18 ES=0F18 SS=0F18 CS=0E06 IP=002F NV UP EI PL NZ NA PO NC
0E06:002F 5D                POP     BP
AX=0000 BX=0001 CX=0000 DX=0190 SP=0B1E BP=0000 SI=0254 DI=0254
DS=0F18 ES=0F18 SS=0F18 CS=0E06 IP=0030 NV UP EI PL NZ NA PO NC
0E06:0030 C3                RET
AX=0000 BX=0001 CX=0000 DX=0190 SP=0B20 BP=0000 SI=0254 DI=0254
DS=0F18 ES=0F18 SS=0F18 CS=0E06 IP=00EF NV UP EI PL NZ NA PO NC
0E06:00EF 50                PUSH    AX
AX=0000 BX=0001 CX=0000 DX=0190 SP=0B1E BP=0000 SI=0254 DI=0254
DS=0F18 ES=0F18 SS=0F18 CS=0E06 IP=00F0 NV UP EI PL NZ NA PO NC
0E06:00F0 E80D01            CALL    0200
AX=0000 BX=0001 CX=0000 DX=0190 SP=0B1C BP=0000 SI=0254 DI=0254
DS=0F18 ES=0F18 SS=0F18 CS=0E06 IP=0200 NV UP EI PL NZ NA PO NC
0E06:0200 55                PUSH    BP
AX=0000 BX=0001 CX=0000 DX=0190 SP=0B1A BP=0000 SI=0254 DI=0254
DS=0F18 ES=0F18 SS=0F18 CS=0E06 IP=0201 NV UP EI PL NZ NA PO NC
0E06:0201 8BEC              MOV     BP,SP
AX=0000 BX=0001 CX=0000 DX=0190 SP=0B1A BP=0B1A SI=0254 DI=0254
DS=0F18 ES=0F18 SS=0F18 CS=0E06 IP=0203 NV UP EI PL NZ NA PO NC
0E06:0203 33C9              XOR     CX,CX
AX=0000 BX=0001 CX=0000 DX=0190 SP=0B1A BP=0B1A SI=0254 DI=0254
DS=0F18 ES=0F18 SS=0F18 CS=0E06 IP=0205 NV UP EI PL ZR NA PE NC
0E06:0205 EB1A              JMP     0221
AX=0000 BX=0001 CX=0000 DX=0190 SP=0B1A BP=0B1A SI=0254 DI=0254
DS=0F18 ES=0F18 SS=0F18 CS=0E06 IP=0221 NV UP EI PL ZR NA PE NC
0E06:0221 882EC500          MOV     [00C5],CH                        DS:00C5=00
AX=0000 BX=0001 CX=0000 DX=0190 SP=0B1A BP=0B1A SI=0254 DI=0254
DS=0F18 ES=0F18 SS=0F18 CS=0E06 IP=0225 NV UP EI PL ZR NA PE NC
0E06:0225 51                PUSH    CX
AX=0000 BX=0001 CX=0000 DX=0190 SP=0B18 BP=0B1A SI=0254 DI=0254
DS=0F18 ES=0F18 SS=0F18 CS=0E06 IP=0226 NV UP EI PL ZR NA PE NC
0E06:0226 0AC9              OR      CL,CL
AX=0000 BX=0001 CX=0000 DX=0190 SP=0B18 BP=0B1A SI=0254 DI=0254
DS=0F18 ES=0F18 SS=0F18 CS=0E06 IP=0228 NV UP EI PL ZR NA PE NC
0E06:0228 7527              JNZ     0251
AX=0000 BX=0001 CX=0000 DX=0190 SP=0B18 BP=0B1A SI=0254 DI=0254
DS=0F18 ES=0F18 SS=0F18 CS=0E06 IP=022A NV UP EI PL ZR NA PE NC
0E06:022A BE3603            MOV     SI,0336
AX=0000 BX=0001 CX=0000 DX=0190 SP=0B18 BP=0B1A SI=0336 DI=0254
DS=0F18 ES=0F18 SS=0F18 CS=0E06 IP=022D NV UP EI PL ZR NA PE NC
0E06:022D BF3603            MOV     DI,0336
AX=0000 BX=0001 CX=0000 DX=0190 SP=0B18 BP=0B1A SI=0336 DI=0336
DS=0F18 ES=0F18 SS=0F18 CS=0E06 IP=0230 NV UP EI PL ZR NA PE NC
0E06:0230 E87400            CALL    02A7
AX=0000 BX=0001 CX=0000 DX=0190 SP=0B16 BP=0B1A SI=0336 DI=0336
DS=0F18 ES=0F18 SS=0F18 CS=0E06 IP=02A7 NV UP EI PL ZR NA PE NC
0E06:02A7 3BF7              CMP     SI,DI
AX=0000 BX=0001 CX=0000 DX=0190 SP=0B16 BP=0B1A SI=0336 DI=0336
DS=0F18 ES=0F18 SS=0F18 CS=0E06 IP=02A9 NV UP EI PL ZR NA PE NC
0E06:02A9 730A              JAE     02B5
AX=0000 BX=0001 CX=0000 DX=0190 SP=0B16 BP=0B1A SI=0336 DI=0336
DS=0F18 ES=0F18 SS=0F18 CS=0E06 IP=02B5 NV UP EI PL ZR NA PE NC
0E06:02B5 C3                RET
AX=0000 BX=0001 CX=0000 DX=0190 SP=0B18 BP=0B1A SI=0336 DI=0336
DS=0F18 ES=0F18 SS=0F18 CS=0E06 IP=0233 NV UP EI PL ZR NA PE NC
0E06:0233 BE3603            MOV     SI,0336
AX=0000 BX=0001 CX=0000 DX=0190 SP=0B18 BP=0B1A SI=0336 DI=0336
DS=0F18 ES=0F18 SS=0F18 CS=0E06 IP=0236 NV UP EI PL ZR NA PE NC
0E06:0236 BF3603            MOV     DI,0336
AX=0000 BX=0001 CX=0000 DX=0190 SP=0B18 BP=0B1A SI=0336 DI=0336
DS=0F18 ES=0F18 SS=0F18 CS=0E06 IP=0239 NV UP EI PL ZR NA PE NC
0E06:0239 E87A00            CALL    02B6
AX=0000 BX=0001 CX=0000 DX=0190 SP=0B16 BP=0B1A SI=0336 DI=0336
DS=0F18 ES=0F18 SS=0F18 CS=0E06 IP=02B6 NV UP EI PL ZR NA PE NC
0E06:02B6 3BF7              CMP     SI,DI
AX=0000 BX=0001 CX=0000 DX=0190 SP=0B16 BP=0B1A SI=0336 DI=0336
DS=0F18 ES=0F18 SS=0F18 CS=0E06 IP=02B8 NV UP EI PL ZR NA PE NC
0E06:02B8 730E              JAE     02C8
AX=0000 BX=0001 CX=0000 DX=0190 SP=0B16 BP=0B1A SI=0336 DI=0336
DS=0F18 ES=0F18 SS=0F18 CS=0E06 IP=02C8 NV UP EI PL ZR NA PE NC
0E06:02C8 C3                RET
AX=0000 BX=0001 CX=0000 DX=0190 SP=0B18 BP=0B1A SI=0336 DI=0336
DS=0F18 ES=0F18 SS=0F18 CS=0E06 IP=023C NV UP EI PL ZR NA PE NC
0E06:023C BE5202            MOV     SI,0252
AX=0000 BX=0001 CX=0000 DX=0190 SP=0B18 BP=0B1A SI=0252 DI=0336
DS=0F18 ES=0F18 SS=0F18 CS=0E06 IP=023F NV UP EI PL ZR NA PE NC
0E06:023F BF5402            MOV     DI,0254
AX=0000 BX=0001 CX=0000 DX=0190 SP=0B18 BP=0B1A SI=0252 DI=0254
DS=0F18 ES=0F18 SS=0F18 CS=0E06 IP=0242 NV UP EI PL ZR NA PE NC
0E06:0242 E86200            CALL    02A7
AX=0000 BX=0001 CX=0000 DX=0190 SP=0B16 BP=0B1A SI=0252 DI=0254
DS=0F18 ES=0F18 SS=0F18 CS=0E06 IP=02A7 NV UP EI PL ZR NA PE NC
0E06:02A7 3BF7              CMP     SI,DI
AX=0000 BX=0001 CX=0000 DX=0190 SP=0B16 BP=0B1A SI=0252 DI=0254
DS=0F18 ES=0F18 SS=0F18 CS=0E06 IP=02A9 NV UP EI NG NZ AC PO CY
0E06:02A9 730A              JAE     02B5
AX=0000 BX=0001 CX=0000 DX=0190 SP=0B16 BP=0B1A SI=0252 DI=0254
DS=0F18 ES=0F18 SS=0F18 CS=0E06 IP=02AB NV UP EI NG NZ AC PO CY
0E06:02AB 4F                DEC     DI
AX=0000 BX=0001 CX=0000 DX=0190 SP=0B16 BP=0B1A SI=0252 DI=0253
DS=0F18 ES=0F18 SS=0F18 CS=0E06 IP=02AC NV UP EI PL NZ NA PE CY
0E06:02AC 4F                DEC     DI
AX=0000 BX=0001 CX=0000 DX=0190 SP=0B16 BP=0B1A SI=0252 DI=0252
DS=0F18 ES=0F18 SS=0F18 CS=0E06 IP=02AD NV UP EI PL NZ NA PO CY
0E06:02AD 8B0D              MOV     CX,[DI]                        DS:0252=07C6
AX=0000 BX=0001 CX=07C6 DX=0190 SP=0B16 BP=0B1A SI=0252 DI=0252
DS=0F18 ES=0F18 SS=0F18 CS=0E06 IP=02AF NV UP EI PL NZ NA PO CY
0E06:02AF E3F6              JCXZ    02A7
AX=0000 BX=0001 CX=07C6 DX=0190 SP=0B16 BP=0B1A SI=0252 DI=0252
DS=0F18 ES=0F18 SS=0F18 CS=0E06 IP=02B1 NV UP EI PL NZ NA PO CY
0E06:02B1 FFD1              CALL    CX
AX=0000 BX=0001 CX=07C6 DX=0190 SP=0B14 BP=0B1A SI=0252 DI=0252
DS=0F18 ES=0F18 SS=0F18 CS=0E06 IP=07C6 NV UP EI PL NZ NA PO CY
0E06:07C6 55                PUSH    BP
AX=0000 BX=0001 CX=07C6 DX=0190 SP=0B12 BP=0B1A SI=0252 DI=0252
DS=0F18 ES=0F18 SS=0F18 CS=0E06 IP=07C7 NV UP EI PL NZ NA PO CY
0E06:07C7 8BEC              MOV     BP,SP
AX=0000 BX=0001 CX=07C6 DX=0190 SP=0B12 BP=0B12 SI=0252 DI=0252
DS=0F18 ES=0F18 SS=0F18 CS=0E06 IP=07C9 NV UP EI PL NZ NA PO CY
0E06:07C9 E8CC02            CALL    0A98
AX=0000 BX=0001 CX=07C6 DX=0190 SP=0B10 BP=0B12 SI=0252 DI=0252
DS=0F18 ES=0F18 SS=0F18 CS=0E06 IP=0A98 NV UP EI PL NZ NA PO CY
0E06:0A98 B80100            MOV     AX,0001
AX=0001 BX=0001 CX=07C6 DX=0190 SP=0B10 BP=0B12 SI=0252 DI=0252
DS=0F18 ES=0F18 SS=0F18 CS=0E06 IP=0A9B NV UP EI PL NZ NA PO CY
0E06:0A9B 50                PUSH    AX
AX=0001 BX=0001 CX=07C6 DX=0190 SP=0B0E BP=0B12 SI=0252 DI=0252
DS=0F18 ES=0F18 SS=0F18 CS=0E06 IP=0A9C NV UP EI PL NZ NA PO CY
0E06:0A9C E80100            CALL    0AA0
AX=0001 BX=0001 CX=07C6 DX=0190 SP=0B0C BP=0B12 SI=0252 DI=0252
DS=0F18 ES=0F18 SS=0F18 CS=0E06 IP=0AA0 NV UP EI PL NZ NA PO CY
0E06:0AA0 55                PUSH    BP
AX=0001 BX=0001 CX=07C6 DX=0190 SP=0B0A BP=0B12 SI=0252 DI=0252
DS=0F18 ES=0F18 SS=0F18 CS=0E06 IP=0AA1 NV UP EI PL NZ NA PO CY
0E06:0AA1 8BEC              MOV     BP,SP
AX=0001 BX=0001 CX=07C6 DX=0190 SP=0B0A BP=0B0A SI=0252 DI=0252
DS=0F18 ES=0F18 SS=0F18 CS=0E06 IP=0AA3 NV UP EI PL NZ NA PO CY
0E06:0AA3 83EC02            SUB     SP,+02
AX=0001 BX=0001 CX=07C6 DX=0190 SP=0B08 BP=0B0A SI=0252 DI=0252
DS=0F18 ES=0F18 SS=0F18 CS=0E06 IP=0AA6 NV UP EI PL NZ NA PO NC
0E06:0AA6 57                PUSH    DI
AX=0001 BX=0001 CX=07C6 DX=0190 SP=0B06 BP=0B0A SI=0252 DI=0252
DS=0F18 ES=0F18 SS=0F18 CS=0E06 IP=0AA7 NV UP EI PL NZ NA PO NC
0E06:0AA7 56                PUSH    SI
AX=0001 BX=0001 CX=07C6 DX=0190 SP=0B04 BP=0B0A SI=0252 DI=0252
DS=0F18 ES=0F18 SS=0F18 CS=0E06 IP=0AA8 NV UP EI PL NZ NA PO NC
0E06:0AA8 BEE800            MOV     SI,00E8
AX=0001 BX=0001 CX=07C6 DX=0190 SP=0B04 BP=0B0A SI=00E8 DI=0252
DS=0F18 ES=0F18 SS=0F18 CS=0E06 IP=0AAB NV UP EI PL NZ NA PO NC
0E06:0AAB 33FF              XOR     DI,DI
AX=0001 BX=0001 CX=07C6 DX=0190 SP=0B04 BP=0B0A SI=00E8 DI=0000
DS=0F18 ES=0F18 SS=0F18 CS=0E06 IP=0AAD NV UP EI PL ZR NA PE NC
0E06:0AAD 897EFE            MOV     [BP-02],DI                     SS:0B08=0000
AX=0001 BX=0001 CX=07C6 DX=0190 SP=0B04 BP=0B0A SI=00E8 DI=0000
DS=0F18 ES=0F18 SS=0F18 CS=0E06 IP=0AB0 NV UP EI PL ZR NA PE NC
0E06:0AB0 EB1E              JMP     0AD0
AX=0001 BX=0001 CX=07C6 DX=0190 SP=0B04 BP=0B0A SI=00E8 DI=0000
DS=0F18 ES=0F18 SS=0F18 CS=0E06 IP=0AD0 NV UP EI PL ZR NA PE NC
0E06:0AD0 39362802          CMP     [0228],SI                      DS:0228=0180
AX=0001 BX=0001 CX=07C6 DX=0190 SP=0B04 BP=0B0A SI=00E8 DI=0000
DS=0F18 ES=0F18 SS=0F18 CS=0E06 IP=0AD4 NV UP EI PL NZ AC PO NC
0E06:0AD4 721A              JB      0AF0
AX=0001 BX=0001 CX=07C6 DX=0190 SP=0B04 BP=0B0A SI=00E8 DI=0000
DS=0F18 ES=0F18 SS=0F18 CS=0E06 IP=0AD6 NV UP EI PL NZ AC PO NC
0E06:0AD6 837E0401          CMP     WORD PTR [BP+04],+01           SS:0B0E=0001
AX=0001 BX=0001 CX=07C6 DX=0190 SP=0B04 BP=0B0A SI=00E8 DI=0000
DS=0F18 ES=0F18 SS=0F18 CS=0E06 IP=0ADA NV UP EI PL ZR NA PE NC
0E06:0ADA 75D6              JNZ     0AB2
AX=0001 BX=0001 CX=07C6 DX=0190 SP=0B04 BP=0B0A SI=00E8 DI=0000
DS=0F18 ES=0F18 SS=0F18 CS=0E06 IP=0ADC NV UP EI PL ZR NA PE NC
0E06:0ADC F6440683          TEST    BYTE PTR [SI+06],83              DS:00EE=01
AX=0001 BX=0001 CX=07C6 DX=0190 SP=0B04 BP=0B0A SI=00E8 DI=0000
DS=0F18 ES=0F18 SS=0F18 CS=0E06 IP=0AE0 NV UP EI PL NZ NA PO NC
0E06:0AE0 74D0              JZ      0AB2
AX=0001 BX=0001 CX=07C6 DX=0190 SP=0B04 BP=0B0A SI=00E8 DI=0000
DS=0F18 ES=0F18 SS=0F18 CS=0E06 IP=0AE2 NV UP EI PL NZ NA PO NC
0E06:0AE2 56                PUSH    SI
AX=0001 BX=0001 CX=07C6 DX=0190 SP=0B02 BP=0B0A SI=00E8 DI=0000
DS=0F18 ES=0F18 SS=0F18 CS=0E06 IP=0AE3 NV UP EI PL NZ NA PO NC
0E06:0AE3 E8EEFE            CALL    09D4
AX=0001 BX=0001 CX=07C6 DX=0190 SP=0B00 BP=0B0A SI=00E8 DI=0000
DS=0F18 ES=0F18 SS=0F18 CS=0E06 IP=09D4 NV UP EI PL NZ NA PO NC
0E06:09D4 55                PUSH    BP
AX=0001 BX=0001 CX=07C6 DX=0190 SP=0AFE BP=0B0A SI=00E8 DI=0000
DS=0F18 ES=0F18 SS=0F18 CS=0E06 IP=09D5 NV UP EI PL NZ NA PO NC
0E06:09D5 8BEC              MOV     BP,SP
AX=0001 BX=0001 CX=07C6 DX=0190 SP=0AFE BP=0AFE SI=00E8 DI=0000
DS=0F18 ES=0F18 SS=0F18 CS=0E06 IP=09D7 NV UP EI PL NZ NA PO NC
0E06:09D7 56                PUSH    SI
AX=0001 BX=0001 CX=07C6 DX=0190 SP=0AFC BP=0AFE SI=00E8 DI=0000
DS=0F18 ES=0F18 SS=0F18 CS=0E06 IP=09D8 NV UP EI PL NZ NA PO NC
0E06:09D8 837E0400          CMP     WORD PTR [BP+04],+00           SS:0B02=00E8
AX=0001 BX=0001 CX=07C6 DX=0190 SP=0AFC BP=0AFE SI=00E8 DI=0000
DS=0F18 ES=0F18 SS=0F18 CS=0E06 IP=09DC NV UP EI PL NZ NA PE NC
0E06:09DC 7508              JNZ     09E6
AX=0001 BX=0001 CX=07C6 DX=0190 SP=0AFC BP=0AFE SI=00E8 DI=0000
DS=0F18 ES=0F18 SS=0F18 CS=0E06 IP=09E6 NV UP EI PL NZ NA PE NC
0E06:09E6 FF7604            PUSH    WORD PTR [BP+04]               SS:0B02=00E8
AX=0001 BX=0001 CX=07C6 DX=0190 SP=0AFA BP=0AFE SI=00E8 DI=0000
DS=0F18 ES=0F18 SS=0F18 CS=0E06 IP=09E9 NV UP EI PL NZ NA PE NC
0E06:09E9 E83600            CALL    0A22
AX=0001 BX=0001 CX=07C6 DX=0190 SP=0AF8 BP=0AFE SI=00E8 DI=0000
DS=0F18 ES=0F18 SS=0F18 CS=0E06 IP=0A22 NV UP EI PL NZ NA PE NC
0E06:0A22 55                PUSH    BP
AX=0001 BX=0001 CX=07C6 DX=0190 SP=0AF6 BP=0AFE SI=00E8 DI=0000
DS=0F18 ES=0F18 SS=0F18 CS=0E06 IP=0A23 NV UP EI PL NZ NA PE NC
0E06:0A23 8BEC              MOV     BP,SP
AX=0001 BX=0001 CX=07C6 DX=0190 SP=0AF6 BP=0AF6 SI=00E8 DI=0000
DS=0F18 ES=0F18 SS=0F18 CS=0E06 IP=0A25 NV UP EI PL NZ NA PE NC
0E06:0A25 83EC02            SUB     SP,+02
AX=0001 BX=0001 CX=07C6 DX=0190 SP=0AF4 BP=0AF6 SI=00E8 DI=0000
DS=0F18 ES=0F18 SS=0F18 CS=0E06 IP=0A28 NV UP EI PL NZ NA PO NC
0E06:0A28 57                PUSH    DI
AX=0001 BX=0001 CX=07C6 DX=0190 SP=0AF2 BP=0AF6 SI=00E8 DI=0000
DS=0F18 ES=0F18 SS=0F18 CS=0E06 IP=0A29 NV UP EI PL NZ NA PO NC
0E06:0A29 56                PUSH    SI
AX=0001 BX=0001 CX=07C6 DX=0190 SP=0AF0 BP=0AF6 SI=00E8 DI=0000
DS=0F18 ES=0F18 SS=0F18 CS=0E06 IP=0A2A NV UP EI PL NZ NA PO NC
0E06:0A2A 33FF              XOR     DI,DI
AX=0001 BX=0001 CX=07C6 DX=0190 SP=0AF0 BP=0AF6 SI=00E8 DI=0000
DS=0F18 ES=0F18 SS=0F18 CS=0E06 IP=0A2C NV UP EI PL ZR NA PE NC
0E06:0A2C 8B4604            MOV     AX,[BP+04]                     SS:0AFA=00E8
AX=00E8 BX=0001 CX=07C6 DX=0190 SP=0AF0 BP=0AF6 SI=00E8 DI=0000
DS=0F18 ES=0F18 SS=0F18 CS=0E06 IP=0A2F NV UP EI PL ZR NA PE NC
0E06:0A2F 8BD8              MOV     BX,AX
AX=00E8 BX=00E8 CX=07C6 DX=0190 SP=0AF0 BP=0AF6 SI=00E8 DI=0000
DS=0F18 ES=0F18 SS=0F18 CS=0E06 IP=0A31 NV UP EI PL ZR NA PE NC
0E06:0A31 8BF0              MOV     SI,AX
AX=00E8 BX=00E8 CX=07C6 DX=0190 SP=0AF0 BP=0AF6 SI=00E8 DI=0000
DS=0F18 ES=0F18 SS=0F18 CS=0E06 IP=0A33 NV UP EI PL ZR NA PE NC
0E06:0A33 8A4F06            MOV     CL,[BX+06]                       DS:00EE=01
AX=00E8 BX=00E8 CX=0701 DX=0190 SP=0AF0 BP=0AF6 SI=00E8 DI=0000
DS=0F18 ES=0F18 SS=0F18 CS=0E06 IP=0A36 NV UP EI PL ZR NA PE NC
0E06:0A36 8BD1              MOV     DX,CX
AX=00E8 BX=00E8 CX=0701 DX=0701 SP=0AF0 BP=0AF6 SI=00E8 DI=0000
DS=0F18 ES=0F18 SS=0F18 CS=0E06 IP=0A38 NV UP EI PL ZR NA PE NC
0E06:0A38 80E103            AND     CL,03
AX=00E8 BX=00E8 CX=0701 DX=0701 SP=0AF0 BP=0AF6 SI=00E8 DI=0000
DS=0F18 ES=0F18 SS=0F18 CS=0E06 IP=0A3B NV UP EI PL NZ NA PO NC
0E06:0A3B 80F902            CMP     CL,02
AX=00E8 BX=00E8 CX=0701 DX=0701 SP=0AF0 BP=0AF6 SI=00E8 DI=0000
DS=0F18 ES=0F18 SS=0F18 CS=0E06 IP=0A3E NV UP EI NG NZ AC PE CY
0E06:0A3E 7545              JNZ     0A85
AX=00E8 BX=00E8 CX=0701 DX=0701 SP=0AF0 BP=0AF6 SI=00E8 DI=0000
DS=0F18 ES=0F18 SS=0F18 CS=0E06 IP=0A85 NV UP EI NG NZ AC PE CY
0E06:0A85 8B4404            MOV     AX,[SI+04]                     DS:00EC=0000
AX=0000 BX=00E8 CX=0701 DX=0701 SP=0AF0 BP=0AF6 SI=00E8 DI=0000
DS=0F18 ES=0F18 SS=0F18 CS=0E06 IP=0A88 NV UP EI NG NZ AC PE CY
0E06:0A88 8904              MOV     [SI],AX                        DS:00E8=0000
AX=0000 BX=00E8 CX=0701 DX=0701 SP=0AF0 BP=0AF6 SI=00E8 DI=0000
DS=0F18 ES=0F18 SS=0F18 CS=0E06 IP=0A8A NV UP EI NG NZ AC PE CY
0E06:0A8A C744020000        MOV     WORD PTR [SI+02],0000          DS:00EA=0000
AX=0000 BX=00E8 CX=0701 DX=0701 SP=0AF0 BP=0AF6 SI=00E8 DI=0000
DS=0F18 ES=0F18 SS=0F18 CS=0E06 IP=0A8F NV UP EI NG NZ AC PE CY
0E06:0A8F 8BC7              MOV     AX,DI
AX=0000 BX=00E8 CX=0701 DX=0701 SP=0AF0 BP=0AF6 SI=00E8 DI=0000
DS=0F18 ES=0F18 SS=0F18 CS=0E06 IP=0A91 NV UP EI NG NZ AC PE CY
0E06:0A91 5E                POP     SI
AX=0000 BX=00E8 CX=0701 DX=0701 SP=0AF2 BP=0AF6 SI=00E8 DI=0000
DS=0F18 ES=0F18 SS=0F18 CS=0E06 IP=0A92 NV UP EI NG NZ AC PE CY
0E06:0A92 5F                POP     DI
AX=0000 BX=00E8 CX=0701 DX=0701 SP=0AF4 BP=0AF6 SI=00E8 DI=0000
DS=0F18 ES=0F18 SS=0F18 CS=0E06 IP=0A93 NV UP EI NG NZ AC PE CY
0E06:0A93 8BE5              MOV     SP,BP
AX=0000 BX=00E8 CX=0701 DX=0701 SP=0AF6 BP=0AF6 SI=00E8 DI=0000
DS=0F18 ES=0F18 SS=0F18 CS=0E06 IP=0A95 NV UP EI NG NZ AC PE CY
0E06:0A95 5D                POP     BP
AX=0000 BX=00E8 CX=0701 DX=0701 SP=0AF8 BP=0AFE SI=00E8 DI=0000
DS=0F18 ES=0F18 SS=0F18 CS=0E06 IP=0A96 NV UP EI NG NZ AC PE CY
0E06:0A96 C3                RET
AX=0000 BX=00E8 CX=0701 DX=0701 SP=0AFA BP=0AFE SI=00E8 DI=0000
DS=0F18 ES=0F18 SS=0F18 CS=0E06 IP=09EC NV UP EI NG NZ AC PE CY
0E06:09EC 83C402            ADD     SP,+02
AX=0000 BX=00E8 CX=0701 DX=0701 SP=0AFC BP=0AFE SI=00E8 DI=0000
DS=0F18 ES=0F18 SS=0F18 CS=0E06 IP=09EF NV UP EI PL NZ NA PE NC
0E06:09EF 0BC0              OR      AX,AX
AX=0000 BX=00E8 CX=0701 DX=0701 SP=0AFC BP=0AFE SI=00E8 DI=0000
DS=0F18 ES=0F18 SS=0F18 CS=0E06 IP=09F1 NV UP EI PL ZR NA PE NC
0E06:09F1 7405              JZ      09F8
AX=0000 BX=00E8 CX=0701 DX=0701 SP=0AFC BP=0AFE SI=00E8 DI=0000
DS=0F18 ES=0F18 SS=0F18 CS=0E06 IP=09F8 NV UP EI PL ZR NA PE NC
0E06:09F8 8B7604            MOV     SI,[BP+04]                     SS:0B02=00E8
AX=0000 BX=00E8 CX=0701 DX=0701 SP=0AFC BP=0AFE SI=00E8 DI=0000
DS=0F18 ES=0F18 SS=0F18 CS=0E06 IP=09FB NV UP EI PL ZR NA PE NC
0E06:09FB 81EEE800          SUB     SI,00E8
AX=0000 BX=00E8 CX=0701 DX=0701 SP=0AFC BP=0AFE SI=0000 DI=0000
DS=0F18 ES=0F18 SS=0F18 CS=0E06 IP=09FF NV UP EI PL ZR NA PE NC
0E06:09FF 81C68801          ADD     SI,0188
AX=0000 BX=00E8 CX=0701 DX=0701 SP=0AFC BP=0AFE SI=0188 DI=0000
DS=0F18 ES=0F18 SS=0F18 CS=0E06 IP=0A03 NV UP EI PL NZ NA PE NC
0E06:0A03 F60440            TEST    BYTE PTR [SI],40                 DS:0188=00
AX=0000 BX=00E8 CX=0701 DX=0701 SP=0AFC BP=0AFE SI=0188 DI=0000
DS=0F18 ES=0F18 SS=0F18 CS=0E06 IP=0A06 NV UP EI PL ZR NA PE NC
0E06:0A06 7415              JZ      0A1D
AX=0000 BX=00E8 CX=0701 DX=0701 SP=0AFC BP=0AFE SI=0188 DI=0000
DS=0F18 ES=0F18 SS=0F18 CS=0E06 IP=0A1D NV UP EI PL ZR NA PE NC
0E06:0A1D 5E                POP     SI
AX=0000 BX=00E8 CX=0701 DX=0701 SP=0AFE BP=0AFE SI=00E8 DI=0000
DS=0F18 ES=0F18 SS=0F18 CS=0E06 IP=0A1E NV UP EI PL ZR NA PE NC
0E06:0A1E 8BE5              MOV     SP,BP
AX=0000 BX=00E8 CX=0701 DX=0701 SP=0AFE BP=0AFE SI=00E8 DI=0000
DS=0F18 ES=0F18 SS=0F18 CS=0E06 IP=0A20 NV UP EI PL ZR NA PE NC
0E06:0A20 5D                POP     BP
AX=0000 BX=00E8 CX=0701 DX=0701 SP=0B00 BP=0B0A SI=00E8 DI=0000
DS=0F18 ES=0F18 SS=0F18 CS=0E06 IP=0A21 NV UP EI PL ZR NA PE NC
0E06:0A21 C3                RET
AX=0000 BX=00E8 CX=0701 DX=0701 SP=0B02 BP=0B0A SI=00E8 DI=0000
DS=0F18 ES=0F18 SS=0F18 CS=0E06 IP=0AE6 NV UP EI PL ZR NA PE NC
0E06:0AE6 83C402            ADD     SP,+02
AX=0000 BX=00E8 CX=0701 DX=0701 SP=0B04 BP=0B0A SI=00E8 DI=0000
DS=0F18 ES=0F18 SS=0F18 CS=0E06 IP=0AE9 NV UP EI PL NZ NA PO NC
0E06:0AE9 40                INC     AX
AX=0001 BX=00E8 CX=0701 DX=0701 SP=0B04 BP=0B0A SI=00E8 DI=0000
DS=0F18 ES=0F18 SS=0F18 CS=0E06 IP=0AEA NV UP EI PL NZ NA PO NC
0E06:0AEA 74E1              JZ      0ACD
AX=0001 BX=00E8 CX=0701 DX=0701 SP=0B04 BP=0B0A SI=00E8 DI=0000
DS=0F18 ES=0F18 SS=0F18 CS=0E06 IP=0AEC NV UP EI PL NZ NA PO NC
0E06:0AEC 47                INC     DI
AX=0001 BX=00E8 CX=0701 DX=0701 SP=0B04 BP=0B0A SI=00E8 DI=0001
DS=0F18 ES=0F18 SS=0F18 CS=0E06 IP=0AED NV UP EI PL NZ NA PO NC
0E06:0AED EBDE              JMP     0ACD
AX=0001 BX=00E8 CX=0701 DX=0701 SP=0B04 BP=0B0A SI=00E8 DI=0001
DS=0F18 ES=0F18 SS=0F18 CS=0E06 IP=0ACD NV UP EI PL NZ NA PO NC
0E06:0ACD 83C608            ADD     SI,+08
AX=0001 BX=00E8 CX=0701 DX=0701 SP=0B04 BP=0B0A SI=00F0 DI=0001
DS=0F18 ES=0F18 SS=0F18 CS=0E06 IP=0AD0 NV UP EI PL NZ AC PE NC
0E06:0AD0 39362802          CMP     [0228],SI                      DS:0228=0180
AX=0001 BX=00E8 CX=0701 DX=0701 SP=0B04 BP=0B0A SI=00F0 DI=0001
DS=0F18 ES=0F18 SS=0F18 CS=0E06 IP=0AD4 NV UP EI PL NZ NA PE NC
0E06:0AD4 721A              JB      0AF0
AX=0001 BX=00E8 CX=0701 DX=0701 SP=0B04 BP=0B0A SI=00F0 DI=0001
DS=0F18 ES=0F18 SS=0F18 CS=0E06 IP=0AD6 NV UP EI PL NZ NA PE NC
0E06:0AD6 837E0401          CMP     WORD PTR [BP+04],+01           SS:0B0E=0001
AX=0001 BX=00E8 CX=0701 DX=0701 SP=0B04 BP=0B0A SI=00F0 DI=0001
DS=0F18 ES=0F18 SS=0F18 CS=0E06 IP=0ADA NV UP EI PL ZR NA PE NC
0E06:0ADA 75D6              JNZ     0AB2
AX=0001 BX=00E8 CX=0701 DX=0701 SP=0B04 BP=0B0A SI=00F0 DI=0001
DS=0F18 ES=0F18 SS=0F18 CS=0E06 IP=0ADC NV UP EI PL ZR NA PE NC
0E06:0ADC F6440683          TEST    BYTE PTR [SI+06],83              DS:00F6=02
AX=0001 BX=00E8 CX=0701 DX=0701 SP=0B04 BP=0B0A SI=00F0 DI=0001
DS=0F18 ES=0F18 SS=0F18 CS=0E06 IP=0AE0 NV UP EI PL NZ NA PO NC
0E06:0AE0 74D0              JZ      0AB2
AX=0001 BX=00E8 CX=0701 DX=0701 SP=0B04 BP=0B0A SI=00F0 DI=0001
DS=0F18 ES=0F18 SS=0F18 CS=0E06 IP=0AE2 NV UP EI PL NZ NA PO NC
0E06:0AE2 56                PUSH    SI
AX=0001 BX=00E8 CX=0701 DX=0701 SP=0B02 BP=0B0A SI=00F0 DI=0001
DS=0F18 ES=0F18 SS=0F18 CS=0E06 IP=0AE3 NV UP EI PL NZ NA PO NC
0E06:0AE3 E8EEFE            CALL    09D4
AX=0001 BX=00E8 CX=0701 DX=0701 SP=0B00 BP=0B0A SI=00F0 DI=0001
DS=0F18 ES=0F18 SS=0F18 CS=0E06 IP=09D4 NV UP EI PL NZ NA PO NC
0E06:09D4 55                PUSH    BP
AX=0001 BX=00E8 CX=0701 DX=0701 SP=0AFE BP=0B0A SI=00F0 DI=0001
DS=0F18 ES=0F18 SS=0F18 CS=0E06 IP=09D5 NV UP EI PL NZ NA PO NC
0E06:09D5 8BEC              MOV     BP,SP
AX=0001 BX=00E8 CX=0701 DX=0701 SP=0AFE BP=0AFE SI=00F0 DI=0001
DS=0F18 ES=0F18 SS=0F18 CS=0E06 IP=09D7 NV UP EI PL NZ NA PO NC
0E06:09D7 56                PUSH    SI
AX=0001 BX=00E8 CX=0701 DX=0701 SP=0AFC BP=0AFE SI=00F0 DI=0001
DS=0F18 ES=0F18 SS=0F18 CS=0E06 IP=09D8 NV UP EI PL NZ NA PO NC
0E06:09D8 837E0400          CMP     WORD PTR [BP+04],+00           SS:0B02=00F0
AX=0001 BX=00E8 CX=0701 DX=0701 SP=0AFC BP=0AFE SI=00F0 DI=0001
DS=0F18 ES=0F18 SS=0F18 CS=0E06 IP=09DC NV UP EI PL NZ NA PE NC
0E06:09DC 7508              JNZ     09E6
AX=0001 BX=00E8 CX=0701 DX=0701 SP=0AFC BP=0AFE SI=00F0 DI=0001
DS=0F18 ES=0F18 SS=0F18 CS=0E06 IP=09E6 NV UP EI PL NZ NA PE NC
0E06:09E6 FF7604            PUSH    WORD PTR [BP+04]               SS:0B02=00F0
AX=0001 BX=00E8 CX=0701 DX=0701 SP=0AFA BP=0AFE SI=00F0 DI=0001
DS=0F18 ES=0F18 SS=0F18 CS=0E06 IP=09E9 NV UP EI PL NZ NA PE NC
0E06:09E9 E83600            CALL    0A22
AX=0001 BX=00E8 CX=0701 DX=0701 SP=0AF8 BP=0AFE SI=00F0 DI=0001
DS=0F18 ES=0F18 SS=0F18 CS=0E06 IP=0A22 NV UP EI PL NZ NA PE NC
0E06:0A22 55                PUSH    BP
AX=0001 BX=00E8 CX=0701 DX=0701 SP=0AF6 BP=0AFE SI=00F0 DI=0001
DS=0F18 ES=0F18 SS=0F18 CS=0E06 IP=0A23 NV UP EI PL NZ NA PE NC
0E06:0A23 8BEC              MOV     BP,SP
AX=0001 BX=00E8 CX=0701 DX=0701 SP=0AF6 BP=0AF6 SI=00F0 DI=0001
DS=0F18 ES=0F18 SS=0F18 CS=0E06 IP=0A25 NV UP EI PL NZ NA PE NC
0E06:0A25 83EC02            SUB     SP,+02
AX=0001 BX=00E8 CX=0701 DX=0701 SP=0AF4 BP=0AF6 SI=00F0 DI=0001
DS=0F18 ES=0F18 SS=0F18 CS=0E06 IP=0A28 NV UP EI PL NZ NA PO NC
0E06:0A28 57                PUSH    DI
AX=0001 BX=00E8 CX=0701 DX=0701 SP=0AF2 BP=0AF6 SI=00F0 DI=0001
DS=0F18 ES=0F18 SS=0F18 CS=0E06 IP=0A29 NV UP EI PL NZ NA PO NC
0E06:0A29 56                PUSH    SI
AX=0001 BX=00E8 CX=0701 DX=0701 SP=0AF0 BP=0AF6 SI=00F0 DI=0001
DS=0F18 ES=0F18 SS=0F18 CS=0E06 IP=0A2A NV UP EI PL NZ NA PO NC
0E06:0A2A 33FF              XOR     DI,DI
AX=0001 BX=00E8 CX=0701 DX=0701 SP=0AF0 BP=0AF6 SI=00F0 DI=0000
DS=0F18 ES=0F18 SS=0F18 CS=0E06 IP=0A2C NV UP EI PL ZR NA PE NC
0E06:0A2C 8B4604            MOV     AX,[BP+04]                     SS:0AFA=00F0
AX=00F0 BX=00E8 CX=0701 DX=0701 SP=0AF0 BP=0AF6 SI=00F0 DI=0000
DS=0F18 ES=0F18 SS=0F18 CS=0E06 IP=0A2F NV UP EI PL ZR NA PE NC
0E06:0A2F 8BD8              MOV     BX,AX
AX=00F0 BX=00F0 CX=0701 DX=0701 SP=0AF0 BP=0AF6 SI=00F0 DI=0000
DS=0F18 ES=0F18 SS=0F18 CS=0E06 IP=0A31 NV UP EI PL ZR NA PE NC
0E06:0A31 8BF0              MOV     SI,AX
AX=00F0 BX=00F0 CX=0701 DX=0701 SP=0AF0 BP=0AF6 SI=00F0 DI=0000
DS=0F18 ES=0F18 SS=0F18 CS=0E06 IP=0A33 NV UP EI PL ZR NA PE NC
0E06:0A33 8A4F06            MOV     CL,[BX+06]                       DS:00F6=02
AX=00F0 BX=00F0 CX=0702 DX=0701 SP=0AF0 BP=0AF6 SI=00F0 DI=0000
DS=0F18 ES=0F18 SS=0F18 CS=0E06 IP=0A36 NV UP EI PL ZR NA PE NC
0E06:0A36 8BD1              MOV     DX,CX
AX=00F0 BX=00F0 CX=0702 DX=0702 SP=0AF0 BP=0AF6 SI=00F0 DI=0000
DS=0F18 ES=0F18 SS=0F18 CS=0E06 IP=0A38 NV UP EI PL ZR NA PE NC
0E06:0A38 80E103            AND     CL,03
AX=00F0 BX=00F0 CX=0702 DX=0702 SP=0AF0 BP=0AF6 SI=00F0 DI=0000
DS=0F18 ES=0F18 SS=0F18 CS=0E06 IP=0A3B NV UP EI PL NZ NA PO NC
0E06:0A3B 80F902            CMP     CL,02
AX=00F0 BX=00F0 CX=0702 DX=0702 SP=0AF0 BP=0AF6 SI=00F0 DI=0000
DS=0F18 ES=0F18 SS=0F18 CS=0E06 IP=0A3E NV UP EI PL ZR NA PE NC
0E06:0A3E 7545              JNZ     0A85
AX=00F0 BX=00F0 CX=0702 DX=0702 SP=0AF0 BP=0AF6 SI=00F0 DI=0000
DS=0F18 ES=0F18 SS=0F18 CS=0E06 IP=0A40 NV UP EI PL ZR NA PE NC
0E06:0A40 F6C208            TEST    DL,08
AX=00F0 BX=00F0 CX=0702 DX=0702 SP=0AF0 BP=0AF6 SI=00F0 DI=0000
DS=0F18 ES=0F18 SS=0F18 CS=0E06 IP=0A43 NV UP EI PL ZR NA PE NC
0E06:0A43 750B              JNZ     0A50
AX=00F0 BX=00F0 CX=0702 DX=0702 SP=0AF0 BP=0AF6 SI=00F0 DI=0000
DS=0F18 ES=0F18 SS=0F18 CS=0E06 IP=0A45 NV UP EI PL ZR NA PE NC
0E06:0A45 81EBE800          SUB     BX,00E8
AX=00F0 BX=0008 CX=0702 DX=0702 SP=0AF0 BP=0AF6 SI=00F0 DI=0000
DS=0F18 ES=0F18 SS=0F18 CS=0E06 IP=0A49 NV UP EI PL NZ AC PO NC
0E06:0A49 F687880101        TEST    BYTE PTR [BX+0188],01            DS:0190=11
AX=00F0 BX=0008 CX=0702 DX=0702 SP=0AF0 BP=0AF6 SI=00F0 DI=0000
DS=0F18 ES=0F18 SS=0F18 CS=0E06 IP=0A4E NV UP EI PL NZ NA PO NC
0E06:0A4E 7435              JZ      0A85
AX=00F0 BX=0008 CX=0702 DX=0702 SP=0AF0 BP=0AF6 SI=00F0 DI=0000
DS=0F18 ES=0F18 SS=0F18 CS=0E06 IP=0A50 NV UP EI PL NZ NA PO NC
0E06:0A50 8B04              MOV     AX,[SI]                        DS:00F0=0BE4
AX=0BE4 BX=0008 CX=0702 DX=0702 SP=0AF0 BP=0AF6 SI=00F0 DI=0000
DS=0F18 ES=0F18 SS=0F18 CS=0E06 IP=0A52 NV UP EI PL NZ NA PO NC
0E06:0A52 2B4404            SUB     AX,[SI+04]                     DS:00F4=0BD6
AX=000E BX=0008 CX=0702 DX=0702 SP=0AF0 BP=0AF6 SI=00F0 DI=0000
DS=0F18 ES=0F18 SS=0F18 CS=0E06 IP=0A55 NV UP EI PL NZ AC PO NC
0E06:0A55 8946FE            MOV     [BP-02],AX                     SS:0AF4=0000
AX=000E BX=0008 CX=0702 DX=0702 SP=0AF0 BP=0AF6 SI=00F0 DI=0000
DS=0F18 ES=0F18 SS=0F18 CS=0E06 IP=0A58 NV UP EI PL NZ AC PO NC
0E06:0A58 0BC0              OR      AX,AX
AX=000E BX=0008 CX=0702 DX=0702 SP=0AF0 BP=0AF6 SI=00F0 DI=0000
DS=0F18 ES=0F18 SS=0F18 CS=0E06 IP=0A5A NV UP EI PL NZ NA PO NC
0E06:0A5A 7E29              JLE     0A85
AX=000E BX=0008 CX=0702 DX=0702 SP=0AF0 BP=0AF6 SI=00F0 DI=0000
DS=0F18 ES=0F18 SS=0F18 CS=0E06 IP=0A5C NV UP EI PL NZ NA PO NC
0E06:0A5C 50                PUSH    AX
AX=000E BX=0008 CX=0702 DX=0702 SP=0AEE BP=0AF6 SI=00F0 DI=0000
DS=0F18 ES=0F18 SS=0F18 CS=0E06 IP=0A5D NV UP EI PL NZ NA PO NC
0E06:0A5D FF7404            PUSH    WORD PTR [SI+04]               DS:00F4=0BD6
AX=000E BX=0008 CX=0702 DX=0702 SP=0AEC BP=0AF6 SI=00F0 DI=0000
DS=0F18 ES=0F18 SS=0F18 CS=0E06 IP=0A60 NV UP EI PL NZ NA PO NC
0E06:0A60 8A4407            MOV     AL,[SI+07]                       DS:00F7=01
AX=0001 BX=0008 CX=0702 DX=0702 SP=0AEC BP=0AF6 SI=00F0 DI=0000
DS=0F18 ES=0F18 SS=0F18 CS=0E06 IP=0A63 NV UP EI PL NZ NA PO NC
0E06:0A63 2AE4              SUB     AH,AH
AX=0001 BX=0008 CX=0702 DX=0702 SP=0AEC BP=0AF6 SI=00F0 DI=0000
DS=0F18 ES=0F18 SS=0F18 CS=0E06 IP=0A65 NV UP EI PL ZR NA PE NC
0E06:0A65 50                PUSH    AX
AX=0001 BX=0008 CX=0702 DX=0702 SP=0AEA BP=0AF6 SI=00F0 DI=0000
DS=0F18 ES=0F18 SS=0F18 CS=0E06 IP=0A66 NV UP EI PL ZR NA PE NC
0E06:0A66 E87104            CALL    0EDA
AX=0001 BX=0008 CX=0702 DX=0702 SP=0AE8 BP=0AF6 SI=00F0 DI=0000
DS=0F18 ES=0F18 SS=0F18 CS=0E06 IP=0EDA NV UP EI PL ZR NA PE NC
0E06:0EDA 55                PUSH    BP
AX=0001 BX=0008 CX=0702 DX=0702 SP=0AE6 BP=0AF6 SI=00F0 DI=0000
DS=0F18 ES=0F18 SS=0F18 CS=0E06 IP=0EDB NV UP EI PL ZR NA PE NC
0E06:0EDB 8BEC              MOV     BP,SP
AX=0001 BX=0008 CX=0702 DX=0702 SP=0AE6 BP=0AE6 SI=00F0 DI=0000
DS=0F18 ES=0F18 SS=0F18 CS=0E06 IP=0EDD NV UP EI PL ZR NA PE NC
0E06:0EDD 83EC08            SUB     SP,+08
AX=0001 BX=0008 CX=0702 DX=0702 SP=0ADE BP=0AE6 SI=00F0 DI=0000
DS=0F18 ES=0F18 SS=0F18 CS=0E06 IP=0EE0 NV UP EI PL NZ AC PE NC
0E06:0EE0 8B5E04            MOV     BX,[BP+04]                     SS:0AEA=0001
AX=0001 BX=0001 CX=0702 DX=0702 SP=0ADE BP=0AE6 SI=00F0 DI=0000
DS=0F18 ES=0F18 SS=0F18 CS=0E06 IP=0EE3 NV UP EI PL NZ AC PE NC
0E06:0EE3 3B1E9C00          CMP     BX,[009C]                      DS:009C=0014
AX=0001 BX=0001 CX=0702 DX=0702 SP=0ADE BP=0AE6 SI=00F0 DI=0000
DS=0F18 ES=0F18 SS=0F18 CS=0E06 IP=0EE7 NV UP EI NG NZ AC PE CY
0E06:0EE7 7207              JB      0EF0
AX=0001 BX=0001 CX=0702 DX=0702 SP=0ADE BP=0AE6 SI=00F0 DI=0000
DS=0F18 ES=0F18 SS=0F18 CS=0E06 IP=0EF0 NV UP EI NG NZ AC PE CY
0E06:0EF0 813E3802D6D6      CMP     WORD PTR [0238],D6D6           DS:0238=0000
AX=0001 BX=0001 CX=0702 DX=0702 SP=0ADE BP=0AE6 SI=00F0 DI=0000
DS=0F18 ES=0F18 SS=0F18 CS=0E06 IP=0EF6 NV UP EI PL NZ AC PO CY
0E06:0EF6 7504              JNZ     0EFC
AX=0001 BX=0001 CX=0702 DX=0702 SP=0ADE BP=0AE6 SI=00F0 DI=0000
DS=0F18 ES=0F18 SS=0F18 CS=0E06 IP=0EFC NV UP EI PL NZ AC PO CY
0E06:0EFC F6879E0020        TEST    BYTE PTR [BX+009E],20            DS:009F=81
AX=0001 BX=0001 CX=0702 DX=0702 SP=0ADE BP=0AE6 SI=00F0 DI=0000
DS=0F18 ES=0F18 SS=0F18 CS=0E06 IP=0F01 NV UP EI PL ZR NA PE NC
0E06:0F01 740B              JZ      0F0E
AX=0001 BX=0001 CX=0702 DX=0702 SP=0ADE BP=0AE6 SI=00F0 DI=0000
DS=0F18 ES=0F18 SS=0F18 CS=0E06 IP=0F0E NV UP EI PL ZR NA PE NC
0E06:0F0E F6879E0080        TEST    BYTE PTR [BX+009E],80            DS:009F=81
AX=0001 BX=0001 CX=0702 DX=0702 SP=0ADE BP=0AE6 SI=00F0 DI=0000
DS=0F18 ES=0F18 SS=0F18 CS=0E06 IP=0F13 NV UP EI NG NZ NA PO NC
0E06:0F13 746E              JZ      0F83
AX=0001 BX=0001 CX=0702 DX=0702 SP=0ADE BP=0AE6 SI=00F0 DI=0000
DS=0F18 ES=0F18 SS=0F18 CS=0E06 IP=0F15 NV UP EI NG NZ NA PO NC
0E06:0F15 8B5606            MOV     DX,[BP+06]                     SS:0AEC=0BD6
AX=0001 BX=0001 CX=0702 DX=0BD6 SP=0ADE BP=0AE6 SI=00F0 DI=0000
DS=0F18 ES=0F18 SS=0F18 CS=0E06 IP=0F18 NV UP EI NG NZ NA PO NC
0E06:0F18 1E                PUSH    DS
AX=0001 BX=0001 CX=0702 DX=0BD6 SP=0ADC BP=0AE6 SI=00F0 DI=0000
DS=0F18 ES=0F18 SS=0F18 CS=0E06 IP=0F19 NV UP EI NG NZ NA PO NC
0E06:0F19 07                POP     ES
AX=0001 BX=0001 CX=0702 DX=0BD6 SP=0ADE BP=0AE6 SI=00F0 DI=0000
DS=0F18 ES=0F18 SS=0F18 CS=0E06 IP=0F1A NV UP EI NG NZ NA PO NC
0E06:0F1A 33C0              XOR     AX,AX
AX=0000 BX=0001 CX=0702 DX=0BD6 SP=0ADE BP=0AE6 SI=00F0 DI=0000
DS=0F18 ES=0F18 SS=0F18 CS=0E06 IP=0F1C NV UP EI PL ZR NA PE NC
0E06:0F1C 8946FE            MOV     [BP-02],AX                     SS:0AE4=0000
AX=0000 BX=0001 CX=0702 DX=0BD6 SP=0ADE BP=0AE6 SI=00F0 DI=0000
DS=0F18 ES=0F18 SS=0F18 CS=0E06 IP=0F1F NV UP EI PL ZR NA PE NC
0E06:0F1F 8946FC            MOV     [BP-04],AX                     SS:0AE2=7346
AX=0000 BX=0001 CX=0702 DX=0BD6 SP=0ADE BP=0AE6 SI=00F0 DI=0000
DS=0F18 ES=0F18 SS=0F18 CS=0E06 IP=0F22 NV UP EI PL ZR NA PE NC
0E06:0F22 FC                CLD
AX=0000 BX=0001 CX=0702 DX=0BD6 SP=0ADE BP=0AE6 SI=00F0 DI=0000
DS=0F18 ES=0F18 SS=0F18 CS=0E06 IP=0F23 NV UP EI PL ZR NA PE NC
0E06:0F23 57                PUSH    DI
AX=0000 BX=0001 CX=0702 DX=0BD6 SP=0ADC BP=0AE6 SI=00F0 DI=0000
DS=0F18 ES=0F18 SS=0F18 CS=0E06 IP=0F24 NV UP EI PL ZR NA PE NC
0E06:0F24 56                PUSH    SI
AX=0000 BX=0001 CX=0702 DX=0BD6 SP=0ADA BP=0AE6 SI=00F0 DI=0000
DS=0F18 ES=0F18 SS=0F18 CS=0E06 IP=0F25 NV UP EI PL ZR NA PE NC
0E06:0F25 8BFA              MOV     DI,DX
AX=0000 BX=0001 CX=0702 DX=0BD6 SP=0ADA BP=0AE6 SI=00F0 DI=0BD6
DS=0F18 ES=0F18 SS=0F18 CS=0E06 IP=0F27 NV UP EI PL ZR NA PE NC
0E06:0F27 8BF2              MOV     SI,DX
AX=0000 BX=0001 CX=0702 DX=0BD6 SP=0ADA BP=0AE6 SI=0BD6 DI=0BD6
DS=0F18 ES=0F18 SS=0F18 CS=0E06 IP=0F29 NV UP EI PL ZR NA PE NC
0E06:0F29 8966F8            MOV     [BP-08],SP                     SS:0ADE=0E06
AX=0000 BX=0001 CX=0702 DX=0BD6 SP=0ADA BP=0AE6 SI=0BD6 DI=0BD6
DS=0F18 ES=0F18 SS=0F18 CS=0E06 IP=0F2C NV UP EI PL ZR NA PE NC
0E06:0F2C 8B4E08            MOV     CX,[BP+08]                     SS:0AEE=000E
AX=0000 BX=0001 CX=000E DX=0BD6 SP=0ADA BP=0AE6 SI=0BD6 DI=0BD6
DS=0F18 ES=0F18 SS=0F18 CS=0E06 IP=0F2F NV UP EI PL ZR NA PE NC
0E06:0F2F E338              JCXZ    0F69
AX=0000 BX=0001 CX=000E DX=0BD6 SP=0ADA BP=0AE6 SI=0BD6 DI=0BD6
DS=0F18 ES=0F18 SS=0F18 CS=0E06 IP=0F31 NV UP EI PL ZR NA PE NC
0E06:0F31 B00A              MOV     AL,0A
AX=000A BX=0001 CX=000E DX=0BD6 SP=0ADA BP=0AE6 SI=0BD6 DI=0BD6
DS=0F18 ES=0F18 SS=0F18 CS=0E06 IP=0F33 NV UP EI PL ZR NA PE NC
0E06:0F33 F2AE              REPNE   SCASB
AX=000A BX=0001 CX=000D DX=0BD6 SP=0ADA BP=0AE6 SI=0BD6 DI=0BD7
DS=0F18 ES=0F18 SS=0F18 CS=0E06 IP=0F33 NV UP EI NG NZ NA PO CY
0E06:0F33 F2AE              REPNE   SCASB
AX=000A BX=0001 CX=000C DX=0BD6 SP=0ADA BP=0AE6 SI=0BD6 DI=0BD8
DS=0F18 ES=0F18 SS=0F18 CS=0E06 IP=0F33 NV UP EI NG NZ NA PE CY
0E06:0F33 F2AE              REPNE   SCASB
AX=000A BX=0001 CX=000B DX=0BD6 SP=0ADA BP=0AE6 SI=0BD6 DI=0BD9
DS=0F18 ES=0F18 SS=0F18 CS=0E06 IP=0F33 NV UP EI NG NZ AC PO CY
0E06:0F33 F2AE              REPNE   SCASB
AX=000A BX=0001 CX=000A DX=0BD6 SP=0ADA BP=0AE6 SI=0BD6 DI=0BDA
DS=0F18 ES=0F18 SS=0F18 CS=0E06 IP=0F33 NV UP EI NG NZ AC PO CY
0E06:0F33 F2AE              REPNE   SCASB
AX=000A BX=0001 CX=0009 DX=0BD6 SP=0ADA BP=0AE6 SI=0BD6 DI=0BDB
DS=0F18 ES=0F18 SS=0F18 CS=0E06 IP=0F33 NV UP EI NG NZ AC PO CY
0E06:0F33 F2AE              REPNE   SCASB
AX=000A BX=0001 CX=0008 DX=0BD6 SP=0ADA BP=0AE6 SI=0BD6 DI=0BDC
DS=0F18 ES=0F18 SS=0F18 CS=0E06 IP=0F33 NV UP EI NG NZ NA PO CY
0E06:0F33 F2AE              REPNE   SCASB
AX=000A BX=0001 CX=0007 DX=0BD6 SP=0ADA BP=0AE6 SI=0BD6 DI=0BDD
DS=0F18 ES=0F18 SS=0F18 CS=0E06 IP=0F33 NV UP EI NG NZ NA PO CY
0E06:0F33 F2AE              REPNE   SCASB
AX=000A BX=0001 CX=0006 DX=0BD6 SP=0ADA BP=0AE6 SI=0BD6 DI=0BDE
DS=0F18 ES=0F18 SS=0F18 CS=0E06 IP=0F33 NV UP EI NG NZ AC PO CY
0E06:0F33 F2AE              REPNE   SCASB
AX=000A BX=0001 CX=0005 DX=0BD6 SP=0ADA BP=0AE6 SI=0BD6 DI=0BDF
DS=0F18 ES=0F18 SS=0F18 CS=0E06 IP=0F33 NV UP EI NG NZ NA PO CY
0E06:0F33 F2AE              REPNE   SCASB
AX=000A BX=0001 CX=0004 DX=0BD6 SP=0ADA BP=0AE6 SI=0BD6 DI=0BE0
DS=0F18 ES=0F18 SS=0F18 CS=0E06 IP=0F33 NV UP EI NG NZ AC PO CY
0E06:0F33 F2AE              REPNE   SCASB
AX=000A BX=0001 CX=0003 DX=0BD6 SP=0ADA BP=0AE6 SI=0BD6 DI=0BE1
DS=0F18 ES=0F18 SS=0F18 CS=0E06 IP=0F33 NV UP EI NG NZ NA PE CY
0E06:0F33 F2AE              REPNE   SCASB
AX=000A BX=0001 CX=0002 DX=0BD6 SP=0ADA BP=0AE6 SI=0BD6 DI=0BE2
DS=0F18 ES=0F18 SS=0F18 CS=0E06 IP=0F33 NV UP EI NG NZ AC PO CY
0E06:0F33 F2AE              REPNE   SCASB
AX=000A BX=0001 CX=0001 DX=0BD6 SP=0ADA BP=0AE6 SI=0BD6 DI=0BE3
DS=0F18 ES=0F18 SS=0F18 CS=0E06 IP=0F35 NV UP EI PL ZR NA PE NC
0E06:0F35 754A              JNZ     0F81
AX=000A BX=0001 CX=0001 DX=0BD6 SP=0ADA BP=0AE6 SI=0BD6 DI=0BE3
DS=0F18 ES=0F18 SS=0F18 CS=0E06 IP=0F37 NV UP EI PL ZR NA PE NC
0E06:0F37 E8DE00            CALL    1018
AX=000A BX=0001 CX=0001 DX=0BD6 SP=0AD8 BP=0AE6 SI=0BD6 DI=0BE3
DS=0F18 ES=0F18 SS=0F18 CS=0E06 IP=1018 NV UP EI PL ZR NA PE NC
0E06:1018 59                POP     CX
AX=000A BX=0001 CX=0F3A DX=0BD6 SP=0ADA BP=0AE6 SI=0BD6 DI=0BE3
DS=0F18 ES=0F18 SS=0F18 CS=0E06 IP=1019 NV UP EI PL ZR NA PE NC
0E06:1019 A1CA00            MOV     AX,[00CA]                      DS:00CA=0440
AX=0440 BX=0001 CX=0F3A DX=0BD6 SP=0ADA BP=0AE6 SI=0BD6 DI=0BE3
DS=0F18 ES=0F18 SS=0F18 CS=0E06 IP=101C NV UP EI PL ZR NA PE NC
0E06:101C 3BC4              CMP     AX,SP
AX=0440 BX=0001 CX=0F3A DX=0BD6 SP=0ADA BP=0AE6 SI=0BD6 DI=0BE3
DS=0F18 ES=0F18 SS=0F18 CS=0E06 IP=101E NV UP EI NG NZ AC PE CY
0E06:101E 7306              JAE     1026
AX=0440 BX=0001 CX=0F3A DX=0BD6 SP=0ADA BP=0AE6 SI=0BD6 DI=0BE3
DS=0F18 ES=0F18 SS=0F18 CS=0E06 IP=1020 NV UP EI NG NZ AC PE CY
0E06:1020 2BC4              SUB     AX,SP
AX=F966 BX=0001 CX=0F3A DX=0BD6 SP=0ADA BP=0AE6 SI=0BD6 DI=0BE3
DS=0F18 ES=0F18 SS=0F18 CS=0E06 IP=1022 NV UP EI NG NZ AC PE CY
0E06:1022 F7D8              NEG     AX
AX=069A BX=0001 CX=0F3A DX=0BD6 SP=0ADA BP=0AE6 SI=0BD6 DI=0BE3
DS=0F18 ES=0F18 SS=0F18 CS=0E06 IP=1024 NV UP EI PL NZ AC PE CY
0E06:1024 FFE1              JMP     CX
AX=069A BX=0001 CX=0F3A DX=0BD6 SP=0ADA BP=0AE6 SI=0BD6 DI=0BE3
DS=0F18 ES=0F18 SS=0F18 CS=0E06 IP=0F3A NV UP EI PL NZ AC PE CY
0E06:0F3A 3DA800            CMP     AX,00A8
AX=069A BX=0001 CX=0F3A DX=0BD6 SP=0ADA BP=0AE6 SI=0BD6 DI=0BE3
DS=0F18 ES=0F18 SS=0F18 CS=0E06 IP=0F3D NV UP EI PL NZ NA PO NC
0E06:0F3D 7646              JBE     0F85
AX=069A BX=0001 CX=0F3A DX=0BD6 SP=0ADA BP=0AE6 SI=0BD6 DI=0BE3
DS=0F18 ES=0F18 SS=0F18 CS=0E06 IP=0F3F NV UP EI PL NZ NA PO NC
0E06:0F3F 83EC02            SUB     SP,+02
AX=069A BX=0001 CX=0F3A DX=0BD6 SP=0AD8 BP=0AE6 SI=0BD6 DI=0BE3
DS=0F18 ES=0F18 SS=0F18 CS=0E06 IP=0F42 NV UP EI PL NZ NA PE NC
0E06:0F42 8BDC              MOV     BX,SP
AX=069A BX=0AD8 CX=0F3A DX=0BD6 SP=0AD8 BP=0AE6 SI=0BD6 DI=0BE3
DS=0F18 ES=0F18 SS=0F18 CS=0E06 IP=0F44 NV UP EI PL NZ NA PE NC
0E06:0F44 BA0002            MOV     DX,0200
AX=069A BX=0AD8 CX=0F3A DX=0200 SP=0AD8 BP=0AE6 SI=0BD6 DI=0BE3
DS=0F18 ES=0F18 SS=0F18 CS=0E06 IP=0F47 NV UP EI PL NZ NA PE NC
0E06:0F47 3D2802            CMP     AX,0228
AX=069A BX=0AD8 CX=0F3A DX=0200 SP=0AD8 BP=0AE6 SI=0BD6 DI=0BE3
DS=0F18 ES=0F18 SS=0F18 CS=0E06 IP=0F4A NV UP EI PL NZ NA PE NC
0E06:0F4A 7303              JAE     0F4F
AX=069A BX=0AD8 CX=0F3A DX=0200 SP=0AD8 BP=0AE6 SI=0BD6 DI=0BE3
DS=0F18 ES=0F18 SS=0F18 CS=0E06 IP=0F4F NV UP EI PL NZ NA PE NC
0E06:0F4F 2BE2              SUB     SP,DX
AX=069A BX=0AD8 CX=0F3A DX=0200 SP=08D8 BP=0AE6 SI=0BD6 DI=0BE3
DS=0F18 ES=0F18 SS=0F18 CS=0E06 IP=0F51 NV UP EI PL NZ NA PE NC
0E06:0F51 8BD4              MOV     DX,SP
AX=069A BX=0AD8 CX=0F3A DX=08D8 SP=08D8 BP=0AE6 SI=0BD6 DI=0BE3
DS=0F18 ES=0F18 SS=0F18 CS=0E06 IP=0F53 NV UP EI PL NZ NA PE NC
0E06:0F53 8BFA              MOV     DI,DX
AX=069A BX=0AD8 CX=0F3A DX=08D8 SP=08D8 BP=0AE6 SI=0BD6 DI=08D8
DS=0F18 ES=0F18 SS=0F18 CS=0E06 IP=0F55 NV UP EI PL NZ NA PE NC
0E06:0F55 16                PUSH    SS
AX=069A BX=0AD8 CX=0F3A DX=08D8 SP=08D6 BP=0AE6 SI=0BD6 DI=08D8
DS=0F18 ES=0F18 SS=0F18 CS=0E06 IP=0F56 NV UP EI PL NZ NA PE NC
0E06:0F56 07                POP     ES
AX=069A BX=0AD8 CX=0F3A DX=08D8 SP=08D8 BP=0AE6 SI=0BD6 DI=08D8
DS=0F18 ES=0F18 SS=0F18 CS=0E06 IP=0F57 NV UP EI PL NZ NA PE NC
0E06:0F57 8B4E08            MOV     CX,[BP+08]                     SS:0AEE=000E
AX=069A BX=0AD8 CX=000E DX=08D8 SP=08D8 BP=0AE6 SI=0BD6 DI=08D8
DS=0F18 ES=0F18 SS=0F18 CS=0E06 IP=0F5A NV UP EI PL NZ NA PE NC
0E06:0F5A AC                LODSB
AX=0648 BX=0AD8 CX=000E DX=08D8 SP=08D8 BP=0AE6 SI=0BD7 DI=08D8
DS=0F18 ES=0F18 SS=0F18 CS=0E06 IP=0F5B NV UP EI PL NZ NA PE NC
0E06:0F5B 3C0A              CMP     AL,0A
AX=0648 BX=0AD8 CX=000E DX=08D8 SP=08D8 BP=0AE6 SI=0BD7 DI=08D8
DS=0F18 ES=0F18 SS=0F18 CS=0E06 IP=0F5D NV UP EI PL NZ AC PO NC
0E06:0F5D 740C              JZ      0F6B
AX=0648 BX=0AD8 CX=000E DX=08D8 SP=08D8 BP=0AE6 SI=0BD7 DI=08D8
DS=0F18 ES=0F18 SS=0F18 CS=0E06 IP=0F5F NV UP EI PL NZ AC PO NC
0E06:0F5F 3BFB              CMP     DI,BX
AX=0648 BX=0AD8 CX=000E DX=08D8 SP=08D8 BP=0AE6 SI=0BD7 DI=08D8
DS=0F18 ES=0F18 SS=0F18 CS=0E06 IP=0F61 NV UP EI NG NZ NA PE CY
0E06:0F61 7419              JZ      0F7C
AX=0648 BX=0AD8 CX=000E DX=08D8 SP=08D8 BP=0AE6 SI=0BD7 DI=08D8
DS=0F18 ES=0F18 SS=0F18 CS=0E06 IP=0F63 NV UP EI NG NZ NA PE CY
0E06:0F63 AA                STOSB
AX=0648 BX=0AD8 CX=000E DX=08D8 SP=08D8 BP=0AE6 SI=0BD7 DI=08D9
DS=0F18 ES=0F18 SS=0F18 CS=0E06 IP=0F64 NV UP EI NG NZ NA PE CY
0E06:0F64 E2F4              LOOPW   0F5A
AX=0648 BX=0AD8 CX=000D DX=08D8 SP=08D8 BP=0AE6 SI=0BD7 DI=08D9
DS=0F18 ES=0F18 SS=0F18 CS=0E06 IP=0F5A NV UP EI NG NZ NA PE CY
0E06:0F5A AC                LODSB
AX=0665 BX=0AD8 CX=000D DX=08D8 SP=08D8 BP=0AE6 SI=0BD8 DI=08D9
DS=0F18 ES=0F18 SS=0F18 CS=0E06 IP=0F5B NV UP EI NG NZ NA PE CY
0E06:0F5B 3C0A              CMP     AL,0A
AX=0665 BX=0AD8 CX=000D DX=08D8 SP=08D8 BP=0AE6 SI=0BD8 DI=08D9
DS=0F18 ES=0F18 SS=0F18 CS=0E06 IP=0F5D NV UP EI PL NZ AC PO NC
0E06:0F5D 740C              JZ      0F6B
AX=0665 BX=0AD8 CX=000D DX=08D8 SP=08D8 BP=0AE6 SI=0BD8 DI=08D9
DS=0F18 ES=0F18 SS=0F18 CS=0E06 IP=0F5F NV UP EI PL NZ AC PO NC
0E06:0F5F 3BFB              CMP     DI,BX
AX=0665 BX=0AD8 CX=000D DX=08D8 SP=08D8 BP=0AE6 SI=0BD8 DI=08D9
DS=0F18 ES=0F18 SS=0F18 CS=0E06 IP=0F61 NV UP EI NG NZ NA PO CY
0E06:0F61 7419              JZ      0F7C
AX=0665 BX=0AD8 CX=000D DX=08D8 SP=08D8 BP=0AE6 SI=0BD8 DI=08D9
DS=0F18 ES=0F18 SS=0F18 CS=0E06 IP=0F63 NV UP EI NG NZ NA PO CY
0E06:0F63 AA                STOSB
AX=0665 BX=0AD8 CX=000D DX=08D8 SP=08D8 BP=0AE6 SI=0BD8 DI=08DA
DS=0F18 ES=0F18 SS=0F18 CS=0E06 IP=0F64 NV UP EI NG NZ NA PO CY
0E06:0F64 E2F4              LOOPW   0F5A
AX=0665 BX=0AD8 CX=000C DX=08D8 SP=08D8 BP=0AE6 SI=0BD8 DI=08DA
DS=0F18 ES=0F18 SS=0F18 CS=0E06 IP=0F5A NV UP EI NG NZ NA PO CY
0E06:0F5A AC                LODSB
AX=066C BX=0AD8 CX=000C DX=08D8 SP=08D8 BP=0AE6 SI=0BD9 DI=08DA
DS=0F18 ES=0F18 SS=0F18 CS=0E06 IP=0F5B NV UP EI NG NZ NA PO CY
0E06:0F5B 3C0A              CMP     AL,0A
AX=066C BX=0AD8 CX=000C DX=08D8 SP=08D8 BP=0AE6 SI=0BD9 DI=08DA
DS=0F18 ES=0F18 SS=0F18 CS=0E06 IP=0F5D NV UP EI PL NZ NA PO NC
0E06:0F5D 740C              JZ      0F6B
AX=066C BX=0AD8 CX=000C DX=08D8 SP=08D8 BP=0AE6 SI=0BD9 DI=08DA
DS=0F18 ES=0F18 SS=0F18 CS=0E06 IP=0F5F NV UP EI PL NZ NA PO NC
0E06:0F5F 3BFB              CMP     DI,BX
AX=066C BX=0AD8 CX=000C DX=08D8 SP=08D8 BP=0AE6 SI=0BD9 DI=08DA
DS=0F18 ES=0F18 SS=0F18 CS=0E06 IP=0F61 NV UP EI NG NZ NA PO CY
0E06:0F61 7419              JZ      0F7C
AX=066C BX=0AD8 CX=000C DX=08D8 SP=08D8 BP=0AE6 SI=0BD9 DI=08DA
DS=0F18 ES=0F18 SS=0F18 CS=0E06 IP=0F63 NV UP EI NG NZ NA PO CY
0E06:0F63 AA                STOSB
AX=066C BX=0AD8 CX=000C DX=08D8 SP=08D8 BP=0AE6 SI=0BD9 DI=08DB
DS=0F18 ES=0F18 SS=0F18 CS=0E06 IP=0F64 NV UP EI NG NZ NA PO CY
0E06:0F64 E2F4              LOOPW   0F5A
AX=066C BX=0AD8 CX=000B DX=08D8 SP=08D8 BP=0AE6 SI=0BD9 DI=08DB
DS=0F18 ES=0F18 SS=0F18 CS=0E06 IP=0F5A NV UP EI NG NZ NA PO CY
0E06:0F5A AC                LODSB
AX=066C BX=0AD8 CX=000B DX=08D8 SP=08D8 BP=0AE6 SI=0BDA DI=08DB
DS=0F18 ES=0F18 SS=0F18 CS=0E06 IP=0F5B NV UP EI NG NZ NA PO CY
0E06:0F5B 3C0A              CMP     AL,0A
AX=066C BX=0AD8 CX=000B DX=08D8 SP=08D8 BP=0AE6 SI=0BDA DI=08DB
DS=0F18 ES=0F18 SS=0F18 CS=0E06 IP=0F5D NV UP EI PL NZ NA PO NC
0E06:0F5D 740C              JZ      0F6B
AX=066C BX=0AD8 CX=000B DX=08D8 SP=08D8 BP=0AE6 SI=0BDA DI=08DB
DS=0F18 ES=0F18 SS=0F18 CS=0E06 IP=0F5F NV UP EI PL NZ NA PO NC
0E06:0F5F 3BFB              CMP     DI,BX
AX=066C BX=0AD8 CX=000B DX=08D8 SP=08D8 BP=0AE6 SI=0BDA DI=08DB
DS=0F18 ES=0F18 SS=0F18 CS=0E06 IP=0F61 NV UP EI NG NZ NA PE CY
0E06:0F61 7419              JZ      0F7C
AX=066C BX=0AD8 CX=000B DX=08D8 SP=08D8 BP=0AE6 SI=0BDA DI=08DB
DS=0F18 ES=0F18 SS=0F18 CS=0E06 IP=0F63 NV UP EI NG NZ NA PE CY
0E06:0F63 AA                STOSB
AX=066C BX=0AD8 CX=000B DX=08D8 SP=08D8 BP=0AE6 SI=0BDA DI=08DC
DS=0F18 ES=0F18 SS=0F18 CS=0E06 IP=0F64 NV UP EI NG NZ NA PE CY
0E06:0F64 E2F4              LOOPW   0F5A
AX=066C BX=0AD8 CX=000A DX=08D8 SP=08D8 BP=0AE6 SI=0BDA DI=08DC
DS=0F18 ES=0F18 SS=0F18 CS=0E06 IP=0F5A NV UP EI NG NZ NA PE CY
0E06:0F5A AC                LODSB
AX=066F BX=0AD8 CX=000A DX=08D8 SP=08D8 BP=0AE6 SI=0BDB DI=08DC
DS=0F18 ES=0F18 SS=0F18 CS=0E06 IP=0F5B NV UP EI NG NZ NA PE CY
0E06:0F5B 3C0A              CMP     AL,0A
AX=066F BX=0AD8 CX=000A DX=08D8 SP=08D8 BP=0AE6 SI=0BDB DI=08DC
DS=0F18 ES=0F18 SS=0F18 CS=0E06 IP=0F5D NV UP EI PL NZ NA PE NC
0E06:0F5D 740C              JZ      0F6B
AX=066F BX=0AD8 CX=000A DX=08D8 SP=08D8 BP=0AE6 SI=0BDB DI=08DC
DS=0F18 ES=0F18 SS=0F18 CS=0E06 IP=0F5F NV UP EI PL NZ NA PE NC
0E06:0F5F 3BFB              CMP     DI,BX
AX=066F BX=0AD8 CX=000A DX=08D8 SP=08D8 BP=0AE6 SI=0BDB DI=08DC
DS=0F18 ES=0F18 SS=0F18 CS=0E06 IP=0F61 NV UP EI NG NZ NA PO CY
0E06:0F61 7419              JZ      0F7C
AX=066F BX=0AD8 CX=000A DX=08D8 SP=08D8 BP=0AE6 SI=0BDB DI=08DC
DS=0F18 ES=0F18 SS=0F18 CS=0E06 IP=0F63 NV UP EI NG NZ NA PO CY
0E06:0F63 AA                STOSB
AX=066F BX=0AD8 CX=000A DX=08D8 SP=08D8 BP=0AE6 SI=0BDB DI=08DD
DS=0F18 ES=0F18 SS=0F18 CS=0E06 IP=0F64 NV UP EI NG NZ NA PO CY
0E06:0F64 E2F4              LOOPW   0F5A
AX=066F BX=0AD8 CX=0009 DX=08D8 SP=08D8 BP=0AE6 SI=0BDB DI=08DD
DS=0F18 ES=0F18 SS=0F18 CS=0E06 IP=0F5A NV UP EI NG NZ NA PO CY
0E06:0F5A AC                LODSB
AX=0620 BX=0AD8 CX=0009 DX=08D8 SP=08D8 BP=0AE6 SI=0BDC DI=08DD
DS=0F18 ES=0F18 SS=0F18 CS=0E06 IP=0F5B NV UP EI NG NZ NA PO CY
0E06:0F5B 3C0A              CMP     AL,0A
AX=0620 BX=0AD8 CX=0009 DX=08D8 SP=08D8 BP=0AE6 SI=0BDC DI=08DD
DS=0F18 ES=0F18 SS=0F18 CS=0E06 IP=0F5D NV UP EI PL NZ AC PO NC
0E06:0F5D 740C              JZ      0F6B
AX=0620 BX=0AD8 CX=0009 DX=08D8 SP=08D8 BP=0AE6 SI=0BDC DI=08DD
DS=0F18 ES=0F18 SS=0F18 CS=0E06 IP=0F5F NV UP EI PL NZ AC PO NC
0E06:0F5F 3BFB              CMP     DI,BX
AX=0620 BX=0AD8 CX=0009 DX=08D8 SP=08D8 BP=0AE6 SI=0BDC DI=08DD
DS=0F18 ES=0F18 SS=0F18 CS=0E06 IP=0F61 NV UP EI NG NZ NA PE CY
0E06:0F61 7419              JZ      0F7C
AX=0620 BX=0AD8 CX=0009 DX=08D8 SP=08D8 BP=0AE6 SI=0BDC DI=08DD
DS=0F18 ES=0F18 SS=0F18 CS=0E06 IP=0F63 NV UP EI NG NZ NA PE CY
0E06:0F63 AA                STOSB
AX=0620 BX=0AD8 CX=0009 DX=08D8 SP=08D8 BP=0AE6 SI=0BDC DI=08DE
DS=0F18 ES=0F18 SS=0F18 CS=0E06 IP=0F64 NV UP EI NG NZ NA PE CY
0E06:0F64 E2F4              LOOPW   0F5A
AX=0620 BX=0AD8 CX=0008 DX=08D8 SP=08D8 BP=0AE6 SI=0BDC DI=08DE
DS=0F18 ES=0F18 SS=0F18 CS=0E06 IP=0F5A NV UP EI NG NZ NA PE CY
0E06:0F5A AC                LODSB
AX=0657 BX=0AD8 CX=0008 DX=08D8 SP=08D8 BP=0AE6 SI=0BDD DI=08DE
DS=0F18 ES=0F18 SS=0F18 CS=0E06 IP=0F5B NV UP EI NG NZ NA PE CY
0E06:0F5B 3C0A              CMP     AL,0A
AX=0657 BX=0AD8 CX=0008 DX=08D8 SP=08D8 BP=0AE6 SI=0BDD DI=08DE
DS=0F18 ES=0F18 SS=0F18 CS=0E06 IP=0F5D NV UP EI PL NZ AC PE NC
0E06:0F5D 740C              JZ      0F6B
AX=0657 BX=0AD8 CX=0008 DX=08D8 SP=08D8 BP=0AE6 SI=0BDD DI=08DE
DS=0F18 ES=0F18 SS=0F18 CS=0E06 IP=0F5F NV UP EI PL NZ AC PE NC
0E06:0F5F 3BFB              CMP     DI,BX
AX=0657 BX=0AD8 CX=0008 DX=08D8 SP=08D8 BP=0AE6 SI=0BDD DI=08DE
DS=0F18 ES=0F18 SS=0F18 CS=0E06 IP=0F61 NV UP EI NG NZ NA PE CY
0E06:0F61 7419              JZ      0F7C
AX=0657 BX=0AD8 CX=0008 DX=08D8 SP=08D8 BP=0AE6 SI=0BDD DI=08DE
DS=0F18 ES=0F18 SS=0F18 CS=0E06 IP=0F63 NV UP EI NG NZ NA PE CY
0E06:0F63 AA                STOSB
AX=0657 BX=0AD8 CX=0008 DX=08D8 SP=08D8 BP=0AE6 SI=0BDD DI=08DF
DS=0F18 ES=0F18 SS=0F18 CS=0E06 IP=0F64 NV UP EI NG NZ NA PE CY
0E06:0F64 E2F4              LOOPW   0F5A
AX=0657 BX=0AD8 CX=0007 DX=08D8 SP=08D8 BP=0AE6 SI=0BDD DI=08DF
DS=0F18 ES=0F18 SS=0F18 CS=0E06 IP=0F5A NV UP EI NG NZ NA PE CY
0E06:0F5A AC                LODSB
AX=066F BX=0AD8 CX=0007 DX=08D8 SP=08D8 BP=0AE6 SI=0BDE DI=08DF
DS=0F18 ES=0F18 SS=0F18 CS=0E06 IP=0F5B NV UP EI NG NZ NA PE CY
0E06:0F5B 3C0A              CMP     AL,0A
AX=066F BX=0AD8 CX=0007 DX=08D8 SP=08D8 BP=0AE6 SI=0BDE DI=08DF
DS=0F18 ES=0F18 SS=0F18 CS=0E06 IP=0F5D NV UP EI PL NZ NA PE NC
0E06:0F5D 740C              JZ      0F6B
AX=066F BX=0AD8 CX=0007 DX=08D8 SP=08D8 BP=0AE6 SI=0BDE DI=08DF
DS=0F18 ES=0F18 SS=0F18 CS=0E06 IP=0F5F NV UP EI PL NZ NA PE NC
0E06:0F5F 3BFB              CMP     DI,BX
AX=066F BX=0AD8 CX=0007 DX=08D8 SP=08D8 BP=0AE6 SI=0BDE DI=08DF
DS=0F18 ES=0F18 SS=0F18 CS=0E06 IP=0F61 NV UP EI NG NZ NA PO CY
0E06:0F61 7419              JZ      0F7C
AX=066F BX=0AD8 CX=0007 DX=08D8 SP=08D8 BP=0AE6 SI=0BDE DI=08DF
DS=0F18 ES=0F18 SS=0F18 CS=0E06 IP=0F63 NV UP EI NG NZ NA PO CY
0E06:0F63 AA                STOSB
AX=066F BX=0AD8 CX=0007 DX=08D8 SP=08D8 BP=0AE6 SI=0BDE DI=08E0
DS=0F18 ES=0F18 SS=0F18 CS=0E06 IP=0F64 NV UP EI NG NZ NA PO CY
0E06:0F64 E2F4              LOOPW   0F5A
AX=066F BX=0AD8 CX=0006 DX=08D8 SP=08D8 BP=0AE6 SI=0BDE DI=08E0
DS=0F18 ES=0F18 SS=0F18 CS=0E06 IP=0F5A NV UP EI NG NZ NA PO CY
0E06:0F5A AC                LODSB
AX=0672 BX=0AD8 CX=0006 DX=08D8 SP=08D8 BP=0AE6 SI=0BDF DI=08E0
DS=0F18 ES=0F18 SS=0F18 CS=0E06 IP=0F5B NV UP EI NG NZ NA PO CY
0E06:0F5B 3C0A              CMP     AL,0A
AX=0672 BX=0AD8 CX=0006 DX=08D8 SP=08D8 BP=0AE6 SI=0BDF DI=08E0
DS=0F18 ES=0F18 SS=0F18 CS=0E06 IP=0F5D NV UP EI PL NZ AC PO NC
0E06:0F5D 740C              JZ      0F6B
AX=0672 BX=0AD8 CX=0006 DX=08D8 SP=08D8 BP=0AE6 SI=0BDF DI=08E0
DS=0F18 ES=0F18 SS=0F18 CS=0E06 IP=0F5F NV UP EI PL NZ AC PO NC
0E06:0F5F 3BFB              CMP     DI,BX
AX=0672 BX=0AD8 CX=0006 DX=08D8 SP=08D8 BP=0AE6 SI=0BDF DI=08E0
DS=0F18 ES=0F18 SS=0F18 CS=0E06 IP=0F61 NV UP EI NG NZ AC PO CY
0E06:0F61 7419              JZ      0F7C
AX=0672 BX=0AD8 CX=0006 DX=08D8 SP=08D8 BP=0AE6 SI=0BDF DI=08E0
DS=0F18 ES=0F18 SS=0F18 CS=0E06 IP=0F63 NV UP EI NG NZ AC PO CY
0E06:0F63 AA                STOSB
AX=0672 BX=0AD8 CX=0006 DX=08D8 SP=08D8 BP=0AE6 SI=0BDF DI=08E1
DS=0F18 ES=0F18 SS=0F18 CS=0E06 IP=0F64 NV UP EI NG NZ AC PO CY
0E06:0F64 E2F4              LOOPW   0F5A
AX=0672 BX=0AD8 CX=0005 DX=08D8 SP=08D8 BP=0AE6 SI=0BDF DI=08E1
DS=0F18 ES=0F18 SS=0F18 CS=0E06 IP=0F5A NV UP EI NG NZ AC PO CY
0E06:0F5A AC                LODSB
AX=066C BX=0AD8 CX=0005 DX=08D8 SP=08D8 BP=0AE6 SI=0BE0 DI=08E1
DS=0F18 ES=0F18 SS=0F18 CS=0E06 IP=0F5B NV UP EI NG NZ AC PO CY
0E06:0F5B 3C0A              CMP     AL,0A
AX=066C BX=0AD8 CX=0005 DX=08D8 SP=08D8 BP=0AE6 SI=0BE0 DI=08E1
DS=0F18 ES=0F18 SS=0F18 CS=0E06 IP=0F5D NV UP EI PL NZ NA PO NC
0E06:0F5D 740C              JZ      0F6B
AX=066C BX=0AD8 CX=0005 DX=08D8 SP=08D8 BP=0AE6 SI=0BE0 DI=08E1
DS=0F18 ES=0F18 SS=0F18 CS=0E06 IP=0F5F NV UP EI PL NZ NA PO NC
0E06:0F5F 3BFB              CMP     DI,BX
AX=066C BX=0AD8 CX=0005 DX=08D8 SP=08D8 BP=0AE6 SI=0BE0 DI=08E1
DS=0F18 ES=0F18 SS=0F18 CS=0E06 IP=0F61 NV UP EI NG NZ AC PE CY
0E06:0F61 7419              JZ      0F7C
AX=066C BX=0AD8 CX=0005 DX=08D8 SP=08D8 BP=0AE6 SI=0BE0 DI=08E1
DS=0F18 ES=0F18 SS=0F18 CS=0E06 IP=0F63 NV UP EI NG NZ AC PE CY
0E06:0F63 AA                STOSB
AX=066C BX=0AD8 CX=0005 DX=08D8 SP=08D8 BP=0AE6 SI=0BE0 DI=08E2
DS=0F18 ES=0F18 SS=0F18 CS=0E06 IP=0F64 NV UP EI NG NZ AC PE CY
0E06:0F64 E2F4              LOOPW   0F5A
AX=066C BX=0AD8 CX=0004 DX=08D8 SP=08D8 BP=0AE6 SI=0BE0 DI=08E2
DS=0F18 ES=0F18 SS=0F18 CS=0E06 IP=0F5A NV UP EI NG NZ AC PE CY
0E06:0F5A AC                LODSB
AX=0664 BX=0AD8 CX=0004 DX=08D8 SP=08D8 BP=0AE6 SI=0BE1 DI=08E2
DS=0F18 ES=0F18 SS=0F18 CS=0E06 IP=0F5B NV UP EI NG NZ AC PE CY
0E06:0F5B 3C0A              CMP     AL,0A
AX=0664 BX=0AD8 CX=0004 DX=08D8 SP=08D8 BP=0AE6 SI=0BE1 DI=08E2
DS=0F18 ES=0F18 SS=0F18 CS=0E06 IP=0F5D NV UP EI PL NZ AC PE NC
0E06:0F5D 740C              JZ      0F6B
AX=0664 BX=0AD8 CX=0004 DX=08D8 SP=08D8 BP=0AE6 SI=0BE1 DI=08E2
DS=0F18 ES=0F18 SS=0F18 CS=0E06 IP=0F5F NV UP EI PL NZ AC PE NC
0E06:0F5F 3BFB              CMP     DI,BX
AX=0664 BX=0AD8 CX=0004 DX=08D8 SP=08D8 BP=0AE6 SI=0BE1 DI=08E2
DS=0F18 ES=0F18 SS=0F18 CS=0E06 IP=0F61 NV UP EI NG NZ AC PE CY
0E06:0F61 7419              JZ      0F7C
AX=0664 BX=0AD8 CX=0004 DX=08D8 SP=08D8 BP=0AE6 SI=0BE1 DI=08E2
DS=0F18 ES=0F18 SS=0F18 CS=0E06 IP=0F63 NV UP EI NG NZ AC PE CY
0E06:0F63 AA                STOSB
AX=0664 BX=0AD8 CX=0004 DX=08D8 SP=08D8 BP=0AE6 SI=0BE1 DI=08E3
DS=0F18 ES=0F18 SS=0F18 CS=0E06 IP=0F64 NV UP EI NG NZ AC PE CY
0E06:0F64 E2F4              LOOPW   0F5A
AX=0664 BX=0AD8 CX=0003 DX=08D8 SP=08D8 BP=0AE6 SI=0BE1 DI=08E3
DS=0F18 ES=0F18 SS=0F18 CS=0E06 IP=0F5A NV UP EI NG NZ AC PE CY
0E06:0F5A AC                LODSB
AX=060D BX=0AD8 CX=0003 DX=08D8 SP=08D8 BP=0AE6 SI=0BE2 DI=08E3
DS=0F18 ES=0F18 SS=0F18 CS=0E06 IP=0F5B NV UP EI NG NZ AC PE CY
0E06:0F5B 3C0A              CMP     AL,0A
AX=060D BX=0AD8 CX=0003 DX=08D8 SP=08D8 BP=0AE6 SI=0BE2 DI=08E3
DS=0F18 ES=0F18 SS=0F18 CS=0E06 IP=0F5D NV UP EI PL NZ NA PE NC
0E06:0F5D 740C              JZ      0F6B
AX=060D BX=0AD8 CX=0003 DX=08D8 SP=08D8 BP=0AE6 SI=0BE2 DI=08E3
DS=0F18 ES=0F18 SS=0F18 CS=0E06 IP=0F5F NV UP EI PL NZ NA PE NC
0E06:0F5F 3BFB              CMP     DI,BX
AX=060D BX=0AD8 CX=0003 DX=08D8 SP=08D8 BP=0AE6 SI=0BE2 DI=08E3
DS=0F18 ES=0F18 SS=0F18 CS=0E06 IP=0F61 NV UP EI NG NZ AC PO CY
0E06:0F61 7419              JZ      0F7C
AX=060D BX=0AD8 CX=0003 DX=08D8 SP=08D8 BP=0AE6 SI=0BE2 DI=08E3
DS=0F18 ES=0F18 SS=0F18 CS=0E06 IP=0F63 NV UP EI NG NZ AC PO CY
0E06:0F63 AA                STOSB
AX=060D BX=0AD8 CX=0003 DX=08D8 SP=08D8 BP=0AE6 SI=0BE2 DI=08E4
DS=0F18 ES=0F18 SS=0F18 CS=0E06 IP=0F64 NV UP EI NG NZ AC PO CY
0E06:0F64 E2F4              LOOPW   0F5A
AX=060D BX=0AD8 CX=0002 DX=08D8 SP=08D8 BP=0AE6 SI=0BE2 DI=08E4
DS=0F18 ES=0F18 SS=0F18 CS=0E06 IP=0F5A NV UP EI NG NZ AC PO CY
0E06:0F5A AC                LODSB
AX=060A BX=0AD8 CX=0002 DX=08D8 SP=08D8 BP=0AE6 SI=0BE3 DI=08E4
DS=0F18 ES=0F18 SS=0F18 CS=0E06 IP=0F5B NV UP EI NG NZ AC PO CY
0E06:0F5B 3C0A              CMP     AL,0A
AX=060A BX=0AD8 CX=0002 DX=08D8 SP=08D8 BP=0AE6 SI=0BE3 DI=08E4
DS=0F18 ES=0F18 SS=0F18 CS=0E06 IP=0F5D NV UP EI PL ZR NA PE NC
0E06:0F5D 740C              JZ      0F6B
AX=060A BX=0AD8 CX=0002 DX=08D8 SP=08D8 BP=0AE6 SI=0BE3 DI=08E4
DS=0F18 ES=0F18 SS=0F18 CS=0E06 IP=0F6B NV UP EI PL ZR NA PE NC
0E06:0F6B B00D              MOV     AL,0D
AX=060D BX=0AD8 CX=0002 DX=08D8 SP=08D8 BP=0AE6 SI=0BE3 DI=08E4
DS=0F18 ES=0F18 SS=0F18 CS=0E06 IP=0F6D NV UP EI PL ZR NA PE NC
0E06:0F6D 3BFB              CMP     DI,BX
AX=060D BX=0AD8 CX=0002 DX=08D8 SP=08D8 BP=0AE6 SI=0BE3 DI=08E4
DS=0F18 ES=0F18 SS=0F18 CS=0E06 IP=0F6F NV UP EI NG NZ AC PE CY
0E06:0F6F 7503              JNZ     0F74
AX=060D BX=0AD8 CX=0002 DX=08D8 SP=08D8 BP=0AE6 SI=0BE3 DI=08E4
DS=0F18 ES=0F18 SS=0F18 CS=0E06 IP=0F74 NV UP EI NG NZ AC PE CY
0E06:0F74 AA                STOSB
AX=060D BX=0AD8 CX=0002 DX=08D8 SP=08D8 BP=0AE6 SI=0BE3 DI=08E5
DS=0F18 ES=0F18 SS=0F18 CS=0E06 IP=0F75 NV UP EI NG NZ AC PE CY
0E06:0F75 B00A              MOV     AL,0A
AX=060A BX=0AD8 CX=0002 DX=08D8 SP=08D8 BP=0AE6 SI=0BE3 DI=08E5
DS=0F18 ES=0F18 SS=0F18 CS=0E06 IP=0F77 NV UP EI NG NZ AC PE CY
0E06:0F77 FF46FC            INC     WORD PTR [BP-04]               SS:0AE2=0000
AX=060A BX=0AD8 CX=0002 DX=08D8 SP=08D8 BP=0AE6 SI=0BE3 DI=08E5
DS=0F18 ES=0F18 SS=0F18 CS=0E06 IP=0F7A NV UP EI PL NZ NA PO CY
0E06:0F7A EBE3              JMP     0F5F
AX=060A BX=0AD8 CX=0002 DX=08D8 SP=08D8 BP=0AE6 SI=0BE3 DI=08E5
DS=0F18 ES=0F18 SS=0F18 CS=0E06 IP=0F5F NV UP EI PL NZ NA PO CY
0E06:0F5F 3BFB              CMP     DI,BX
AX=060A BX=0AD8 CX=0002 DX=08D8 SP=08D8 BP=0AE6 SI=0BE3 DI=08E5
DS=0F18 ES=0F18 SS=0F18 CS=0E06 IP=0F61 NV UP EI NG NZ AC PO CY
0E06:0F61 7419              JZ      0F7C
AX=060A BX=0AD8 CX=0002 DX=08D8 SP=08D8 BP=0AE6 SI=0BE3 DI=08E5
DS=0F18 ES=0F18 SS=0F18 CS=0E06 IP=0F63 NV UP EI NG NZ AC PO CY
0E06:0F63 AA                STOSB
AX=060A BX=0AD8 CX=0002 DX=08D8 SP=08D8 BP=0AE6 SI=0BE3 DI=08E6
DS=0F18 ES=0F18 SS=0F18 CS=0E06 IP=0F64 NV UP EI NG NZ AC PO CY
0E06:0F64 E2F4              LOOPW   0F5A
AX=060A BX=0AD8 CX=0001 DX=08D8 SP=08D8 BP=0AE6 SI=0BE3 DI=08E6
DS=0F18 ES=0F18 SS=0F18 CS=0E06 IP=0F5A NV UP EI NG NZ AC PO CY
0E06:0F5A AC                LODSB
AX=060A BX=0AD8 CX=0001 DX=08D8 SP=08D8 BP=0AE6 SI=0BE4 DI=08E6
DS=0F18 ES=0F18 SS=0F18 CS=0E06 IP=0F5B NV UP EI NG NZ AC PO CY
0E06:0F5B 3C0A              CMP     AL,0A
AX=060A BX=0AD8 CX=0001 DX=08D8 SP=08D8 BP=0AE6 SI=0BE4 DI=08E6
DS=0F18 ES=0F18 SS=0F18 CS=0E06 IP=0F5D NV UP EI PL ZR NA PE NC
0E06:0F5D 740C              JZ      0F6B
AX=060A BX=0AD8 CX=0001 DX=08D8 SP=08D8 BP=0AE6 SI=0BE4 DI=08E6
DS=0F18 ES=0F18 SS=0F18 CS=0E06 IP=0F6B NV UP EI PL ZR NA PE NC
0E06:0F6B B00D              MOV     AL,0D
AX=060D BX=0AD8 CX=0001 DX=08D8 SP=08D8 BP=0AE6 SI=0BE4 DI=08E6
DS=0F18 ES=0F18 SS=0F18 CS=0E06 IP=0F6D NV UP EI PL ZR NA PE NC
0E06:0F6D 3BFB              CMP     DI,BX
AX=060D BX=0AD8 CX=0001 DX=08D8 SP=08D8 BP=0AE6 SI=0BE4 DI=08E6
DS=0F18 ES=0F18 SS=0F18 CS=0E06 IP=0F6F NV UP EI NG NZ AC PO CY
0E06:0F6F 7503              JNZ     0F74
AX=060D BX=0AD8 CX=0001 DX=08D8 SP=08D8 BP=0AE6 SI=0BE4 DI=08E6
DS=0F18 ES=0F18 SS=0F18 CS=0E06 IP=0F74 NV UP EI NG NZ AC PO CY
0E06:0F74 AA                STOSB
AX=060D BX=0AD8 CX=0001 DX=08D8 SP=08D8 BP=0AE6 SI=0BE4 DI=08E7
DS=0F18 ES=0F18 SS=0F18 CS=0E06 IP=0F75 NV UP EI NG NZ AC PO CY
0E06:0F75 B00A              MOV     AL,0A
AX=060A BX=0AD8 CX=0001 DX=08D8 SP=08D8 BP=0AE6 SI=0BE4 DI=08E7
DS=0F18 ES=0F18 SS=0F18 CS=0E06 IP=0F77 NV UP EI NG NZ AC PO CY
0E06:0F77 FF46FC            INC     WORD PTR [BP-04]               SS:0AE2=0001
AX=060A BX=0AD8 CX=0001 DX=08D8 SP=08D8 BP=0AE6 SI=0BE4 DI=08E7
DS=0F18 ES=0F18 SS=0F18 CS=0E06 IP=0F7A NV UP EI PL NZ NA PO CY
0E06:0F7A EBE3              JMP     0F5F
AX=060A BX=0AD8 CX=0001 DX=08D8 SP=08D8 BP=0AE6 SI=0BE4 DI=08E7
DS=0F18 ES=0F18 SS=0F18 CS=0E06 IP=0F5F NV UP EI PL NZ NA PO CY
0E06:0F5F 3BFB              CMP     DI,BX
AX=060A BX=0AD8 CX=0001 DX=08D8 SP=08D8 BP=0AE6 SI=0BE4 DI=08E7
DS=0F18 ES=0F18 SS=0F18 CS=0E06 IP=0F61 NV UP EI NG NZ AC PE CY
0E06:0F61 7419              JZ      0F7C
AX=060A BX=0AD8 CX=0001 DX=08D8 SP=08D8 BP=0AE6 SI=0BE4 DI=08E7
DS=0F18 ES=0F18 SS=0F18 CS=0E06 IP=0F63 NV UP EI NG NZ AC PE CY
0E06:0F63 AA                STOSB
AX=060A BX=0AD8 CX=0001 DX=08D8 SP=08D8 BP=0AE6 SI=0BE4 DI=08E8
DS=0F18 ES=0F18 SS=0F18 CS=0E06 IP=0F64 NV UP EI NG NZ AC PE CY
0E06:0F64 E2F4              LOOPW   0F5A
AX=060A BX=0AD8 CX=0000 DX=08D8 SP=08D8 BP=0AE6 SI=0BE4 DI=08E8
DS=0F18 ES=0F18 SS=0F18 CS=0E06 IP=0F66 NV UP EI NG NZ AC PE CY
0E06:0F66 E82200            CALL    0F8B
AX=060A BX=0AD8 CX=0000 DX=08D8 SP=08D6 BP=0AE6 SI=0BE4 DI=08E8
DS=0F18 ES=0F18 SS=0F18 CS=0E06 IP=0F8B NV UP EI NG NZ AC PE CY
0E06:0F8B 50                PUSH    AX
AX=060A BX=0AD8 CX=0000 DX=08D8 SP=08D4 BP=0AE6 SI=0BE4 DI=08E8
DS=0F18 ES=0F18 SS=0F18 CS=0E06 IP=0F8C NV UP EI NG NZ AC PE CY
0E06:0F8C 53                PUSH    BX
AX=060A BX=0AD8 CX=0000 DX=08D8 SP=08D2 BP=0AE6 SI=0BE4 DI=08E8
DS=0F18 ES=0F18 SS=0F18 CS=0E06 IP=0F8D NV UP EI NG NZ AC PE CY
0E06:0F8D 51                PUSH    CX
AX=060A BX=0AD8 CX=0000 DX=08D8 SP=08D0 BP=0AE6 SI=0BE4 DI=08E8
DS=0F18 ES=0F18 SS=0F18 CS=0E06 IP=0F8E NV UP EI NG NZ AC PE CY
0E06:0F8E 8BCF              MOV     CX,DI
AX=060A BX=0AD8 CX=08E8 DX=08D8 SP=08D0 BP=0AE6 SI=0BE4 DI=08E8
DS=0F18 ES=0F18 SS=0F18 CS=0E06 IP=0F90 NV UP EI NG NZ AC PE CY
0E06:0F90 2BCA              SUB     CX,DX
AX=060A BX=0AD8 CX=0010 DX=08D8 SP=08D0 BP=0AE6 SI=0BE4 DI=08E8
DS=0F18 ES=0F18 SS=0F18 CS=0E06 IP=0F92 NV UP EI PL NZ NA PO NC
0E06:0F92 E312              JCXZ    0FA6
AX=060A BX=0AD8 CX=0010 DX=08D8 SP=08D0 BP=0AE6 SI=0BE4 DI=08E8
DS=0F18 ES=0F18 SS=0F18 CS=0E06 IP=0F94 NV UP EI PL NZ NA PO NC
0E06:0F94 51                PUSH    CX
AX=060A BX=0AD8 CX=0010 DX=08D8 SP=08CE BP=0AE6 SI=0BE4 DI=08E8
DS=0F18 ES=0F18 SS=0F18 CS=0E06 IP=0F95 NV UP EI PL NZ NA PO NC
0E06:0F95 8B5E04            MOV     BX,[BP+04]                     SS:0AEA=0001
AX=060A BX=0001 CX=0010 DX=08D8 SP=08CE BP=0AE6 SI=0BE4 DI=08E8
DS=0F18 ES=0F18 SS=0F18 CS=0E06 IP=0F98 NV UP EI PL NZ NA PO NC
0E06:0F98 B440              MOV     AH,40
AX=400A BX=0001 CX=0010 DX=08D8 SP=08CE BP=0AE6 SI=0BE4 DI=08E8
DS=0F18 ES=0F18 SS=0F18 CS=0E06 IP=0F9A NV UP EI PL NZ NA PO NC
0E06:0F9A CD21              INT     21
Hello World

AX=0010 BX=0001 CX=0010 DX=08D8 SP=08CE BP=0AE6 SI=0BE4 DI=08E8
DS=0F18 ES=0F18 SS=0F18 CS=0E06 IP=0F9C NV UP EI PL NZ NA PO NC
0E06:0F9C 59                POP     CX
AX=0010 BX=0001 CX=0010 DX=08D8 SP=08D0 BP=0AE6 SI=0BE4 DI=08E8
DS=0F18 ES=0F18 SS=0F18 CS=0E06 IP=0F9D NV UP EI PL NZ NA PO NC
0E06:0F9D 720D              JB      0FAC
AX=0010 BX=0001 CX=0010 DX=08D8 SP=08D0 BP=0AE6 SI=0BE4 DI=08E8
DS=0F18 ES=0F18 SS=0F18 CS=0E06 IP=0F9F NV UP EI PL NZ NA PO NC
0E06:0F9F 0146FE            ADD     [BP-02],AX                     SS:0AE4=0000
AX=0010 BX=0001 CX=0010 DX=08D8 SP=08D0 BP=0AE6 SI=0BE4 DI=08E8
DS=0F18 ES=0F18 SS=0F18 CS=0E06 IP=0FA2 NV UP EI PL NZ NA PO NC
0E06:0FA2 3BC8              CMP     CX,AX
AX=0010 BX=0001 CX=0010 DX=08D8 SP=08D0 BP=0AE6 SI=0BE4 DI=08E8
DS=0F18 ES=0F18 SS=0F18 CS=0E06 IP=0FA4 NV UP EI PL ZR NA PE NC
0E06:0FA4 7706              JA      0FAC
AX=0010 BX=0001 CX=0010 DX=08D8 SP=08D0 BP=0AE6 SI=0BE4 DI=08E8
DS=0F18 ES=0F18 SS=0F18 CS=0E06 IP=0FA6 NV UP EI PL ZR NA PE NC
0E06:0FA6 59                POP     CX
AX=0010 BX=0001 CX=0000 DX=08D8 SP=08D2 BP=0AE6 SI=0BE4 DI=08E8
DS=0F18 ES=0F18 SS=0F18 CS=0E06 IP=0FA7 NV UP EI PL ZR NA PE NC
0E06:0FA7 5B                POP     BX
AX=0010 BX=0AD8 CX=0000 DX=08D8 SP=08D4 BP=0AE6 SI=0BE4 DI=08E8
DS=0F18 ES=0F18 SS=0F18 CS=0E06 IP=0FA8 NV UP EI PL ZR NA PE NC
0E06:0FA8 58                POP     AX
AX=060A BX=0AD8 CX=0000 DX=08D8 SP=08D6 BP=0AE6 SI=0BE4 DI=08E8
DS=0F18 ES=0F18 SS=0F18 CS=0E06 IP=0FA9 NV UP EI PL ZR NA PE NC
0E06:0FA9 8BFA              MOV     DI,DX
AX=060A BX=0AD8 CX=0000 DX=08D8 SP=08D6 BP=0AE6 SI=0BE4 DI=08D8
DS=0F18 ES=0F18 SS=0F18 CS=0E06 IP=0FAB NV UP EI PL ZR NA PE NC
0E06:0FAB C3                RET
AX=060A BX=0AD8 CX=0000 DX=08D8 SP=08D8 BP=0AE6 SI=0BE4 DI=08D8
DS=0F18 ES=0F18 SS=0F18 CS=0E06 IP=0F69 NV UP EI PL ZR NA PE NC
0E06:0F69 EB6A              JMP     0FD5
AX=060A BX=0AD8 CX=0000 DX=08D8 SP=08D8 BP=0AE6 SI=0BE4 DI=08D8
DS=0F18 ES=0F18 SS=0F18 CS=0E06 IP=0FD5 NV UP EI PL ZR NA PE NC
0E06:0FD5 8B46FE            MOV     AX,[BP-02]                     SS:0AE4=0010
AX=0010 BX=0AD8 CX=0000 DX=08D8 SP=08D8 BP=0AE6 SI=0BE4 DI=08D8
DS=0F18 ES=0F18 SS=0F18 CS=0E06 IP=0FD8 NV UP EI PL ZR NA PE NC
0E06:0FD8 2B46FC            SUB     AX,[BP-04]                     SS:0AE2=0002
AX=000E BX=0AD8 CX=0000 DX=08D8 SP=08D8 BP=0AE6 SI=0BE4 DI=08D8
DS=0F18 ES=0F18 SS=0F18 CS=0E06 IP=0FDB NV UP EI PL NZ AC PO NC
0E06:0FDB 8B66F8            MOV     SP,[BP-08]                     SS:0ADE=0ADA
AX=000E BX=0AD8 CX=0000 DX=08D8 SP=0ADA BP=0AE6 SI=0BE4 DI=08D8
DS=0F18 ES=0F18 SS=0F18 CS=0E06 IP=0FDE NV UP EI PL NZ AC PO NC
0E06:0FDE 5E                POP     SI
AX=000E BX=0AD8 CX=0000 DX=08D8 SP=0ADC BP=0AE6 SI=00F0 DI=08D8
DS=0F18 ES=0F18 SS=0F18 CS=0E06 IP=0FDF NV UP EI PL NZ AC PO NC
0E06:0FDF 5F                POP     DI
AX=000E BX=0AD8 CX=0000 DX=08D8 SP=0ADE BP=0AE6 SI=00F0 DI=0000
DS=0F18 ES=0F18 SS=0F18 CS=0E06 IP=0FE0 NV UP EI PL NZ AC PO NC
0E06:0FE0 E9E8F5            JMP     05CB
AX=000E BX=0AD8 CX=0000 DX=08D8 SP=0ADE BP=0AE6 SI=00F0 DI=0000
DS=0F18 ES=0F18 SS=0F18 CS=0E06 IP=05CB NV UP EI PL NZ AC PO NC
0E06:05CB 7307              JAE     05D4
AX=000E BX=0AD8 CX=0000 DX=08D8 SP=0ADE BP=0AE6 SI=00F0 DI=0000
DS=0F18 ES=0F18 SS=0F18 CS=0E06 IP=05D4 NV UP EI PL NZ AC PO NC
0E06:05D4 8BE5              MOV     SP,BP
AX=000E BX=0AD8 CX=0000 DX=08D8 SP=0AE6 BP=0AE6 SI=00F0 DI=0000
DS=0F18 ES=0F18 SS=0F18 CS=0E06 IP=05D6 NV UP EI PL NZ AC PO NC
0E06:05D6 5D                POP     BP
AX=000E BX=0AD8 CX=0000 DX=08D8 SP=0AE8 BP=0AF6 SI=00F0 DI=0000
DS=0F18 ES=0F18 SS=0F18 CS=0E06 IP=05D7 NV UP EI PL NZ AC PO NC
0E06:05D7 C3                RET
AX=000E BX=0AD8 CX=0000 DX=08D8 SP=0AEA BP=0AF6 SI=00F0 DI=0000
DS=0F18 ES=0F18 SS=0F18 CS=0E06 IP=0A69 NV UP EI PL NZ AC PO NC
0E06:0A69 83C406            ADD     SP,+06
AX=000E BX=0AD8 CX=0000 DX=08D8 SP=0AF0 BP=0AF6 SI=00F0 DI=0000
DS=0F18 ES=0F18 SS=0F18 CS=0E06 IP=0A6C NV UP EI PL NZ AC PE NC
0E06:0A6C 3B46FE            CMP     AX,[BP-02]                     SS:0AF4=000E
AX=000E BX=0AD8 CX=0000 DX=08D8 SP=0AF0 BP=0AF6 SI=00F0 DI=0000
DS=0F18 ES=0F18 SS=0F18 CS=0E06 IP=0A6F NV UP EI PL ZR NA PE NC
0E06:0A6F 750D              JNZ     0A7E
AX=000E BX=0AD8 CX=0000 DX=08D8 SP=0AF0 BP=0AF6 SI=00F0 DI=0000
DS=0F18 ES=0F18 SS=0F18 CS=0E06 IP=0A71 NV UP EI PL ZR NA PE NC
0E06:0A71 F6440680          TEST    BYTE PTR [SI+06],80              DS:00F6=02
AX=000E BX=0AD8 CX=0000 DX=08D8 SP=0AF0 BP=0AF6 SI=00F0 DI=0000
DS=0F18 ES=0F18 SS=0F18 CS=0E06 IP=0A75 NV UP EI PL ZR NA PE NC
0E06:0A75 740E              JZ      0A85
AX=000E BX=0AD8 CX=0000 DX=08D8 SP=0AF0 BP=0AF6 SI=00F0 DI=0000
DS=0F18 ES=0F18 SS=0F18 CS=0E06 IP=0A85 NV UP EI PL ZR NA PE NC
0E06:0A85 8B4404            MOV     AX,[SI+04]                     DS:00F4=0BD6
AX=0BD6 BX=0AD8 CX=0000 DX=08D8 SP=0AF0 BP=0AF6 SI=00F0 DI=0000
DS=0F18 ES=0F18 SS=0F18 CS=0E06 IP=0A88 NV UP EI PL ZR NA PE NC
0E06:0A88 8904              MOV     [SI],AX                        DS:00F0=0BE4
AX=0BD6 BX=0AD8 CX=0000 DX=08D8 SP=0AF0 BP=0AF6 SI=00F0 DI=0000
DS=0F18 ES=0F18 SS=0F18 CS=0E06 IP=0A8A NV UP EI PL ZR NA PE NC
0E06:0A8A C744020000        MOV     WORD PTR [SI+02],0000          DS:00F2=01F2
AX=0BD6 BX=0AD8 CX=0000 DX=08D8 SP=0AF0 BP=0AF6 SI=00F0 DI=0000
DS=0F18 ES=0F18 SS=0F18 CS=0E06 IP=0A8F NV UP EI PL ZR NA PE NC
0E06:0A8F 8BC7              MOV     AX,DI
AX=0000 BX=0AD8 CX=0000 DX=08D8 SP=0AF0 BP=0AF6 SI=00F0 DI=0000
DS=0F18 ES=0F18 SS=0F18 CS=0E06 IP=0A91 NV UP EI PL ZR NA PE NC
0E06:0A91 5E                POP     SI
AX=0000 BX=0AD8 CX=0000 DX=08D8 SP=0AF2 BP=0AF6 SI=00F0 DI=0000
DS=0F18 ES=0F18 SS=0F18 CS=0E06 IP=0A92 NV UP EI PL ZR NA PE NC
0E06:0A92 5F                POP     DI
AX=0000 BX=0AD8 CX=0000 DX=08D8 SP=0AF4 BP=0AF6 SI=00F0 DI=0001
DS=0F18 ES=0F18 SS=0F18 CS=0E06 IP=0A93 NV UP EI PL ZR NA PE NC
0E06:0A93 8BE5              MOV     SP,BP
AX=0000 BX=0AD8 CX=0000 DX=08D8 SP=0AF6 BP=0AF6 SI=00F0 DI=0001
DS=0F18 ES=0F18 SS=0F18 CS=0E06 IP=0A95 NV UP EI PL ZR NA PE NC
0E06:0A95 5D                POP     BP
AX=0000 BX=0AD8 CX=0000 DX=08D8 SP=0AF8 BP=0AFE SI=00F0 DI=0001
DS=0F18 ES=0F18 SS=0F18 CS=0E06 IP=0A96 NV UP EI PL ZR NA PE NC
0E06:0A96 C3                RET
AX=0000 BX=0AD8 CX=0000 DX=08D8 SP=0AFA BP=0AFE SI=00F0 DI=0001
DS=0F18 ES=0F18 SS=0F18 CS=0E06 IP=09EC NV UP EI PL ZR NA PE NC
0E06:09EC 83C402            ADD     SP,+02
AX=0000 BX=0AD8 CX=0000 DX=08D8 SP=0AFC BP=0AFE SI=00F0 DI=0001
DS=0F18 ES=0F18 SS=0F18 CS=0E06 IP=09EF NV UP EI PL NZ NA PE NC
0E06:09EF 0BC0              OR      AX,AX
AX=0000 BX=0AD8 CX=0000 DX=08D8 SP=0AFC BP=0AFE SI=00F0 DI=0001
DS=0F18 ES=0F18 SS=0F18 CS=0E06 IP=09F1 NV UP EI PL ZR NA PE NC
0E06:09F1 7405              JZ      09F8
AX=0000 BX=0AD8 CX=0000 DX=08D8 SP=0AFC BP=0AFE SI=00F0 DI=0001
DS=0F18 ES=0F18 SS=0F18 CS=0E06 IP=09F8 NV UP EI PL ZR NA PE NC
0E06:09F8 8B7604            MOV     SI,[BP+04]                     SS:0B02=00F0
AX=0000 BX=0AD8 CX=0000 DX=08D8 SP=0AFC BP=0AFE SI=00F0 DI=0001
DS=0F18 ES=0F18 SS=0F18 CS=0E06 IP=09FB NV UP EI PL ZR NA PE NC
0E06:09FB 81EEE800          SUB     SI,00E8
AX=0000 BX=0AD8 CX=0000 DX=08D8 SP=0AFC BP=0AFE SI=0008 DI=0001
DS=0F18 ES=0F18 SS=0F18 CS=0E06 IP=09FF NV UP EI PL NZ AC PO NC
0E06:09FF 81C68801          ADD     SI,0188
AX=0000 BX=0AD8 CX=0000 DX=08D8 SP=0AFC BP=0AFE SI=0190 DI=0001
DS=0F18 ES=0F18 SS=0F18 CS=0E06 IP=0A03 NV UP EI PL NZ AC PE NC
0E06:0A03 F60440            TEST    BYTE PTR [SI],40                 DS:0190=11
AX=0000 BX=0AD8 CX=0000 DX=08D8 SP=0AFC BP=0AFE SI=0190 DI=0001
DS=0F18 ES=0F18 SS=0F18 CS=0E06 IP=0A06 NV UP EI PL ZR NA PE NC
0E06:0A06 7415              JZ      0A1D
AX=0000 BX=0AD8 CX=0000 DX=08D8 SP=0AFC BP=0AFE SI=0190 DI=0001
DS=0F18 ES=0F18 SS=0F18 CS=0E06 IP=0A1D NV UP EI PL ZR NA PE NC
0E06:0A1D 5E                POP     SI
AX=0000 BX=0AD8 CX=0000 DX=08D8 SP=0AFE BP=0AFE SI=00F0 DI=0001
DS=0F18 ES=0F18 SS=0F18 CS=0E06 IP=0A1E NV UP EI PL ZR NA PE NC
0E06:0A1E 8BE5              MOV     SP,BP
AX=0000 BX=0AD8 CX=0000 DX=08D8 SP=0AFE BP=0AFE SI=00F0 DI=0001
DS=0F18 ES=0F18 SS=0F18 CS=0E06 IP=0A20 NV UP EI PL ZR NA PE NC
0E06:0A20 5D                POP     BP
AX=0000 BX=0AD8 CX=0000 DX=08D8 SP=0B00 BP=0B0A SI=00F0 DI=0001
DS=0F18 ES=0F18 SS=0F18 CS=0E06 IP=0A21 NV UP EI PL ZR NA PE NC
0E06:0A21 C3                RET
AX=0000 BX=0AD8 CX=0000 DX=08D8 SP=0B02 BP=0B0A SI=00F0 DI=0001
DS=0F18 ES=0F18 SS=0F18 CS=0E06 IP=0AE6 NV UP EI PL ZR NA PE NC
0E06:0AE6 83C402            ADD     SP,+02
AX=0000 BX=0AD8 CX=0000 DX=08D8 SP=0B04 BP=0B0A SI=00F0 DI=0001
DS=0F18 ES=0F18 SS=0F18 CS=0E06 IP=0AE9 NV UP EI PL NZ NA PO NC
0E06:0AE9 40                INC     AX
AX=0001 BX=0AD8 CX=0000 DX=08D8 SP=0B04 BP=0B0A SI=00F0 DI=0001
DS=0F18 ES=0F18 SS=0F18 CS=0E06 IP=0AEA NV UP EI PL NZ NA PO NC
0E06:0AEA 74E1              JZ      0ACD
AX=0001 BX=0AD8 CX=0000 DX=08D8 SP=0B04 BP=0B0A SI=00F0 DI=0001
DS=0F18 ES=0F18 SS=0F18 CS=0E06 IP=0AEC NV UP EI PL NZ NA PO NC
0E06:0AEC 47                INC     DI
AX=0001 BX=0AD8 CX=0000 DX=08D8 SP=0B04 BP=0B0A SI=00F0 DI=0002
DS=0F18 ES=0F18 SS=0F18 CS=0E06 IP=0AED NV UP EI PL NZ NA PO NC
0E06:0AED EBDE              JMP     0ACD
AX=0001 BX=0AD8 CX=0000 DX=08D8 SP=0B04 BP=0B0A SI=00F0 DI=0002
DS=0F18 ES=0F18 SS=0F18 CS=0E06 IP=0ACD NV UP EI PL NZ NA PO NC
0E06:0ACD 83C608            ADD     SI,+08
AX=0001 BX=0AD8 CX=0000 DX=08D8 SP=0B04 BP=0B0A SI=00F8 DI=0002
DS=0F18 ES=0F18 SS=0F18 CS=0E06 IP=0AD0 NV UP EI PL NZ NA PO NC
0E06:0AD0 39362802          CMP     [0228],SI                      DS:0228=0180
AX=0001 BX=0AD8 CX=0000 DX=08D8 SP=0B04 BP=0B0A SI=00F8 DI=0002
DS=0F18 ES=0F18 SS=0F18 CS=0E06 IP=0AD4 NV UP EI PL NZ AC PE NC
0E06:0AD4 721A              JB      0AF0
AX=0001 BX=0AD8 CX=0000 DX=08D8 SP=0B04 BP=0B0A SI=00F8 DI=0002
DS=0F18 ES=0F18 SS=0F18 CS=0E06 IP=0AD6 NV UP EI PL NZ AC PE NC
0E06:0AD6 837E0401          CMP     WORD PTR [BP+04],+01           SS:0B0E=0001
AX=0001 BX=0AD8 CX=0000 DX=08D8 SP=0B04 BP=0B0A SI=00F8 DI=0002
DS=0F18 ES=0F18 SS=0F18 CS=0E06 IP=0ADA NV UP EI PL ZR NA PE NC
0E06:0ADA 75D6              JNZ     0AB2
AX=0001 BX=0AD8 CX=0000 DX=08D8 SP=0B04 BP=0B0A SI=00F8 DI=0002
DS=0F18 ES=0F18 SS=0F18 CS=0E06 IP=0ADC NV UP EI PL ZR NA PE NC
0E06:0ADC F6440683          TEST    BYTE PTR [SI+06],83              DS:00FE=02
AX=0001 BX=0AD8 CX=0000 DX=08D8 SP=0B04 BP=0B0A SI=00F8 DI=0002
DS=0F18 ES=0F18 SS=0F18 CS=0E06 IP=0AE0 NV UP EI PL NZ NA PO NC
0E06:0AE0 74D0              JZ      0AB2
AX=0001 BX=0AD8 CX=0000 DX=08D8 SP=0B04 BP=0B0A SI=00F8 DI=0002
DS=0F18 ES=0F18 SS=0F18 CS=0E06 IP=0AE2 NV UP EI PL NZ NA PO NC
0E06:0AE2 56                PUSH    SI
AX=0001 BX=0AD8 CX=0000 DX=08D8 SP=0B02 BP=0B0A SI=00F8 DI=0002
DS=0F18 ES=0F18 SS=0F18 CS=0E06 IP=0AE3 NV UP EI PL NZ NA PO NC
0E06:0AE3 E8EEFE            CALL    09D4
AX=0001 BX=0AD8 CX=0000 DX=08D8 SP=0B00 BP=0B0A SI=00F8 DI=0002
DS=0F18 ES=0F18 SS=0F18 CS=0E06 IP=09D4 NV UP EI PL NZ NA PO NC
0E06:09D4 55                PUSH    BP
AX=0001 BX=0AD8 CX=0000 DX=08D8 SP=0AFE BP=0B0A SI=00F8 DI=0002
DS=0F18 ES=0F18 SS=0F18 CS=0E06 IP=09D5 NV UP EI PL NZ NA PO NC
0E06:09D5 8BEC              MOV     BP,SP
AX=0001 BX=0AD8 CX=0000 DX=08D8 SP=0AFE BP=0AFE SI=00F8 DI=0002
DS=0F18 ES=0F18 SS=0F18 CS=0E06 IP=09D7 NV UP EI PL NZ NA PO NC
0E06:09D7 56                PUSH    SI
AX=0001 BX=0AD8 CX=0000 DX=08D8 SP=0AFC BP=0AFE SI=00F8 DI=0002
DS=0F18 ES=0F18 SS=0F18 CS=0E06 IP=09D8 NV UP EI PL NZ NA PO NC
0E06:09D8 837E0400          CMP     WORD PTR [BP+04],+00           SS:0B02=00F8
AX=0001 BX=0AD8 CX=0000 DX=08D8 SP=0AFC BP=0AFE SI=00F8 DI=0002
DS=0F18 ES=0F18 SS=0F18 CS=0E06 IP=09DC NV UP EI PL NZ NA PO NC
0E06:09DC 7508              JNZ     09E6
AX=0001 BX=0AD8 CX=0000 DX=08D8 SP=0AFC BP=0AFE SI=00F8 DI=0002
DS=0F18 ES=0F18 SS=0F18 CS=0E06 IP=09E6 NV UP EI PL NZ NA PO NC
0E06:09E6 FF7604            PUSH    WORD PTR [BP+04]               SS:0B02=00F8
AX=0001 BX=0AD8 CX=0000 DX=08D8 SP=0AFA BP=0AFE SI=00F8 DI=0002
DS=0F18 ES=0F18 SS=0F18 CS=0E06 IP=09E9 NV UP EI PL NZ NA PO NC
0E06:09E9 E83600            CALL    0A22
AX=0001 BX=0AD8 CX=0000 DX=08D8 SP=0AF8 BP=0AFE SI=00F8 DI=0002
DS=0F18 ES=0F18 SS=0F18 CS=0E06 IP=0A22 NV UP EI PL NZ NA PO NC
0E06:0A22 55                PUSH    BP
AX=0001 BX=0AD8 CX=0000 DX=08D8 SP=0AF6 BP=0AFE SI=00F8 DI=0002
DS=0F18 ES=0F18 SS=0F18 CS=0E06 IP=0A23 NV UP EI PL NZ NA PO NC
0E06:0A23 8BEC              MOV     BP,SP
AX=0001 BX=0AD8 CX=0000 DX=08D8 SP=0AF6 BP=0AF6 SI=00F8 DI=0002
DS=0F18 ES=0F18 SS=0F18 CS=0E06 IP=0A25 NV UP EI PL NZ NA PO NC
0E06:0A25 83EC02            SUB     SP,+02
AX=0001 BX=0AD8 CX=0000 DX=08D8 SP=0AF4 BP=0AF6 SI=00F8 DI=0002
DS=0F18 ES=0F18 SS=0F18 CS=0E06 IP=0A28 NV UP EI PL NZ NA PO NC
0E06:0A28 57                PUSH    DI
AX=0001 BX=0AD8 CX=0000 DX=08D8 SP=0AF2 BP=0AF6 SI=00F8 DI=0002
DS=0F18 ES=0F18 SS=0F18 CS=0E06 IP=0A29 NV UP EI PL NZ NA PO NC
0E06:0A29 56                PUSH    SI
AX=0001 BX=0AD8 CX=0000 DX=08D8 SP=0AF0 BP=0AF6 SI=00F8 DI=0002
DS=0F18 ES=0F18 SS=0F18 CS=0E06 IP=0A2A NV UP EI PL NZ NA PO NC
0E06:0A2A 33FF              XOR     DI,DI
AX=0001 BX=0AD8 CX=0000 DX=08D8 SP=0AF0 BP=0AF6 SI=00F8 DI=0000
DS=0F18 ES=0F18 SS=0F18 CS=0E06 IP=0A2C NV UP EI PL ZR NA PE NC
0E06:0A2C 8B4604            MOV     AX,[BP+04]                     SS:0AFA=00F8
AX=00F8 BX=0AD8 CX=0000 DX=08D8 SP=0AF0 BP=0AF6 SI=00F8 DI=0000
DS=0F18 ES=0F18 SS=0F18 CS=0E06 IP=0A2F NV UP EI PL ZR NA PE NC
0E06:0A2F 8BD8              MOV     BX,AX
AX=00F8 BX=00F8 CX=0000 DX=08D8 SP=0AF0 BP=0AF6 SI=00F8 DI=0000
DS=0F18 ES=0F18 SS=0F18 CS=0E06 IP=0A31 NV UP EI PL ZR NA PE NC
0E06:0A31 8BF0              MOV     SI,AX
AX=00F8 BX=00F8 CX=0000 DX=08D8 SP=0AF0 BP=0AF6 SI=00F8 DI=0000
DS=0F18 ES=0F18 SS=0F18 CS=0E06 IP=0A33 NV UP EI PL ZR NA PE NC
0E06:0A33 8A4F06            MOV     CL,[BX+06]                       DS:00FE=02
AX=00F8 BX=00F8 CX=0002 DX=08D8 SP=0AF0 BP=0AF6 SI=00F8 DI=0000
DS=0F18 ES=0F18 SS=0F18 CS=0E06 IP=0A36 NV UP EI PL ZR NA PE NC
0E06:0A36 8BD1              MOV     DX,CX
AX=00F8 BX=00F8 CX=0002 DX=0002 SP=0AF0 BP=0AF6 SI=00F8 DI=0000
DS=0F18 ES=0F18 SS=0F18 CS=0E06 IP=0A38 NV UP EI PL ZR NA PE NC
0E06:0A38 80E103            AND     CL,03
AX=00F8 BX=00F8 CX=0002 DX=0002 SP=0AF0 BP=0AF6 SI=00F8 DI=0000
DS=0F18 ES=0F18 SS=0F18 CS=0E06 IP=0A3B NV UP EI PL NZ NA PO NC
0E06:0A3B 80F902            CMP     CL,02
AX=00F8 BX=00F8 CX=0002 DX=0002 SP=0AF0 BP=0AF6 SI=00F8 DI=0000
DS=0F18 ES=0F18 SS=0F18 CS=0E06 IP=0A3E NV UP EI PL ZR NA PE NC
0E06:0A3E 7545              JNZ     0A85
AX=00F8 BX=00F8 CX=0002 DX=0002 SP=0AF0 BP=0AF6 SI=00F8 DI=0000
DS=0F18 ES=0F18 SS=0F18 CS=0E06 IP=0A40 NV UP EI PL ZR NA PE NC
0E06:0A40 F6C208            TEST    DL,08
AX=00F8 BX=00F8 CX=0002 DX=0002 SP=0AF0 BP=0AF6 SI=00F8 DI=0000
DS=0F18 ES=0F18 SS=0F18 CS=0E06 IP=0A43 NV UP EI PL ZR NA PE NC
0E06:0A43 750B              JNZ     0A50
AX=00F8 BX=00F8 CX=0002 DX=0002 SP=0AF0 BP=0AF6 SI=00F8 DI=0000
DS=0F18 ES=0F18 SS=0F18 CS=0E06 IP=0A45 NV UP EI PL ZR NA PE NC
0E06:0A45 81EBE800          SUB     BX,00E8
AX=00F8 BX=0010 CX=0002 DX=0002 SP=0AF0 BP=0AF6 SI=00F8 DI=0000
DS=0F18 ES=0F18 SS=0F18 CS=0E06 IP=0A49 NV UP EI PL NZ NA PO NC
0E06:0A49 F687880101        TEST    BYTE PTR [BX+0188],01            DS:0198=00
AX=00F8 BX=0010 CX=0002 DX=0002 SP=0AF0 BP=0AF6 SI=00F8 DI=0000
DS=0F18 ES=0F18 SS=0F18 CS=0E06 IP=0A4E NV UP EI PL ZR NA PE NC
0E06:0A4E 7435              JZ      0A85
AX=00F8 BX=0010 CX=0002 DX=0002 SP=0AF0 BP=0AF6 SI=00F8 DI=0000
DS=0F18 ES=0F18 SS=0F18 CS=0E06 IP=0A85 NV UP EI PL ZR NA PE NC
0E06:0A85 8B4404            MOV     AX,[SI+04]                     DS:00FC=0000
AX=0000 BX=0010 CX=0002 DX=0002 SP=0AF0 BP=0AF6 SI=00F8 DI=0000
DS=0F18 ES=0F18 SS=0F18 CS=0E06 IP=0A88 NV UP EI PL ZR NA PE NC
0E06:0A88 8904              MOV     [SI],AX                        DS:00F8=0000
AX=0000 BX=0010 CX=0002 DX=0002 SP=0AF0 BP=0AF6 SI=00F8 DI=0000
DS=0F18 ES=0F18 SS=0F18 CS=0E06 IP=0A8A NV UP EI PL ZR NA PE NC
0E06:0A8A C744020000        MOV     WORD PTR [SI+02],0000          DS:00FA=0000
AX=0000 BX=0010 CX=0002 DX=0002 SP=0AF0 BP=0AF6 SI=00F8 DI=0000
DS=0F18 ES=0F18 SS=0F18 CS=0E06 IP=0A8F NV UP EI PL ZR NA PE NC
0E06:0A8F 8BC7              MOV     AX,DI
AX=0000 BX=0010 CX=0002 DX=0002 SP=0AF0 BP=0AF6 SI=00F8 DI=0000
DS=0F18 ES=0F18 SS=0F18 CS=0E06 IP=0A91 NV UP EI PL ZR NA PE NC
0E06:0A91 5E                POP     SI
AX=0000 BX=0010 CX=0002 DX=0002 SP=0AF2 BP=0AF6 SI=00F8 DI=0000
DS=0F18 ES=0F18 SS=0F18 CS=0E06 IP=0A92 NV UP EI PL ZR NA PE NC
0E06:0A92 5F                POP     DI
AX=0000 BX=0010 CX=0002 DX=0002 SP=0AF4 BP=0AF6 SI=00F8 DI=0002
DS=0F18 ES=0F18 SS=0F18 CS=0E06 IP=0A93 NV UP EI PL ZR NA PE NC
0E06:0A93 8BE5              MOV     SP,BP
AX=0000 BX=0010 CX=0002 DX=0002 SP=0AF6 BP=0AF6 SI=00F8 DI=0002
DS=0F18 ES=0F18 SS=0F18 CS=0E06 IP=0A95 NV UP EI PL ZR NA PE NC
0E06:0A95 5D                POP     BP
AX=0000 BX=0010 CX=0002 DX=0002 SP=0AF8 BP=0AFE SI=00F8 DI=0002
DS=0F18 ES=0F18 SS=0F18 CS=0E06 IP=0A96 NV UP EI PL ZR NA PE NC
0E06:0A96 C3                RET
AX=0000 BX=0010 CX=0002 DX=0002 SP=0AFA BP=0AFE SI=00F8 DI=0002
DS=0F18 ES=0F18 SS=0F18 CS=0E06 IP=09EC NV UP EI PL ZR NA PE NC
0E06:09EC 83C402            ADD     SP,+02
AX=0000 BX=0010 CX=0002 DX=0002 SP=0AFC BP=0AFE SI=00F8 DI=0002
DS=0F18 ES=0F18 SS=0F18 CS=0E06 IP=09EF NV UP EI PL NZ NA PE NC
0E06:09EF 0BC0              OR      AX,AX
AX=0000 BX=0010 CX=0002 DX=0002 SP=0AFC BP=0AFE SI=00F8 DI=0002
DS=0F18 ES=0F18 SS=0F18 CS=0E06 IP=09F1 NV UP EI PL ZR NA PE NC
0E06:09F1 7405              JZ      09F8
AX=0000 BX=0010 CX=0002 DX=0002 SP=0AFC BP=0AFE SI=00F8 DI=0002
DS=0F18 ES=0F18 SS=0F18 CS=0E06 IP=09F8 NV UP EI PL ZR NA PE NC
0E06:09F8 8B7604            MOV     SI,[BP+04]                     SS:0B02=00F8
AX=0000 BX=0010 CX=0002 DX=0002 SP=0AFC BP=0AFE SI=00F8 DI=0002
DS=0F18 ES=0F18 SS=0F18 CS=0E06 IP=09FB NV UP EI PL ZR NA PE NC
0E06:09FB 81EEE800          SUB     SI,00E8
AX=0000 BX=0010 CX=0002 DX=0002 SP=0AFC BP=0AFE SI=0010 DI=0002
DS=0F18 ES=0F18 SS=0F18 CS=0E06 IP=09FF NV UP EI PL NZ NA PO NC
0E06:09FF 81C68801          ADD     SI,0188
AX=0000 BX=0010 CX=0002 DX=0002 SP=0AFC BP=0AFE SI=0198 DI=0002
DS=0F18 ES=0F18 SS=0F18 CS=0E06 IP=0A03 NV UP EI PL NZ NA PO NC
0E06:0A03 F60440            TEST    BYTE PTR [SI],40                 DS:0198=00
AX=0000 BX=0010 CX=0002 DX=0002 SP=0AFC BP=0AFE SI=0198 DI=0002
DS=0F18 ES=0F18 SS=0F18 CS=0E06 IP=0A06 NV UP EI PL ZR NA PE NC
0E06:0A06 7415              JZ      0A1D
AX=0000 BX=0010 CX=0002 DX=0002 SP=0AFC BP=0AFE SI=0198 DI=0002
DS=0F18 ES=0F18 SS=0F18 CS=0E06 IP=0A1D NV UP EI PL ZR NA PE NC
0E06:0A1D 5E                POP     SI
AX=0000 BX=0010 CX=0002 DX=0002 SP=0AFE BP=0AFE SI=00F8 DI=0002
DS=0F18 ES=0F18 SS=0F18 CS=0E06 IP=0A1E NV UP EI PL ZR NA PE NC
0E06:0A1E 8BE5              MOV     SP,BP
AX=0000 BX=0010 CX=0002 DX=0002 SP=0AFE BP=0AFE SI=00F8 DI=0002
DS=0F18 ES=0F18 SS=0F18 CS=0E06 IP=0A20 NV UP EI PL ZR NA PE NC
0E06:0A20 5D                POP     BP
AX=0000 BX=0010 CX=0002 DX=0002 SP=0B00 BP=0B0A SI=00F8 DI=0002
DS=0F18 ES=0F18 SS=0F18 CS=0E06 IP=0A21 NV UP EI PL ZR NA PE NC
0E06:0A21 C3                RET
AX=0000 BX=0010 CX=0002 DX=0002 SP=0B02 BP=0B0A SI=00F8 DI=0002
DS=0F18 ES=0F18 SS=0F18 CS=0E06 IP=0AE6 NV UP EI PL ZR NA PE NC
0E06:0AE6 83C402            ADD     SP,+02
AX=0000 BX=0010 CX=0002 DX=0002 SP=0B04 BP=0B0A SI=00F8 DI=0002
DS=0F18 ES=0F18 SS=0F18 CS=0E06 IP=0AE9 NV UP EI PL NZ NA PO NC
0E06:0AE9 40                INC     AX
AX=0001 BX=0010 CX=0002 DX=0002 SP=0B04 BP=0B0A SI=00F8 DI=0002
DS=0F18 ES=0F18 SS=0F18 CS=0E06 IP=0AEA NV UP EI PL NZ NA PO NC
0E06:0AEA 74E1              JZ      0ACD
AX=0001 BX=0010 CX=0002 DX=0002 SP=0B04 BP=0B0A SI=00F8 DI=0002
DS=0F18 ES=0F18 SS=0F18 CS=0E06 IP=0AEC NV UP EI PL NZ NA PO NC
0E06:0AEC 47                INC     DI
AX=0001 BX=0010 CX=0002 DX=0002 SP=0B04 BP=0B0A SI=00F8 DI=0003
DS=0F18 ES=0F18 SS=0F18 CS=0E06 IP=0AED NV UP EI PL NZ NA PE NC
0E06:0AED EBDE              JMP     0ACD
AX=0001 BX=0010 CX=0002 DX=0002 SP=0B04 BP=0B0A SI=00F8 DI=0003
DS=0F18 ES=0F18 SS=0F18 CS=0E06 IP=0ACD NV UP EI PL NZ NA PE NC
0E06:0ACD 83C608            ADD     SI,+08
AX=0001 BX=0010 CX=0002 DX=0002 SP=0B04 BP=0B0A SI=0100 DI=0003
DS=0F18 ES=0F18 SS=0F18 CS=0E06 IP=0AD0 NV UP EI PL NZ AC PE NC
0E06:0AD0 39362802          CMP     [0228],SI                      DS:0228=0180
AX=0001 BX=0010 CX=0002 DX=0002 SP=0B04 BP=0B0A SI=0100 DI=0003
DS=0F18 ES=0F18 SS=0F18 CS=0E06 IP=0AD4 NV UP EI PL NZ NA PO NC
0E06:0AD4 721A              JB      0AF0
AX=0001 BX=0010 CX=0002 DX=0002 SP=0B04 BP=0B0A SI=0100 DI=0003
DS=0F18 ES=0F18 SS=0F18 CS=0E06 IP=0AD6 NV UP EI PL NZ NA PO NC
0E06:0AD6 837E0401          CMP     WORD PTR [BP+04],+01           SS:0B0E=0001
AX=0001 BX=0010 CX=0002 DX=0002 SP=0B04 BP=0B0A SI=0100 DI=0003
DS=0F18 ES=0F18 SS=0F18 CS=0E06 IP=0ADA NV UP EI PL ZR NA PE NC
0E06:0ADA 75D6              JNZ     0AB2
AX=0001 BX=0010 CX=0002 DX=0002 SP=0B04 BP=0B0A SI=0100 DI=0003
DS=0F18 ES=0F18 SS=0F18 CS=0E06 IP=0ADC NV UP EI PL ZR NA PE NC
0E06:0ADC F6440683          TEST    BYTE PTR [SI+06],83              DS:0106=84
AX=0001 BX=0010 CX=0002 DX=0002 SP=0B04 BP=0B0A SI=0100 DI=0003
DS=0F18 ES=0F18 SS=0F18 CS=0E06 IP=0AE0 NV UP EI NG NZ NA PO NC
0E06:0AE0 74D0              JZ      0AB2
AX=0001 BX=0010 CX=0002 DX=0002 SP=0B04 BP=0B0A SI=0100 DI=0003
DS=0F18 ES=0F18 SS=0F18 CS=0E06 IP=0AE2 NV UP EI NG NZ NA PO NC
0E06:0AE2 56                PUSH    SI
AX=0001 BX=0010 CX=0002 DX=0002 SP=0B02 BP=0B0A SI=0100 DI=0003
DS=0F18 ES=0F18 SS=0F18 CS=0E06 IP=0AE3 NV UP EI NG NZ NA PO NC
0E06:0AE3 E8EEFE            CALL    09D4
AX=0001 BX=0010 CX=0002 DX=0002 SP=0B00 BP=0B0A SI=0100 DI=0003
DS=0F18 ES=0F18 SS=0F18 CS=0E06 IP=09D4 NV UP EI NG NZ NA PO NC
0E06:09D4 55                PUSH    BP
AX=0001 BX=0010 CX=0002 DX=0002 SP=0AFE BP=0B0A SI=0100 DI=0003
DS=0F18 ES=0F18 SS=0F18 CS=0E06 IP=09D5 NV UP EI NG NZ NA PO NC
0E06:09D5 8BEC              MOV     BP,SP
AX=0001 BX=0010 CX=0002 DX=0002 SP=0AFE BP=0AFE SI=0100 DI=0003
DS=0F18 ES=0F18 SS=0F18 CS=0E06 IP=09D7 NV UP EI NG NZ NA PO NC
0E06:09D7 56                PUSH    SI
AX=0001 BX=0010 CX=0002 DX=0002 SP=0AFC BP=0AFE SI=0100 DI=0003
DS=0F18 ES=0F18 SS=0F18 CS=0E06 IP=09D8 NV UP EI NG NZ NA PO NC
0E06:09D8 837E0400          CMP     WORD PTR [BP+04],+00           SS:0B02=0100
AX=0001 BX=0010 CX=0002 DX=0002 SP=0AFC BP=0AFE SI=0100 DI=0003
DS=0F18 ES=0F18 SS=0F18 CS=0E06 IP=09DC NV UP EI PL NZ NA PE NC
0E06:09DC 7508              JNZ     09E6
AX=0001 BX=0010 CX=0002 DX=0002 SP=0AFC BP=0AFE SI=0100 DI=0003
DS=0F18 ES=0F18 SS=0F18 CS=0E06 IP=09E6 NV UP EI PL NZ NA PE NC
0E06:09E6 FF7604            PUSH    WORD PTR [BP+04]               SS:0B02=0100
AX=0001 BX=0010 CX=0002 DX=0002 SP=0AFA BP=0AFE SI=0100 DI=0003
DS=0F18 ES=0F18 SS=0F18 CS=0E06 IP=09E9 NV UP EI PL NZ NA PE NC
0E06:09E9 E83600            CALL    0A22
AX=0001 BX=0010 CX=0002 DX=0002 SP=0AF8 BP=0AFE SI=0100 DI=0003
DS=0F18 ES=0F18 SS=0F18 CS=0E06 IP=0A22 NV UP EI PL NZ NA PE NC
0E06:0A22 55                PUSH    BP
AX=0001 BX=0010 CX=0002 DX=0002 SP=0AF6 BP=0AFE SI=0100 DI=0003
DS=0F18 ES=0F18 SS=0F18 CS=0E06 IP=0A23 NV UP EI PL NZ NA PE NC
0E06:0A23 8BEC              MOV     BP,SP
AX=0001 BX=0010 CX=0002 DX=0002 SP=0AF6 BP=0AF6 SI=0100 DI=0003
DS=0F18 ES=0F18 SS=0F18 CS=0E06 IP=0A25 NV UP EI PL NZ NA PE NC
0E06:0A25 83EC02            SUB     SP,+02
AX=0001 BX=0010 CX=0002 DX=0002 SP=0AF4 BP=0AF6 SI=0100 DI=0003
DS=0F18 ES=0F18 SS=0F18 CS=0E06 IP=0A28 NV UP EI PL NZ NA PO NC
0E06:0A28 57                PUSH    DI
AX=0001 BX=0010 CX=0002 DX=0002 SP=0AF2 BP=0AF6 SI=0100 DI=0003
DS=0F18 ES=0F18 SS=0F18 CS=0E06 IP=0A29 NV UP EI PL NZ NA PO NC
0E06:0A29 56                PUSH    SI
AX=0001 BX=0010 CX=0002 DX=0002 SP=0AF0 BP=0AF6 SI=0100 DI=0003
DS=0F18 ES=0F18 SS=0F18 CS=0E06 IP=0A2A NV UP EI PL NZ NA PO NC
0E06:0A2A 33FF              XOR     DI,DI
AX=0001 BX=0010 CX=0002 DX=0002 SP=0AF0 BP=0AF6 SI=0100 DI=0000
DS=0F18 ES=0F18 SS=0F18 CS=0E06 IP=0A2C NV UP EI PL ZR NA PE NC
0E06:0A2C 8B4604            MOV     AX,[BP+04]                     SS:0AFA=0100
AX=0100 BX=0010 CX=0002 DX=0002 SP=0AF0 BP=0AF6 SI=0100 DI=0000
DS=0F18 ES=0F18 SS=0F18 CS=0E06 IP=0A2F NV UP EI PL ZR NA PE NC
0E06:0A2F 8BD8              MOV     BX,AX
AX=0100 BX=0100 CX=0002 DX=0002 SP=0AF0 BP=0AF6 SI=0100 DI=0000
DS=0F18 ES=0F18 SS=0F18 CS=0E06 IP=0A31 NV UP EI PL ZR NA PE NC
0E06:0A31 8BF0              MOV     SI,AX
AX=0100 BX=0100 CX=0002 DX=0002 SP=0AF0 BP=0AF6 SI=0100 DI=0000
DS=0F18 ES=0F18 SS=0F18 CS=0E06 IP=0A33 NV UP EI PL ZR NA PE NC
0E06:0A33 8A4F06            MOV     CL,[BX+06]                       DS:0106=84
AX=0100 BX=0100 CX=0084 DX=0002 SP=0AF0 BP=0AF6 SI=0100 DI=0000
DS=0F18 ES=0F18 SS=0F18 CS=0E06 IP=0A36 NV UP EI PL ZR NA PE NC
0E06:0A36 8BD1              MOV     DX,CX
AX=0100 BX=0100 CX=0084 DX=0084 SP=0AF0 BP=0AF6 SI=0100 DI=0000
DS=0F18 ES=0F18 SS=0F18 CS=0E06 IP=0A38 NV UP EI PL ZR NA PE NC
0E06:0A38 80E103            AND     CL,03
AX=0100 BX=0100 CX=0000 DX=0084 SP=0AF0 BP=0AF6 SI=0100 DI=0000
DS=0F18 ES=0F18 SS=0F18 CS=0E06 IP=0A3B NV UP EI PL ZR NA PE NC
0E06:0A3B 80F902            CMP     CL,02
AX=0100 BX=0100 CX=0000 DX=0084 SP=0AF0 BP=0AF6 SI=0100 DI=0000
DS=0F18 ES=0F18 SS=0F18 CS=0E06 IP=0A3E NV UP EI NG NZ AC PO CY
0E06:0A3E 7545              JNZ     0A85
AX=0100 BX=0100 CX=0000 DX=0084 SP=0AF0 BP=0AF6 SI=0100 DI=0000
DS=0F18 ES=0F18 SS=0F18 CS=0E06 IP=0A85 NV UP EI NG NZ AC PO CY
0E06:0A85 8B4404            MOV     AX,[SI+04]                     DS:0104=01A1
AX=01A1 BX=0100 CX=0000 DX=0084 SP=0AF0 BP=0AF6 SI=0100 DI=0000
DS=0F18 ES=0F18 SS=0F18 CS=0E06 IP=0A88 NV UP EI NG NZ AC PO CY
0E06:0A88 8904              MOV     [SI],AX                        DS:0100=01A1
AX=01A1 BX=0100 CX=0000 DX=0084 SP=0AF0 BP=0AF6 SI=0100 DI=0000
DS=0F18 ES=0F18 SS=0F18 CS=0E06 IP=0A8A NV UP EI NG NZ AC PO CY
0E06:0A8A C744020000        MOV     WORD PTR [SI+02],0000          DS:0102=0000
AX=01A1 BX=0100 CX=0000 DX=0084 SP=0AF0 BP=0AF6 SI=0100 DI=0000
DS=0F18 ES=0F18 SS=0F18 CS=0E06 IP=0A8F NV UP EI NG NZ AC PO CY
0E06:0A8F 8BC7              MOV     AX,DI
AX=0000 BX=0100 CX=0000 DX=0084 SP=0AF0 BP=0AF6 SI=0100 DI=0000
DS=0F18 ES=0F18 SS=0F18 CS=0E06 IP=0A91 NV UP EI NG NZ AC PO CY
0E06:0A91 5E                POP     SI
AX=0000 BX=0100 CX=0000 DX=0084 SP=0AF2 BP=0AF6 SI=0100 DI=0000
DS=0F18 ES=0F18 SS=0F18 CS=0E06 IP=0A92 NV UP EI NG NZ AC PO CY
0E06:0A92 5F                POP     DI
AX=0000 BX=0100 CX=0000 DX=0084 SP=0AF4 BP=0AF6 SI=0100 DI=0003
DS=0F18 ES=0F18 SS=0F18 CS=0E06 IP=0A93 NV UP EI NG NZ AC PO CY
0E06:0A93 8BE5              MOV     SP,BP
AX=0000 BX=0100 CX=0000 DX=0084 SP=0AF6 BP=0AF6 SI=0100 DI=0003
DS=0F18 ES=0F18 SS=0F18 CS=0E06 IP=0A95 NV UP EI NG NZ AC PO CY
0E06:0A95 5D                POP     BP
AX=0000 BX=0100 CX=0000 DX=0084 SP=0AF8 BP=0AFE SI=0100 DI=0003
DS=0F18 ES=0F18 SS=0F18 CS=0E06 IP=0A96 NV UP EI NG NZ AC PO CY
0E06:0A96 C3                RET
AX=0000 BX=0100 CX=0000 DX=0084 SP=0AFA BP=0AFE SI=0100 DI=0003
DS=0F18 ES=0F18 SS=0F18 CS=0E06 IP=09EC NV UP EI NG NZ AC PO CY
0E06:09EC 83C402            ADD     SP,+02
AX=0000 BX=0100 CX=0000 DX=0084 SP=0AFC BP=0AFE SI=0100 DI=0003
DS=0F18 ES=0F18 SS=0F18 CS=0E06 IP=09EF NV UP EI PL NZ NA PE NC
0E06:09EF 0BC0              OR      AX,AX
AX=0000 BX=0100 CX=0000 DX=0084 SP=0AFC BP=0AFE SI=0100 DI=0003
DS=0F18 ES=0F18 SS=0F18 CS=0E06 IP=09F1 NV UP EI PL ZR NA PE NC
0E06:09F1 7405              JZ      09F8
AX=0000 BX=0100 CX=0000 DX=0084 SP=0AFC BP=0AFE SI=0100 DI=0003
DS=0F18 ES=0F18 SS=0F18 CS=0E06 IP=09F8 NV UP EI PL ZR NA PE NC
0E06:09F8 8B7604            MOV     SI,[BP+04]                     SS:0B02=0100
AX=0000 BX=0100 CX=0000 DX=0084 SP=0AFC BP=0AFE SI=0100 DI=0003
DS=0F18 ES=0F18 SS=0F18 CS=0E06 IP=09FB NV UP EI PL ZR NA PE NC
0E06:09FB 81EEE800          SUB     SI,00E8
AX=0000 BX=0100 CX=0000 DX=0084 SP=0AFC BP=0AFE SI=0018 DI=0003
DS=0F18 ES=0F18 SS=0F18 CS=0E06 IP=09FF NV UP EI PL NZ AC PE NC
0E06:09FF 81C68801          ADD     SI,0188
AX=0000 BX=0100 CX=0000 DX=0084 SP=0AFC BP=0AFE SI=01A0 DI=0003
DS=0F18 ES=0F18 SS=0F18 CS=0E06 IP=0A03 NV UP EI PL NZ AC PE NC
0E06:0A03 F60440            TEST    BYTE PTR [SI],40                 DS:01A0=00
AX=0000 BX=0100 CX=0000 DX=0084 SP=0AFC BP=0AFE SI=01A0 DI=0003
DS=0F18 ES=0F18 SS=0F18 CS=0E06 IP=0A06 NV UP EI PL ZR NA PE NC
0E06:0A06 7415              JZ      0A1D
AX=0000 BX=0100 CX=0000 DX=0084 SP=0AFC BP=0AFE SI=01A0 DI=0003
DS=0F18 ES=0F18 SS=0F18 CS=0E06 IP=0A1D NV UP EI PL ZR NA PE NC
0E06:0A1D 5E                POP     SI
AX=0000 BX=0100 CX=0000 DX=0084 SP=0AFE BP=0AFE SI=0100 DI=0003
DS=0F18 ES=0F18 SS=0F18 CS=0E06 IP=0A1E NV UP EI PL ZR NA PE NC
0E06:0A1E 8BE5              MOV     SP,BP
AX=0000 BX=0100 CX=0000 DX=0084 SP=0AFE BP=0AFE SI=0100 DI=0003
DS=0F18 ES=0F18 SS=0F18 CS=0E06 IP=0A20 NV UP EI PL ZR NA PE NC
0E06:0A20 5D                POP     BP
AX=0000 BX=0100 CX=0000 DX=0084 SP=0B00 BP=0B0A SI=0100 DI=0003
DS=0F18 ES=0F18 SS=0F18 CS=0E06 IP=0A21 NV UP EI PL ZR NA PE NC
0E06:0A21 C3                RET
AX=0000 BX=0100 CX=0000 DX=0084 SP=0B02 BP=0B0A SI=0100 DI=0003
DS=0F18 ES=0F18 SS=0F18 CS=0E06 IP=0AE6 NV UP EI PL ZR NA PE NC
0E06:0AE6 83C402            ADD     SP,+02
AX=0000 BX=0100 CX=0000 DX=0084 SP=0B04 BP=0B0A SI=0100 DI=0003
DS=0F18 ES=0F18 SS=0F18 CS=0E06 IP=0AE9 NV UP EI PL NZ NA PO NC
0E06:0AE9 40                INC     AX
AX=0001 BX=0100 CX=0000 DX=0084 SP=0B04 BP=0B0A SI=0100 DI=0003
DS=0F18 ES=0F18 SS=0F18 CS=0E06 IP=0AEA NV UP EI PL NZ NA PO NC
0E06:0AEA 74E1              JZ      0ACD
AX=0001 BX=0100 CX=0000 DX=0084 SP=0B04 BP=0B0A SI=0100 DI=0003
DS=0F18 ES=0F18 SS=0F18 CS=0E06 IP=0AEC NV UP EI PL NZ NA PO NC
0E06:0AEC 47                INC     DI
AX=0001 BX=0100 CX=0000 DX=0084 SP=0B04 BP=0B0A SI=0100 DI=0004
DS=0F18 ES=0F18 SS=0F18 CS=0E06 IP=0AED NV UP EI PL NZ NA PO NC
0E06:0AED EBDE              JMP     0ACD
AX=0001 BX=0100 CX=0000 DX=0084 SP=0B04 BP=0B0A SI=0100 DI=0004
DS=0F18 ES=0F18 SS=0F18 CS=0E06 IP=0ACD NV UP EI PL NZ NA PO NC
0E06:0ACD 83C608            ADD     SI,+08
AX=0001 BX=0100 CX=0000 DX=0084 SP=0B04 BP=0B0A SI=0108 DI=0004
DS=0F18 ES=0F18 SS=0F18 CS=0E06 IP=0AD0 NV UP EI PL NZ NA PO NC
0E06:0AD0 39362802          CMP     [0228],SI                      DS:0228=0180
AX=0001 BX=0100 CX=0000 DX=0084 SP=0B04 BP=0B0A SI=0108 DI=0004
DS=0F18 ES=0F18 SS=0F18 CS=0E06 IP=0AD4 NV UP EI PL NZ AC PE NC
0E06:0AD4 721A              JB      0AF0
AX=0001 BX=0100 CX=0000 DX=0084 SP=0B04 BP=0B0A SI=0108 DI=0004
DS=0F18 ES=0F18 SS=0F18 CS=0E06 IP=0AD6 NV UP EI PL NZ AC PE NC
0E06:0AD6 837E0401          CMP     WORD PTR [BP+04],+01           SS:0B0E=0001
AX=0001 BX=0100 CX=0000 DX=0084 SP=0B04 BP=0B0A SI=0108 DI=0004
DS=0F18 ES=0F18 SS=0F18 CS=0E06 IP=0ADA NV UP EI PL ZR NA PE NC
0E06:0ADA 75D6              JNZ     0AB2
AX=0001 BX=0100 CX=0000 DX=0084 SP=0B04 BP=0B0A SI=0108 DI=0004
DS=0F18 ES=0F18 SS=0F18 CS=0E06 IP=0ADC NV UP EI PL ZR NA PE NC
0E06:0ADC F6440683          TEST    BYTE PTR [SI+06],83              DS:010E=02
AX=0001 BX=0100 CX=0000 DX=0084 SP=0B04 BP=0B0A SI=0108 DI=0004
DS=0F18 ES=0F18 SS=0F18 CS=0E06 IP=0AE0 NV UP EI PL NZ NA PO NC
0E06:0AE0 74D0              JZ      0AB2
AX=0001 BX=0100 CX=0000 DX=0084 SP=0B04 BP=0B0A SI=0108 DI=0004
DS=0F18 ES=0F18 SS=0F18 CS=0E06 IP=0AE2 NV UP EI PL NZ NA PO NC
0E06:0AE2 56                PUSH    SI
AX=0001 BX=0100 CX=0000 DX=0084 SP=0B02 BP=0B0A SI=0108 DI=0004
DS=0F18 ES=0F18 SS=0F18 CS=0E06 IP=0AE3 NV UP EI PL NZ NA PO NC
0E06:0AE3 E8EEFE            CALL    09D4
AX=0001 BX=0100 CX=0000 DX=0084 SP=0B00 BP=0B0A SI=0108 DI=0004
DS=0F18 ES=0F18 SS=0F18 CS=0E06 IP=09D4 NV UP EI PL NZ NA PO NC
0E06:09D4 55                PUSH    BP
AX=0001 BX=0100 CX=0000 DX=0084 SP=0AFE BP=0B0A SI=0108 DI=0004
DS=0F18 ES=0F18 SS=0F18 CS=0E06 IP=09D5 NV UP EI PL NZ NA PO NC
0E06:09D5 8BEC              MOV     BP,SP
AX=0001 BX=0100 CX=0000 DX=0084 SP=0AFE BP=0AFE SI=0108 DI=0004
DS=0F18 ES=0F18 SS=0F18 CS=0E06 IP=09D7 NV UP EI PL NZ NA PO NC
0E06:09D7 56                PUSH    SI
AX=0001 BX=0100 CX=0000 DX=0084 SP=0AFC BP=0AFE SI=0108 DI=0004
DS=0F18 ES=0F18 SS=0F18 CS=0E06 IP=09D8 NV UP EI PL NZ NA PO NC
0E06:09D8 837E0400          CMP     WORD PTR [BP+04],+00           SS:0B02=0108
AX=0001 BX=0100 CX=0000 DX=0084 SP=0AFC BP=0AFE SI=0108 DI=0004
DS=0F18 ES=0F18 SS=0F18 CS=0E06 IP=09DC NV UP EI PL NZ NA PO NC
0E06:09DC 7508              JNZ     09E6
AX=0001 BX=0100 CX=0000 DX=0084 SP=0AFC BP=0AFE SI=0108 DI=0004
DS=0F18 ES=0F18 SS=0F18 CS=0E06 IP=09E6 NV UP EI PL NZ NA PO NC
0E06:09E6 FF7604            PUSH    WORD PTR [BP+04]               SS:0B02=0108
AX=0001 BX=0100 CX=0000 DX=0084 SP=0AFA BP=0AFE SI=0108 DI=0004
DS=0F18 ES=0F18 SS=0F18 CS=0E06 IP=09E9 NV UP EI PL NZ NA PO NC
0E06:09E9 E83600            CALL    0A22
AX=0001 BX=0100 CX=0000 DX=0084 SP=0AF8 BP=0AFE SI=0108 DI=0004
DS=0F18 ES=0F18 SS=0F18 CS=0E06 IP=0A22 NV UP EI PL NZ NA PO NC
0E06:0A22 55                PUSH    BP
AX=0001 BX=0100 CX=0000 DX=0084 SP=0AF6 BP=0AFE SI=0108 DI=0004
DS=0F18 ES=0F18 SS=0F18 CS=0E06 IP=0A23 NV UP EI PL NZ NA PO NC
0E06:0A23 8BEC              MOV     BP,SP
AX=0001 BX=0100 CX=0000 DX=0084 SP=0AF6 BP=0AF6 SI=0108 DI=0004
DS=0F18 ES=0F18 SS=0F18 CS=0E06 IP=0A25 NV UP EI PL NZ NA PO NC
0E06:0A25 83EC02            SUB     SP,+02
AX=0001 BX=0100 CX=0000 DX=0084 SP=0AF4 BP=0AF6 SI=0108 DI=0004
DS=0F18 ES=0F18 SS=0F18 CS=0E06 IP=0A28 NV UP EI PL NZ NA PO NC
0E06:0A28 57                PUSH    DI
AX=0001 BX=0100 CX=0000 DX=0084 SP=0AF2 BP=0AF6 SI=0108 DI=0004
DS=0F18 ES=0F18 SS=0F18 CS=0E06 IP=0A29 NV UP EI PL NZ NA PO NC
0E06:0A29 56                PUSH    SI
AX=0001 BX=0100 CX=0000 DX=0084 SP=0AF0 BP=0AF6 SI=0108 DI=0004
DS=0F18 ES=0F18 SS=0F18 CS=0E06 IP=0A2A NV UP EI PL NZ NA PO NC
0E06:0A2A 33FF              XOR     DI,DI
AX=0001 BX=0100 CX=0000 DX=0084 SP=0AF0 BP=0AF6 SI=0108 DI=0000
DS=0F18 ES=0F18 SS=0F18 CS=0E06 IP=0A2C NV UP EI PL ZR NA PE NC
0E06:0A2C 8B4604            MOV     AX,[BP+04]                     SS:0AFA=0108
AX=0108 BX=0100 CX=0000 DX=0084 SP=0AF0 BP=0AF6 SI=0108 DI=0000
DS=0F18 ES=0F18 SS=0F18 CS=0E06 IP=0A2F NV UP EI PL ZR NA PE NC
0E06:0A2F 8BD8              MOV     BX,AX
AX=0108 BX=0108 CX=0000 DX=0084 SP=0AF0 BP=0AF6 SI=0108 DI=0000
DS=0F18 ES=0F18 SS=0F18 CS=0E06 IP=0A31 NV UP EI PL ZR NA PE NC
0E06:0A31 8BF0              MOV     SI,AX
AX=0108 BX=0108 CX=0000 DX=0084 SP=0AF0 BP=0AF6 SI=0108 DI=0000
DS=0F18 ES=0F18 SS=0F18 CS=0E06 IP=0A33 NV UP EI PL ZR NA PE NC
0E06:0A33 8A4F06            MOV     CL,[BX+06]                       DS:010E=02
AX=0108 BX=0108 CX=0002 DX=0084 SP=0AF0 BP=0AF6 SI=0108 DI=0000
DS=0F18 ES=0F18 SS=0F18 CS=0E06 IP=0A36 NV UP EI PL ZR NA PE NC
0E06:0A36 8BD1              MOV     DX,CX
AX=0108 BX=0108 CX=0002 DX=0002 SP=0AF0 BP=0AF6 SI=0108 DI=0000
DS=0F18 ES=0F18 SS=0F18 CS=0E06 IP=0A38 NV UP EI PL ZR NA PE NC
0E06:0A38 80E103            AND     CL,03
AX=0108 BX=0108 CX=0002 DX=0002 SP=0AF0 BP=0AF6 SI=0108 DI=0000
DS=0F18 ES=0F18 SS=0F18 CS=0E06 IP=0A3B NV UP EI PL NZ NA PO NC
0E06:0A3B 80F902            CMP     CL,02
AX=0108 BX=0108 CX=0002 DX=0002 SP=0AF0 BP=0AF6 SI=0108 DI=0000
DS=0F18 ES=0F18 SS=0F18 CS=0E06 IP=0A3E NV UP EI PL ZR NA PE NC
0E06:0A3E 7545              JNZ     0A85
AX=0108 BX=0108 CX=0002 DX=0002 SP=0AF0 BP=0AF6 SI=0108 DI=0000
DS=0F18 ES=0F18 SS=0F18 CS=0E06 IP=0A40 NV UP EI PL ZR NA PE NC
0E06:0A40 F6C208            TEST    DL,08
AX=0108 BX=0108 CX=0002 DX=0002 SP=0AF0 BP=0AF6 SI=0108 DI=0000
DS=0F18 ES=0F18 SS=0F18 CS=0E06 IP=0A43 NV UP EI PL ZR NA PE NC
0E06:0A43 750B              JNZ     0A50
AX=0108 BX=0108 CX=0002 DX=0002 SP=0AF0 BP=0AF6 SI=0108 DI=0000
DS=0F18 ES=0F18 SS=0F18 CS=0E06 IP=0A45 NV UP EI PL ZR NA PE NC
0E06:0A45 81EBE800          SUB     BX,00E8
AX=0108 BX=0020 CX=0002 DX=0002 SP=0AF0 BP=0AF6 SI=0108 DI=0000
DS=0F18 ES=0F18 SS=0F18 CS=0E06 IP=0A49 NV UP EI PL NZ NA PO NC
0E06:0A49 F687880101        TEST    BYTE PTR [BX+0188],01            DS:01A8=00
AX=0108 BX=0020 CX=0002 DX=0002 SP=0AF0 BP=0AF6 SI=0108 DI=0000
DS=0F18 ES=0F18 SS=0F18 CS=0E06 IP=0A4E NV UP EI PL ZR NA PE NC
0E06:0A4E 7435              JZ      0A85
AX=0108 BX=0020 CX=0002 DX=0002 SP=0AF0 BP=0AF6 SI=0108 DI=0000
DS=0F18 ES=0F18 SS=0F18 CS=0E06 IP=0A85 NV UP EI PL ZR NA PE NC
0E06:0A85 8B4404            MOV     AX,[SI+04]                     DS:010C=0000
AX=0000 BX=0020 CX=0002 DX=0002 SP=0AF0 BP=0AF6 SI=0108 DI=0000
DS=0F18 ES=0F18 SS=0F18 CS=0E06 IP=0A88 NV UP EI PL ZR NA PE NC
0E06:0A88 8904              MOV     [SI],AX                        DS:0108=0000
AX=0000 BX=0020 CX=0002 DX=0002 SP=0AF0 BP=0AF6 SI=0108 DI=0000
DS=0F18 ES=0F18 SS=0F18 CS=0E06 IP=0A8A NV UP EI PL ZR NA PE NC
0E06:0A8A C744020000        MOV     WORD PTR [SI+02],0000          DS:010A=0000
AX=0000 BX=0020 CX=0002 DX=0002 SP=0AF0 BP=0AF6 SI=0108 DI=0000
DS=0F18 ES=0F18 SS=0F18 CS=0E06 IP=0A8F NV UP EI PL ZR NA PE NC
0E06:0A8F 8BC7              MOV     AX,DI
AX=0000 BX=0020 CX=0002 DX=0002 SP=0AF0 BP=0AF6 SI=0108 DI=0000
DS=0F18 ES=0F18 SS=0F18 CS=0E06 IP=0A91 NV UP EI PL ZR NA PE NC
0E06:0A91 5E                POP     SI
AX=0000 BX=0020 CX=0002 DX=0002 SP=0AF2 BP=0AF6 SI=0108 DI=0000
DS=0F18 ES=0F18 SS=0F18 CS=0E06 IP=0A92 NV UP EI PL ZR NA PE NC
0E06:0A92 5F                POP     DI
AX=0000 BX=0020 CX=0002 DX=0002 SP=0AF4 BP=0AF6 SI=0108 DI=0004
DS=0F18 ES=0F18 SS=0F18 CS=0E06 IP=0A93 NV UP EI PL ZR NA PE NC
0E06:0A93 8BE5              MOV     SP,BP
AX=0000 BX=0020 CX=0002 DX=0002 SP=0AF6 BP=0AF6 SI=0108 DI=0004
DS=0F18 ES=0F18 SS=0F18 CS=0E06 IP=0A95 NV UP EI PL ZR NA PE NC
0E06:0A95 5D                POP     BP
AX=0000 BX=0020 CX=0002 DX=0002 SP=0AF8 BP=0AFE SI=0108 DI=0004
DS=0F18 ES=0F18 SS=0F18 CS=0E06 IP=0A96 NV UP EI PL ZR NA PE NC
0E06:0A96 C3                RET
AX=0000 BX=0020 CX=0002 DX=0002 SP=0AFA BP=0AFE SI=0108 DI=0004
DS=0F18 ES=0F18 SS=0F18 CS=0E06 IP=09EC NV UP EI PL ZR NA PE NC
0E06:09EC 83C402            ADD     SP,+02
AX=0000 BX=0020 CX=0002 DX=0002 SP=0AFC BP=0AFE SI=0108 DI=0004
DS=0F18 ES=0F18 SS=0F18 CS=0E06 IP=09EF NV UP EI PL NZ NA PE NC
0E06:09EF 0BC0              OR      AX,AX
AX=0000 BX=0020 CX=0002 DX=0002 SP=0AFC BP=0AFE SI=0108 DI=0004
DS=0F18 ES=0F18 SS=0F18 CS=0E06 IP=09F1 NV UP EI PL ZR NA PE NC
0E06:09F1 7405              JZ      09F8
AX=0000 BX=0020 CX=0002 DX=0002 SP=0AFC BP=0AFE SI=0108 DI=0004
DS=0F18 ES=0F18 SS=0F18 CS=0E06 IP=09F8 NV UP EI PL ZR NA PE NC
0E06:09F8 8B7604            MOV     SI,[BP+04]                     SS:0B02=0108
AX=0000 BX=0020 CX=0002 DX=0002 SP=0AFC BP=0AFE SI=0108 DI=0004
DS=0F18 ES=0F18 SS=0F18 CS=0E06 IP=09FB NV UP EI PL ZR NA PE NC
0E06:09FB 81EEE800          SUB     SI,00E8
AX=0000 BX=0020 CX=0002 DX=0002 SP=0AFC BP=0AFE SI=0020 DI=0004
DS=0F18 ES=0F18 SS=0F18 CS=0E06 IP=09FF NV UP EI PL NZ NA PO NC
0E06:09FF 81C68801          ADD     SI,0188
AX=0000 BX=0020 CX=0002 DX=0002 SP=0AFC BP=0AFE SI=01A8 DI=0004
DS=0F18 ES=0F18 SS=0F18 CS=0E06 IP=0A03 NV UP EI PL NZ NA PO NC
0E06:0A03 F60440            TEST    BYTE PTR [SI],40                 DS:01A8=00
AX=0000 BX=0020 CX=0002 DX=0002 SP=0AFC BP=0AFE SI=01A8 DI=0004
DS=0F18 ES=0F18 SS=0F18 CS=0E06 IP=0A06 NV UP EI PL ZR NA PE NC
0E06:0A06 7415              JZ      0A1D
AX=0000 BX=0020 CX=0002 DX=0002 SP=0AFC BP=0AFE SI=01A8 DI=0004
DS=0F18 ES=0F18 SS=0F18 CS=0E06 IP=0A1D NV UP EI PL ZR NA PE NC
0E06:0A1D 5E                POP     SI
AX=0000 BX=0020 CX=0002 DX=0002 SP=0AFE BP=0AFE SI=0108 DI=0004
DS=0F18 ES=0F18 SS=0F18 CS=0E06 IP=0A1E NV UP EI PL ZR NA PE NC
0E06:0A1E 8BE5              MOV     SP,BP
AX=0000 BX=0020 CX=0002 DX=0002 SP=0AFE BP=0AFE SI=0108 DI=0004
DS=0F18 ES=0F18 SS=0F18 CS=0E06 IP=0A20 NV UP EI PL ZR NA PE NC
0E06:0A20 5D                POP     BP
AX=0000 BX=0020 CX=0002 DX=0002 SP=0B00 BP=0B0A SI=0108 DI=0004
DS=0F18 ES=0F18 SS=0F18 CS=0E06 IP=0A21 NV UP EI PL ZR NA PE NC
0E06:0A21 C3                RET
AX=0000 BX=0020 CX=0002 DX=0002 SP=0B02 BP=0B0A SI=0108 DI=0004
DS=0F18 ES=0F18 SS=0F18 CS=0E06 IP=0AE6 NV UP EI PL ZR NA PE NC
0E06:0AE6 83C402            ADD     SP,+02
AX=0000 BX=0020 CX=0002 DX=0002 SP=0B04 BP=0B0A SI=0108 DI=0004
DS=0F18 ES=0F18 SS=0F18 CS=0E06 IP=0AE9 NV UP EI PL NZ NA PO NC
0E06:0AE9 40                INC     AX
AX=0001 BX=0020 CX=0002 DX=0002 SP=0B04 BP=0B0A SI=0108 DI=0004
DS=0F18 ES=0F18 SS=0F18 CS=0E06 IP=0AEA NV UP EI PL NZ NA PO NC
0E06:0AEA 74E1              JZ      0ACD
AX=0001 BX=0020 CX=0002 DX=0002 SP=0B04 BP=0B0A SI=0108 DI=0004
DS=0F18 ES=0F18 SS=0F18 CS=0E06 IP=0AEC NV UP EI PL NZ NA PO NC
0E06:0AEC 47                INC     DI
AX=0001 BX=0020 CX=0002 DX=0002 SP=0B04 BP=0B0A SI=0108 DI=0005
DS=0F18 ES=0F18 SS=0F18 CS=0E06 IP=0AED NV UP EI PL NZ NA PE NC
0E06:0AED EBDE              JMP     0ACD
AX=0001 BX=0020 CX=0002 DX=0002 SP=0B04 BP=0B0A SI=0108 DI=0005
DS=0F18 ES=0F18 SS=0F18 CS=0E06 IP=0ACD NV UP EI PL NZ NA PE NC
0E06:0ACD 83C608            ADD     SI,+08
AX=0001 BX=0020 CX=0002 DX=0002 SP=0B04 BP=0B0A SI=0110 DI=0005
DS=0F18 ES=0F18 SS=0F18 CS=0E06 IP=0AD0 NV UP EI PL NZ AC PO NC
0E06:0AD0 39362802          CMP     [0228],SI                      DS:0228=0180
AX=0001 BX=0020 CX=0002 DX=0002 SP=0B04 BP=0B0A SI=0110 DI=0005
DS=0F18 ES=0F18 SS=0F18 CS=0E06 IP=0AD4 NV UP EI PL NZ NA PO NC
0E06:0AD4 721A              JB      0AF0
AX=0001 BX=0020 CX=0002 DX=0002 SP=0B04 BP=0B0A SI=0110 DI=0005
DS=0F18 ES=0F18 SS=0F18 CS=0E06 IP=0AD6 NV UP EI PL NZ NA PO NC
0E06:0AD6 837E0401          CMP     WORD PTR [BP+04],+01           SS:0B0E=0001
AX=0001 BX=0020 CX=0002 DX=0002 SP=0B04 BP=0B0A SI=0110 DI=0005
DS=0F18 ES=0F18 SS=0F18 CS=0E06 IP=0ADA NV UP EI PL ZR NA PE NC
0E06:0ADA 75D6              JNZ     0AB2
AX=0001 BX=0020 CX=0002 DX=0002 SP=0B04 BP=0B0A SI=0110 DI=0005
DS=0F18 ES=0F18 SS=0F18 CS=0E06 IP=0ADC NV UP EI PL ZR NA PE NC
0E06:0ADC F6440683          TEST    BYTE PTR [SI+06],83              DS:0116=00
AX=0001 BX=0020 CX=0002 DX=0002 SP=0B04 BP=0B0A SI=0110 DI=0005
DS=0F18 ES=0F18 SS=0F18 CS=0E06 IP=0AE0 NV UP EI PL ZR NA PE NC
0E06:0AE0 74D0              JZ      0AB2
AX=0001 BX=0020 CX=0002 DX=0002 SP=0B04 BP=0B0A SI=0110 DI=0005
DS=0F18 ES=0F18 SS=0F18 CS=0E06 IP=0AB2 NV UP EI PL ZR NA PE NC
0E06:0AB2 837E0400          CMP     WORD PTR [BP+04],+00           SS:0B0E=0001
AX=0001 BX=0020 CX=0002 DX=0002 SP=0B04 BP=0B0A SI=0110 DI=0005
DS=0F18 ES=0F18 SS=0F18 CS=0E06 IP=0AB6 NV UP EI PL NZ NA PO NC
0E06:0AB6 7515              JNZ     0ACD
AX=0001 BX=0020 CX=0002 DX=0002 SP=0B04 BP=0B0A SI=0110 DI=0005
DS=0F18 ES=0F18 SS=0F18 CS=0E06 IP=0ACD NV UP EI PL NZ NA PO NC
0E06:0ACD 83C608            ADD     SI,+08
AX=0001 BX=0020 CX=0002 DX=0002 SP=0B04 BP=0B0A SI=0118 DI=0005
DS=0F18 ES=0F18 SS=0F18 CS=0E06 IP=0AD0 NV UP EI PL NZ NA PE NC
0E06:0AD0 39362802          CMP     [0228],SI                      DS:0228=0180
AX=0001 BX=0020 CX=0002 DX=0002 SP=0B04 BP=0B0A SI=0118 DI=0005
DS=0F18 ES=0F18 SS=0F18 CS=0E06 IP=0AD4 NV UP EI PL NZ AC PO NC
0E06:0AD4 721A              JB      0AF0
AX=0001 BX=0020 CX=0002 DX=0002 SP=0B04 BP=0B0A SI=0118 DI=0005
DS=0F18 ES=0F18 SS=0F18 CS=0E06 IP=0AD6 NV UP EI PL NZ AC PO NC
0E06:0AD6 837E0401          CMP     WORD PTR [BP+04],+01           SS:0B0E=0001
AX=0001 BX=0020 CX=0002 DX=0002 SP=0B04 BP=0B0A SI=0118 DI=0005
DS=0F18 ES=0F18 SS=0F18 CS=0E06 IP=0ADA NV UP EI PL ZR NA PE NC
0E06:0ADA 75D6              JNZ     0AB2
AX=0001 BX=0020 CX=0002 DX=0002 SP=0B04 BP=0B0A SI=0118 DI=0005
DS=0F18 ES=0F18 SS=0F18 CS=0E06 IP=0ADC NV UP EI PL ZR NA PE NC
0E06:0ADC F6440683          TEST    BYTE PTR [SI+06],83              DS:011E=00
AX=0001 BX=0020 CX=0002 DX=0002 SP=0B04 BP=0B0A SI=0118 DI=0005
DS=0F18 ES=0F18 SS=0F18 CS=0E06 IP=0AE0 NV UP EI PL ZR NA PE NC
0E06:0AE0 74D0              JZ      0AB2
AX=0001 BX=0020 CX=0002 DX=0002 SP=0B04 BP=0B0A SI=0118 DI=0005
DS=0F18 ES=0F18 SS=0F18 CS=0E06 IP=0AB2 NV UP EI PL ZR NA PE NC
0E06:0AB2 837E0400          CMP     WORD PTR [BP+04],+00           SS:0B0E=0001
AX=0001 BX=0020 CX=0002 DX=0002 SP=0B04 BP=0B0A SI=0118 DI=0005
DS=0F18 ES=0F18 SS=0F18 CS=0E06 IP=0AB6 NV UP EI PL NZ NA PO NC
0E06:0AB6 7515              JNZ     0ACD
AX=0001 BX=0020 CX=0002 DX=0002 SP=0B04 BP=0B0A SI=0118 DI=0005
DS=0F18 ES=0F18 SS=0F18 CS=0E06 IP=0ACD NV UP EI PL NZ NA PO NC
0E06:0ACD 83C608            ADD     SI,+08
AX=0001 BX=0020 CX=0002 DX=0002 SP=0B04 BP=0B0A SI=0120 DI=0005
DS=0F18 ES=0F18 SS=0F18 CS=0E06 IP=0AD0 NV UP EI PL NZ AC PO NC
0E06:0AD0 39362802          CMP     [0228],SI                      DS:0228=0180
AX=0001 BX=0020 CX=0002 DX=0002 SP=0B04 BP=0B0A SI=0120 DI=0005
DS=0F18 ES=0F18 SS=0F18 CS=0E06 IP=0AD4 NV UP EI PL NZ NA PE NC
0E06:0AD4 721A              JB      0AF0
AX=0001 BX=0020 CX=0002 DX=0002 SP=0B04 BP=0B0A SI=0120 DI=0005
DS=0F18 ES=0F18 SS=0F18 CS=0E06 IP=0AD6 NV UP EI PL NZ NA PE NC
0E06:0AD6 837E0401          CMP     WORD PTR [BP+04],+01           SS:0B0E=0001
AX=0001 BX=0020 CX=0002 DX=0002 SP=0B04 BP=0B0A SI=0120 DI=0005
DS=0F18 ES=0F18 SS=0F18 CS=0E06 IP=0ADA NV UP EI PL ZR NA PE NC
0E06:0ADA 75D6              JNZ     0AB2
AX=0001 BX=0020 CX=0002 DX=0002 SP=0B04 BP=0B0A SI=0120 DI=0005
DS=0F18 ES=0F18 SS=0F18 CS=0E06 IP=0ADC NV UP EI PL ZR NA PE NC
0E06:0ADC F6440683          TEST    BYTE PTR [SI+06],83              DS:0126=00
AX=0001 BX=0020 CX=0002 DX=0002 SP=0B04 BP=0B0A SI=0120 DI=0005
DS=0F18 ES=0F18 SS=0F18 CS=0E06 IP=0AE0 NV UP EI PL ZR NA PE NC
0E06:0AE0 74D0              JZ      0AB2
AX=0001 BX=0020 CX=0002 DX=0002 SP=0B04 BP=0B0A SI=0120 DI=0005
DS=0F18 ES=0F18 SS=0F18 CS=0E06 IP=0AB2 NV UP EI PL ZR NA PE NC
0E06:0AB2 837E0400          CMP     WORD PTR [BP+04],+00           SS:0B0E=0001
AX=0001 BX=0020 CX=0002 DX=0002 SP=0B04 BP=0B0A SI=0120 DI=0005
DS=0F18 ES=0F18 SS=0F18 CS=0E06 IP=0AB6 NV UP EI PL NZ NA PO NC
0E06:0AB6 7515              JNZ     0ACD
AX=0001 BX=0020 CX=0002 DX=0002 SP=0B04 BP=0B0A SI=0120 DI=0005
DS=0F18 ES=0F18 SS=0F18 CS=0E06 IP=0ACD NV UP EI PL NZ NA PO NC
0E06:0ACD 83C608            ADD     SI,+08
AX=0001 BX=0020 CX=0002 DX=0002 SP=0B04 BP=0B0A SI=0128 DI=0005
DS=0F18 ES=0F18 SS=0F18 CS=0E06 IP=0AD0 NV UP EI PL NZ NA PE NC
0E06:0AD0 39362802          CMP     [0228],SI                      DS:0228=0180
AX=0001 BX=0020 CX=0002 DX=0002 SP=0B04 BP=0B0A SI=0128 DI=0005
DS=0F18 ES=0F18 SS=0F18 CS=0E06 IP=0AD4 NV UP EI PL NZ AC PO NC
0E06:0AD4 721A              JB      0AF0
AX=0001 BX=0020 CX=0002 DX=0002 SP=0B04 BP=0B0A SI=0128 DI=0005
DS=0F18 ES=0F18 SS=0F18 CS=0E06 IP=0AD6 NV UP EI PL NZ AC PO NC
0E06:0AD6 837E0401          CMP     WORD PTR [BP+04],+01           SS:0B0E=0001
AX=0001 BX=0020 CX=0002 DX=0002 SP=0B04 BP=0B0A SI=0128 DI=0005
DS=0F18 ES=0F18 SS=0F18 CS=0E06 IP=0ADA NV UP EI PL ZR NA PE NC
0E06:0ADA 75D6              JNZ     0AB2
AX=0001 BX=0020 CX=0002 DX=0002 SP=0B04 BP=0B0A SI=0128 DI=0005
DS=0F18 ES=0F18 SS=0F18 CS=0E06 IP=0ADC NV UP EI PL ZR NA PE NC
0E06:0ADC F6440683          TEST    BYTE PTR [SI+06],83              DS:012E=00
AX=0001 BX=0020 CX=0002 DX=0002 SP=0B04 BP=0B0A SI=0128 DI=0005
DS=0F18 ES=0F18 SS=0F18 CS=0E06 IP=0AE0 NV UP EI PL ZR NA PE NC
0E06:0AE0 74D0              JZ      0AB2
AX=0001 BX=0020 CX=0002 DX=0002 SP=0B04 BP=0B0A SI=0128 DI=0005
DS=0F18 ES=0F18 SS=0F18 CS=0E06 IP=0AB2 NV UP EI PL ZR NA PE NC
0E06:0AB2 837E0400          CMP     WORD PTR [BP+04],+00           SS:0B0E=0001
AX=0001 BX=0020 CX=0002 DX=0002 SP=0B04 BP=0B0A SI=0128 DI=0005
DS=0F18 ES=0F18 SS=0F18 CS=0E06 IP=0AB6 NV UP EI PL NZ NA PO NC
0E06:0AB6 7515              JNZ     0ACD
AX=0001 BX=0020 CX=0002 DX=0002 SP=0B04 BP=0B0A SI=0128 DI=0005
DS=0F18 ES=0F18 SS=0F18 CS=0E06 IP=0ACD NV UP EI PL NZ NA PO NC
0E06:0ACD 83C608            ADD     SI,+08
AX=0001 BX=0020 CX=0002 DX=0002 SP=0B04 BP=0B0A SI=0130 DI=0005
DS=0F18 ES=0F18 SS=0F18 CS=0E06 IP=0AD0 NV UP EI PL NZ AC PE NC
0E06:0AD0 39362802          CMP     [0228],SI                      DS:0228=0180
AX=0001 BX=0020 CX=0002 DX=0002 SP=0B04 BP=0B0A SI=0130 DI=0005
DS=0F18 ES=0F18 SS=0F18 CS=0E06 IP=0AD4 NV UP EI PL NZ NA PE NC
0E06:0AD4 721A              JB      0AF0
AX=0001 BX=0020 CX=0002 DX=0002 SP=0B04 BP=0B0A SI=0130 DI=0005
DS=0F18 ES=0F18 SS=0F18 CS=0E06 IP=0AD6 NV UP EI PL NZ NA PE NC
0E06:0AD6 837E0401          CMP     WORD PTR [BP+04],+01           SS:0B0E=0001
AX=0001 BX=0020 CX=0002 DX=0002 SP=0B04 BP=0B0A SI=0130 DI=0005
DS=0F18 ES=0F18 SS=0F18 CS=0E06 IP=0ADA NV UP EI PL ZR NA PE NC
0E06:0ADA 75D6              JNZ     0AB2
AX=0001 BX=0020 CX=0002 DX=0002 SP=0B04 BP=0B0A SI=0130 DI=0005
DS=0F18 ES=0F18 SS=0F18 CS=0E06 IP=0ADC NV UP EI PL ZR NA PE NC
0E06:0ADC F6440683          TEST    BYTE PTR [SI+06],83              DS:0136=00
AX=0001 BX=0020 CX=0002 DX=0002 SP=0B04 BP=0B0A SI=0130 DI=0005
DS=0F18 ES=0F18 SS=0F18 CS=0E06 IP=0AE0 NV UP EI PL ZR NA PE NC
0E06:0AE0 74D0              JZ      0AB2
AX=0001 BX=0020 CX=0002 DX=0002 SP=0B04 BP=0B0A SI=0130 DI=0005
DS=0F18 ES=0F18 SS=0F18 CS=0E06 IP=0AB2 NV UP EI PL ZR NA PE NC
0E06:0AB2 837E0400          CMP     WORD PTR [BP+04],+00           SS:0B0E=0001
AX=0001 BX=0020 CX=0002 DX=0002 SP=0B04 BP=0B0A SI=0130 DI=0005
DS=0F18 ES=0F18 SS=0F18 CS=0E06 IP=0AB6 NV UP EI PL NZ NA PO NC
0E06:0AB6 7515              JNZ     0ACD
AX=0001 BX=0020 CX=0002 DX=0002 SP=0B04 BP=0B0A SI=0130 DI=0005
DS=0F18 ES=0F18 SS=0F18 CS=0E06 IP=0ACD NV UP EI PL NZ NA PO NC
0E06:0ACD 83C608            ADD     SI,+08
AX=0001 BX=0020 CX=0002 DX=0002 SP=0B04 BP=0B0A SI=0138 DI=0005
DS=0F18 ES=0F18 SS=0F18 CS=0E06 IP=0AD0 NV UP EI PL NZ NA PO NC
0E06:0AD0 39362802          CMP     [0228],SI                      DS:0228=0180
AX=0001 BX=0020 CX=0002 DX=0002 SP=0B04 BP=0B0A SI=0138 DI=0005
DS=0F18 ES=0F18 SS=0F18 CS=0E06 IP=0AD4 NV UP EI PL NZ AC PE NC
0E06:0AD4 721A              JB      0AF0
AX=0001 BX=0020 CX=0002 DX=0002 SP=0B04 BP=0B0A SI=0138 DI=0005
DS=0F18 ES=0F18 SS=0F18 CS=0E06 IP=0AD6 NV UP EI PL NZ AC PE NC
0E06:0AD6 837E0401          CMP     WORD PTR [BP+04],+01           SS:0B0E=0001
AX=0001 BX=0020 CX=0002 DX=0002 SP=0B04 BP=0B0A SI=0138 DI=0005
DS=0F18 ES=0F18 SS=0F18 CS=0E06 IP=0ADA NV UP EI PL ZR NA PE NC
0E06:0ADA 75D6              JNZ     0AB2
AX=0001 BX=0020 CX=0002 DX=0002 SP=0B04 BP=0B0A SI=0138 DI=0005
DS=0F18 ES=0F18 SS=0F18 CS=0E06 IP=0ADC NV UP EI PL ZR NA PE NC
0E06:0ADC F6440683          TEST    BYTE PTR [SI+06],83              DS:013E=00
AX=0001 BX=0020 CX=0002 DX=0002 SP=0B04 BP=0B0A SI=0138 DI=0005
DS=0F18 ES=0F18 SS=0F18 CS=0E06 IP=0AE0 NV UP EI PL ZR NA PE NC
0E06:0AE0 74D0              JZ      0AB2
AX=0001 BX=0020 CX=0002 DX=0002 SP=0B04 BP=0B0A SI=0138 DI=0005
DS=0F18 ES=0F18 SS=0F18 CS=0E06 IP=0AB2 NV UP EI PL ZR NA PE NC
0E06:0AB2 837E0400          CMP     WORD PTR [BP+04],+00           SS:0B0E=0001
AX=0001 BX=0020 CX=0002 DX=0002 SP=0B04 BP=0B0A SI=0138 DI=0005
DS=0F18 ES=0F18 SS=0F18 CS=0E06 IP=0AB6 NV UP EI PL NZ NA PO NC
0E06:0AB6 7515              JNZ     0ACD
AX=0001 BX=0020 CX=0002 DX=0002 SP=0B04 BP=0B0A SI=0138 DI=0005
DS=0F18 ES=0F18 SS=0F18 CS=0E06 IP=0ACD NV UP EI PL NZ NA PO NC
0E06:0ACD 83C608            ADD     SI,+08
AX=0001 BX=0020 CX=0002 DX=0002 SP=0B04 BP=0B0A SI=0140 DI=0005
DS=0F18 ES=0F18 SS=0F18 CS=0E06 IP=0AD0 NV UP EI PL NZ AC PO NC
0E06:0AD0 39362802          CMP     [0228],SI                      DS:0228=0180
AX=0001 BX=0020 CX=0002 DX=0002 SP=0B04 BP=0B0A SI=0140 DI=0005
DS=0F18 ES=0F18 SS=0F18 CS=0E06 IP=0AD4 NV UP EI PL NZ NA PO NC
0E06:0AD4 721A              JB      0AF0
AX=0001 BX=0020 CX=0002 DX=0002 SP=0B04 BP=0B0A SI=0140 DI=0005
DS=0F18 ES=0F18 SS=0F18 CS=0E06 IP=0AD6 NV UP EI PL NZ NA PO NC
0E06:0AD6 837E0401          CMP     WORD PTR [BP+04],+01           SS:0B0E=0001
AX=0001 BX=0020 CX=0002 DX=0002 SP=0B04 BP=0B0A SI=0140 DI=0005
DS=0F18 ES=0F18 SS=0F18 CS=0E06 IP=0ADA NV UP EI PL ZR NA PE NC
0E06:0ADA 75D6              JNZ     0AB2
AX=0001 BX=0020 CX=0002 DX=0002 SP=0B04 BP=0B0A SI=0140 DI=0005
DS=0F18 ES=0F18 SS=0F18 CS=0E06 IP=0ADC NV UP EI PL ZR NA PE NC
0E06:0ADC F6440683          TEST    BYTE PTR [SI+06],83              DS:0146=00
AX=0001 BX=0020 CX=0002 DX=0002 SP=0B04 BP=0B0A SI=0140 DI=0005
DS=0F18 ES=0F18 SS=0F18 CS=0E06 IP=0AE0 NV UP EI PL ZR NA PE NC
0E06:0AE0 74D0              JZ      0AB2
AX=0001 BX=0020 CX=0002 DX=0002 SP=0B04 BP=0B0A SI=0140 DI=0005
DS=0F18 ES=0F18 SS=0F18 CS=0E06 IP=0AB2 NV UP EI PL ZR NA PE NC
0E06:0AB2 837E0400          CMP     WORD PTR [BP+04],+00           SS:0B0E=0001
AX=0001 BX=0020 CX=0002 DX=0002 SP=0B04 BP=0B0A SI=0140 DI=0005
DS=0F18 ES=0F18 SS=0F18 CS=0E06 IP=0AB6 NV UP EI PL NZ NA PO NC
0E06:0AB6 7515              JNZ     0ACD
AX=0001 BX=0020 CX=0002 DX=0002 SP=0B04 BP=0B0A SI=0140 DI=0005
DS=0F18 ES=0F18 SS=0F18 CS=0E06 IP=0ACD NV UP EI PL NZ NA PO NC
0E06:0ACD 83C608            ADD     SI,+08
AX=0001 BX=0020 CX=0002 DX=0002 SP=0B04 BP=0B0A SI=0148 DI=0005
DS=0F18 ES=0F18 SS=0F18 CS=0E06 IP=0AD0 NV UP EI PL NZ NA PE NC
0E06:0AD0 39362802          CMP     [0228],SI                      DS:0228=0180
AX=0001 BX=0020 CX=0002 DX=0002 SP=0B04 BP=0B0A SI=0148 DI=0005
DS=0F18 ES=0F18 SS=0F18 CS=0E06 IP=0AD4 NV UP EI PL NZ AC PO NC
0E06:0AD4 721A              JB      0AF0
AX=0001 BX=0020 CX=0002 DX=0002 SP=0B04 BP=0B0A SI=0148 DI=0005
DS=0F18 ES=0F18 SS=0F18 CS=0E06 IP=0AD6 NV UP EI PL NZ AC PO NC
0E06:0AD6 837E0401          CMP     WORD PTR [BP+04],+01           SS:0B0E=0001
AX=0001 BX=0020 CX=0002 DX=0002 SP=0B04 BP=0B0A SI=0148 DI=0005
DS=0F18 ES=0F18 SS=0F18 CS=0E06 IP=0ADA NV UP EI PL ZR NA PE NC
0E06:0ADA 75D6              JNZ     0AB2
AX=0001 BX=0020 CX=0002 DX=0002 SP=0B04 BP=0B0A SI=0148 DI=0005
DS=0F18 ES=0F18 SS=0F18 CS=0E06 IP=0ADC NV UP EI PL ZR NA PE NC
0E06:0ADC F6440683          TEST    BYTE PTR [SI+06],83              DS:014E=00
AX=0001 BX=0020 CX=0002 DX=0002 SP=0B04 BP=0B0A SI=0148 DI=0005
DS=0F18 ES=0F18 SS=0F18 CS=0E06 IP=0AE0 NV UP EI PL ZR NA PE NC
0E06:0AE0 74D0              JZ      0AB2
AX=0001 BX=0020 CX=0002 DX=0002 SP=0B04 BP=0B0A SI=0148 DI=0005
DS=0F18 ES=0F18 SS=0F18 CS=0E06 IP=0AB2 NV UP EI PL ZR NA PE NC
0E06:0AB2 837E0400          CMP     WORD PTR [BP+04],+00           SS:0B0E=0001
AX=0001 BX=0020 CX=0002 DX=0002 SP=0B04 BP=0B0A SI=0148 DI=0005
DS=0F18 ES=0F18 SS=0F18 CS=0E06 IP=0AB6 NV UP EI PL NZ NA PO NC
0E06:0AB6 7515              JNZ     0ACD
AX=0001 BX=0020 CX=0002 DX=0002 SP=0B04 BP=0B0A SI=0148 DI=0005
DS=0F18 ES=0F18 SS=0F18 CS=0E06 IP=0ACD NV UP EI PL NZ NA PO NC
0E06:0ACD 83C608            ADD     SI,+08
AX=0001 BX=0020 CX=0002 DX=0002 SP=0B04 BP=0B0A SI=0150 DI=0005
DS=0F18 ES=0F18 SS=0F18 CS=0E06 IP=0AD0 NV UP EI PL NZ AC PE NC
0E06:0AD0 39362802          CMP     [0228],SI                      DS:0228=0180
AX=0001 BX=0020 CX=0002 DX=0002 SP=0B04 BP=0B0A SI=0150 DI=0005
DS=0F18 ES=0F18 SS=0F18 CS=0E06 IP=0AD4 NV UP EI PL NZ NA PE NC
0E06:0AD4 721A              JB      0AF0
AX=0001 BX=0020 CX=0002 DX=0002 SP=0B04 BP=0B0A SI=0150 DI=0005
DS=0F18 ES=0F18 SS=0F18 CS=0E06 IP=0AD6 NV UP EI PL NZ NA PE NC
0E06:0AD6 837E0401          CMP     WORD PTR [BP+04],+01           SS:0B0E=0001
AX=0001 BX=0020 CX=0002 DX=0002 SP=0B04 BP=0B0A SI=0150 DI=0005
DS=0F18 ES=0F18 SS=0F18 CS=0E06 IP=0ADA NV UP EI PL ZR NA PE NC
0E06:0ADA 75D6              JNZ     0AB2
AX=0001 BX=0020 CX=0002 DX=0002 SP=0B04 BP=0B0A SI=0150 DI=0005
DS=0F18 ES=0F18 SS=0F18 CS=0E06 IP=0ADC NV UP EI PL ZR NA PE NC
0E06:0ADC F6440683          TEST    BYTE PTR [SI+06],83              DS:0156=00
AX=0001 BX=0020 CX=0002 DX=0002 SP=0B04 BP=0B0A SI=0150 DI=0005
DS=0F18 ES=0F18 SS=0F18 CS=0E06 IP=0AE0 NV UP EI PL ZR NA PE NC
0E06:0AE0 74D0              JZ      0AB2
AX=0001 BX=0020 CX=0002 DX=0002 SP=0B04 BP=0B0A SI=0150 DI=0005
DS=0F18 ES=0F18 SS=0F18 CS=0E06 IP=0AB2 NV UP EI PL ZR NA PE NC
0E06:0AB2 837E0400          CMP     WORD PTR [BP+04],+00           SS:0B0E=0001
AX=0001 BX=0020 CX=0002 DX=0002 SP=0B04 BP=0B0A SI=0150 DI=0005
DS=0F18 ES=0F18 SS=0F18 CS=0E06 IP=0AB6 NV UP EI PL NZ NA PO NC
0E06:0AB6 7515              JNZ     0ACD
AX=0001 BX=0020 CX=0002 DX=0002 SP=0B04 BP=0B0A SI=0150 DI=0005
DS=0F18 ES=0F18 SS=0F18 CS=0E06 IP=0ACD NV UP EI PL NZ NA PO NC
0E06:0ACD 83C608            ADD     SI,+08
AX=0001 BX=0020 CX=0002 DX=0002 SP=0B04 BP=0B0A SI=0158 DI=0005
DS=0F18 ES=0F18 SS=0F18 CS=0E06 IP=0AD0 NV UP EI PL NZ NA PO NC
0E06:0AD0 39362802          CMP     [0228],SI                      DS:0228=0180
AX=0001 BX=0020 CX=0002 DX=0002 SP=0B04 BP=0B0A SI=0158 DI=0005
DS=0F18 ES=0F18 SS=0F18 CS=0E06 IP=0AD4 NV UP EI PL NZ AC PE NC
0E06:0AD4 721A              JB      0AF0
AX=0001 BX=0020 CX=0002 DX=0002 SP=0B04 BP=0B0A SI=0158 DI=0005
DS=0F18 ES=0F18 SS=0F18 CS=0E06 IP=0AD6 NV UP EI PL NZ AC PE NC
0E06:0AD6 837E0401          CMP     WORD PTR [BP+04],+01           SS:0B0E=0001
AX=0001 BX=0020 CX=0002 DX=0002 SP=0B04 BP=0B0A SI=0158 DI=0005
DS=0F18 ES=0F18 SS=0F18 CS=0E06 IP=0ADA NV UP EI PL ZR NA PE NC
0E06:0ADA 75D6              JNZ     0AB2
AX=0001 BX=0020 CX=0002 DX=0002 SP=0B04 BP=0B0A SI=0158 DI=0005
DS=0F18 ES=0F18 SS=0F18 CS=0E06 IP=0ADC NV UP EI PL ZR NA PE NC
0E06:0ADC F6440683          TEST    BYTE PTR [SI+06],83              DS:015E=00
AX=0001 BX=0020 CX=0002 DX=0002 SP=0B04 BP=0B0A SI=0158 DI=0005
DS=0F18 ES=0F18 SS=0F18 CS=0E06 IP=0AE0 NV UP EI PL ZR NA PE NC
0E06:0AE0 74D0              JZ      0AB2
AX=0001 BX=0020 CX=0002 DX=0002 SP=0B04 BP=0B0A SI=0158 DI=0005
DS=0F18 ES=0F18 SS=0F18 CS=0E06 IP=0AB2 NV UP EI PL ZR NA PE NC
0E06:0AB2 837E0400          CMP     WORD PTR [BP+04],+00           SS:0B0E=0001
AX=0001 BX=0020 CX=0002 DX=0002 SP=0B04 BP=0B0A SI=0158 DI=0005
DS=0F18 ES=0F18 SS=0F18 CS=0E06 IP=0AB6 NV UP EI PL NZ NA PO NC
0E06:0AB6 7515              JNZ     0ACD
AX=0001 BX=0020 CX=0002 DX=0002 SP=0B04 BP=0B0A SI=0158 DI=0005
DS=0F18 ES=0F18 SS=0F18 CS=0E06 IP=0ACD NV UP EI PL NZ NA PO NC
0E06:0ACD 83C608            ADD     SI,+08
AX=0001 BX=0020 CX=0002 DX=0002 SP=0B04 BP=0B0A SI=0160 DI=0005
DS=0F18 ES=0F18 SS=0F18 CS=0E06 IP=0AD0 NV UP EI PL NZ AC PE NC
0E06:0AD0 39362802          CMP     [0228],SI                      DS:0228=0180
AX=0001 BX=0020 CX=0002 DX=0002 SP=0B04 BP=0B0A SI=0160 DI=0005
DS=0F18 ES=0F18 SS=0F18 CS=0E06 IP=0AD4 NV UP EI PL NZ NA PO NC
0E06:0AD4 721A              JB      0AF0
AX=0001 BX=0020 CX=0002 DX=0002 SP=0B04 BP=0B0A SI=0160 DI=0005
DS=0F18 ES=0F18 SS=0F18 CS=0E06 IP=0AD6 NV UP EI PL NZ NA PO NC
0E06:0AD6 837E0401          CMP     WORD PTR [BP+04],+01           SS:0B0E=0001
AX=0001 BX=0020 CX=0002 DX=0002 SP=0B04 BP=0B0A SI=0160 DI=0005
DS=0F18 ES=0F18 SS=0F18 CS=0E06 IP=0ADA NV UP EI PL ZR NA PE NC
0E06:0ADA 75D6              JNZ     0AB2
AX=0001 BX=0020 CX=0002 DX=0002 SP=0B04 BP=0B0A SI=0160 DI=0005
DS=0F18 ES=0F18 SS=0F18 CS=0E06 IP=0ADC NV UP EI PL ZR NA PE NC
0E06:0ADC F6440683          TEST    BYTE PTR [SI+06],83              DS:0166=00
AX=0001 BX=0020 CX=0002 DX=0002 SP=0B04 BP=0B0A SI=0160 DI=0005
DS=0F18 ES=0F18 SS=0F18 CS=0E06 IP=0AE0 NV UP EI PL ZR NA PE NC
0E06:0AE0 74D0              JZ      0AB2
AX=0001 BX=0020 CX=0002 DX=0002 SP=0B04 BP=0B0A SI=0160 DI=0005
DS=0F18 ES=0F18 SS=0F18 CS=0E06 IP=0AB2 NV UP EI PL ZR NA PE NC
0E06:0AB2 837E0400          CMP     WORD PTR [BP+04],+00           SS:0B0E=0001
AX=0001 BX=0020 CX=0002 DX=0002 SP=0B04 BP=0B0A SI=0160 DI=0005
DS=0F18 ES=0F18 SS=0F18 CS=0E06 IP=0AB6 NV UP EI PL NZ NA PO NC
0E06:0AB6 7515              JNZ     0ACD
AX=0001 BX=0020 CX=0002 DX=0002 SP=0B04 BP=0B0A SI=0160 DI=0005
DS=0F18 ES=0F18 SS=0F18 CS=0E06 IP=0ACD NV UP EI PL NZ NA PO NC
0E06:0ACD 83C608            ADD     SI,+08
AX=0001 BX=0020 CX=0002 DX=0002 SP=0B04 BP=0B0A SI=0168 DI=0005
DS=0F18 ES=0F18 SS=0F18 CS=0E06 IP=0AD0 NV UP EI PL NZ NA PO NC
0E06:0AD0 39362802          CMP     [0228],SI                      DS:0228=0180
AX=0001 BX=0020 CX=0002 DX=0002 SP=0B04 BP=0B0A SI=0168 DI=0005
DS=0F18 ES=0F18 SS=0F18 CS=0E06 IP=0AD4 NV UP EI PL NZ AC PE NC
0E06:0AD4 721A              JB      0AF0
AX=0001 BX=0020 CX=0002 DX=0002 SP=0B04 BP=0B0A SI=0168 DI=0005
DS=0F18 ES=0F18 SS=0F18 CS=0E06 IP=0AD6 NV UP EI PL NZ AC PE NC
0E06:0AD6 837E0401          CMP     WORD PTR [BP+04],+01           SS:0B0E=0001
AX=0001 BX=0020 CX=0002 DX=0002 SP=0B04 BP=0B0A SI=0168 DI=0005
DS=0F18 ES=0F18 SS=0F18 CS=0E06 IP=0ADA NV UP EI PL ZR NA PE NC
0E06:0ADA 75D6              JNZ     0AB2
AX=0001 BX=0020 CX=0002 DX=0002 SP=0B04 BP=0B0A SI=0168 DI=0005
DS=0F18 ES=0F18 SS=0F18 CS=0E06 IP=0ADC NV UP EI PL ZR NA PE NC
0E06:0ADC F6440683          TEST    BYTE PTR [SI+06],83              DS:016E=00
AX=0001 BX=0020 CX=0002 DX=0002 SP=0B04 BP=0B0A SI=0168 DI=0005
DS=0F18 ES=0F18 SS=0F18 CS=0E06 IP=0AE0 NV UP EI PL ZR NA PE NC
0E06:0AE0 74D0              JZ      0AB2
AX=0001 BX=0020 CX=0002 DX=0002 SP=0B04 BP=0B0A SI=0168 DI=0005
DS=0F18 ES=0F18 SS=0F18 CS=0E06 IP=0AB2 NV UP EI PL ZR NA PE NC
0E06:0AB2 837E0400          CMP     WORD PTR [BP+04],+00           SS:0B0E=0001
AX=0001 BX=0020 CX=0002 DX=0002 SP=0B04 BP=0B0A SI=0168 DI=0005
DS=0F18 ES=0F18 SS=0F18 CS=0E06 IP=0AB6 NV UP EI PL NZ NA PO NC
0E06:0AB6 7515              JNZ     0ACD
AX=0001 BX=0020 CX=0002 DX=0002 SP=0B04 BP=0B0A SI=0168 DI=0005
DS=0F18 ES=0F18 SS=0F18 CS=0E06 IP=0ACD NV UP EI PL NZ NA PO NC
0E06:0ACD 83C608            ADD     SI,+08
AX=0001 BX=0020 CX=0002 DX=0002 SP=0B04 BP=0B0A SI=0170 DI=0005
DS=0F18 ES=0F18 SS=0F18 CS=0E06 IP=0AD0 NV UP EI PL NZ AC PO NC
0E06:0AD0 39362802          CMP     [0228],SI                      DS:0228=0180
AX=0001 BX=0020 CX=0002 DX=0002 SP=0B04 BP=0B0A SI=0170 DI=0005
DS=0F18 ES=0F18 SS=0F18 CS=0E06 IP=0AD4 NV UP EI PL NZ NA PO NC
0E06:0AD4 721A              JB      0AF0
AX=0001 BX=0020 CX=0002 DX=0002 SP=0B04 BP=0B0A SI=0170 DI=0005
DS=0F18 ES=0F18 SS=0F18 CS=0E06 IP=0AD6 NV UP EI PL NZ NA PO NC
0E06:0AD6 837E0401          CMP     WORD PTR [BP+04],+01           SS:0B0E=0001
AX=0001 BX=0020 CX=0002 DX=0002 SP=0B04 BP=0B0A SI=0170 DI=0005
DS=0F18 ES=0F18 SS=0F18 CS=0E06 IP=0ADA NV UP EI PL ZR NA PE NC
0E06:0ADA 75D6              JNZ     0AB2
AX=0001 BX=0020 CX=0002 DX=0002 SP=0B04 BP=0B0A SI=0170 DI=0005
DS=0F18 ES=0F18 SS=0F18 CS=0E06 IP=0ADC NV UP EI PL ZR NA PE NC
0E06:0ADC F6440683          TEST    BYTE PTR [SI+06],83              DS:0176=00
AX=0001 BX=0020 CX=0002 DX=0002 SP=0B04 BP=0B0A SI=0170 DI=0005
DS=0F18 ES=0F18 SS=0F18 CS=0E06 IP=0AE0 NV UP EI PL ZR NA PE NC
0E06:0AE0 74D0              JZ      0AB2
AX=0001 BX=0020 CX=0002 DX=0002 SP=0B04 BP=0B0A SI=0170 DI=0005
DS=0F18 ES=0F18 SS=0F18 CS=0E06 IP=0AB2 NV UP EI PL ZR NA PE NC
0E06:0AB2 837E0400          CMP     WORD PTR [BP+04],+00           SS:0B0E=0001
AX=0001 BX=0020 CX=0002 DX=0002 SP=0B04 BP=0B0A SI=0170 DI=0005
DS=0F18 ES=0F18 SS=0F18 CS=0E06 IP=0AB6 NV UP EI PL NZ NA PO NC
0E06:0AB6 7515              JNZ     0ACD
AX=0001 BX=0020 CX=0002 DX=0002 SP=0B04 BP=0B0A SI=0170 DI=0005
DS=0F18 ES=0F18 SS=0F18 CS=0E06 IP=0ACD NV UP EI PL NZ NA PO NC
0E06:0ACD 83C608            ADD     SI,+08
AX=0001 BX=0020 CX=0002 DX=0002 SP=0B04 BP=0B0A SI=0178 DI=0005
DS=0F18 ES=0F18 SS=0F18 CS=0E06 IP=0AD0 NV UP EI PL NZ NA PE NC
0E06:0AD0 39362802          CMP     [0228],SI                      DS:0228=0180
AX=0001 BX=0020 CX=0002 DX=0002 SP=0B04 BP=0B0A SI=0178 DI=0005
DS=0F18 ES=0F18 SS=0F18 CS=0E06 IP=0AD4 NV UP EI PL NZ AC PO NC
0E06:0AD4 721A              JB      0AF0
AX=0001 BX=0020 CX=0002 DX=0002 SP=0B04 BP=0B0A SI=0178 DI=0005
DS=0F18 ES=0F18 SS=0F18 CS=0E06 IP=0AD6 NV UP EI PL NZ AC PO NC
0E06:0AD6 837E0401          CMP     WORD PTR [BP+04],+01           SS:0B0E=0001
AX=0001 BX=0020 CX=0002 DX=0002 SP=0B04 BP=0B0A SI=0178 DI=0005
DS=0F18 ES=0F18 SS=0F18 CS=0E06 IP=0ADA NV UP EI PL ZR NA PE NC
0E06:0ADA 75D6              JNZ     0AB2
AX=0001 BX=0020 CX=0002 DX=0002 SP=0B04 BP=0B0A SI=0178 DI=0005
DS=0F18 ES=0F18 SS=0F18 CS=0E06 IP=0ADC NV UP EI PL ZR NA PE NC
0E06:0ADC F6440683          TEST    BYTE PTR [SI+06],83              DS:017E=00
AX=0001 BX=0020 CX=0002 DX=0002 SP=0B04 BP=0B0A SI=0178 DI=0005
DS=0F18 ES=0F18 SS=0F18 CS=0E06 IP=0AE0 NV UP EI PL ZR NA PE NC
0E06:0AE0 74D0              JZ      0AB2
AX=0001 BX=0020 CX=0002 DX=0002 SP=0B04 BP=0B0A SI=0178 DI=0005
DS=0F18 ES=0F18 SS=0F18 CS=0E06 IP=0AB2 NV UP EI PL ZR NA PE NC
0E06:0AB2 837E0400          CMP     WORD PTR [BP+04],+00           SS:0B0E=0001
AX=0001 BX=0020 CX=0002 DX=0002 SP=0B04 BP=0B0A SI=0178 DI=0005
DS=0F18 ES=0F18 SS=0F18 CS=0E06 IP=0AB6 NV UP EI PL NZ NA PO NC
0E06:0AB6 7515              JNZ     0ACD
AX=0001 BX=0020 CX=0002 DX=0002 SP=0B04 BP=0B0A SI=0178 DI=0005
DS=0F18 ES=0F18 SS=0F18 CS=0E06 IP=0ACD NV UP EI PL NZ NA PO NC
0E06:0ACD 83C608            ADD     SI,+08
AX=0001 BX=0020 CX=0002 DX=0002 SP=0B04 BP=0B0A SI=0180 DI=0005
DS=0F18 ES=0F18 SS=0F18 CS=0E06 IP=0AD0 NV UP EI PL NZ AC PO NC
0E06:0AD0 39362802          CMP     [0228],SI                      DS:0228=0180
AX=0001 BX=0020 CX=0002 DX=0002 SP=0B04 BP=0B0A SI=0180 DI=0005
DS=0F18 ES=0F18 SS=0F18 CS=0E06 IP=0AD4 NV UP EI PL ZR NA PE NC
0E06:0AD4 721A              JB      0AF0
AX=0001 BX=0020 CX=0002 DX=0002 SP=0B04 BP=0B0A SI=0180 DI=0005
DS=0F18 ES=0F18 SS=0F18 CS=0E06 IP=0AD6 NV UP EI PL ZR NA PE NC
0E06:0AD6 837E0401          CMP     WORD PTR [BP+04],+01           SS:0B0E=0001
AX=0001 BX=0020 CX=0002 DX=0002 SP=0B04 BP=0B0A SI=0180 DI=0005
DS=0F18 ES=0F18 SS=0F18 CS=0E06 IP=0ADA NV UP EI PL ZR NA PE NC
0E06:0ADA 75D6              JNZ     0AB2
AX=0001 BX=0020 CX=0002 DX=0002 SP=0B04 BP=0B0A SI=0180 DI=0005
DS=0F18 ES=0F18 SS=0F18 CS=0E06 IP=0ADC NV UP EI PL ZR NA PE NC
0E06:0ADC F6440683          TEST    BYTE PTR [SI+06],83              DS:0186=00
AX=0001 BX=0020 CX=0002 DX=0002 SP=0B04 BP=0B0A SI=0180 DI=0005
DS=0F18 ES=0F18 SS=0F18 CS=0E06 IP=0AE0 NV UP EI PL ZR NA PE NC
0E06:0AE0 74D0              JZ      0AB2
AX=0001 BX=0020 CX=0002 DX=0002 SP=0B04 BP=0B0A SI=0180 DI=0005
DS=0F18 ES=0F18 SS=0F18 CS=0E06 IP=0AB2 NV UP EI PL ZR NA PE NC
0E06:0AB2 837E0400          CMP     WORD PTR [BP+04],+00           SS:0B0E=0001
AX=0001 BX=0020 CX=0002 DX=0002 SP=0B04 BP=0B0A SI=0180 DI=0005
DS=0F18 ES=0F18 SS=0F18 CS=0E06 IP=0AB6 NV UP EI PL NZ NA PO NC
0E06:0AB6 7515              JNZ     0ACD
AX=0001 BX=0020 CX=0002 DX=0002 SP=0B04 BP=0B0A SI=0180 DI=0005
DS=0F18 ES=0F18 SS=0F18 CS=0E06 IP=0ACD NV UP EI PL NZ NA PO NC
0E06:0ACD 83C608            ADD     SI,+08
AX=0001 BX=0020 CX=0002 DX=0002 SP=0B04 BP=0B0A SI=0188 DI=0005
DS=0F18 ES=0F18 SS=0F18 CS=0E06 IP=0AD0 NV UP EI PL NZ NA PE NC
0E06:0AD0 39362802          CMP     [0228],SI                      DS:0228=0180
AX=0001 BX=0020 CX=0002 DX=0002 SP=0B04 BP=0B0A SI=0188 DI=0005
DS=0F18 ES=0F18 SS=0F18 CS=0E06 IP=0AD4 NV UP EI NG NZ AC PO CY
0E06:0AD4 721A              JB      0AF0
AX=0001 BX=0020 CX=0002 DX=0002 SP=0B04 BP=0B0A SI=0188 DI=0005
DS=0F18 ES=0F18 SS=0F18 CS=0E06 IP=0AF0 NV UP EI NG NZ AC PO CY
0E06:0AF0 837E0401          CMP     WORD PTR [BP+04],+01           SS:0B0E=0001
AX=0001 BX=0020 CX=0002 DX=0002 SP=0B04 BP=0B0A SI=0188 DI=0005
DS=0F18 ES=0F18 SS=0F18 CS=0E06 IP=0AF4 NV UP EI PL ZR NA PE NC
0E06:0AF4 7504              JNZ     0AFA
AX=0001 BX=0020 CX=0002 DX=0002 SP=0B04 BP=0B0A SI=0188 DI=0005
DS=0F18 ES=0F18 SS=0F18 CS=0E06 IP=0AF6 NV UP EI PL ZR NA PE NC
0E06:0AF6 8BC7              MOV     AX,DI
AX=0005 BX=0020 CX=0002 DX=0002 SP=0B04 BP=0B0A SI=0188 DI=0005
DS=0F18 ES=0F18 SS=0F18 CS=0E06 IP=0AF8 NV UP EI PL ZR NA PE NC
0E06:0AF8 EB03              JMP     0AFD
AX=0005 BX=0020 CX=0002 DX=0002 SP=0B04 BP=0B0A SI=0188 DI=0005
DS=0F18 ES=0F18 SS=0F18 CS=0E06 IP=0AFD NV UP EI PL ZR NA PE NC
0E06:0AFD 5E                POP     SI
AX=0005 BX=0020 CX=0002 DX=0002 SP=0B06 BP=0B0A SI=0252 DI=0005
DS=0F18 ES=0F18 SS=0F18 CS=0E06 IP=0AFE NV UP EI PL ZR NA PE NC
0E06:0AFE 5F                POP     DI
AX=0005 BX=0020 CX=0002 DX=0002 SP=0B08 BP=0B0A SI=0252 DI=0252
DS=0F18 ES=0F18 SS=0F18 CS=0E06 IP=0AFF NV UP EI PL ZR NA PE NC
0E06:0AFF 8BE5              MOV     SP,BP
AX=0005 BX=0020 CX=0002 DX=0002 SP=0B0A BP=0B0A SI=0252 DI=0252
DS=0F18 ES=0F18 SS=0F18 CS=0E06 IP=0B01 NV UP EI PL ZR NA PE NC
0E06:0B01 5D                POP     BP
AX=0005 BX=0020 CX=0002 DX=0002 SP=0B0C BP=0B12 SI=0252 DI=0252
DS=0F18 ES=0F18 SS=0F18 CS=0E06 IP=0B02 NV UP EI PL ZR NA PE NC
0E06:0B02 C20200            RET     0002
AX=0005 BX=0020 CX=0002 DX=0002 SP=0B10 BP=0B12 SI=0252 DI=0252
DS=0F18 ES=0F18 SS=0F18 CS=0E06 IP=0A9F NV UP EI PL ZR NA PE NC
0E06:0A9F C3                RET
AX=0005 BX=0020 CX=0002 DX=0002 SP=0B12 BP=0B12 SI=0252 DI=0252
DS=0F18 ES=0F18 SS=0F18 CS=0E06 IP=07CC NV UP EI PL ZR NA PE NC
0E06:07CC A0C500            MOV     AL,[00C5]                        DS:00C5=00
AX=0000 BX=0020 CX=0002 DX=0002 SP=0B12 BP=0B12 SI=0252 DI=0252
DS=0F18 ES=0F18 SS=0F18 CS=0E06 IP=07CF NV UP EI PL ZR NA PE NC
0E06:07CF 0AC0              OR      AL,AL
AX=0000 BX=0020 CX=0002 DX=0002 SP=0B12 BP=0B12 SI=0252 DI=0252
DS=0F18 ES=0F18 SS=0F18 CS=0E06 IP=07D1 NV UP EI PL ZR NA PE NC
0E06:07D1 7403              JZ      07D6
AX=0000 BX=0020 CX=0002 DX=0002 SP=0B12 BP=0B12 SI=0252 DI=0252
DS=0F18 ES=0F18 SS=0F18 CS=0E06 IP=07D6 NV UP EI PL ZR NA PE NC
0E06:07D6 5D                POP     BP
AX=0000 BX=0020 CX=0002 DX=0002 SP=0B14 BP=0B1A SI=0252 DI=0252
DS=0F18 ES=0F18 SS=0F18 CS=0E06 IP=07D7 NV UP EI PL ZR NA PE NC
0E06:07D7 C3                RET
AX=0000 BX=0020 CX=0002 DX=0002 SP=0B16 BP=0B1A SI=0252 DI=0252
DS=0F18 ES=0F18 SS=0F18 CS=0E06 IP=02B3 NV UP EI PL ZR NA PE NC
0E06:02B3 EBF2              JMP     02A7
AX=0000 BX=0020 CX=0002 DX=0002 SP=0B16 BP=0B1A SI=0252 DI=0252
DS=0F18 ES=0F18 SS=0F18 CS=0E06 IP=02A7 NV UP EI PL ZR NA PE NC
0E06:02A7 3BF7              CMP     SI,DI
AX=0000 BX=0020 CX=0002 DX=0002 SP=0B16 BP=0B1A SI=0252 DI=0252
DS=0F18 ES=0F18 SS=0F18 CS=0E06 IP=02A9 NV UP EI PL ZR NA PE NC
0E06:02A9 730A              JAE     02B5
AX=0000 BX=0020 CX=0002 DX=0002 SP=0B16 BP=0B1A SI=0252 DI=0252
DS=0F18 ES=0F18 SS=0F18 CS=0E06 IP=02B5 NV UP EI PL ZR NA PE NC
0E06:02B5 C3                RET
AX=0000 BX=0020 CX=0002 DX=0002 SP=0B18 BP=0B1A SI=0252 DI=0252
DS=0F18 ES=0F18 SS=0F18 CS=0E06 IP=0245 NV UP EI PL ZR NA PE NC
0E06:0245 813E3802D6D6      CMP     WORD PTR [0238],D6D6           DS:0238=0000
AX=0000 BX=0020 CX=0002 DX=0002 SP=0B18 BP=0B1A SI=0252 DI=0252
DS=0F18 ES=0F18 SS=0F18 CS=0E06 IP=024B NV UP EI PL NZ AC PO CY
0E06:024B 7504              JNZ     0251
AX=0000 BX=0020 CX=0002 DX=0002 SP=0B18 BP=0B1A SI=0252 DI=0252
DS=0F18 ES=0F18 SS=0F18 CS=0E06 IP=0251 NV UP EI PL NZ AC PO CY
0E06:0251 BE5402            MOV     SI,0254
AX=0000 BX=0020 CX=0002 DX=0002 SP=0B18 BP=0B1A SI=0254 DI=0252
DS=0F18 ES=0F18 SS=0F18 CS=0E06 IP=0254 NV UP EI PL NZ AC PO CY
0E06:0254 BF5402            MOV     DI,0254
AX=0000 BX=0020 CX=0002 DX=0002 SP=0B18 BP=0B1A SI=0254 DI=0254
DS=0F18 ES=0F18 SS=0F18 CS=0E06 IP=0257 NV UP EI PL NZ AC PO CY
0E06:0257 E84D00            CALL    02A7
AX=0000 BX=0020 CX=0002 DX=0002 SP=0B16 BP=0B1A SI=0254 DI=0254
DS=0F18 ES=0F18 SS=0F18 CS=0E06 IP=02A7 NV UP EI PL NZ AC PO CY
0E06:02A7 3BF7              CMP     SI,DI
AX=0000 BX=0020 CX=0002 DX=0002 SP=0B16 BP=0B1A SI=0254 DI=0254
DS=0F18 ES=0F18 SS=0F18 CS=0E06 IP=02A9 NV UP EI PL ZR NA PE NC
0E06:02A9 730A              JAE     02B5
AX=0000 BX=0020 CX=0002 DX=0002 SP=0B16 BP=0B1A SI=0254 DI=0254
DS=0F18 ES=0F18 SS=0F18 CS=0E06 IP=02B5 NV UP EI PL ZR NA PE NC
0E06:02B5 C3                RET
AX=0000 BX=0020 CX=0002 DX=0002 SP=0B18 BP=0B1A SI=0254 DI=0254
DS=0F18 ES=0F18 SS=0F18 CS=0E06 IP=025A NV UP EI PL ZR NA PE NC
0E06:025A BE5402            MOV     SI,0254
AX=0000 BX=0020 CX=0002 DX=0002 SP=0B18 BP=0B1A SI=0254 DI=0254
DS=0F18 ES=0F18 SS=0F18 CS=0E06 IP=025D NV UP EI PL ZR NA PE NC
0E06:025D BF5402            MOV     DI,0254
AX=0000 BX=0020 CX=0002 DX=0002 SP=0B18 BP=0B1A SI=0254 DI=0254
DS=0F18 ES=0F18 SS=0F18 CS=0E06 IP=0260 NV UP EI PL ZR NA PE NC
0E06:0260 E85300            CALL    02B6
AX=0000 BX=0020 CX=0002 DX=0002 SP=0B16 BP=0B1A SI=0254 DI=0254
DS=0F18 ES=0F18 SS=0F18 CS=0E06 IP=02B6 NV UP EI PL ZR NA PE NC
0E06:02B6 3BF7              CMP     SI,DI
AX=0000 BX=0020 CX=0002 DX=0002 SP=0B16 BP=0B1A SI=0254 DI=0254
DS=0F18 ES=0F18 SS=0F18 CS=0E06 IP=02B8 NV UP EI PL ZR NA PE NC
0E06:02B8 730E              JAE     02C8
AX=0000 BX=0020 CX=0002 DX=0002 SP=0B16 BP=0B1A SI=0254 DI=0254
DS=0F18 ES=0F18 SS=0F18 CS=0E06 IP=02C8 NV UP EI PL ZR NA PE NC
0E06:02C8 C3                RET
AX=0000 BX=0020 CX=0002 DX=0002 SP=0B18 BP=0B1A SI=0254 DI=0254
DS=0F18 ES=0F18 SS=0F18 CS=0E06 IP=0263 NV UP EI PL ZR NA PE NC
0E06:0263 E8A200            CALL    0308
AX=0000 BX=0020 CX=0002 DX=0002 SP=0B16 BP=0B1A SI=0254 DI=0254
DS=0F18 ES=0F18 SS=0F18 CS=0E06 IP=0308 NV UP EI PL ZR NA PE NC
0E06:0308 56                PUSH    SI
AX=0000 BX=0020 CX=0002 DX=0002 SP=0B14 BP=0B1A SI=0254 DI=0254
DS=0F18 ES=0F18 SS=0F18 CS=0E06 IP=0309 NV UP EI PL ZR NA PE NC
0E06:0309 33F6              XOR     SI,SI
AX=0000 BX=0020 CX=0002 DX=0002 SP=0B14 BP=0B1A SI=0000 DI=0254
DS=0F18 ES=0F18 SS=0F18 CS=0E06 IP=030B NV UP EI PL ZR NA PE NC
0E06:030B B94200            MOV     CX,0042
AX=0000 BX=0020 CX=0042 DX=0002 SP=0B14 BP=0B1A SI=0000 DI=0254
DS=0F18 ES=0F18 SS=0F18 CS=0E06 IP=030E NV UP EI PL ZR NA PE NC
0E06:030E 32E4              XOR     AH,AH
AX=0000 BX=0020 CX=0042 DX=0002 SP=0B14 BP=0B1A SI=0000 DI=0254
DS=0F18 ES=0F18 SS=0F18 CS=0E06 IP=0310 NV UP EI PL ZR NA PE NC
0E06:0310 FC                CLD
AX=0000 BX=0020 CX=0042 DX=0002 SP=0B14 BP=0B1A SI=0000 DI=0254
DS=0F18 ES=0F18 SS=0F18 CS=0E06 IP=0311 NV UP EI PL ZR NA PE NC
0E06:0311 AC                LODSB
AX=0000 BX=0020 CX=0042 DX=0002 SP=0B14 BP=0B1A SI=0001 DI=0254
DS=0F18 ES=0F18 SS=0F18 CS=0E06 IP=0312 NV UP EI PL ZR NA PE NC
0E06:0312 32E0              XOR     AH,AL
AX=0000 BX=0020 CX=0042 DX=0002 SP=0B14 BP=0B1A SI=0001 DI=0254
DS=0F18 ES=0F18 SS=0F18 CS=0E06 IP=0314 NV UP EI PL ZR NA PE NC
0E06:0314 E2FB              LOOPW   0311
AX=0000 BX=0020 CX=0041 DX=0002 SP=0B14 BP=0B1A SI=0001 DI=0254
DS=0F18 ES=0F18 SS=0F18 CS=0E06 IP=0311 NV UP EI PL ZR NA PE NC
0E06:0311 AC                LODSB
AX=0000 BX=0020 CX=0041 DX=0002 SP=0B14 BP=0B1A SI=0002 DI=0254
DS=0F18 ES=0F18 SS=0F18 CS=0E06 IP=0312 NV UP EI PL ZR NA PE NC
0E06:0312 32E0              XOR     AH,AL
AX=0000 BX=0020 CX=0041 DX=0002 SP=0B14 BP=0B1A SI=0002 DI=0254
DS=0F18 ES=0F18 SS=0F18 CS=0E06 IP=0314 NV UP EI PL ZR NA PE NC
0E06:0314 E2FB              LOOPW   0311
AX=0000 BX=0020 CX=0040 DX=0002 SP=0B14 BP=0B1A SI=0002 DI=0254
DS=0F18 ES=0F18 SS=0F18 CS=0E06 IP=0311 NV UP EI PL ZR NA PE NC
0E06:0311 AC                LODSB
AX=0000 BX=0020 CX=0040 DX=0002 SP=0B14 BP=0B1A SI=0003 DI=0254
DS=0F18 ES=0F18 SS=0F18 CS=0E06 IP=0312 NV UP EI PL ZR NA PE NC
0E06:0312 32E0              XOR     AH,AL
AX=0000 BX=0020 CX=0040 DX=0002 SP=0B14 BP=0B1A SI=0003 DI=0254
DS=0F18 ES=0F18 SS=0F18 CS=0E06 IP=0314 NV UP EI PL ZR NA PE NC
0E06:0314 E2FB              LOOPW   0311
AX=0000 BX=0020 CX=003F DX=0002 SP=0B14 BP=0B1A SI=0003 DI=0254
DS=0F18 ES=0F18 SS=0F18 CS=0E06 IP=0311 NV UP EI PL ZR NA PE NC
0E06:0311 AC                LODSB
AX=0000 BX=0020 CX=003F DX=0002 SP=0B14 BP=0B1A SI=0004 DI=0254
DS=0F18 ES=0F18 SS=0F18 CS=0E06 IP=0312 NV UP EI PL ZR NA PE NC
0E06:0312 32E0              XOR     AH,AL
AX=0000 BX=0020 CX=003F DX=0002 SP=0B14 BP=0B1A SI=0004 DI=0254
DS=0F18 ES=0F18 SS=0F18 CS=0E06 IP=0314 NV UP EI PL ZR NA PE NC
0E06:0314 E2FB              LOOPW   0311
AX=0000 BX=0020 CX=003E DX=0002 SP=0B14 BP=0B1A SI=0004 DI=0254
DS=0F18 ES=0F18 SS=0F18 CS=0E06 IP=0311 NV UP EI PL ZR NA PE NC
0E06:0311 AC                LODSB
AX=0000 BX=0020 CX=003E DX=0002 SP=0B14 BP=0B1A SI=0005 DI=0254
DS=0F18 ES=0F18 SS=0F18 CS=0E06 IP=0312 NV UP EI PL ZR NA PE NC
0E06:0312 32E0              XOR     AH,AL
AX=0000 BX=0020 CX=003E DX=0002 SP=0B14 BP=0B1A SI=0005 DI=0254
DS=0F18 ES=0F18 SS=0F18 CS=0E06 IP=0314 NV UP EI PL ZR NA PE NC
0E06:0314 E2FB              LOOPW   0311
AX=0000 BX=0020 CX=003D DX=0002 SP=0B14 BP=0B1A SI=0005 DI=0254
DS=0F18 ES=0F18 SS=0F18 CS=0E06 IP=0311 NV UP EI PL ZR NA PE NC
0E06:0311 AC                LODSB
AX=0000 BX=0020 CX=003D DX=0002 SP=0B14 BP=0B1A SI=0006 DI=0254
DS=0F18 ES=0F18 SS=0F18 CS=0E06 IP=0312 NV UP EI PL ZR NA PE NC
0E06:0312 32E0              XOR     AH,AL
AX=0000 BX=0020 CX=003D DX=0002 SP=0B14 BP=0B1A SI=0006 DI=0254
DS=0F18 ES=0F18 SS=0F18 CS=0E06 IP=0314 NV UP EI PL ZR NA PE NC
0E06:0314 E2FB              LOOPW   0311
AX=0000 BX=0020 CX=003C DX=0002 SP=0B14 BP=0B1A SI=0006 DI=0254
DS=0F18 ES=0F18 SS=0F18 CS=0E06 IP=0311 NV UP EI PL ZR NA PE NC
0E06:0311 AC                LODSB
AX=0000 BX=0020 CX=003C DX=0002 SP=0B14 BP=0B1A SI=0007 DI=0254
DS=0F18 ES=0F18 SS=0F18 CS=0E06 IP=0312 NV UP EI PL ZR NA PE NC
0E06:0312 32E0              XOR     AH,AL
AX=0000 BX=0020 CX=003C DX=0002 SP=0B14 BP=0B1A SI=0007 DI=0254
DS=0F18 ES=0F18 SS=0F18 CS=0E06 IP=0314 NV UP EI PL ZR NA PE NC
0E06:0314 E2FB              LOOPW   0311
AX=0000 BX=0020 CX=003B DX=0002 SP=0B14 BP=0B1A SI=0007 DI=0254
DS=0F18 ES=0F18 SS=0F18 CS=0E06 IP=0311 NV UP EI PL ZR NA PE NC
0E06:0311 AC                LODSB
AX=0000 BX=0020 CX=003B DX=0002 SP=0B14 BP=0B1A SI=0008 DI=0254
DS=0F18 ES=0F18 SS=0F18 CS=0E06 IP=0312 NV UP EI PL ZR NA PE NC
0E06:0312 32E0              XOR     AH,AL
AX=0000 BX=0020 CX=003B DX=0002 SP=0B14 BP=0B1A SI=0008 DI=0254
DS=0F18 ES=0F18 SS=0F18 CS=0E06 IP=0314 NV UP EI PL ZR NA PE NC
0E06:0314 E2FB              LOOPW   0311
AX=0000 BX=0020 CX=003A DX=0002 SP=0B14 BP=0B1A SI=0008 DI=0254
DS=0F18 ES=0F18 SS=0F18 CS=0E06 IP=0311 NV UP EI PL ZR NA PE NC
0E06:0311 AC                LODSB
AX=004D BX=0020 CX=003A DX=0002 SP=0B14 BP=0B1A SI=0009 DI=0254
DS=0F18 ES=0F18 SS=0F18 CS=0E06 IP=0312 NV UP EI PL ZR NA PE NC
0E06:0312 32E0              XOR     AH,AL
AX=4D4D BX=0020 CX=003A DX=0002 SP=0B14 BP=0B1A SI=0009 DI=0254
DS=0F18 ES=0F18 SS=0F18 CS=0E06 IP=0314 NV UP EI PL NZ NA PE NC
0E06:0314 E2FB              LOOPW   0311
AX=4D4D BX=0020 CX=0039 DX=0002 SP=0B14 BP=0B1A SI=0009 DI=0254
DS=0F18 ES=0F18 SS=0F18 CS=0E06 IP=0311 NV UP EI PL NZ NA PE NC
0E06:0311 AC                LODSB
AX=4D53 BX=0020 CX=0039 DX=0002 SP=0B14 BP=0B1A SI=000A DI=0254
DS=0F18 ES=0F18 SS=0F18 CS=0E06 IP=0312 NV UP EI PL NZ NA PE NC
0E06:0312 32E0              XOR     AH,AL
AX=1E53 BX=0020 CX=0039 DX=0002 SP=0B14 BP=0B1A SI=000A DI=0254
DS=0F18 ES=0F18 SS=0F18 CS=0E06 IP=0314 NV UP EI PL NZ NA PE NC
0E06:0314 E2FB              LOOPW   0311
AX=1E53 BX=0020 CX=0038 DX=0002 SP=0B14 BP=0B1A SI=000A DI=0254
DS=0F18 ES=0F18 SS=0F18 CS=0E06 IP=0311 NV UP EI PL NZ NA PE NC
0E06:0311 AC                LODSB
AX=1E20 BX=0020 CX=0038 DX=0002 SP=0B14 BP=0B1A SI=000B DI=0254
DS=0F18 ES=0F18 SS=0F18 CS=0E06 IP=0312 NV UP EI PL NZ NA PE NC
0E06:0312 32E0              XOR     AH,AL
AX=3E20 BX=0020 CX=0038 DX=0002 SP=0B14 BP=0B1A SI=000B DI=0254
DS=0F18 ES=0F18 SS=0F18 CS=0E06 IP=0314 NV UP EI PL NZ NA PO NC
0E06:0314 E2FB              LOOPW   0311
AX=3E20 BX=0020 CX=0037 DX=0002 SP=0B14 BP=0B1A SI=000B DI=0254
DS=0F18 ES=0F18 SS=0F18 CS=0E06 IP=0311 NV UP EI PL NZ NA PO NC
0E06:0311 AC                LODSB
AX=3E52 BX=0020 CX=0037 DX=0002 SP=0B14 BP=0B1A SI=000C DI=0254
DS=0F18 ES=0F18 SS=0F18 CS=0E06 IP=0312 NV UP EI PL NZ NA PO NC
0E06:0312 32E0              XOR     AH,AL
AX=6C52 BX=0020 CX=0037 DX=0002 SP=0B14 BP=0B1A SI=000C DI=0254
DS=0F18 ES=0F18 SS=0F18 CS=0E06 IP=0314 NV UP EI PL NZ NA PE NC
0E06:0314 E2FB              LOOPW   0311
AX=6C52 BX=0020 CX=0036 DX=0002 SP=0B14 BP=0B1A SI=000C DI=0254
DS=0F18 ES=0F18 SS=0F18 CS=0E06 IP=0311 NV UP EI PL NZ NA PE NC
0E06:0311 AC                LODSB
AX=6C75 BX=0020 CX=0036 DX=0002 SP=0B14 BP=0B1A SI=000D DI=0254
DS=0F18 ES=0F18 SS=0F18 CS=0E06 IP=0312 NV UP EI PL NZ NA PE NC
0E06:0312 32E0              XOR     AH,AL
AX=1975 BX=0020 CX=0036 DX=0002 SP=0B14 BP=0B1A SI=000D DI=0254
DS=0F18 ES=0F18 SS=0F18 CS=0E06 IP=0314 NV UP EI PL NZ NA PO NC
0E06:0314 E2FB              LOOPW   0311
AX=1975 BX=0020 CX=0035 DX=0002 SP=0B14 BP=0B1A SI=000D DI=0254
DS=0F18 ES=0F18 SS=0F18 CS=0E06 IP=0311 NV UP EI PL NZ NA PO NC
0E06:0311 AC                LODSB
AX=196E BX=0020 CX=0035 DX=0002 SP=0B14 BP=0B1A SI=000E DI=0254
DS=0F18 ES=0F18 SS=0F18 CS=0E06 IP=0312 NV UP EI PL NZ NA PO NC
0E06:0312 32E0              XOR     AH,AL
AX=776E BX=0020 CX=0035 DX=0002 SP=0B14 BP=0B1A SI=000E DI=0254
DS=0F18 ES=0F18 SS=0F18 CS=0E06 IP=0314 NV UP EI PL NZ NA PE NC
0E06:0314 E2FB              LOOPW   0311
AX=776E BX=0020 CX=0034 DX=0002 SP=0B14 BP=0B1A SI=000E DI=0254
DS=0F18 ES=0F18 SS=0F18 CS=0E06 IP=0311 NV UP EI PL NZ NA PE NC
0E06:0311 AC                LODSB
AX=772D BX=0020 CX=0034 DX=0002 SP=0B14 BP=0B1A SI=000F DI=0254
DS=0F18 ES=0F18 SS=0F18 CS=0E06 IP=0312 NV UP EI PL NZ NA PE NC
0E06:0312 32E0              XOR     AH,AL
AX=5A2D BX=0020 CX=0034 DX=0002 SP=0B14 BP=0B1A SI=000F DI=0254
DS=0F18 ES=0F18 SS=0F18 CS=0E06 IP=0314 NV UP EI PL NZ NA PE NC
0E06:0314 E2FB              LOOPW   0311
AX=5A2D BX=0020 CX=0033 DX=0002 SP=0B14 BP=0B1A SI=000F DI=0254
DS=0F18 ES=0F18 SS=0F18 CS=0E06 IP=0311 NV UP EI PL NZ NA PE NC
0E06:0311 AC                LODSB
AX=5A54 BX=0020 CX=0033 DX=0002 SP=0B14 BP=0B1A SI=0010 DI=0254
DS=0F18 ES=0F18 SS=0F18 CS=0E06 IP=0312 NV UP EI PL NZ NA PE NC
0E06:0312 32E0              XOR     AH,AL
AX=0E54 BX=0020 CX=0033 DX=0002 SP=0B14 BP=0B1A SI=0010 DI=0254
DS=0F18 ES=0F18 SS=0F18 CS=0E06 IP=0314 NV UP EI PL NZ NA PO NC
0E06:0314 E2FB              LOOPW   0311
AX=0E54 BX=0020 CX=0032 DX=0002 SP=0B14 BP=0B1A SI=0010 DI=0254
DS=0F18 ES=0F18 SS=0F18 CS=0E06 IP=0311 NV UP EI PL NZ NA PO NC
0E06:0311 AC                LODSB
AX=0E69 BX=0020 CX=0032 DX=0002 SP=0B14 BP=0B1A SI=0011 DI=0254
DS=0F18 ES=0F18 SS=0F18 CS=0E06 IP=0312 NV UP EI PL NZ NA PO NC
0E06:0312 32E0              XOR     AH,AL
AX=6769 BX=0020 CX=0032 DX=0002 SP=0B14 BP=0B1A SI=0011 DI=0254
DS=0F18 ES=0F18 SS=0F18 CS=0E06 IP=0314 NV UP EI PL NZ NA PO NC
0E06:0314 E2FB              LOOPW   0311
AX=6769 BX=0020 CX=0031 DX=0002 SP=0B14 BP=0B1A SI=0011 DI=0254
DS=0F18 ES=0F18 SS=0F18 CS=0E06 IP=0311 NV UP EI PL NZ NA PO NC
0E06:0311 AC                LODSB
AX=676D BX=0020 CX=0031 DX=0002 SP=0B14 BP=0B1A SI=0012 DI=0254
DS=0F18 ES=0F18 SS=0F18 CS=0E06 IP=0312 NV UP EI PL NZ NA PO NC
0E06:0312 32E0              XOR     AH,AL
AX=0A6D BX=0020 CX=0031 DX=0002 SP=0B14 BP=0B1A SI=0012 DI=0254
DS=0F18 ES=0F18 SS=0F18 CS=0E06 IP=0314 NV UP EI PL NZ NA PE NC
0E06:0314 E2FB              LOOPW   0311
AX=0A6D BX=0020 CX=0030 DX=0002 SP=0B14 BP=0B1A SI=0012 DI=0254
DS=0F18 ES=0F18 SS=0F18 CS=0E06 IP=0311 NV UP EI PL NZ NA PE NC
0E06:0311 AC                LODSB
AX=0A65 BX=0020 CX=0030 DX=0002 SP=0B14 BP=0B1A SI=0013 DI=0254
DS=0F18 ES=0F18 SS=0F18 CS=0E06 IP=0312 NV UP EI PL NZ NA PE NC
0E06:0312 32E0              XOR     AH,AL
AX=6F65 BX=0020 CX=0030 DX=0002 SP=0B14 BP=0B1A SI=0013 DI=0254
DS=0F18 ES=0F18 SS=0F18 CS=0E06 IP=0314 NV UP EI PL NZ NA PE NC
0E06:0314 E2FB              LOOPW   0311
AX=6F65 BX=0020 CX=002F DX=0002 SP=0B14 BP=0B1A SI=0013 DI=0254
DS=0F18 ES=0F18 SS=0F18 CS=0E06 IP=0311 NV UP EI PL NZ NA PE NC
0E06:0311 AC                LODSB
AX=6F20 BX=0020 CX=002F DX=0002 SP=0B14 BP=0B1A SI=0014 DI=0254
DS=0F18 ES=0F18 SS=0F18 CS=0E06 IP=0312 NV UP EI PL NZ NA PE NC
0E06:0312 32E0              XOR     AH,AL
AX=4F20 BX=0020 CX=002F DX=0002 SP=0B14 BP=0B1A SI=0014 DI=0254
DS=0F18 ES=0F18 SS=0F18 CS=0E06 IP=0314 NV UP EI PL NZ NA PO NC
0E06:0314 E2FB              LOOPW   0311
AX=4F20 BX=0020 CX=002E DX=0002 SP=0B14 BP=0B1A SI=0014 DI=0254
DS=0F18 ES=0F18 SS=0F18 CS=0E06 IP=0311 NV UP EI PL NZ NA PO NC
0E06:0311 AC                LODSB
AX=4F4C BX=0020 CX=002E DX=0002 SP=0B14 BP=0B1A SI=0015 DI=0254
DS=0F18 ES=0F18 SS=0F18 CS=0E06 IP=0312 NV UP EI PL NZ NA PO NC
0E06:0312 32E0              XOR     AH,AL
AX=034C BX=0020 CX=002E DX=0002 SP=0B14 BP=0B1A SI=0015 DI=0254
DS=0F18 ES=0F18 SS=0F18 CS=0E06 IP=0314 NV UP EI PL NZ NA PE NC
0E06:0314 E2FB              LOOPW   0311
AX=034C BX=0020 CX=002D DX=0002 SP=0B14 BP=0B1A SI=0015 DI=0254
DS=0F18 ES=0F18 SS=0F18 CS=0E06 IP=0311 NV UP EI PL NZ NA PE NC
0E06:0311 AC                LODSB
AX=0369 BX=0020 CX=002D DX=0002 SP=0B14 BP=0B1A SI=0016 DI=0254
DS=0F18 ES=0F18 SS=0F18 CS=0E06 IP=0312 NV UP EI PL NZ NA PE NC
0E06:0312 32E0              XOR     AH,AL
AX=6A69 BX=0020 CX=002D DX=0002 SP=0B14 BP=0B1A SI=0016 DI=0254
DS=0F18 ES=0F18 SS=0F18 CS=0E06 IP=0314 NV UP EI PL NZ NA PE NC
0E06:0314 E2FB              LOOPW   0311
AX=6A69 BX=0020 CX=002C DX=0002 SP=0B14 BP=0B1A SI=0016 DI=0254
DS=0F18 ES=0F18 SS=0F18 CS=0E06 IP=0311 NV UP EI PL NZ NA PE NC
0E06:0311 AC                LODSB
AX=6A62 BX=0020 CX=002C DX=0002 SP=0B14 BP=0B1A SI=0017 DI=0254
DS=0F18 ES=0F18 SS=0F18 CS=0E06 IP=0312 NV UP EI PL NZ NA PE NC
0E06:0312 32E0              XOR     AH,AL
AX=0862 BX=0020 CX=002C DX=0002 SP=0B14 BP=0B1A SI=0017 DI=0254
DS=0F18 ES=0F18 SS=0F18 CS=0E06 IP=0314 NV UP EI PL NZ NA PO NC
0E06:0314 E2FB              LOOPW   0311
AX=0862 BX=0020 CX=002B DX=0002 SP=0B14 BP=0B1A SI=0017 DI=0254
DS=0F18 ES=0F18 SS=0F18 CS=0E06 IP=0311 NV UP EI PL NZ NA PO NC
0E06:0311 AC                LODSB
AX=0872 BX=0020 CX=002B DX=0002 SP=0B14 BP=0B1A SI=0018 DI=0254
DS=0F18 ES=0F18 SS=0F18 CS=0E06 IP=0312 NV UP EI PL NZ NA PO NC
0E06:0312 32E0              XOR     AH,AL
AX=7A72 BX=0020 CX=002B DX=0002 SP=0B14 BP=0B1A SI=0018 DI=0254
DS=0F18 ES=0F18 SS=0F18 CS=0E06 IP=0314 NV UP EI PL NZ NA PO NC
0E06:0314 E2FB              LOOPW   0311
AX=7A72 BX=0020 CX=002A DX=0002 SP=0B14 BP=0B1A SI=0018 DI=0254
DS=0F18 ES=0F18 SS=0F18 CS=0E06 IP=0311 NV UP EI PL NZ NA PO NC
0E06:0311 AC                LODSB
AX=7A61 BX=0020 CX=002A DX=0002 SP=0B14 BP=0B1A SI=0019 DI=0254
DS=0F18 ES=0F18 SS=0F18 CS=0E06 IP=0312 NV UP EI PL NZ NA PO NC
0E06:0312 32E0              XOR     AH,AL
AX=1B61 BX=0020 CX=002A DX=0002 SP=0B14 BP=0B1A SI=0019 DI=0254
DS=0F18 ES=0F18 SS=0F18 CS=0E06 IP=0314 NV UP EI PL NZ NA PE NC
0E06:0314 E2FB              LOOPW   0311
AX=1B61 BX=0020 CX=0029 DX=0002 SP=0B14 BP=0B1A SI=0019 DI=0254
DS=0F18 ES=0F18 SS=0F18 CS=0E06 IP=0311 NV UP EI PL NZ NA PE NC
0E06:0311 AC                LODSB
AX=1B72 BX=0020 CX=0029 DX=0002 SP=0B14 BP=0B1A SI=001A DI=0254
DS=0F18 ES=0F18 SS=0F18 CS=0E06 IP=0312 NV UP EI PL NZ NA PE NC
0E06:0312 32E0              XOR     AH,AL
AX=6972 BX=0020 CX=0029 DX=0002 SP=0B14 BP=0B1A SI=001A DI=0254
DS=0F18 ES=0F18 SS=0F18 CS=0E06 IP=0314 NV UP EI PL NZ NA PE NC
0E06:0314 E2FB              LOOPW   0311
AX=6972 BX=0020 CX=0028 DX=0002 SP=0B14 BP=0B1A SI=001A DI=0254
DS=0F18 ES=0F18 SS=0F18 CS=0E06 IP=0311 NV UP EI PL NZ NA PE NC
0E06:0311 AC                LODSB
AX=6979 BX=0020 CX=0028 DX=0002 SP=0B14 BP=0B1A SI=001B DI=0254
DS=0F18 ES=0F18 SS=0F18 CS=0E06 IP=0312 NV UP EI PL NZ NA PE NC
0E06:0312 32E0              XOR     AH,AL
AX=1079 BX=0020 CX=0028 DX=0002 SP=0B14 BP=0B1A SI=001B DI=0254
DS=0F18 ES=0F18 SS=0F18 CS=0E06 IP=0314 NV UP EI PL NZ NA PO NC
0E06:0314 E2FB              LOOPW   0311
AX=1079 BX=0020 CX=0027 DX=0002 SP=0B14 BP=0B1A SI=001B DI=0254
DS=0F18 ES=0F18 SS=0F18 CS=0E06 IP=0311 NV UP EI PL NZ NA PO NC
0E06:0311 AC                LODSB
AX=1020 BX=0020 CX=0027 DX=0002 SP=0B14 BP=0B1A SI=001C DI=0254
DS=0F18 ES=0F18 SS=0F18 CS=0E06 IP=0312 NV UP EI PL NZ NA PO NC
0E06:0312 32E0              XOR     AH,AL
AX=3020 BX=0020 CX=0027 DX=0002 SP=0B14 BP=0B1A SI=001C DI=0254
DS=0F18 ES=0F18 SS=0F18 CS=0E06 IP=0314 NV UP EI PL NZ NA PE NC
0E06:0314 E2FB              LOOPW   0311
AX=3020 BX=0020 CX=0026 DX=0002 SP=0B14 BP=0B1A SI=001C DI=0254
DS=0F18 ES=0F18 SS=0F18 CS=0E06 IP=0311 NV UP EI PL NZ NA PE NC
0E06:0311 AC                LODSB
AX=302D BX=0020 CX=0026 DX=0002 SP=0B14 BP=0B1A SI=001D DI=0254
DS=0F18 ES=0F18 SS=0F18 CS=0E06 IP=0312 NV UP EI PL NZ NA PE NC
0E06:0312 32E0              XOR     AH,AL
AX=1D2D BX=0020 CX=0026 DX=0002 SP=0B14 BP=0B1A SI=001D DI=0254
DS=0F18 ES=0F18 SS=0F18 CS=0E06 IP=0314 NV UP EI PL NZ NA PE NC
0E06:0314 E2FB              LOOPW   0311
AX=1D2D BX=0020 CX=0025 DX=0002 SP=0B14 BP=0B1A SI=001D DI=0254
DS=0F18 ES=0F18 SS=0F18 CS=0E06 IP=0311 NV UP EI PL NZ NA PE NC
0E06:0311 AC                LODSB
AX=1D20 BX=0020 CX=0025 DX=0002 SP=0B14 BP=0B1A SI=001E DI=0254
DS=0F18 ES=0F18 SS=0F18 CS=0E06 IP=0312 NV UP EI PL NZ NA PE NC
0E06:0312 32E0              XOR     AH,AL
AX=3D20 BX=0020 CX=0025 DX=0002 SP=0B14 BP=0B1A SI=001E DI=0254
DS=0F18 ES=0F18 SS=0F18 CS=0E06 IP=0314 NV UP EI PL NZ NA PO NC
0E06:0314 E2FB              LOOPW   0311
AX=3D20 BX=0020 CX=0024 DX=0002 SP=0B14 BP=0B1A SI=001E DI=0254
DS=0F18 ES=0F18 SS=0F18 CS=0E06 IP=0311 NV UP EI PL NZ NA PO NC
0E06:0311 AC                LODSB
AX=3D43 BX=0020 CX=0024 DX=0002 SP=0B14 BP=0B1A SI=001F DI=0254
DS=0F18 ES=0F18 SS=0F18 CS=0E06 IP=0312 NV UP EI PL NZ NA PO NC
0E06:0312 32E0              XOR     AH,AL
AX=7E43 BX=0020 CX=0024 DX=0002 SP=0B14 BP=0B1A SI=001F DI=0254
DS=0F18 ES=0F18 SS=0F18 CS=0E06 IP=0314 NV UP EI PL NZ NA PE NC
0E06:0314 E2FB              LOOPW   0311
AX=7E43 BX=0020 CX=0023 DX=0002 SP=0B14 BP=0B1A SI=001F DI=0254
DS=0F18 ES=0F18 SS=0F18 CS=0E06 IP=0311 NV UP EI PL NZ NA PE NC
0E06:0311 AC                LODSB
AX=7E6F BX=0020 CX=0023 DX=0002 SP=0B14 BP=0B1A SI=0020 DI=0254
DS=0F18 ES=0F18 SS=0F18 CS=0E06 IP=0312 NV UP EI PL NZ NA PE NC
0E06:0312 32E0              XOR     AH,AL
AX=116F BX=0020 CX=0023 DX=0002 SP=0B14 BP=0B1A SI=0020 DI=0254
DS=0F18 ES=0F18 SS=0F18 CS=0E06 IP=0314 NV UP EI PL NZ NA PE NC
0E06:0314 E2FB              LOOPW   0311
AX=116F BX=0020 CX=0022 DX=0002 SP=0B14 BP=0B1A SI=0020 DI=0254
DS=0F18 ES=0F18 SS=0F18 CS=0E06 IP=0311 NV UP EI PL NZ NA PE NC
0E06:0311 AC                LODSB
AX=1170 BX=0020 CX=0022 DX=0002 SP=0B14 BP=0B1A SI=0021 DI=0254
DS=0F18 ES=0F18 SS=0F18 CS=0E06 IP=0312 NV UP EI PL NZ NA PE NC
0E06:0312 32E0              XOR     AH,AL
AX=6170 BX=0020 CX=0022 DX=0002 SP=0B14 BP=0B1A SI=0021 DI=0254
DS=0F18 ES=0F18 SS=0F18 CS=0E06 IP=0314 NV UP EI PL NZ NA PO NC
0E06:0314 E2FB              LOOPW   0311
AX=6170 BX=0020 CX=0021 DX=0002 SP=0B14 BP=0B1A SI=0021 DI=0254
DS=0F18 ES=0F18 SS=0F18 CS=0E06 IP=0311 NV UP EI PL NZ NA PO NC
0E06:0311 AC                LODSB
AX=6179 BX=0020 CX=0021 DX=0002 SP=0B14 BP=0B1A SI=0022 DI=0254
DS=0F18 ES=0F18 SS=0F18 CS=0E06 IP=0312 NV UP EI PL NZ NA PO NC
0E06:0312 32E0              XOR     AH,AL
AX=1879 BX=0020 CX=0021 DX=0002 SP=0B14 BP=0B1A SI=0022 DI=0254
DS=0F18 ES=0F18 SS=0F18 CS=0E06 IP=0314 NV UP EI PL NZ NA PE NC
0E06:0314 E2FB              LOOPW   0311
AX=1879 BX=0020 CX=0020 DX=0002 SP=0B14 BP=0B1A SI=0022 DI=0254
DS=0F18 ES=0F18 SS=0F18 CS=0E06 IP=0311 NV UP EI PL NZ NA PE NC
0E06:0311 AC                LODSB
AX=1872 BX=0020 CX=0020 DX=0002 SP=0B14 BP=0B1A SI=0023 DI=0254
DS=0F18 ES=0F18 SS=0F18 CS=0E06 IP=0312 NV UP EI PL NZ NA PE NC
0E06:0312 32E0              XOR     AH,AL
AX=6A72 BX=0020 CX=0020 DX=0002 SP=0B14 BP=0B1A SI=0023 DI=0254
DS=0F18 ES=0F18 SS=0F18 CS=0E06 IP=0314 NV UP EI PL NZ NA PE NC
0E06:0314 E2FB              LOOPW   0311
AX=6A72 BX=0020 CX=001F DX=0002 SP=0B14 BP=0B1A SI=0023 DI=0254
DS=0F18 ES=0F18 SS=0F18 CS=0E06 IP=0311 NV UP EI PL NZ NA PE NC
0E06:0311 AC                LODSB
AX=6A69 BX=0020 CX=001F DX=0002 SP=0B14 BP=0B1A SI=0024 DI=0254
DS=0F18 ES=0F18 SS=0F18 CS=0E06 IP=0312 NV UP EI PL NZ NA PE NC
0E06:0312 32E0              XOR     AH,AL
AX=0369 BX=0020 CX=001F DX=0002 SP=0B14 BP=0B1A SI=0024 DI=0254
DS=0F18 ES=0F18 SS=0F18 CS=0E06 IP=0314 NV UP EI PL NZ NA PE NC
0E06:0314 E2FB              LOOPW   0311
AX=0369 BX=0020 CX=001E DX=0002 SP=0B14 BP=0B1A SI=0024 DI=0254
DS=0F18 ES=0F18 SS=0F18 CS=0E06 IP=0311 NV UP EI PL NZ NA PE NC
0E06:0311 AC                LODSB
AX=0367 BX=0020 CX=001E DX=0002 SP=0B14 BP=0B1A SI=0025 DI=0254
DS=0F18 ES=0F18 SS=0F18 CS=0E06 IP=0312 NV UP EI PL NZ NA PE NC
0E06:0312 32E0              XOR     AH,AL
AX=6467 BX=0020 CX=001E DX=0002 SP=0B14 BP=0B1A SI=0025 DI=0254
DS=0F18 ES=0F18 SS=0F18 CS=0E06 IP=0314 NV UP EI PL NZ NA PO NC
0E06:0314 E2FB              LOOPW   0311
AX=6467 BX=0020 CX=001D DX=0002 SP=0B14 BP=0B1A SI=0025 DI=0254
DS=0F18 ES=0F18 SS=0F18 CS=0E06 IP=0311 NV UP EI PL NZ NA PO NC
0E06:0311 AC                LODSB
AX=6468 BX=0020 CX=001D DX=0002 SP=0B14 BP=0B1A SI=0026 DI=0254
DS=0F18 ES=0F18 SS=0F18 CS=0E06 IP=0312 NV UP EI PL NZ NA PO NC
0E06:0312 32E0              XOR     AH,AL
AX=0C68 BX=0020 CX=001D DX=0002 SP=0B14 BP=0B1A SI=0026 DI=0254
DS=0F18 ES=0F18 SS=0F18 CS=0E06 IP=0314 NV UP EI PL NZ NA PE NC
0E06:0314 E2FB              LOOPW   0311
AX=0C68 BX=0020 CX=001C DX=0002 SP=0B14 BP=0B1A SI=0026 DI=0254
DS=0F18 ES=0F18 SS=0F18 CS=0E06 IP=0311 NV UP EI PL NZ NA PE NC
0E06:0311 AC                LODSB
AX=0C74 BX=0020 CX=001C DX=0002 SP=0B14 BP=0B1A SI=0027 DI=0254
DS=0F18 ES=0F18 SS=0F18 CS=0E06 IP=0312 NV UP EI PL NZ NA PE NC
0E06:0312 32E0              XOR     AH,AL
AX=7874 BX=0020 CX=001C DX=0002 SP=0B14 BP=0B1A SI=0027 DI=0254
DS=0F18 ES=0F18 SS=0F18 CS=0E06 IP=0314 NV UP EI PL NZ NA PE NC
0E06:0314 E2FB              LOOPW   0311
AX=7874 BX=0020 CX=001B DX=0002 SP=0B14 BP=0B1A SI=0027 DI=0254
DS=0F18 ES=0F18 SS=0F18 CS=0E06 IP=0311 NV UP EI PL NZ NA PE NC
0E06:0311 AC                LODSB
AX=7820 BX=0020 CX=001B DX=0002 SP=0B14 BP=0B1A SI=0028 DI=0254
DS=0F18 ES=0F18 SS=0F18 CS=0E06 IP=0312 NV UP EI PL NZ NA PE NC
0E06:0312 32E0              XOR     AH,AL
AX=5820 BX=0020 CX=001B DX=0002 SP=0B14 BP=0B1A SI=0028 DI=0254
DS=0F18 ES=0F18 SS=0F18 CS=0E06 IP=0314 NV UP EI PL NZ NA PO NC
0E06:0314 E2FB              LOOPW   0311
AX=5820 BX=0020 CX=001A DX=0002 SP=0B14 BP=0B1A SI=0028 DI=0254
DS=0F18 ES=0F18 SS=0F18 CS=0E06 IP=0311 NV UP EI PL NZ NA PO NC
0E06:0311 AC                LODSB
AX=5828 BX=0020 CX=001A DX=0002 SP=0B14 BP=0B1A SI=0029 DI=0254
DS=0F18 ES=0F18 SS=0F18 CS=0E06 IP=0312 NV UP EI PL NZ NA PO NC
0E06:0312 32E0              XOR     AH,AL
AX=7028 BX=0020 CX=001A DX=0002 SP=0B14 BP=0B1A SI=0029 DI=0254
DS=0F18 ES=0F18 SS=0F18 CS=0E06 IP=0314 NV UP EI PL NZ NA PO NC
0E06:0314 E2FB              LOOPW   0311
AX=7028 BX=0020 CX=0019 DX=0002 SP=0B14 BP=0B1A SI=0029 DI=0254
DS=0F18 ES=0F18 SS=0F18 CS=0E06 IP=0311 NV UP EI PL NZ NA PO NC
0E06:0311 AC                LODSB
AX=7063 BX=0020 CX=0019 DX=0002 SP=0B14 BP=0B1A SI=002A DI=0254
DS=0F18 ES=0F18 SS=0F18 CS=0E06 IP=0312 NV UP EI PL NZ NA PO NC
0E06:0312 32E0              XOR     AH,AL
AX=1363 BX=0020 CX=0019 DX=0002 SP=0B14 BP=0B1A SI=002A DI=0254
DS=0F18 ES=0F18 SS=0F18 CS=0E06 IP=0314 NV UP EI PL NZ NA PO NC
0E06:0314 E2FB              LOOPW   0311
AX=1363 BX=0020 CX=0018 DX=0002 SP=0B14 BP=0B1A SI=002A DI=0254
DS=0F18 ES=0F18 SS=0F18 CS=0E06 IP=0311 NV UP EI PL NZ NA PO NC
0E06:0311 AC                LODSB
AX=1329 BX=0020 CX=0018 DX=0002 SP=0B14 BP=0B1A SI=002B DI=0254
DS=0F18 ES=0F18 SS=0F18 CS=0E06 IP=0312 NV UP EI PL NZ NA PO NC
0E06:0312 32E0              XOR     AH,AL
AX=3A29 BX=0020 CX=0018 DX=0002 SP=0B14 BP=0B1A SI=002B DI=0254
DS=0F18 ES=0F18 SS=0F18 CS=0E06 IP=0314 NV UP EI PL NZ NA PE NC
0E06:0314 E2FB              LOOPW   0311
AX=3A29 BX=0020 CX=0017 DX=0002 SP=0B14 BP=0B1A SI=002B DI=0254
DS=0F18 ES=0F18 SS=0F18 CS=0E06 IP=0311 NV UP EI PL NZ NA PE NC
0E06:0311 AC                LODSB
AX=3A20 BX=0020 CX=0017 DX=0002 SP=0B14 BP=0B1A SI=002C DI=0254
DS=0F18 ES=0F18 SS=0F18 CS=0E06 IP=0312 NV UP EI PL NZ NA PE NC
0E06:0312 32E0              XOR     AH,AL
AX=1A20 BX=0020 CX=0017 DX=0002 SP=0B14 BP=0B1A SI=002C DI=0254
DS=0F18 ES=0F18 SS=0F18 CS=0E06 IP=0314 NV UP EI PL NZ NA PO NC
0E06:0314 E2FB              LOOPW   0311
AX=1A20 BX=0020 CX=0016 DX=0002 SP=0B14 BP=0B1A SI=002C DI=0254
DS=0F18 ES=0F18 SS=0F18 CS=0E06 IP=0311 NV UP EI PL NZ NA PO NC
0E06:0311 AC                LODSB
AX=1A31 BX=0020 CX=0016 DX=0002 SP=0B14 BP=0B1A SI=002D DI=0254
DS=0F18 ES=0F18 SS=0F18 CS=0E06 IP=0312 NV UP EI PL NZ NA PO NC
0E06:0312 32E0              XOR     AH,AL
AX=2B31 BX=0020 CX=0016 DX=0002 SP=0B14 BP=0B1A SI=002D DI=0254
DS=0F18 ES=0F18 SS=0F18 CS=0E06 IP=0314 NV UP EI PL NZ NA PE NC
0E06:0314 E2FB              LOOPW   0311
AX=2B31 BX=0020 CX=0015 DX=0002 SP=0B14 BP=0B1A SI=002D DI=0254
DS=0F18 ES=0F18 SS=0F18 CS=0E06 IP=0311 NV UP EI PL NZ NA PE NC
0E06:0311 AC                LODSB
AX=2B39 BX=0020 CX=0015 DX=0002 SP=0B14 BP=0B1A SI=002E DI=0254
DS=0F18 ES=0F18 SS=0F18 CS=0E06 IP=0312 NV UP EI PL NZ NA PE NC
0E06:0312 32E0              XOR     AH,AL
AX=1239 BX=0020 CX=0015 DX=0002 SP=0B14 BP=0B1A SI=002E DI=0254
DS=0F18 ES=0F18 SS=0F18 CS=0E06 IP=0314 NV UP EI PL NZ NA PE NC
0E06:0314 E2FB              LOOPW   0311
AX=1239 BX=0020 CX=0014 DX=0002 SP=0B14 BP=0B1A SI=002E DI=0254
DS=0F18 ES=0F18 SS=0F18 CS=0E06 IP=0311 NV UP EI PL NZ NA PE NC
0E06:0311 AC                LODSB
AX=1239 BX=0020 CX=0014 DX=0002 SP=0B14 BP=0B1A SI=002F DI=0254
DS=0F18 ES=0F18 SS=0F18 CS=0E06 IP=0312 NV UP EI PL NZ NA PE NC
0E06:0312 32E0              XOR     AH,AL
AX=2B39 BX=0020 CX=0014 DX=0002 SP=0B14 BP=0B1A SI=002F DI=0254
DS=0F18 ES=0F18 SS=0F18 CS=0E06 IP=0314 NV UP EI PL NZ NA PE NC
0E06:0314 E2FB              LOOPW   0311
AX=2B39 BX=0020 CX=0013 DX=0002 SP=0B14 BP=0B1A SI=002F DI=0254
DS=0F18 ES=0F18 SS=0F18 CS=0E06 IP=0311 NV UP EI PL NZ NA PE NC
0E06:0311 AC                LODSB
AX=2B32 BX=0020 CX=0013 DX=0002 SP=0B14 BP=0B1A SI=0030 DI=0254
DS=0F18 ES=0F18 SS=0F18 CS=0E06 IP=0312 NV UP EI PL NZ NA PE NC
0E06:0312 32E0              XOR     AH,AL
AX=1932 BX=0020 CX=0013 DX=0002 SP=0B14 BP=0B1A SI=0030 DI=0254
DS=0F18 ES=0F18 SS=0F18 CS=0E06 IP=0314 NV UP EI PL NZ NA PO NC
0E06:0314 E2FB              LOOPW   0311
AX=1932 BX=0020 CX=0012 DX=0002 SP=0B14 BP=0B1A SI=0030 DI=0254
DS=0F18 ES=0F18 SS=0F18 CS=0E06 IP=0311 NV UP EI PL NZ NA PO NC
0E06:0311 AC                LODSB
AX=192C BX=0020 CX=0012 DX=0002 SP=0B14 BP=0B1A SI=0031 DI=0254
DS=0F18 ES=0F18 SS=0F18 CS=0E06 IP=0312 NV UP EI PL NZ NA PO NC
0E06:0312 32E0              XOR     AH,AL
AX=352C BX=0020 CX=0012 DX=0002 SP=0B14 BP=0B1A SI=0031 DI=0254
DS=0F18 ES=0F18 SS=0F18 CS=0E06 IP=0314 NV UP EI PL NZ NA PE NC
0E06:0314 E2FB              LOOPW   0311
AX=352C BX=0020 CX=0011 DX=0002 SP=0B14 BP=0B1A SI=0031 DI=0254
DS=0F18 ES=0F18 SS=0F18 CS=0E06 IP=0311 NV UP EI PL NZ NA PE NC
0E06:0311 AC                LODSB
AX=3520 BX=0020 CX=0011 DX=0002 SP=0B14 BP=0B1A SI=0032 DI=0254
DS=0F18 ES=0F18 SS=0F18 CS=0E06 IP=0312 NV UP EI PL NZ NA PE NC
0E06:0312 32E0              XOR     AH,AL
AX=1520 BX=0020 CX=0011 DX=0002 SP=0B14 BP=0B1A SI=0032 DI=0254
DS=0F18 ES=0F18 SS=0F18 CS=0E06 IP=0314 NV UP EI PL NZ NA PO NC
0E06:0314 E2FB              LOOPW   0311
AX=1520 BX=0020 CX=0010 DX=0002 SP=0B14 BP=0B1A SI=0032 DI=0254
DS=0F18 ES=0F18 SS=0F18 CS=0E06 IP=0311 NV UP EI PL NZ NA PO NC
0E06:0311 AC                LODSB
AX=154D BX=0020 CX=0010 DX=0002 SP=0B14 BP=0B1A SI=0033 DI=0254
DS=0F18 ES=0F18 SS=0F18 CS=0E06 IP=0312 NV UP EI PL NZ NA PO NC
0E06:0312 32E0              XOR     AH,AL
AX=584D BX=0020 CX=0010 DX=0002 SP=0B14 BP=0B1A SI=0033 DI=0254
DS=0F18 ES=0F18 SS=0F18 CS=0E06 IP=0314 NV UP EI PL NZ NA PO NC
0E06:0314 E2FB              LOOPW   0311
AX=584D BX=0020 CX=000F DX=0002 SP=0B14 BP=0B1A SI=0033 DI=0254
DS=0F18 ES=0F18 SS=0F18 CS=0E06 IP=0311 NV UP EI PL NZ NA PO NC
0E06:0311 AC                LODSB
AX=5869 BX=0020 CX=000F DX=0002 SP=0B14 BP=0B1A SI=0034 DI=0254
DS=0F18 ES=0F18 SS=0F18 CS=0E06 IP=0312 NV UP EI PL NZ NA PO NC
0E06:0312 32E0              XOR     AH,AL
AX=3169 BX=0020 CX=000F DX=0002 SP=0B14 BP=0B1A SI=0034 DI=0254
DS=0F18 ES=0F18 SS=0F18 CS=0E06 IP=0314 NV UP EI PL NZ NA PO NC
0E06:0314 E2FB              LOOPW   0311
AX=3169 BX=0020 CX=000E DX=0002 SP=0B14 BP=0B1A SI=0034 DI=0254
DS=0F18 ES=0F18 SS=0F18 CS=0E06 IP=0311 NV UP EI PL NZ NA PO NC
0E06:0311 AC                LODSB
AX=3163 BX=0020 CX=000E DX=0002 SP=0B14 BP=0B1A SI=0035 DI=0254
DS=0F18 ES=0F18 SS=0F18 CS=0E06 IP=0312 NV UP EI PL NZ NA PO NC
0E06:0312 32E0              XOR     AH,AL
AX=5263 BX=0020 CX=000E DX=0002 SP=0B14 BP=0B1A SI=0035 DI=0254
DS=0F18 ES=0F18 SS=0F18 CS=0E06 IP=0314 NV UP EI PL NZ NA PO NC
0E06:0314 E2FB              LOOPW   0311
AX=5263 BX=0020 CX=000D DX=0002 SP=0B14 BP=0B1A SI=0035 DI=0254
DS=0F18 ES=0F18 SS=0F18 CS=0E06 IP=0311 NV UP EI PL NZ NA PO NC
0E06:0311 AC                LODSB
AX=5272 BX=0020 CX=000D DX=0002 SP=0B14 BP=0B1A SI=0036 DI=0254
DS=0F18 ES=0F18 SS=0F18 CS=0E06 IP=0312 NV UP EI PL NZ NA PO NC
0E06:0312 32E0              XOR     AH,AL
AX=2072 BX=0020 CX=000D DX=0002 SP=0B14 BP=0B1A SI=0036 DI=0254
DS=0F18 ES=0F18 SS=0F18 CS=0E06 IP=0314 NV UP EI PL NZ NA PO NC
0E06:0314 E2FB              LOOPW   0311
AX=2072 BX=0020 CX=000C DX=0002 SP=0B14 BP=0B1A SI=0036 DI=0254
DS=0F18 ES=0F18 SS=0F18 CS=0E06 IP=0311 NV UP EI PL NZ NA PO NC
0E06:0311 AC                LODSB
AX=206F BX=0020 CX=000C DX=0002 SP=0B14 BP=0B1A SI=0037 DI=0254
DS=0F18 ES=0F18 SS=0F18 CS=0E06 IP=0312 NV UP EI PL NZ NA PO NC
0E06:0312 32E0              XOR     AH,AL
AX=4F6F BX=0020 CX=000C DX=0002 SP=0B14 BP=0B1A SI=0037 DI=0254
DS=0F18 ES=0F18 SS=0F18 CS=0E06 IP=0314 NV UP EI PL NZ NA PO NC
0E06:0314 E2FB              LOOPW   0311
AX=4F6F BX=0020 CX=000B DX=0002 SP=0B14 BP=0B1A SI=0037 DI=0254
DS=0F18 ES=0F18 SS=0F18 CS=0E06 IP=0311 NV UP EI PL NZ NA PO NC
0E06:0311 AC                LODSB
AX=4F73 BX=0020 CX=000B DX=0002 SP=0B14 BP=0B1A SI=0038 DI=0254
DS=0F18 ES=0F18 SS=0F18 CS=0E06 IP=0312 NV UP EI PL NZ NA PO NC
0E06:0312 32E0              XOR     AH,AL
AX=3C73 BX=0020 CX=000B DX=0002 SP=0B14 BP=0B1A SI=0038 DI=0254
DS=0F18 ES=0F18 SS=0F18 CS=0E06 IP=0314 NV UP EI PL NZ NA PE NC
0E06:0314 E2FB              LOOPW   0311
AX=3C73 BX=0020 CX=000A DX=0002 SP=0B14 BP=0B1A SI=0038 DI=0254
DS=0F18 ES=0F18 SS=0F18 CS=0E06 IP=0311 NV UP EI PL NZ NA PE NC
0E06:0311 AC                LODSB
AX=3C6F BX=0020 CX=000A DX=0002 SP=0B14 BP=0B1A SI=0039 DI=0254
DS=0F18 ES=0F18 SS=0F18 CS=0E06 IP=0312 NV UP EI PL NZ NA PE NC
0E06:0312 32E0              XOR     AH,AL
AX=536F BX=0020 CX=000A DX=0002 SP=0B14 BP=0B1A SI=0039 DI=0254
DS=0F18 ES=0F18 SS=0F18 CS=0E06 IP=0314 NV UP EI PL NZ NA PE NC
0E06:0314 E2FB              LOOPW   0311
AX=536F BX=0020 CX=0009 DX=0002 SP=0B14 BP=0B1A SI=0039 DI=0254
DS=0F18 ES=0F18 SS=0F18 CS=0E06 IP=0311 NV UP EI PL NZ NA PE NC
0E06:0311 AC                LODSB
AX=5366 BX=0020 CX=0009 DX=0002 SP=0B14 BP=0B1A SI=003A DI=0254
DS=0F18 ES=0F18 SS=0F18 CS=0E06 IP=0312 NV UP EI PL NZ NA PE NC
0E06:0312 32E0              XOR     AH,AL
AX=3566 BX=0020 CX=0009 DX=0002 SP=0B14 BP=0B1A SI=003A DI=0254
DS=0F18 ES=0F18 SS=0F18 CS=0E06 IP=0314 NV UP EI PL NZ NA PE NC
0E06:0314 E2FB              LOOPW   0311
AX=3566 BX=0020 CX=0008 DX=0002 SP=0B14 BP=0B1A SI=003A DI=0254
DS=0F18 ES=0F18 SS=0F18 CS=0E06 IP=0311 NV UP EI PL NZ NA PE NC
0E06:0311 AC                LODSB
AX=3574 BX=0020 CX=0008 DX=0002 SP=0B14 BP=0B1A SI=003B DI=0254
DS=0F18 ES=0F18 SS=0F18 CS=0E06 IP=0312 NV UP EI PL NZ NA PE NC
0E06:0312 32E0              XOR     AH,AL
AX=4174 BX=0020 CX=0008 DX=0002 SP=0B14 BP=0B1A SI=003B DI=0254
DS=0F18 ES=0F18 SS=0F18 CS=0E06 IP=0314 NV UP EI PL NZ NA PE NC
0E06:0314 E2FB              LOOPW   0311
AX=4174 BX=0020 CX=0007 DX=0002 SP=0B14 BP=0B1A SI=003B DI=0254
DS=0F18 ES=0F18 SS=0F18 CS=0E06 IP=0311 NV UP EI PL NZ NA PE NC
0E06:0311 AC                LODSB
AX=4120 BX=0020 CX=0007 DX=0002 SP=0B14 BP=0B1A SI=003C DI=0254
DS=0F18 ES=0F18 SS=0F18 CS=0E06 IP=0312 NV UP EI PL NZ NA PE NC
0E06:0312 32E0              XOR     AH,AL
AX=6120 BX=0020 CX=0007 DX=0002 SP=0B14 BP=0B1A SI=003C DI=0254
DS=0F18 ES=0F18 SS=0F18 CS=0E06 IP=0314 NV UP EI PL NZ NA PO NC
0E06:0314 E2FB              LOOPW   0311
AX=6120 BX=0020 CX=0006 DX=0002 SP=0B14 BP=0B1A SI=003C DI=0254
DS=0F18 ES=0F18 SS=0F18 CS=0E06 IP=0311 NV UP EI PL NZ NA PO NC
0E06:0311 AC                LODSB
AX=6143 BX=0020 CX=0006 DX=0002 SP=0B14 BP=0B1A SI=003D DI=0254
DS=0F18 ES=0F18 SS=0F18 CS=0E06 IP=0312 NV UP EI PL NZ NA PO NC
0E06:0312 32E0              XOR     AH,AL
AX=2243 BX=0020 CX=0006 DX=0002 SP=0B14 BP=0B1A SI=003D DI=0254
DS=0F18 ES=0F18 SS=0F18 CS=0E06 IP=0314 NV UP EI PL NZ NA PE NC
0E06:0314 E2FB              LOOPW   0311
AX=2243 BX=0020 CX=0005 DX=0002 SP=0B14 BP=0B1A SI=003D DI=0254
DS=0F18 ES=0F18 SS=0F18 CS=0E06 IP=0311 NV UP EI PL NZ NA PE NC
0E06:0311 AC                LODSB
AX=226F BX=0020 CX=0005 DX=0002 SP=0B14 BP=0B1A SI=003E DI=0254
DS=0F18 ES=0F18 SS=0F18 CS=0E06 IP=0312 NV UP EI PL NZ NA PE NC
0E06:0312 32E0              XOR     AH,AL
AX=4D6F BX=0020 CX=0005 DX=0002 SP=0B14 BP=0B1A SI=003E DI=0254
DS=0F18 ES=0F18 SS=0F18 CS=0E06 IP=0314 NV UP EI PL NZ NA PE NC
0E06:0314 E2FB              LOOPW   0311
AX=4D6F BX=0020 CX=0004 DX=0002 SP=0B14 BP=0B1A SI=003E DI=0254
DS=0F18 ES=0F18 SS=0F18 CS=0E06 IP=0311 NV UP EI PL NZ NA PE NC
0E06:0311 AC                LODSB
AX=4D72 BX=0020 CX=0004 DX=0002 SP=0B14 BP=0B1A SI=003F DI=0254
DS=0F18 ES=0F18 SS=0F18 CS=0E06 IP=0312 NV UP EI PL NZ NA PE NC
0E06:0312 32E0              XOR     AH,AL
AX=3F72 BX=0020 CX=0004 DX=0002 SP=0B14 BP=0B1A SI=003F DI=0254
DS=0F18 ES=0F18 SS=0F18 CS=0E06 IP=0314 NV UP EI PL NZ NA PE NC
0E06:0314 E2FB              LOOPW   0311
AX=3F72 BX=0020 CX=0003 DX=0002 SP=0B14 BP=0B1A SI=003F DI=0254
DS=0F18 ES=0F18 SS=0F18 CS=0E06 IP=0311 NV UP EI PL NZ NA PE NC
0E06:0311 AC                LODSB
AX=3F70 BX=0020 CX=0003 DX=0002 SP=0B14 BP=0B1A SI=0040 DI=0254
DS=0F18 ES=0F18 SS=0F18 CS=0E06 IP=0312 NV UP EI PL NZ NA PE NC
0E06:0312 32E0              XOR     AH,AL
AX=4F70 BX=0020 CX=0003 DX=0002 SP=0B14 BP=0B1A SI=0040 DI=0254
DS=0F18 ES=0F18 SS=0F18 CS=0E06 IP=0314 NV UP EI PL NZ NA PO NC
0E06:0314 E2FB              LOOPW   0311
AX=4F70 BX=0020 CX=0002 DX=0002 SP=0B14 BP=0B1A SI=0040 DI=0254
DS=0F18 ES=0F18 SS=0F18 CS=0E06 IP=0311 NV UP EI PL NZ NA PO NC
0E06:0311 AC                LODSB
AX=4F1A BX=0020 CX=0002 DX=0002 SP=0B14 BP=0B1A SI=0041 DI=0254
DS=0F18 ES=0F18 SS=0F18 CS=0E06 IP=0312 NV UP EI PL NZ NA PO NC
0E06:0312 32E0              XOR     AH,AL
AX=551A BX=0020 CX=0002 DX=0002 SP=0B14 BP=0B1A SI=0041 DI=0254
DS=0F18 ES=0F18 SS=0F18 CS=0E06 IP=0314 NV UP EI PL NZ NA PE NC
0E06:0314 E2FB              LOOPW   0311
AX=551A BX=0020 CX=0001 DX=0002 SP=0B14 BP=0B1A SI=0041 DI=0254
DS=0F18 ES=0F18 SS=0F18 CS=0E06 IP=0311 NV UP EI PL NZ NA PE NC
0E06:0311 AC                LODSB
AX=5500 BX=0020 CX=0001 DX=0002 SP=0B14 BP=0B1A SI=0042 DI=0254
DS=0F18 ES=0F18 SS=0F18 CS=0E06 IP=0312 NV UP EI PL NZ NA PE NC
0E06:0312 32E0              XOR     AH,AL
AX=5500 BX=0020 CX=0001 DX=0002 SP=0B14 BP=0B1A SI=0042 DI=0254
DS=0F18 ES=0F18 SS=0F18 CS=0E06 IP=0314 NV UP EI PL NZ NA PE NC
0E06:0314 E2FB              LOOPW   0311
AX=5500 BX=0020 CX=0000 DX=0002 SP=0B14 BP=0B1A SI=0042 DI=0254
DS=0F18 ES=0F18 SS=0F18 CS=0E06 IP=0316 NV UP EI PL NZ NA PE NC
0E06:0316 80F455            XOR     AH,55
AX=0000 BX=0020 CX=0000 DX=0002 SP=0B14 BP=0B1A SI=0042 DI=0254
DS=0F18 ES=0F18 SS=0F18 CS=0E06 IP=0319 NV UP EI PL ZR NA PE NC
0E06:0319 740D              JZ      0328
AX=0000 BX=0020 CX=0000 DX=0002 SP=0B14 BP=0B1A SI=0042 DI=0254
DS=0F18 ES=0F18 SS=0F18 CS=0E06 IP=0328 NV UP EI PL ZR NA PE NC
0E06:0328 5E                POP     SI
AX=0000 BX=0020 CX=0000 DX=0002 SP=0B16 BP=0B1A SI=0254 DI=0254
DS=0F18 ES=0F18 SS=0F18 CS=0E06 IP=0329 NV UP EI PL ZR NA PE NC
0E06:0329 C3                RET
AX=0000 BX=0020 CX=0000 DX=0002 SP=0B18 BP=0B1A SI=0254 DI=0254
DS=0F18 ES=0F18 SS=0F18 CS=0E06 IP=0266 NV UP EI PL ZR NA PE NC
0E06:0266 0BC0              OR      AX,AX
AX=0000 BX=0020 CX=0000 DX=0002 SP=0B18 BP=0B1A SI=0254 DI=0254
DS=0F18 ES=0F18 SS=0F18 CS=0E06 IP=0268 NV UP EI PL ZR NA PE NC
0E06:0268 7411              JZ      027B
AX=0000 BX=0020 CX=0000 DX=0002 SP=0B18 BP=0B1A SI=0254 DI=0254
DS=0F18 ES=0F18 SS=0F18 CS=0E06 IP=027B NV UP EI PL ZR NA PE NC
0E06:027B E81000            CALL    028E
AX=0000 BX=0020 CX=0000 DX=0002 SP=0B16 BP=0B1A SI=0254 DI=0254
DS=0F18 ES=0F18 SS=0F18 CS=0E06 IP=028E NV UP EI PL ZR NA PE NC
0E06:028E 8B0E4802          MOV     CX,[0248]                      DS:0248=0000
AX=0000 BX=0020 CX=0000 DX=0002 SP=0B16 BP=0B1A SI=0254 DI=0254
DS=0F18 ES=0F18 SS=0F18 CS=0E06 IP=0292 NV UP EI PL ZR NA PE NC
0E06:0292 E307              JCXZ    029B
AX=0000 BX=0020 CX=0000 DX=0002 SP=0B16 BP=0B1A SI=0254 DI=0254
DS=0F18 ES=0F18 SS=0F18 CS=0E06 IP=029B NV UP EI PL ZR NA PE NC
0E06:029B 1E                PUSH    DS
AX=0000 BX=0020 CX=0000 DX=0002 SP=0B14 BP=0B1A SI=0254 DI=0254
DS=0F18 ES=0F18 SS=0F18 CS=0E06 IP=029C NV UP EI PL ZR NA PE NC
0E06:029C C5167E00          LDS     DX,[007E]                      DS:007E=1DB6
AX=0000 BX=0020 CX=0000 DX=1DB6 SP=0B14 BP=0B1A SI=0254 DI=0254
DS=0814 ES=0F18 SS=0F18 CS=0E06 IP=02A0 NV UP EI PL ZR NA PE NC
0E06:02A0 B80025            MOV     AX,2500
AX=2500 BX=0020 CX=0000 DX=1DB6 SP=0B14 BP=0B1A SI=0254 DI=0254
DS=0814 ES=0F18 SS=0F18 CS=0E06 IP=02A3 NV UP EI PL ZR NA PE NC
0E06:02A3 CD21              INT     21
AX=2500 BX=0020 CX=0000 DX=1DB6 SP=0B14 BP=0B1A SI=0254 DI=0254
DS=0814 ES=0F18 SS=0F18 CS=0E06 IP=02A5 NV UP EI PL ZR NA PE NC
0E06:02A5 1F                POP     DS
AX=2500 BX=0020 CX=0000 DX=1DB6 SP=0B16 BP=0B1A SI=0254 DI=0254
DS=0F18 ES=0F18 SS=0F18 CS=0E06 IP=02A6 NV UP EI PL ZR NA PE NC
0E06:02A6 C3                RET
AX=2500 BX=0020 CX=0000 DX=1DB6 SP=0B18 BP=0B1A SI=0254 DI=0254
DS=0F18 ES=0F18 SS=0F18 CS=0E06 IP=027E NV UP EI PL ZR NA PE NC
0E06:027E 58                POP     AX
AX=0000 BX=0020 CX=0000 DX=1DB6 SP=0B1A BP=0B1A SI=0254 DI=0254
DS=0F18 ES=0F18 SS=0F18 CS=0E06 IP=027F NV UP EI PL ZR NA PE NC
0E06:027F 0AE4              OR      AH,AH
AX=0000 BX=0020 CX=0000 DX=1DB6 SP=0B1A BP=0B1A SI=0254 DI=0254
DS=0F18 ES=0F18 SS=0F18 CS=0E06 IP=0281 NV UP EI PL ZR NA PE NC
0E06:0281 7507              JNZ     028A
AX=0000 BX=0020 CX=0000 DX=1DB6 SP=0B1A BP=0B1A SI=0254 DI=0254
DS=0F18 ES=0F18 SS=0F18 CS=0E06 IP=0283 NV UP EI PL ZR NA PE NC
0E06:0283 8B4604            MOV     AX,[BP+04]                     SS:0B1E=0000
AX=0000 BX=0020 CX=0000 DX=1DB6 SP=0B1A BP=0B1A SI=0254 DI=0254
DS=0F18 ES=0F18 SS=0F18 CS=0E06 IP=0286 NV UP EI PL ZR NA PE NC
0E06:0286 B44C              MOV     AH,4C
AX=4C00 BX=0020 CX=0000 DX=1DB6 SP=0B1A BP=0B1A SI=0254 DI=0254
DS=0F18 ES=0F18 SS=0F18 CS=0E06 IP=0288 NV UP EI PL ZR NA PE NC
0E06:0288 CD21              INT     21

Program terminated normally (0000)
-
